2019-11-06 11:45:36.039INFO - Log configuration done. Log Dir:.\Logs
2019-11-06 11:45:36.379INFO - Test Start Time: 2019-11-06T11:45:36+01:00
2019-11-06 11:46:54.120INFO - saving results to Xray ...
2019-11-06 11:46:54.286INFO - ***********************************************************
2019-11-06 11:46:54.286INFO - Request:
2019-11-06 11:46:54.287INFO - POST https://t-jira-consorsbank.is.echonet/rest/raven/1.0/import/execution
2019-11-06 11:46:54.287INFO - HOST: t-jira-consorsbank.is.echonet
2019-11-06 11:46:54.288INFO - Content-Type: Content-type: application/json
2019-11-06 11:46:54.288INFO - Content-Length: null
2019-11-06 11:46:54.847INFO - 
2019-11-06 11:46:54.847INFO - Response:
2019-11-06 11:46:54.848INFO - Content-Type: Content-Type: application/json;charset=UTF-8
2019-11-06 11:46:54.848INFO - Content-Length: null
2019-11-06 11:46:54.848INFO - Status : 200
2019-11-06 11:46:54.848INFO - Content: {"testExecIssue":{"id":"238585","key":"TA-69","self":"https://t-jira-consorsbank.is.echonet/rest/api/2/issue/238585"}}
2019-11-06 11:46:54.876DEBUG- Couldn't find template in cache for "index.ftl"("en", UTF-8, parsed); will try to load it.
2019-11-06 11:46:54.877DEBUG- TemplateLoader.findTemplateSource("index_en.ftl"): Not found
2019-11-06 11:46:54.879DEBUG- TemplateLoader.findTemplateSource("index.ftl"): Found
2019-11-06 11:46:54.879DEBUG- Loading template for "index.ftl"("en", UTF-8, parsed) from "jar:file:/C:/Users/cs8286/.m2/repository/com/aventstack/extentreports/3.1.2/extentreports-3.1.2.jar!/com/aventstack/extentreports/view/html-report/index.ftl"
2019-11-06 11:46:55.120DEBUG- Couldn't find template in cache for "head.ftl"("en", UTF-8, parsed); will try to load it.
2019-11-06 11:46:55.121DEBUG- TemplateLoader.findTemplateSource("head_en.ftl"): Not found
2019-11-06 11:46:55.121DEBUG- TemplateLoader.findTemplateSource("head.ftl"): Found
2019-11-06 11:46:55.122DEBUG- Loading template for "head.ftl"("en", UTF-8, parsed) from "jar:file:/C:/Users/cs8286/.m2/repository/com/aventstack/extentreports/3.1.2/extentreports-3.1.2.jar!/com/aventstack/extentreports/view/html-report/head.ftl"
2019-11-06 11:46:55.125DEBUG- Couldn't find template in cache for "nav.ftl"("en", UTF-8, parsed); will try to load it.
2019-11-06 11:46:55.126DEBUG- TemplateLoader.findTemplateSource("nav_en.ftl"): Not found
2019-11-06 11:46:55.126DEBUG- TemplateLoader.findTemplateSource("nav.ftl"): Found
2019-11-06 11:46:55.126DEBUG- Loading template for "nav.ftl"("en", UTF-8, parsed) from "jar:file:/C:/Users/cs8286/.m2/repository/com/aventstack/extentreports/3.1.2/extentreports-3.1.2.jar!/com/aventstack/extentreports/view/html-report/nav.ftl"
2019-11-06 11:46:55.135DEBUG- Couldn't find template in cache for "test-view/test-view.ftl"("en", UTF-8, parsed); will try to load it.
2019-11-06 11:46:55.136DEBUG- TemplateLoader.findTemplateSource("test-view/test-view_en.ftl"): Not found
2019-11-06 11:46:55.136DEBUG- TemplateLoader.findTemplateSource("test-view/test-view.ftl"): Found
2019-11-06 11:46:55.136DEBUG- Loading template for "test-view/test-view.ftl"("en", UTF-8, parsed) from "jar:file:/C:/Users/cs8286/.m2/repository/com/aventstack/extentreports/3.1.2/extentreports-3.1.2.jar!/com/aventstack/extentreports/view/html-report/test-view/test-view.ftl"
2019-11-06 11:46:55.147DEBUG- Couldn't find template in cache for "test-view/test-view-charts.ftl"("en", UTF-8, parsed); will try to load it.
2019-11-06 11:46:55.147DEBUG- TemplateLoader.findTemplateSource("test-view/test-view-charts_en.ftl"): Not found
2019-11-06 11:46:55.148DEBUG- TemplateLoader.findTemplateSource("test-view/test-view-charts.ftl"): Found
2019-11-06 11:46:55.148DEBUG- Loading template for "test-view/test-view-charts.ftl"("en", UTF-8, parsed) from "jar:file:/C:/Users/cs8286/.m2/repository/com/aventstack/extentreports/3.1.2/extentreports-3.1.2.jar!/com/aventstack/extentreports/view/html-report/test-view/test-view-charts.ftl"
2019-11-06 11:46:55.163DEBUG- Couldn't find template in cache for "test-view/standard.ftl"("en", UTF-8, parsed); will try to load it.
2019-11-06 11:46:55.164DEBUG- TemplateLoader.findTemplateSource("test-view/standard_en.ftl"): Not found
2019-11-06 11:46:55.165DEBUG- TemplateLoader.findTemplateSource("test-view/standard.ftl"): Found
2019-11-06 11:46:55.165DEBUG- Loading template for "test-view/standard.ftl"("en", UTF-8, parsed) from "jar:file:/C:/Users/cs8286/.m2/repository/com/aventstack/extentreports/3.1.2/extentreports-3.1.2.jar!/com/aventstack/extentreports/view/html-report/test-view/standard.ftl"
2019-11-06 11:46:55.192DEBUG- Couldn't find template in cache for "category-view/category-view.ftl"("en", UTF-8, parsed); will try to load it.
2019-11-06 11:46:55.193DEBUG- TemplateLoader.findTemplateSource("category-view/category-view_en.ftl"): Not found
2019-11-06 11:46:55.193DEBUG- TemplateLoader.findTemplateSource("category-view/category-view.ftl"): Found
2019-11-06 11:46:55.193DEBUG- Loading template for "category-view/category-view.ftl"("en", UTF-8, parsed) from "jar:file:/C:/Users/cs8286/.m2/repository/com/aventstack/extentreports/3.1.2/extentreports-3.1.2.jar!/com/aventstack/extentreports/view/html-report/category-view/category-view.ftl"
2019-11-06 11:46:55.199DEBUG- Couldn't find template in cache for "author-view/author-view.ftl"("en", UTF-8, parsed); will try to load it.
2019-11-06 11:46:55.200DEBUG- TemplateLoader.findTemplateSource("author-view/author-view_en.ftl"): Not found
2019-11-06 11:46:55.200DEBUG- TemplateLoader.findTemplateSource("author-view/author-view.ftl"): Found
2019-11-06 11:46:55.200DEBUG- Loading template for "author-view/author-view.ftl"("en", UTF-8, parsed) from "jar:file:/C:/Users/cs8286/.m2/repository/com/aventstack/extentreports/3.1.2/extentreports-3.1.2.jar!/com/aventstack/extentreports/view/html-report/author-view/author-view.ftl"
2019-11-06 11:46:55.206DEBUG- Couldn't find template in cache for "exception-view/exception-view.ftl"("en", UTF-8, parsed); will try to load it.
2019-11-06 11:46:55.207DEBUG- TemplateLoader.findTemplateSource("exception-view/exception-view_en.ftl"): Not found
2019-11-06 11:46:55.207DEBUG- TemplateLoader.findTemplateSource("exception-view/exception-view.ftl"): Found
2019-11-06 11:46:55.207DEBUG- Loading template for "exception-view/exception-view.ftl"("en", UTF-8, parsed) from "jar:file:/C:/Users/cs8286/.m2/repository/com/aventstack/extentreports/3.1.2/extentreports-3.1.2.jar!/com/aventstack/extentreports/view/html-report/exception-view/exception-view.ftl"
2019-11-06 11:46:55.212DEBUG- Couldn't find template in cache for "dashboard-view/dashboard-view.ftl"("en", UTF-8, parsed); will try to load it.
2019-11-06 11:46:55.212DEBUG- TemplateLoader.findTemplateSource("dashboard-view/dashboard-view_en.ftl"): Not found
2019-11-06 11:46:55.213DEBUG- TemplateLoader.findTemplateSource("dashboard-view/dashboard-view.ftl"): Found
2019-11-06 11:46:55.213DEBUG- Loading template for "dashboard-view/dashboard-view.ftl"("en", UTF-8, parsed) from "jar:file:/C:/Users/cs8286/.m2/repository/com/aventstack/extentreports/3.1.2/extentreports-3.1.2.jar!/com/aventstack/extentreports/view/html-report/dashboard-view/dashboard-view.ftl"
2019-11-06 11:46:55.219DEBUG- Couldn't find template in cache for "logs-view/testrunner-logs-view.ftl"("en", UTF-8, parsed); will try to load it.
2019-11-06 11:46:55.220DEBUG- TemplateLoader.findTemplateSource("logs-view/testrunner-logs-view_en.ftl"): Not found
2019-11-06 11:46:55.221DEBUG- TemplateLoader.findTemplateSource("logs-view/testrunner-logs-view.ftl"): Found
2019-11-06 11:46:55.221DEBUG- Loading template for "logs-view/testrunner-logs-view.ftl"("en", UTF-8, parsed) from "jar:file:/C:/Users/cs8286/.m2/repository/com/aventstack/extentreports/3.1.2/extentreports-3.1.2.jar!/com/aventstack/extentreports/view/html-report/logs-view/testrunner-logs-view.ftl"
2019-11-06 11:47:01.297INFO - attaching html report to the xray issue ...
2019-11-06 11:47:01.305INFO - Last Test Report Folder: .\Reports\Wed Nov 06 11_45_36 CET 2019
2019-11-06 11:47:01.306INFO - Zipping files ...
2019-11-06 11:47:01.342INFO - Files zipped successfully
2019-11-06 11:47:01.938INFO - 
2019-11-06 11:47:01.938INFO - Response:
2019-11-06 11:47:01.938INFO - Content-Type: Content-Type: application/json;charset=UTF-8
2019-11-06 11:47:01.938INFO - Content-Length: null
2019-11-06 11:47:01.938INFO - Status : 200
2019-11-06 11:47:01.939INFO - Content: [{"self":"https://t-jira-consorsbank.is.echonet/rest/api/2/attachment/25181","id":"25181","filename":"TestReport_Wed_Nov_06_11_45_36_CET_2019.zip","author":{"self":"https://t-jira-consorsbank.is.echonet/rest/api/2/user?username=CS8286","name":"CS8286","key":"cs8286","emailAddress":"Jithin.MuhammedIllyasJameelaB@consorsbank.de","avatarUrls":{"48x48":"https://t-jira-consorsbank.is.echonet/secure/useravatar?avatarId=10172","24x24":"https://t-jira-consorsbank.is.echonet/secure/useravatar?size=small&avatarId=10172","16x16":"https://t-jira-consorsbank.is.echonet/secure/useravatar?size=xsmall&avatarId=10172","32x32":"https://t-jira-consorsbank.is.echonet/secure/useravatar?size=medium&avatarId=10172"},"displayName":"Muhammed Illyas Jameela B Jithin","active":true,"timeZone":"Europe/Berlin"},"created":"2019-11-06T11:47:01.000+0100","size":353114,"mimeType":"application/zip","content":"https://t-jira-consorsbank.is.echonet/secure/attachment/25181/TestReport_Wed_Nov_06_11_45_36_CET_2019.zip"}]
