2019-11-14 23:19:43.913INFO - Log configuration done. Log Dir:.\Logs
2019-11-14 23:19:44.252INFO - Test Start Time: 2019-11-14T23:19:44+01:00
2019-11-14 23:21:29.378INFO - saving results to Xray ...
2019-11-14 23:21:29.552INFO - ***********************************************************
2019-11-14 23:21:29.552INFO - Request:
2019-11-14 23:21:29.552INFO - POST https://t-jira-consorsbank.is.echonet/rest/raven/1.0/import/execution
2019-11-14 23:21:29.552INFO - HOST: t-jira-consorsbank.is.echonet
2019-11-14 23:21:29.553INFO - Content-Type: Content-type: application/json
2019-11-14 23:21:29.553INFO - Content-Length: null
2019-11-14 23:21:30.557INFO - 
2019-11-14 23:21:30.557INFO - Response:
2019-11-14 23:21:30.557INFO - Content-Type: Content-Type: application/json;charset=UTF-8
2019-11-14 23:21:30.557INFO - Content-Length: null
2019-11-14 23:21:30.557INFO - Status : 200
2019-11-14 23:21:30.557INFO - Content: {"testExecIssue":{"id":"238585","key":"TA-69","self":"https://t-jira-consorsbank.is.echonet/rest/api/2/issue/238585"}}
2019-11-14 23:21:30.582DEBUG- Couldn't find template in cache for "index.ftl"("en", UTF-8, parsed); will try to load it.
2019-11-14 23:21:30.583DEBUG- TemplateLoader.findTemplateSource("index_en.ftl"): Not found
2019-11-14 23:21:30.585DEBUG- TemplateLoader.findTemplateSource("index.ftl"): Found
2019-11-14 23:21:30.585DEBUG- Loading template for "index.ftl"("en", UTF-8, parsed) from "jar:file:/C:/Users/cs8286/.m2/repository/com/aventstack/extentreports/3.1.2/extentreports-3.1.2.jar!/com/aventstack/extentreports/view/html-report/index.ftl"
2019-11-14 23:21:30.827DEBUG- Couldn't find template in cache for "head.ftl"("en", UTF-8, parsed); will try to load it.
2019-11-14 23:21:30.828DEBUG- TemplateLoader.findTemplateSource("head_en.ftl"): Not found
2019-11-14 23:21:30.828DEBUG- TemplateLoader.findTemplateSource("head.ftl"): Found
2019-11-14 23:21:30.828DEBUG- Loading template for "head.ftl"("en", UTF-8, parsed) from "jar:file:/C:/Users/cs8286/.m2/repository/com/aventstack/extentreports/3.1.2/extentreports-3.1.2.jar!/com/aventstack/extentreports/view/html-report/head.ftl"
2019-11-14 23:21:30.833DEBUG- Couldn't find template in cache for "nav.ftl"("en", UTF-8, parsed); will try to load it.
2019-11-14 23:21:30.834DEBUG- TemplateLoader.findTemplateSource("nav_en.ftl"): Not found
2019-11-14 23:21:30.834DEBUG- TemplateLoader.findTemplateSource("nav.ftl"): Found
2019-11-14 23:21:30.835DEBUG- Loading template for "nav.ftl"("en", UTF-8, parsed) from "jar:file:/C:/Users/cs8286/.m2/repository/com/aventstack/extentreports/3.1.2/extentreports-3.1.2.jar!/com/aventstack/extentreports/view/html-report/nav.ftl"
2019-11-14 23:21:30.845DEBUG- Couldn't find template in cache for "test-view/test-view.ftl"("en", UTF-8, parsed); will try to load it.
2019-11-14 23:21:30.845DEBUG- TemplateLoader.findTemplateSource("test-view/test-view_en.ftl"): Not found
2019-11-14 23:21:30.846DEBUG- TemplateLoader.findTemplateSource("test-view/test-view.ftl"): Found
2019-11-14 23:21:30.846DEBUG- Loading template for "test-view/test-view.ftl"("en", UTF-8, parsed) from "jar:file:/C:/Users/cs8286/.m2/repository/com/aventstack/extentreports/3.1.2/extentreports-3.1.2.jar!/com/aventstack/extentreports/view/html-report/test-view/test-view.ftl"
2019-11-14 23:21:30.856DEBUG- Couldn't find template in cache for "test-view/test-view-charts.ftl"("en", UTF-8, parsed); will try to load it.
2019-11-14 23:21:30.857DEBUG- TemplateLoader.findTemplateSource("test-view/test-view-charts_en.ftl"): Not found
2019-11-14 23:21:30.857DEBUG- TemplateLoader.findTemplateSource("test-view/test-view-charts.ftl"): Found
2019-11-14 23:21:30.857DEBUG- Loading template for "test-view/test-view-charts.ftl"("en", UTF-8, parsed) from "jar:file:/C:/Users/cs8286/.m2/repository/com/aventstack/extentreports/3.1.2/extentreports-3.1.2.jar!/com/aventstack/extentreports/view/html-report/test-view/test-view-charts.ftl"
2019-11-14 23:21:30.873DEBUG- Couldn't find template in cache for "test-view/standard.ftl"("en", UTF-8, parsed); will try to load it.
2019-11-14 23:21:30.873DEBUG- TemplateLoader.findTemplateSource("test-view/standard_en.ftl"): Not found
2019-11-14 23:21:30.874DEBUG- TemplateLoader.findTemplateSource("test-view/standard.ftl"): Found
2019-11-14 23:21:30.874DEBUG- Loading template for "test-view/standard.ftl"("en", UTF-8, parsed) from "jar:file:/C:/Users/cs8286/.m2/repository/com/aventstack/extentreports/3.1.2/extentreports-3.1.2.jar!/com/aventstack/extentreports/view/html-report/test-view/standard.ftl"
2019-11-14 23:21:30.892DEBUG- Couldn't find template in cache for "category-view/category-view.ftl"("en", UTF-8, parsed); will try to load it.
2019-11-14 23:21:30.893DEBUG- TemplateLoader.findTemplateSource("category-view/category-view_en.ftl"): Not found
2019-11-14 23:21:30.893DEBUG- TemplateLoader.findTemplateSource("category-view/category-view.ftl"): Found
2019-11-14 23:21:30.894DEBUG- Loading template for "category-view/category-view.ftl"("en", UTF-8, parsed) from "jar:file:/C:/Users/cs8286/.m2/repository/com/aventstack/extentreports/3.1.2/extentreports-3.1.2.jar!/com/aventstack/extentreports/view/html-report/category-view/category-view.ftl"
2019-11-14 23:21:30.897DEBUG- Couldn't find template in cache for "author-view/author-view.ftl"("en", UTF-8, parsed); will try to load it.
2019-11-14 23:21:30.898DEBUG- TemplateLoader.findTemplateSource("author-view/author-view_en.ftl"): Not found
2019-11-14 23:21:30.899DEBUG- TemplateLoader.findTemplateSource("author-view/author-view.ftl"): Found
2019-11-14 23:21:30.899DEBUG- Loading template for "author-view/author-view.ftl"("en", UTF-8, parsed) from "jar:file:/C:/Users/cs8286/.m2/repository/com/aventstack/extentreports/3.1.2/extentreports-3.1.2.jar!/com/aventstack/extentreports/view/html-report/author-view/author-view.ftl"
2019-11-14 23:21:30.904DEBUG- Couldn't find template in cache for "exception-view/exception-view.ftl"("en", UTF-8, parsed); will try to load it.
2019-11-14 23:21:30.905DEBUG- TemplateLoader.findTemplateSource("exception-view/exception-view_en.ftl"): Not found
2019-11-14 23:21:30.905DEBUG- TemplateLoader.findTemplateSource("exception-view/exception-view.ftl"): Found
2019-11-14 23:21:30.905DEBUG- Loading template for "exception-view/exception-view.ftl"("en", UTF-8, parsed) from "jar:file:/C:/Users/cs8286/.m2/repository/com/aventstack/extentreports/3.1.2/extentreports-3.1.2.jar!/com/aventstack/extentreports/view/html-report/exception-view/exception-view.ftl"
2019-11-14 23:21:30.909DEBUG- Couldn't find template in cache for "dashboard-view/dashboard-view.ftl"("en", UTF-8, parsed); will try to load it.
2019-11-14 23:21:30.910DEBUG- TemplateLoader.findTemplateSource("dashboard-view/dashboard-view_en.ftl"): Not found
2019-11-14 23:21:30.910DEBUG- TemplateLoader.findTemplateSource("dashboard-view/dashboard-view.ftl"): Found
2019-11-14 23:21:30.910DEBUG- Loading template for "dashboard-view/dashboard-view.ftl"("en", UTF-8, parsed) from "jar:file:/C:/Users/cs8286/.m2/repository/com/aventstack/extentreports/3.1.2/extentreports-3.1.2.jar!/com/aventstack/extentreports/view/html-report/dashboard-view/dashboard-view.ftl"
2019-11-14 23:21:30.916DEBUG- Couldn't find template in cache for "logs-view/testrunner-logs-view.ftl"("en", UTF-8, parsed); will try to load it.
2019-11-14 23:21:30.917DEBUG- TemplateLoader.findTemplateSource("logs-view/testrunner-logs-view_en.ftl"): Not found
2019-11-14 23:21:30.917DEBUG- TemplateLoader.findTemplateSource("logs-view/testrunner-logs-view.ftl"): Found
2019-11-14 23:21:30.917DEBUG- Loading template for "logs-view/testrunner-logs-view.ftl"("en", UTF-8, parsed) from "jar:file:/C:/Users/cs8286/.m2/repository/com/aventstack/extentreports/3.1.2/extentreports-3.1.2.jar!/com/aventstack/extentreports/view/html-report/logs-view/testrunner-logs-view.ftl"
2019-11-14 23:21:37.031INFO - attaching html report to the xray issue ...
2019-11-14 23:21:37.035INFO - Last Test Report Folder: .\Reports\Thu Nov 14 23_19_44 CET 2019
2019-11-14 23:21:37.036INFO - Zipping files ...
2019-11-14 23:21:37.059INFO - Files zipped successfully
2019-11-14 23:21:38.398INFO - 
2019-11-14 23:21:38.398INFO - Response:
2019-11-14 23:21:38.398INFO - Content-Type: Content-Type: application/json;charset=UTF-8
2019-11-14 23:21:38.399INFO - Content-Length: null
2019-11-14 23:21:38.399INFO - Status : 200
2019-11-14 23:21:38.399INFO - Content: [{"self":"https://t-jira-consorsbank.is.echonet/rest/api/2/attachment/25313","id":"25313","filename":"TestReport_Thu_Nov_14_23_19_44_CET_2019.zip","author":{"self":"https://t-jira-consorsbank.is.echonet/rest/api/2/user?username=CS8286","name":"CS8286","key":"cs8286","emailAddress":"Jithin.MuhammedIllyasJameelaB@consorsbank.de","avatarUrls":{"48x48":"https://t-jira-consorsbank.is.echonet/secure/useravatar?avatarId=10172","24x24":"https://t-jira-consorsbank.is.echonet/secure/useravatar?size=small&avatarId=10172","16x16":"https://t-jira-consorsbank.is.echonet/secure/useravatar?size=xsmall&avatarId=10172","32x32":"https://t-jira-consorsbank.is.echonet/secure/useravatar?size=medium&avatarId=10172"},"displayName":"Muhammed Illyas Jameela B Jithin","active":true,"timeZone":"Europe/Berlin"},"created":"2019-11-14T23:21:38.000+0100","size":237013,"mimeType":"application/zip","content":"https://t-jira-consorsbank.is.echonet/secure/attachment/25313/TestReport_Thu_Nov_14_23_19_44_CET_2019.zip"}]
