2019-11-22 10:27:15.041INFO - Log configuration done. Log Dir:.\Logs
2019-11-22 10:27:15.508INFO - Test Start Time: 2019-11-22T10:27:15+01:00
2019-11-22 10:29:09.375INFO - saving results to Xray ...
2019-11-22 10:29:09.575INFO - ***********************************************************
2019-11-22 10:29:09.575INFO - Request:
2019-11-22 10:29:09.579INFO - POST https://t-jira-consorsbank.is.echonet/rest/raven/1.0/import/execution
2019-11-22 10:29:09.579INFO - HOST: t-jira-consorsbank.is.echonet
2019-11-22 10:29:09.580INFO - Content-Type: Content-type: application/json
2019-11-22 10:29:09.580INFO - Content-Length: null
2019-11-22 10:29:10.012INFO - 
2019-11-22 10:29:10.012INFO - Response:
2019-11-22 10:29:10.013INFO - Content-Type: Content-Type: application/json;charset=UTF-8
2019-11-22 10:29:10.013INFO - Content-Length: null
2019-11-22 10:29:10.013INFO - Status : 400
2019-11-22 10:29:10.013INFO - Content: Test issue with key TA-172 not found.

2019-11-22 10:29:10.889DEBUG- Couldn't find template in cache for "index.ftl"("en", UTF-8, parsed); will try to load it.
2019-11-22 10:29:10.891DEBUG- TemplateLoader.findTemplateSource("index_en.ftl"): Not found
2019-11-22 10:29:10.892DEBUG- TemplateLoader.findTemplateSource("index.ftl"): Found
2019-11-22 10:29:10.893DEBUG- Loading template for "index.ftl"("en", UTF-8, parsed) from "jar:file:/C:/Users/cs8286/.m2/repository/com/aventstack/extentreports/3.1.2/extentreports-3.1.2.jar!/com/aventstack/extentreports/view/html-report/index.ftl"
2019-11-22 10:29:11.220DEBUG- Couldn't find template in cache for "head.ftl"("en", UTF-8, parsed); will try to load it.
2019-11-22 10:29:11.221DEBUG- TemplateLoader.findTemplateSource("head_en.ftl"): Not found
2019-11-22 10:29:11.221DEBUG- TemplateLoader.findTemplateSource("head.ftl"): Found
2019-11-22 10:29:11.221DEBUG- Loading template for "head.ftl"("en", UTF-8, parsed) from "jar:file:/C:/Users/cs8286/.m2/repository/com/aventstack/extentreports/3.1.2/extentreports-3.1.2.jar!/com/aventstack/extentreports/view/html-report/head.ftl"
2019-11-22 10:29:11.244DEBUG- Couldn't find template in cache for "nav.ftl"("en", UTF-8, parsed); will try to load it.
2019-11-22 10:29:11.245DEBUG- TemplateLoader.findTemplateSource("nav_en.ftl"): Not found
2019-11-22 10:29:11.246DEBUG- TemplateLoader.findTemplateSource("nav.ftl"): Found
2019-11-22 10:29:11.246DEBUG- Loading template for "nav.ftl"("en", UTF-8, parsed) from "jar:file:/C:/Users/cs8286/.m2/repository/com/aventstack/extentreports/3.1.2/extentreports-3.1.2.jar!/com/aventstack/extentreports/view/html-report/nav.ftl"
2019-11-22 10:29:11.255DEBUG- Couldn't find template in cache for "test-view/test-view.ftl"("en", UTF-8, parsed); will try to load it.
2019-11-22 10:29:11.256DEBUG- TemplateLoader.findTemplateSource("test-view/test-view_en.ftl"): Not found
2019-11-22 10:29:11.256DEBUG- TemplateLoader.findTemplateSource("test-view/test-view.ftl"): Found
2019-11-22 10:29:11.256DEBUG- Loading template for "test-view/test-view.ftl"("en", UTF-8, parsed) from "jar:file:/C:/Users/cs8286/.m2/repository/com/aventstack/extentreports/3.1.2/extentreports-3.1.2.jar!/com/aventstack/extentreports/view/html-report/test-view/test-view.ftl"
2019-11-22 10:29:11.266DEBUG- Couldn't find template in cache for "test-view/test-view-charts.ftl"("en", UTF-8, parsed); will try to load it.
2019-11-22 10:29:11.268DEBUG- TemplateLoader.findTemplateSource("test-view/test-view-charts_en.ftl"): Not found
2019-11-22 10:29:11.269DEBUG- TemplateLoader.findTemplateSource("test-view/test-view-charts.ftl"): Found
2019-11-22 10:29:11.269DEBUG- Loading template for "test-view/test-view-charts.ftl"("en", UTF-8, parsed) from "jar:file:/C:/Users/cs8286/.m2/repository/com/aventstack/extentreports/3.1.2/extentreports-3.1.2.jar!/com/aventstack/extentreports/view/html-report/test-view/test-view-charts.ftl"
2019-11-22 10:29:11.287DEBUG- Couldn't find template in cache for "test-view/standard.ftl"("en", UTF-8, parsed); will try to load it.
2019-11-22 10:29:11.287DEBUG- TemplateLoader.findTemplateSource("test-view/standard_en.ftl"): Not found
2019-11-22 10:29:11.288DEBUG- TemplateLoader.findTemplateSource("test-view/standard.ftl"): Found
2019-11-22 10:29:11.288DEBUG- Loading template for "test-view/standard.ftl"("en", UTF-8, parsed) from "jar:file:/C:/Users/cs8286/.m2/repository/com/aventstack/extentreports/3.1.2/extentreports-3.1.2.jar!/com/aventstack/extentreports/view/html-report/test-view/standard.ftl"
2019-11-22 10:29:11.305DEBUG- Couldn't find template in cache for "category-view/category-view.ftl"("en", UTF-8, parsed); will try to load it.
2019-11-22 10:29:11.306DEBUG- TemplateLoader.findTemplateSource("category-view/category-view_en.ftl"): Not found
2019-11-22 10:29:11.306DEBUG- TemplateLoader.findTemplateSource("category-view/category-view.ftl"): Found
2019-11-22 10:29:11.306DEBUG- Loading template for "category-view/category-view.ftl"("en", UTF-8, parsed) from "jar:file:/C:/Users/cs8286/.m2/repository/com/aventstack/extentreports/3.1.2/extentreports-3.1.2.jar!/com/aventstack/extentreports/view/html-report/category-view/category-view.ftl"
2019-11-22 10:29:11.310DEBUG- Couldn't find template in cache for "author-view/author-view.ftl"("en", UTF-8, parsed); will try to load it.
2019-11-22 10:29:11.311DEBUG- TemplateLoader.findTemplateSource("author-view/author-view_en.ftl"): Not found
2019-11-22 10:29:11.311DEBUG- TemplateLoader.findTemplateSource("author-view/author-view.ftl"): Found
2019-11-22 10:29:11.311DEBUG- Loading template for "author-view/author-view.ftl"("en", UTF-8, parsed) from "jar:file:/C:/Users/cs8286/.m2/repository/com/aventstack/extentreports/3.1.2/extentreports-3.1.2.jar!/com/aventstack/extentreports/view/html-report/author-view/author-view.ftl"
2019-11-22 10:29:11.315DEBUG- Couldn't find template in cache for "exception-view/exception-view.ftl"("en", UTF-8, parsed); will try to load it.
2019-11-22 10:29:11.316DEBUG- TemplateLoader.findTemplateSource("exception-view/exception-view_en.ftl"): Not found
2019-11-22 10:29:11.317DEBUG- TemplateLoader.findTemplateSource("exception-view/exception-view.ftl"): Found
2019-11-22 10:29:11.317DEBUG- Loading template for "exception-view/exception-view.ftl"("en", UTF-8, parsed) from "jar:file:/C:/Users/cs8286/.m2/repository/com/aventstack/extentreports/3.1.2/extentreports-3.1.2.jar!/com/aventstack/extentreports/view/html-report/exception-view/exception-view.ftl"
2019-11-22 10:29:11.321DEBUG- Couldn't find template in cache for "dashboard-view/dashboard-view.ftl"("en", UTF-8, parsed); will try to load it.
2019-11-22 10:29:11.321DEBUG- TemplateLoader.findTemplateSource("dashboard-view/dashboard-view_en.ftl"): Not found
2019-11-22 10:29:11.322DEBUG- TemplateLoader.findTemplateSource("dashboard-view/dashboard-view.ftl"): Found
2019-11-22 10:29:11.322DEBUG- Loading template for "dashboard-view/dashboard-view.ftl"("en", UTF-8, parsed) from "jar:file:/C:/Users/cs8286/.m2/repository/com/aventstack/extentreports/3.1.2/extentreports-3.1.2.jar!/com/aventstack/extentreports/view/html-report/dashboard-view/dashboard-view.ftl"
2019-11-22 10:29:11.332DEBUG- Couldn't find template in cache for "logs-view/testrunner-logs-view.ftl"("en", UTF-8, parsed); will try to load it.
2019-11-22 10:29:11.334DEBUG- TemplateLoader.findTemplateSource("logs-view/testrunner-logs-view_en.ftl"): Not found
2019-11-22 10:29:11.334DEBUG- TemplateLoader.findTemplateSource("logs-view/testrunner-logs-view.ftl"): Found
2019-11-22 10:29:11.335DEBUG- Loading template for "logs-view/testrunner-logs-view.ftl"("en", UTF-8, parsed) from "jar:file:/C:/Users/cs8286/.m2/repository/com/aventstack/extentreports/3.1.2/extentreports-3.1.2.jar!/com/aventstack/extentreports/view/html-report/logs-view/testrunner-logs-view.ftl"
2019-11-22 10:29:22.554INFO - attaching html report to the xray issue ...
2019-11-22 10:29:22.559INFO - Last Test Report Folder: C:\Bitbucket\rta\Reports\Reports_Thu_Nov_21_20_26_59_CET_2019
2019-11-22 10:29:22.562INFO - Zipping files ...
2019-11-22 10:29:22.597INFO - Files zipped successfully
2019-11-22 10:29:23.292INFO - 
2019-11-22 10:29:23.292INFO - Response:
2019-11-22 10:29:23.293INFO - Content-Type: Content-Type: application/json;charset=UTF-8
2019-11-22 10:29:23.293INFO - Content-Length: null
2019-11-22 10:29:23.293INFO - Status : 200
2019-11-22 10:29:23.293INFO - Content: [{"self":"https://t-jira-consorsbank.is.echonet/rest/api/2/attachment/25532","id":"25532","filename":"TestReport_Reports_Thu_Nov_21_20_26_59_CET_2019.zip","author":{"self":"https://t-jira-consorsbank.is.echonet/rest/api/2/user?username=CS8286","name":"CS8286","key":"cs8286","emailAddress":"Jithin.MuhammedIllyasJameelaB@consorsbank.de","avatarUrls":{"48x48":"https://t-jira-consorsbank.is.echonet/secure/useravatar?avatarId=10172","24x24":"https://t-jira-consorsbank.is.echonet/secure/useravatar?size=small&avatarId=10172","16x16":"https://t-jira-consorsbank.is.echonet/secure/useravatar?size=xsmall&avatarId=10172","32x32":"https://t-jira-consorsbank.is.echonet/secure/useravatar?size=medium&avatarId=10172"},"displayName":"Muhammed Illyas Jameela B Jithin","active":true,"timeZone":"Europe/Berlin"},"created":"2019-11-22T10:29:22.000+0100","size":227930,"mimeType":"application/zip","content":"https://t-jira-consorsbank.is.echonet/secure/attachment/25532/TestReport_Reports_Thu_Nov_21_20_26_59_CET_2019.zip"}]
