2019-11-21 21:05:25.513INFO - Log configuration done. Log Dir:.\Logs
2019-11-21 21:05:25.866INFO - Test Start Time: 2019-11-21T21:05:25+01:00
2019-11-21 21:06:48.550INFO - saving results to Xray ...
2019-11-21 21:06:48.709INFO - ***********************************************************
2019-11-21 21:06:48.709INFO - Request:
2019-11-21 21:06:48.713INFO - POST https://t-jira-consorsbank.is.echonet/rest/raven/1.0/import/execution
2019-11-21 21:06:48.714INFO - HOST: t-jira-consorsbank.is.echonet
2019-11-21 21:06:48.714INFO - Content-Type: Content-type: application/json
2019-11-21 21:06:48.715INFO - Content-Length: null
2019-11-21 21:06:49.284INFO - 
2019-11-21 21:06:49.284INFO - Response:
2019-11-21 21:06:49.284INFO - Content-Type: Content-Type: application/json;charset=UTF-8
2019-11-21 21:06:49.284INFO - Content-Length: null
2019-11-21 21:06:49.285INFO - Status : 400
2019-11-21 21:06:49.285INFO - Content: Test issue with key TA-172 not found.

2019-11-21 21:06:50.040DEBUG- Couldn't find template in cache for "index.ftl"("en", UTF-8, parsed); will try to load it.
2019-11-21 21:06:50.041DEBUG- TemplateLoader.findTemplateSource("index_en.ftl"): Not found
2019-11-21 21:06:50.044DEBUG- TemplateLoader.findTemplateSource("index.ftl"): Found
2019-11-21 21:06:50.044DEBUG- Loading template for "index.ftl"("en", UTF-8, parsed) from "jar:file:/C:/Users/cs8286/.m2/repository/com/aventstack/extentreports/3.1.2/extentreports-3.1.2.jar!/com/aventstack/extentreports/view/html-report/index.ftl"
2019-11-21 21:06:50.223DEBUG- Couldn't find template in cache for "head.ftl"("en", UTF-8, parsed); will try to load it.
2019-11-21 21:06:50.224DEBUG- TemplateLoader.findTemplateSource("head_en.ftl"): Not found
2019-11-21 21:06:50.224DEBUG- TemplateLoader.findTemplateSource("head.ftl"): Found
2019-11-21 21:06:50.224DEBUG- Loading template for "head.ftl"("en", UTF-8, parsed) from "jar:file:/C:/Users/cs8286/.m2/repository/com/aventstack/extentreports/3.1.2/extentreports-3.1.2.jar!/com/aventstack/extentreports/view/html-report/head.ftl"
2019-11-21 21:06:50.227DEBUG- Couldn't find template in cache for "nav.ftl"("en", UTF-8, parsed); will try to load it.
2019-11-21 21:06:50.227DEBUG- TemplateLoader.findTemplateSource("nav_en.ftl"): Not found
2019-11-21 21:06:50.228DEBUG- TemplateLoader.findTemplateSource("nav.ftl"): Found
2019-11-21 21:06:50.228DEBUG- Loading template for "nav.ftl"("en", UTF-8, parsed) from "jar:file:/C:/Users/cs8286/.m2/repository/com/aventstack/extentreports/3.1.2/extentreports-3.1.2.jar!/com/aventstack/extentreports/view/html-report/nav.ftl"
2019-11-21 21:06:50.239DEBUG- Couldn't find template in cache for "test-view/test-view.ftl"("en", UTF-8, parsed); will try to load it.
2019-11-21 21:06:50.239DEBUG- TemplateLoader.findTemplateSource("test-view/test-view_en.ftl"): Not found
2019-11-21 21:06:50.240DEBUG- TemplateLoader.findTemplateSource("test-view/test-view.ftl"): Found
2019-11-21 21:06:50.240DEBUG- Loading template for "test-view/test-view.ftl"("en", UTF-8, parsed) from "jar:file:/C:/Users/cs8286/.m2/repository/com/aventstack/extentreports/3.1.2/extentreports-3.1.2.jar!/com/aventstack/extentreports/view/html-report/test-view/test-view.ftl"
2019-11-21 21:06:50.252DEBUG- Couldn't find template in cache for "test-view/test-view-charts.ftl"("en", UTF-8, parsed); will try to load it.
2019-11-21 21:06:50.253DEBUG- TemplateLoader.findTemplateSource("test-view/test-view-charts_en.ftl"): Not found
2019-11-21 21:06:50.253DEBUG- TemplateLoader.findTemplateSource("test-view/test-view-charts.ftl"): Found
2019-11-21 21:06:50.253DEBUG- Loading template for "test-view/test-view-charts.ftl"("en", UTF-8, parsed) from "jar:file:/C:/Users/cs8286/.m2/repository/com/aventstack/extentreports/3.1.2/extentreports-3.1.2.jar!/com/aventstack/extentreports/view/html-report/test-view/test-view-charts.ftl"
2019-11-21 21:06:50.270DEBUG- Couldn't find template in cache for "test-view/standard.ftl"("en", UTF-8, parsed); will try to load it.
2019-11-21 21:06:50.271DEBUG- TemplateLoader.findTemplateSource("test-view/standard_en.ftl"): Not found
2019-11-21 21:06:50.271DEBUG- TemplateLoader.findTemplateSource("test-view/standard.ftl"): Found
2019-11-21 21:06:50.272DEBUG- Loading template for "test-view/standard.ftl"("en", UTF-8, parsed) from "jar:file:/C:/Users/cs8286/.m2/repository/com/aventstack/extentreports/3.1.2/extentreports-3.1.2.jar!/com/aventstack/extentreports/view/html-report/test-view/standard.ftl"
2019-11-21 21:06:50.294DEBUG- Couldn't find template in cache for "category-view/category-view.ftl"("en", UTF-8, parsed); will try to load it.
2019-11-21 21:06:50.295DEBUG- TemplateLoader.findTemplateSource("category-view/category-view_en.ftl"): Not found
2019-11-21 21:06:50.296DEBUG- TemplateLoader.findTemplateSource("category-view/category-view.ftl"): Found
2019-11-21 21:06:50.296DEBUG- Loading template for "category-view/category-view.ftl"("en", UTF-8, parsed) from "jar:file:/C:/Users/cs8286/.m2/repository/com/aventstack/extentreports/3.1.2/extentreports-3.1.2.jar!/com/aventstack/extentreports/view/html-report/category-view/category-view.ftl"
2019-11-21 21:06:50.300DEBUG- Couldn't find template in cache for "author-view/author-view.ftl"("en", UTF-8, parsed); will try to load it.
2019-11-21 21:06:50.301DEBUG- TemplateLoader.findTemplateSource("author-view/author-view_en.ftl"): Not found
2019-11-21 21:06:50.301DEBUG- TemplateLoader.findTemplateSource("author-view/author-view.ftl"): Found
2019-11-21 21:06:50.301DEBUG- Loading template for "author-view/author-view.ftl"("en", UTF-8, parsed) from "jar:file:/C:/Users/cs8286/.m2/repository/com/aventstack/extentreports/3.1.2/extentreports-3.1.2.jar!/com/aventstack/extentreports/view/html-report/author-view/author-view.ftl"
2019-11-21 21:06:50.307DEBUG- Couldn't find template in cache for "exception-view/exception-view.ftl"("en", UTF-8, parsed); will try to load it.
2019-11-21 21:06:50.308DEBUG- TemplateLoader.findTemplateSource("exception-view/exception-view_en.ftl"): Not found
2019-11-21 21:06:50.309DEBUG- TemplateLoader.findTemplateSource("exception-view/exception-view.ftl"): Found
2019-11-21 21:06:50.309DEBUG- Loading template for "exception-view/exception-view.ftl"("en", UTF-8, parsed) from "jar:file:/C:/Users/cs8286/.m2/repository/com/aventstack/extentreports/3.1.2/extentreports-3.1.2.jar!/com/aventstack/extentreports/view/html-report/exception-view/exception-view.ftl"
2019-11-21 21:06:50.312DEBUG- Couldn't find template in cache for "dashboard-view/dashboard-view.ftl"("en", UTF-8, parsed); will try to load it.
2019-11-21 21:06:50.313DEBUG- TemplateLoader.findTemplateSource("dashboard-view/dashboard-view_en.ftl"): Not found
2019-11-21 21:06:50.314DEBUG- TemplateLoader.findTemplateSource("dashboard-view/dashboard-view.ftl"): Found
2019-11-21 21:06:50.314DEBUG- Loading template for "dashboard-view/dashboard-view.ftl"("en", UTF-8, parsed) from "jar:file:/C:/Users/cs8286/.m2/repository/com/aventstack/extentreports/3.1.2/extentreports-3.1.2.jar!/com/aventstack/extentreports/view/html-report/dashboard-view/dashboard-view.ftl"
2019-11-21 21:06:50.319DEBUG- Couldn't find template in cache for "logs-view/testrunner-logs-view.ftl"("en", UTF-8, parsed); will try to load it.
2019-11-21 21:06:50.320DEBUG- TemplateLoader.findTemplateSource("logs-view/testrunner-logs-view_en.ftl"): Not found
2019-11-21 21:06:50.321DEBUG- TemplateLoader.findTemplateSource("logs-view/testrunner-logs-view.ftl"): Found
2019-11-21 21:06:50.321DEBUG- Loading template for "logs-view/testrunner-logs-view.ftl"("en", UTF-8, parsed) from "jar:file:/C:/Users/cs8286/.m2/repository/com/aventstack/extentreports/3.1.2/extentreports-3.1.2.jar!/com/aventstack/extentreports/view/html-report/logs-view/testrunner-logs-view.ftl"
2019-11-21 21:07:01.495INFO - attaching html report to the xray issue ...
2019-11-21 21:07:01.501INFO - Last Test Report Folder: C:\Bitbucket\rta\Reports\Reports_Thu_Nov_21_20_26_59_CET_2019
2019-11-21 21:07:01.503INFO - Zipping files ...
2019-11-21 21:07:01.575INFO - Files zipped successfully
2019-11-21 21:07:02.626INFO - 
2019-11-21 21:07:02.626INFO - Response:
2019-11-21 21:07:02.626INFO - Content-Type: Content-Type: application/json;charset=UTF-8
2019-11-21 21:07:02.626INFO - Content-Length: null
2019-11-21 21:07:02.626INFO - Status : 200
2019-11-21 21:07:02.626INFO - Content: [{"self":"https://t-jira-consorsbank.is.echonet/rest/api/2/attachment/25529","id":"25529","filename":"TestReport_Reports_Thu_Nov_21_20_26_59_CET_2019.zip","author":{"self":"https://t-jira-consorsbank.is.echonet/rest/api/2/user?username=CS8286","name":"CS8286","key":"cs8286","emailAddress":"Jithin.MuhammedIllyasJameelaB@consorsbank.de","avatarUrls":{"48x48":"https://t-jira-consorsbank.is.echonet/secure/useravatar?avatarId=10172","24x24":"https://t-jira-consorsbank.is.echonet/secure/useravatar?size=small&avatarId=10172","16x16":"https://t-jira-consorsbank.is.echonet/secure/useravatar?size=xsmall&avatarId=10172","32x32":"https://t-jira-consorsbank.is.echonet/secure/useravatar?size=medium&avatarId=10172"},"displayName":"Muhammed Illyas Jameela B Jithin","active":true,"timeZone":"Europe/Berlin"},"created":"2019-11-21T21:07:02.000+0100","size":227930,"mimeType":"application/zip","content":"https://t-jira-consorsbank.is.echonet/secure/attachment/25529/TestReport_Reports_Thu_Nov_21_20_26_59_CET_2019.zip"}]
