2019-11-19 21:46:14.416INFO - Log configuration done. Log Dir:.\Logs
2019-11-19 21:46:14.749INFO - Test Start Time: 2019-11-19T21:46:14+01:00
2019-11-19 21:46:14.915INFO - saving results to Xray ...
2019-11-19 21:46:15.703INFO - ***********************************************************
2019-11-19 21:46:15.703INFO - Request:
2019-11-19 21:46:15.703INFO - POST https://t-jira-consorsbank.is.echonet/rest/raven/1.0/import/execution
2019-11-19 21:46:15.704INFO - HOST: t-jira-consorsbank.is.echonet
2019-11-19 21:46:15.704INFO - Content-Type: Content-type: application/json
2019-11-19 21:46:15.705INFO - Content-Length: null
2019-11-19 21:46:16.486INFO - 
2019-11-19 21:46:16.486INFO - Response:
2019-11-19 21:46:16.486INFO - Content-Type: Content-Type: application/json;charset=UTF-8
2019-11-19 21:46:16.486INFO - Content-Length: null
2019-11-19 21:46:16.487INFO - Status : 400
2019-11-19 21:46:16.487INFO - Content: Test issue with key TA-163 not found.

2019-11-19 21:46:16.508DEBUG- Couldn't find template in cache for "index.ftl"("en", UTF-8, parsed); will try to load it.
2019-11-19 21:46:16.509DEBUG- TemplateLoader.findTemplateSource("index_en.ftl"): Not found
2019-11-19 21:46:16.511DEBUG- TemplateLoader.findTemplateSource("index.ftl"): Found
2019-11-19 21:46:16.512DEBUG- Loading template for "index.ftl"("en", UTF-8, parsed) from "jar:file:/C:/Users/cs8286/.m2/repository/com/aventstack/extentreports/3.1.2/extentreports-3.1.2.jar!/com/aventstack/extentreports/view/html-report/index.ftl"
2019-11-19 21:46:16.716DEBUG- Couldn't find template in cache for "head.ftl"("en", UTF-8, parsed); will try to load it.
2019-11-19 21:46:16.717DEBUG- TemplateLoader.findTemplateSource("head_en.ftl"): Not found
2019-11-19 21:46:16.718DEBUG- TemplateLoader.findTemplateSource("head.ftl"): Found
2019-11-19 21:46:16.718DEBUG- Loading template for "head.ftl"("en", UTF-8, parsed) from "jar:file:/C:/Users/cs8286/.m2/repository/com/aventstack/extentreports/3.1.2/extentreports-3.1.2.jar!/com/aventstack/extentreports/view/html-report/head.ftl"
2019-11-19 21:46:16.722DEBUG- Couldn't find template in cache for "nav.ftl"("en", UTF-8, parsed); will try to load it.
2019-11-19 21:46:16.723DEBUG- TemplateLoader.findTemplateSource("nav_en.ftl"): Not found
2019-11-19 21:46:16.723DEBUG- TemplateLoader.findTemplateSource("nav.ftl"): Found
2019-11-19 21:46:16.723DEBUG- Loading template for "nav.ftl"("en", UTF-8, parsed) from "jar:file:/C:/Users/cs8286/.m2/repository/com/aventstack/extentreports/3.1.2/extentreports-3.1.2.jar!/com/aventstack/extentreports/view/html-report/nav.ftl"
2019-11-19 21:46:16.732DEBUG- Couldn't find template in cache for "test-view/test-view.ftl"("en", UTF-8, parsed); will try to load it.
2019-11-19 21:46:16.733DEBUG- TemplateLoader.findTemplateSource("test-view/test-view_en.ftl"): Not found
2019-11-19 21:46:16.734DEBUG- TemplateLoader.findTemplateSource("test-view/test-view.ftl"): Found
2019-11-19 21:46:16.734DEBUG- Loading template for "test-view/test-view.ftl"("en", UTF-8, parsed) from "jar:file:/C:/Users/cs8286/.m2/repository/com/aventstack/extentreports/3.1.2/extentreports-3.1.2.jar!/com/aventstack/extentreports/view/html-report/test-view/test-view.ftl"
2019-11-19 21:46:16.745DEBUG- Couldn't find template in cache for "test-view/test-view-charts.ftl"("en", UTF-8, parsed); will try to load it.
2019-11-19 21:46:16.746DEBUG- TemplateLoader.findTemplateSource("test-view/test-view-charts_en.ftl"): Not found
2019-11-19 21:46:16.747DEBUG- TemplateLoader.findTemplateSource("test-view/test-view-charts.ftl"): Found
2019-11-19 21:46:16.747DEBUG- Loading template for "test-view/test-view-charts.ftl"("en", UTF-8, parsed) from "jar:file:/C:/Users/cs8286/.m2/repository/com/aventstack/extentreports/3.1.2/extentreports-3.1.2.jar!/com/aventstack/extentreports/view/html-report/test-view/test-view-charts.ftl"
2019-11-19 21:46:16.763DEBUG- Couldn't find template in cache for "test-view/standard.ftl"("en", UTF-8, parsed); will try to load it.
2019-11-19 21:46:16.764DEBUG- TemplateLoader.findTemplateSource("test-view/standard_en.ftl"): Not found
2019-11-19 21:46:16.764DEBUG- TemplateLoader.findTemplateSource("test-view/standard.ftl"): Found
2019-11-19 21:46:16.764DEBUG- Loading template for "test-view/standard.ftl"("en", UTF-8, parsed) from "jar:file:/C:/Users/cs8286/.m2/repository/com/aventstack/extentreports/3.1.2/extentreports-3.1.2.jar!/com/aventstack/extentreports/view/html-report/test-view/standard.ftl"
2019-11-19 21:46:16.786DEBUG- Couldn't find template in cache for "category-view/category-view.ftl"("en", UTF-8, parsed); will try to load it.
2019-11-19 21:46:16.787DEBUG- TemplateLoader.findTemplateSource("category-view/category-view_en.ftl"): Not found
2019-11-19 21:46:16.787DEBUG- TemplateLoader.findTemplateSource("category-view/category-view.ftl"): Found
2019-11-19 21:46:16.787DEBUG- Loading template for "category-view/category-view.ftl"("en", UTF-8, parsed) from "jar:file:/C:/Users/cs8286/.m2/repository/com/aventstack/extentreports/3.1.2/extentreports-3.1.2.jar!/com/aventstack/extentreports/view/html-report/category-view/category-view.ftl"
2019-11-19 21:46:16.790DEBUG- Couldn't find template in cache for "author-view/author-view.ftl"("en", UTF-8, parsed); will try to load it.
2019-11-19 21:46:16.791DEBUG- TemplateLoader.findTemplateSource("author-view/author-view_en.ftl"): Not found
2019-11-19 21:46:16.791DEBUG- TemplateLoader.findTemplateSource("author-view/author-view.ftl"): Found
2019-11-19 21:46:16.791DEBUG- Loading template for "author-view/author-view.ftl"("en", UTF-8, parsed) from "jar:file:/C:/Users/cs8286/.m2/repository/com/aventstack/extentreports/3.1.2/extentreports-3.1.2.jar!/com/aventstack/extentreports/view/html-report/author-view/author-view.ftl"
2019-11-19 21:46:16.796DEBUG- Couldn't find template in cache for "exception-view/exception-view.ftl"("en", UTF-8, parsed); will try to load it.
2019-11-19 21:46:16.797DEBUG- TemplateLoader.findTemplateSource("exception-view/exception-view_en.ftl"): Not found
2019-11-19 21:46:16.797DEBUG- TemplateLoader.findTemplateSource("exception-view/exception-view.ftl"): Found
2019-11-19 21:46:16.797DEBUG- Loading template for "exception-view/exception-view.ftl"("en", UTF-8, parsed) from "jar:file:/C:/Users/cs8286/.m2/repository/com/aventstack/extentreports/3.1.2/extentreports-3.1.2.jar!/com/aventstack/extentreports/view/html-report/exception-view/exception-view.ftl"
2019-11-19 21:46:16.801DEBUG- Couldn't find template in cache for "dashboard-view/dashboard-view.ftl"("en", UTF-8, parsed); will try to load it.
2019-11-19 21:46:16.802DEBUG- TemplateLoader.findTemplateSource("dashboard-view/dashboard-view_en.ftl"): Not found
2019-11-19 21:46:16.803DEBUG- TemplateLoader.findTemplateSource("dashboard-view/dashboard-view.ftl"): Found
2019-11-19 21:46:16.803DEBUG- Loading template for "dashboard-view/dashboard-view.ftl"("en", UTF-8, parsed) from "jar:file:/C:/Users/cs8286/.m2/repository/com/aventstack/extentreports/3.1.2/extentreports-3.1.2.jar!/com/aventstack/extentreports/view/html-report/dashboard-view/dashboard-view.ftl"
2019-11-19 21:46:16.808DEBUG- Couldn't find template in cache for "logs-view/testrunner-logs-view.ftl"("en", UTF-8, parsed); will try to load it.
2019-11-19 21:46:16.809DEBUG- TemplateLoader.findTemplateSource("logs-view/testrunner-logs-view_en.ftl"): Not found
2019-11-19 21:46:16.810DEBUG- TemplateLoader.findTemplateSource("logs-view/testrunner-logs-view.ftl"): Found
2019-11-19 21:46:16.810DEBUG- Loading template for "logs-view/testrunner-logs-view.ftl"("en", UTF-8, parsed) from "jar:file:/C:/Users/cs8286/.m2/repository/com/aventstack/extentreports/3.1.2/extentreports-3.1.2.jar!/com/aventstack/extentreports/view/html-report/logs-view/testrunner-logs-view.ftl"
2019-11-19 21:46:21.861INFO - attaching html report to the xray issue ...
2019-11-19 21:46:21.867INFO - Last Test Report Folder: .\Reports\Tue Nov 19 21_46_14 CET 2019
2019-11-19 21:46:21.868INFO - Zipping files ...
2019-11-19 21:46:21.873INFO - Files zipped successfully
2019-11-19 21:46:22.816INFO - 
2019-11-19 21:46:22.817INFO - Response:
2019-11-19 21:46:22.817INFO - Content-Type: Content-Type: application/json;charset=UTF-8
2019-11-19 21:46:22.817INFO - Content-Length: null
2019-11-19 21:46:22.817INFO - Status : 200
2019-11-19 21:46:22.817INFO - Content: [{"self":"https://t-jira-consorsbank.is.echonet/rest/api/2/attachment/25438","id":"25438","filename":"TestReport_Tue_Nov_19_21_46_14_CET_2019.zip","author":{"self":"https://t-jira-consorsbank.is.echonet/rest/api/2/user?username=CS8286","name":"CS8286","key":"cs8286","emailAddress":"Jithin.MuhammedIllyasJameelaB@consorsbank.de","avatarUrls":{"48x48":"https://t-jira-consorsbank.is.echonet/secure/useravatar?avatarId=10172","24x24":"https://t-jira-consorsbank.is.echonet/secure/useravatar?size=small&avatarId=10172","16x16":"https://t-jira-consorsbank.is.echonet/secure/useravatar?size=xsmall&avatarId=10172","32x32":"https://t-jira-consorsbank.is.echonet/secure/useravatar?size=medium&avatarId=10172"},"displayName":"Muhammed Illyas Jameela B Jithin","active":true,"timeZone":"Europe/Berlin"},"created":"2019-11-19T21:46:22.000+0100","size":3200,"mimeType":"application/zip","content":"https://t-jira-consorsbank.is.echonet/secure/attachment/25438/TestReport_Tue_Nov_19_21_46_14_CET_2019.zip"}]
