2019-11-14 23:35:03.470INFO - Log configuration done. Log Dir:.\Logs
2019-11-14 23:35:03.804INFO - Test Start Time: 2019-11-14T23:35:03+01:00
2019-11-14 23:36:33.780INFO - saving results to Xray ...
2019-11-14 23:36:33.945INFO - ***********************************************************
2019-11-14 23:36:33.945INFO - Request:
2019-11-14 23:36:33.945INFO - POST https://t-jira-consorsbank.is.echonet/rest/raven/1.0/import/execution
2019-11-14 23:36:33.946INFO - HOST: t-jira-consorsbank.is.echonet
2019-11-14 23:36:33.946INFO - Content-Type: Content-type: application/json
2019-11-14 23:36:33.947INFO - Content-Length: null
2019-11-14 23:36:34.567INFO - 
2019-11-14 23:36:34.568INFO - Response:
2019-11-14 23:36:34.568INFO - Content-Type: Content-Type: application/json;charset=UTF-8
2019-11-14 23:36:34.568INFO - Content-Length: null
2019-11-14 23:36:34.568INFO - Status : 200
2019-11-14 23:36:34.569INFO - Content: {"testExecIssue":{"id":"238585","key":"TA-69","self":"https://t-jira-consorsbank.is.echonet/rest/api/2/issue/238585"}}
2019-11-14 23:36:34.598DEBUG- Couldn't find template in cache for "index.ftl"("en", UTF-8, parsed); will try to load it.
2019-11-14 23:36:34.600DEBUG- TemplateLoader.findTemplateSource("index_en.ftl"): Not found
2019-11-14 23:36:34.602DEBUG- TemplateLoader.findTemplateSource("index.ftl"): Found
2019-11-14 23:36:34.603DEBUG- Loading template for "index.ftl"("en", UTF-8, parsed) from "jar:file:/C:/Users/cs8286/.m2/repository/com/aventstack/extentreports/3.1.2/extentreports-3.1.2.jar!/com/aventstack/extentreports/view/html-report/index.ftl"
2019-11-14 23:36:34.852DEBUG- Couldn't find template in cache for "head.ftl"("en", UTF-8, parsed); will try to load it.
2019-11-14 23:36:34.853DEBUG- TemplateLoader.findTemplateSource("head_en.ftl"): Not found
2019-11-14 23:36:34.853DEBUG- TemplateLoader.findTemplateSource("head.ftl"): Found
2019-11-14 23:36:34.854DEBUG- Loading template for "head.ftl"("en", UTF-8, parsed) from "jar:file:/C:/Users/cs8286/.m2/repository/com/aventstack/extentreports/3.1.2/extentreports-3.1.2.jar!/com/aventstack/extentreports/view/html-report/head.ftl"
2019-11-14 23:36:34.857DEBUG- Couldn't find template in cache for "nav.ftl"("en", UTF-8, parsed); will try to load it.
2019-11-14 23:36:34.858DEBUG- TemplateLoader.findTemplateSource("nav_en.ftl"): Not found
2019-11-14 23:36:34.858DEBUG- TemplateLoader.findTemplateSource("nav.ftl"): Found
2019-11-14 23:36:34.858DEBUG- Loading template for "nav.ftl"("en", UTF-8, parsed) from "jar:file:/C:/Users/cs8286/.m2/repository/com/aventstack/extentreports/3.1.2/extentreports-3.1.2.jar!/com/aventstack/extentreports/view/html-report/nav.ftl"
2019-11-14 23:36:34.866DEBUG- Couldn't find template in cache for "test-view/test-view.ftl"("en", UTF-8, parsed); will try to load it.
2019-11-14 23:36:34.867DEBUG- TemplateLoader.findTemplateSource("test-view/test-view_en.ftl"): Not found
2019-11-14 23:36:34.867DEBUG- TemplateLoader.findTemplateSource("test-view/test-view.ftl"): Found
2019-11-14 23:36:34.867DEBUG- Loading template for "test-view/test-view.ftl"("en", UTF-8, parsed) from "jar:file:/C:/Users/cs8286/.m2/repository/com/aventstack/extentreports/3.1.2/extentreports-3.1.2.jar!/com/aventstack/extentreports/view/html-report/test-view/test-view.ftl"
2019-11-14 23:36:34.877DEBUG- Couldn't find template in cache for "test-view/test-view-charts.ftl"("en", UTF-8, parsed); will try to load it.
2019-11-14 23:36:34.878DEBUG- TemplateLoader.findTemplateSource("test-view/test-view-charts_en.ftl"): Not found
2019-11-14 23:36:34.879DEBUG- TemplateLoader.findTemplateSource("test-view/test-view-charts.ftl"): Found
2019-11-14 23:36:34.879DEBUG- Loading template for "test-view/test-view-charts.ftl"("en", UTF-8, parsed) from "jar:file:/C:/Users/cs8286/.m2/repository/com/aventstack/extentreports/3.1.2/extentreports-3.1.2.jar!/com/aventstack/extentreports/view/html-report/test-view/test-view-charts.ftl"
2019-11-14 23:36:34.896DEBUG- Couldn't find template in cache for "test-view/standard.ftl"("en", UTF-8, parsed); will try to load it.
2019-11-14 23:36:34.897DEBUG- TemplateLoader.findTemplateSource("test-view/standard_en.ftl"): Not found
2019-11-14 23:36:34.897DEBUG- TemplateLoader.findTemplateSource("test-view/standard.ftl"): Found
2019-11-14 23:36:34.897DEBUG- Loading template for "test-view/standard.ftl"("en", UTF-8, parsed) from "jar:file:/C:/Users/cs8286/.m2/repository/com/aventstack/extentreports/3.1.2/extentreports-3.1.2.jar!/com/aventstack/extentreports/view/html-report/test-view/standard.ftl"
2019-11-14 23:36:34.931DEBUG- Couldn't find template in cache for "category-view/category-view.ftl"("en", UTF-8, parsed); will try to load it.
2019-11-14 23:36:34.932DEBUG- TemplateLoader.findTemplateSource("category-view/category-view_en.ftl"): Not found
2019-11-14 23:36:34.933DEBUG- TemplateLoader.findTemplateSource("category-view/category-view.ftl"): Found
2019-11-14 23:36:34.933DEBUG- Loading template for "category-view/category-view.ftl"("en", UTF-8, parsed) from "jar:file:/C:/Users/cs8286/.m2/repository/com/aventstack/extentreports/3.1.2/extentreports-3.1.2.jar!/com/aventstack/extentreports/view/html-report/category-view/category-view.ftl"
2019-11-14 23:36:34.938DEBUG- Couldn't find template in cache for "author-view/author-view.ftl"("en", UTF-8, parsed); will try to load it.
2019-11-14 23:36:34.938DEBUG- TemplateLoader.findTemplateSource("author-view/author-view_en.ftl"): Not found
2019-11-14 23:36:34.939DEBUG- TemplateLoader.findTemplateSource("author-view/author-view.ftl"): Found
2019-11-14 23:36:34.939DEBUG- Loading template for "author-view/author-view.ftl"("en", UTF-8, parsed) from "jar:file:/C:/Users/cs8286/.m2/repository/com/aventstack/extentreports/3.1.2/extentreports-3.1.2.jar!/com/aventstack/extentreports/view/html-report/author-view/author-view.ftl"
2019-11-14 23:36:34.946DEBUG- Couldn't find template in cache for "exception-view/exception-view.ftl"("en", UTF-8, parsed); will try to load it.
2019-11-14 23:36:34.948DEBUG- TemplateLoader.findTemplateSource("exception-view/exception-view_en.ftl"): Not found
2019-11-14 23:36:34.948DEBUG- TemplateLoader.findTemplateSource("exception-view/exception-view.ftl"): Found
2019-11-14 23:36:34.948DEBUG- Loading template for "exception-view/exception-view.ftl"("en", UTF-8, parsed) from "jar:file:/C:/Users/cs8286/.m2/repository/com/aventstack/extentreports/3.1.2/extentreports-3.1.2.jar!/com/aventstack/extentreports/view/html-report/exception-view/exception-view.ftl"
2019-11-14 23:36:34.953DEBUG- Couldn't find template in cache for "dashboard-view/dashboard-view.ftl"("en", UTF-8, parsed); will try to load it.
2019-11-14 23:36:34.953DEBUG- TemplateLoader.findTemplateSource("dashboard-view/dashboard-view_en.ftl"): Not found
2019-11-14 23:36:34.954DEBUG- TemplateLoader.findTemplateSource("dashboard-view/dashboard-view.ftl"): Found
2019-11-14 23:36:34.954DEBUG- Loading template for "dashboard-view/dashboard-view.ftl"("en", UTF-8, parsed) from "jar:file:/C:/Users/cs8286/.m2/repository/com/aventstack/extentreports/3.1.2/extentreports-3.1.2.jar!/com/aventstack/extentreports/view/html-report/dashboard-view/dashboard-view.ftl"
2019-11-14 23:36:34.959DEBUG- Couldn't find template in cache for "logs-view/testrunner-logs-view.ftl"("en", UTF-8, parsed); will try to load it.
2019-11-14 23:36:34.960DEBUG- TemplateLoader.findTemplateSource("logs-view/testrunner-logs-view_en.ftl"): Not found
2019-11-14 23:36:34.960DEBUG- TemplateLoader.findTemplateSource("logs-view/testrunner-logs-view.ftl"): Found
2019-11-14 23:36:34.961DEBUG- Loading template for "logs-view/testrunner-logs-view.ftl"("en", UTF-8, parsed) from "jar:file:/C:/Users/cs8286/.m2/repository/com/aventstack/extentreports/3.1.2/extentreports-3.1.2.jar!/com/aventstack/extentreports/view/html-report/logs-view/testrunner-logs-view.ftl"
