2019-11-21 19:49:59.774INFO - Log configuration done. Log Dir:.\Logs
2019-11-21 19:50:00.198INFO - Test Start Time: 2019-11-21T19:50:00+01:00
2019-11-21 19:50:39.077INFO - saving results to Xray ...
2019-11-21 19:50:39.244INFO - ***********************************************************
2019-11-21 19:50:39.244INFO - Request:
2019-11-21 19:50:39.245INFO - POST https://t-jira-consorsbank.is.echonet/rest/raven/1.0/import/execution
2019-11-21 19:50:39.245INFO - HOST: t-jira-consorsbank.is.echonet
2019-11-21 19:50:39.246INFO - Content-Type: Content-type: application/json
2019-11-21 19:50:39.246INFO - Content-Length: null
2019-11-21 19:50:39.718INFO - 
2019-11-21 19:50:39.718INFO - Response:
2019-11-21 19:50:39.719INFO - Content-Type: Content-Type: application/json;charset=UTF-8
2019-11-21 19:50:39.719INFO - Content-Length: null
2019-11-21 19:50:39.719INFO - Status : 400
2019-11-21 19:50:39.719INFO - Content: Test issue with key TA-172 not found.

2019-11-21 19:50:40.555DEBUG- Couldn't find template in cache for "index.ftl"("en", UTF-8, parsed); will try to load it.
2019-11-21 19:50:40.556DEBUG- TemplateLoader.findTemplateSource("index_en.ftl"): Not found
2019-11-21 19:50:40.558DEBUG- TemplateLoader.findTemplateSource("index.ftl"): Found
2019-11-21 19:50:40.559DEBUG- Loading template for "index.ftl"("en", UTF-8, parsed) from "jar:file:/C:/Users/cs8286/.m2/repository/com/aventstack/extentreports/3.1.2/extentreports-3.1.2.jar!/com/aventstack/extentreports/view/html-report/index.ftl"
2019-11-21 19:50:40.890DEBUG- Couldn't find template in cache for "head.ftl"("en", UTF-8, parsed); will try to load it.
2019-11-21 19:50:40.890DEBUG- TemplateLoader.findTemplateSource("head_en.ftl"): Not found
2019-11-21 19:50:40.891DEBUG- TemplateLoader.findTemplateSource("head.ftl"): Found
2019-11-21 19:50:40.891DEBUG- Loading template for "head.ftl"("en", UTF-8, parsed) from "jar:file:/C:/Users/cs8286/.m2/repository/com/aventstack/extentreports/3.1.2/extentreports-3.1.2.jar!/com/aventstack/extentreports/view/html-report/head.ftl"
2019-11-21 19:50:40.895DEBUG- Couldn't find template in cache for "nav.ftl"("en", UTF-8, parsed); will try to load it.
2019-11-21 19:50:40.895DEBUG- TemplateLoader.findTemplateSource("nav_en.ftl"): Not found
2019-11-21 19:50:40.896DEBUG- TemplateLoader.findTemplateSource("nav.ftl"): Found
2019-11-21 19:50:40.896DEBUG- Loading template for "nav.ftl"("en", UTF-8, parsed) from "jar:file:/C:/Users/cs8286/.m2/repository/com/aventstack/extentreports/3.1.2/extentreports-3.1.2.jar!/com/aventstack/extentreports/view/html-report/nav.ftl"
2019-11-21 19:50:40.905DEBUG- Couldn't find template in cache for "test-view/test-view.ftl"("en", UTF-8, parsed); will try to load it.
2019-11-21 19:50:40.905DEBUG- TemplateLoader.findTemplateSource("test-view/test-view_en.ftl"): Not found
2019-11-21 19:50:40.906DEBUG- TemplateLoader.findTemplateSource("test-view/test-view.ftl"): Found
2019-11-21 19:50:40.906DEBUG- Loading template for "test-view/test-view.ftl"("en", UTF-8, parsed) from "jar:file:/C:/Users/cs8286/.m2/repository/com/aventstack/extentreports/3.1.2/extentreports-3.1.2.jar!/com/aventstack/extentreports/view/html-report/test-view/test-view.ftl"
2019-11-21 19:50:40.919DEBUG- Couldn't find template in cache for "test-view/test-view-charts.ftl"("en", UTF-8, parsed); will try to load it.
2019-11-21 19:50:40.919DEBUG- TemplateLoader.findTemplateSource("test-view/test-view-charts_en.ftl"): Not found
2019-11-21 19:50:40.920DEBUG- TemplateLoader.findTemplateSource("test-view/test-view-charts.ftl"): Found
2019-11-21 19:50:40.920DEBUG- Loading template for "test-view/test-view-charts.ftl"("en", UTF-8, parsed) from "jar:file:/C:/Users/cs8286/.m2/repository/com/aventstack/extentreports/3.1.2/extentreports-3.1.2.jar!/com/aventstack/extentreports/view/html-report/test-view/test-view-charts.ftl"
2019-11-21 19:50:40.937DEBUG- Couldn't find template in cache for "test-view/standard.ftl"("en", UTF-8, parsed); will try to load it.
2019-11-21 19:50:40.938DEBUG- TemplateLoader.findTemplateSource("test-view/standard_en.ftl"): Not found
2019-11-21 19:50:40.938DEBUG- TemplateLoader.findTemplateSource("test-view/standard.ftl"): Found
2019-11-21 19:50:40.939DEBUG- Loading template for "test-view/standard.ftl"("en", UTF-8, parsed) from "jar:file:/C:/Users/cs8286/.m2/repository/com/aventstack/extentreports/3.1.2/extentreports-3.1.2.jar!/com/aventstack/extentreports/view/html-report/test-view/standard.ftl"
2019-11-21 19:50:40.963DEBUG- Couldn't find template in cache for "category-view/category-view.ftl"("en", UTF-8, parsed); will try to load it.
2019-11-21 19:50:40.963DEBUG- TemplateLoader.findTemplateSource("category-view/category-view_en.ftl"): Not found
2019-11-21 19:50:40.964DEBUG- TemplateLoader.findTemplateSource("category-view/category-view.ftl"): Found
2019-11-21 19:50:40.964DEBUG- Loading template for "category-view/category-view.ftl"("en", UTF-8, parsed) from "jar:file:/C:/Users/cs8286/.m2/repository/com/aventstack/extentreports/3.1.2/extentreports-3.1.2.jar!/com/aventstack/extentreports/view/html-report/category-view/category-view.ftl"
2019-11-21 19:50:40.969DEBUG- Couldn't find template in cache for "author-view/author-view.ftl"("en", UTF-8, parsed); will try to load it.
2019-11-21 19:50:40.970DEBUG- TemplateLoader.findTemplateSource("author-view/author-view_en.ftl"): Not found
2019-11-21 19:50:40.970DEBUG- TemplateLoader.findTemplateSource("author-view/author-view.ftl"): Found
2019-11-21 19:50:40.970DEBUG- Loading template for "author-view/author-view.ftl"("en", UTF-8, parsed) from "jar:file:/C:/Users/cs8286/.m2/repository/com/aventstack/extentreports/3.1.2/extentreports-3.1.2.jar!/com/aventstack/extentreports/view/html-report/author-view/author-view.ftl"
2019-11-21 19:50:40.976DEBUG- Couldn't find template in cache for "exception-view/exception-view.ftl"("en", UTF-8, parsed); will try to load it.
2019-11-21 19:50:40.976DEBUG- TemplateLoader.findTemplateSource("exception-view/exception-view_en.ftl"): Not found
2019-11-21 19:50:40.977DEBUG- TemplateLoader.findTemplateSource("exception-view/exception-view.ftl"): Found
2019-11-21 19:50:40.977DEBUG- Loading template for "exception-view/exception-view.ftl"("en", UTF-8, parsed) from "jar:file:/C:/Users/cs8286/.m2/repository/com/aventstack/extentreports/3.1.2/extentreports-3.1.2.jar!/com/aventstack/extentreports/view/html-report/exception-view/exception-view.ftl"
2019-11-21 19:50:40.981DEBUG- Couldn't find template in cache for "dashboard-view/dashboard-view.ftl"("en", UTF-8, parsed); will try to load it.
2019-11-21 19:50:40.983DEBUG- TemplateLoader.findTemplateSource("dashboard-view/dashboard-view_en.ftl"): Not found
2019-11-21 19:50:40.985DEBUG- TemplateLoader.findTemplateSource("dashboard-view/dashboard-view.ftl"): Found
2019-11-21 19:50:40.986DEBUG- Loading template for "dashboard-view/dashboard-view.ftl"("en", UTF-8, parsed) from "jar:file:/C:/Users/cs8286/.m2/repository/com/aventstack/extentreports/3.1.2/extentreports-3.1.2.jar!/com/aventstack/extentreports/view/html-report/dashboard-view/dashboard-view.ftl"
2019-11-21 19:50:41.007DEBUG- Couldn't find template in cache for "logs-view/testrunner-logs-view.ftl"("en", UTF-8, parsed); will try to load it.
2019-11-21 19:50:41.008DEBUG- TemplateLoader.findTemplateSource("logs-view/testrunner-logs-view_en.ftl"): Not found
2019-11-21 19:50:41.009DEBUG- TemplateLoader.findTemplateSource("logs-view/testrunner-logs-view.ftl"): Found
2019-11-21 19:50:41.009DEBUG- Loading template for "logs-view/testrunner-logs-view.ftl"("en", UTF-8, parsed) from "jar:file:/C:/Users/cs8286/.m2/repository/com/aventstack/extentreports/3.1.2/extentreports-3.1.2.jar!/com/aventstack/extentreports/view/html-report/logs-view/testrunner-logs-view.ftl"
2019-11-21 19:50:52.627INFO - attaching html report to the xray issue ...
2019-11-21 19:50:52.634INFO - Last Test Report Folder: C:\Bitbucket\rta\Reports\Reports_Thu_Nov_21_18_11_22_CET_2019
2019-11-21 19:50:52.636INFO - Zipping files ...
2019-11-21 19:50:52.694INFO - Files zipped successfully
2019-11-21 19:50:53.684INFO - 
2019-11-21 19:50:53.685INFO - Response:
2019-11-21 19:50:53.685INFO - Content-Type: Content-Type: application/json;charset=UTF-8
2019-11-21 19:50:53.686INFO - Content-Length: null
2019-11-21 19:50:53.686INFO - Status : 200
2019-11-21 19:50:53.686INFO - Content: [{"self":"https://t-jira-consorsbank.is.echonet/rest/api/2/attachment/25526","id":"25526","filename":"TestReport_Reports_Thu_Nov_21_18_11_22_CET_2019.zip","author":{"self":"https://t-jira-consorsbank.is.echonet/rest/api/2/user?username=CS8286","name":"CS8286","key":"cs8286","emailAddress":"Jithin.MuhammedIllyasJameelaB@consorsbank.de","avatarUrls":{"48x48":"https://t-jira-consorsbank.is.echonet/secure/useravatar?avatarId=10172","24x24":"https://t-jira-consorsbank.is.echonet/secure/useravatar?size=small&avatarId=10172","16x16":"https://t-jira-consorsbank.is.echonet/secure/useravatar?size=xsmall&avatarId=10172","32x32":"https://t-jira-consorsbank.is.echonet/secure/useravatar?size=medium&avatarId=10172"},"displayName":"Muhammed Illyas Jameela B Jithin","active":true,"timeZone":"Europe/Berlin"},"created":"2019-11-21T19:50:52.000+0100","size":292085,"mimeType":"application/zip","content":"https://t-jira-consorsbank.is.echonet/secure/attachment/25526/TestReport_Reports_Thu_Nov_21_18_11_22_CET_2019.zip"}]
