2019-11-21 19:57:30.990INFO - Log configuration done. Log Dir:.\Logs
2019-11-21 19:57:31.438INFO - Test Start Time: 2019-11-21T19:57:31+01:00
2019-11-21 19:58:52.058INFO - saving results to Xray ...
2019-11-21 19:58:52.220INFO - ***********************************************************
2019-11-21 19:58:52.220INFO - Request:
2019-11-21 19:58:52.222INFO - POST https://t-jira-consorsbank.is.echonet/rest/raven/1.0/import/execution
2019-11-21 19:58:52.222INFO - HOST: t-jira-consorsbank.is.echonet
2019-11-21 19:58:52.223INFO - Content-Type: Content-type: application/json
2019-11-21 19:58:52.223INFO - Content-Length: null
2019-11-21 19:58:52.578INFO - 
2019-11-21 19:58:52.578INFO - Response:
2019-11-21 19:58:52.580INFO - Content-Type: Content-Type: application/json;charset=UTF-8
2019-11-21 19:58:52.580INFO - Content-Length: null
2019-11-21 19:58:52.580INFO - Status : 400
2019-11-21 19:58:52.580INFO - Content: Test issue with key TA-172 not found.

2019-11-21 19:58:53.366DEBUG- Couldn't find template in cache for "index.ftl"("en", UTF-8, parsed); will try to load it.
2019-11-21 19:58:53.382DEBUG- TemplateLoader.findTemplateSource("index_en.ftl"): Not found
2019-11-21 19:58:53.382DEBUG- TemplateLoader.findTemplateSource("index.ftl"): Found
2019-11-21 19:58:53.382DEBUG- Loading template for "index.ftl"("en", UTF-8, parsed) from "jar:file:/C:/Users/cs8286/.m2/repository/com/aventstack/extentreports/3.1.2/extentreports-3.1.2.jar!/com/aventstack/extentreports/view/html-report/index.ftl"
2019-11-21 19:58:53.617DEBUG- Couldn't find template in cache for "head.ftl"("en", UTF-8, parsed); will try to load it.
2019-11-21 19:58:53.617DEBUG- TemplateLoader.findTemplateSource("head_en.ftl"): Not found
2019-11-21 19:58:53.617DEBUG- TemplateLoader.findTemplateSource("head.ftl"): Found
2019-11-21 19:58:53.617DEBUG- Loading template for "head.ftl"("en", UTF-8, parsed) from "jar:file:/C:/Users/cs8286/.m2/repository/com/aventstack/extentreports/3.1.2/extentreports-3.1.2.jar!/com/aventstack/extentreports/view/html-report/head.ftl"
2019-11-21 19:58:53.617DEBUG- Couldn't find template in cache for "nav.ftl"("en", UTF-8, parsed); will try to load it.
2019-11-21 19:58:53.617DEBUG- TemplateLoader.findTemplateSource("nav_en.ftl"): Not found
2019-11-21 19:58:53.617DEBUG- TemplateLoader.findTemplateSource("nav.ftl"): Found
2019-11-21 19:58:53.617DEBUG- Loading template for "nav.ftl"("en", UTF-8, parsed) from "jar:file:/C:/Users/cs8286/.m2/repository/com/aventstack/extentreports/3.1.2/extentreports-3.1.2.jar!/com/aventstack/extentreports/view/html-report/nav.ftl"
2019-11-21 19:58:53.618DEBUG- Couldn't find template in cache for "test-view/test-view.ftl"("en", UTF-8, parsed); will try to load it.
2019-11-21 19:58:53.628DEBUG- TemplateLoader.findTemplateSource("test-view/test-view_en.ftl"): Not found
2019-11-21 19:58:53.628DEBUG- TemplateLoader.findTemplateSource("test-view/test-view.ftl"): Found
2019-11-21 19:58:53.628DEBUG- Loading template for "test-view/test-view.ftl"("en", UTF-8, parsed) from "jar:file:/C:/Users/cs8286/.m2/repository/com/aventstack/extentreports/3.1.2/extentreports-3.1.2.jar!/com/aventstack/extentreports/view/html-report/test-view/test-view.ftl"
2019-11-21 19:58:53.638DEBUG- Couldn't find template in cache for "test-view/test-view-charts.ftl"("en", UTF-8, parsed); will try to load it.
2019-11-21 19:58:53.638DEBUG- TemplateLoader.findTemplateSource("test-view/test-view-charts_en.ftl"): Not found
2019-11-21 19:58:53.648DEBUG- TemplateLoader.findTemplateSource("test-view/test-view-charts.ftl"): Found
2019-11-21 19:58:53.648DEBUG- Loading template for "test-view/test-view-charts.ftl"("en", UTF-8, parsed) from "jar:file:/C:/Users/cs8286/.m2/repository/com/aventstack/extentreports/3.1.2/extentreports-3.1.2.jar!/com/aventstack/extentreports/view/html-report/test-view/test-view-charts.ftl"
2019-11-21 19:58:53.658DEBUG- Couldn't find template in cache for "test-view/standard.ftl"("en", UTF-8, parsed); will try to load it.
2019-11-21 19:58:53.658DEBUG- TemplateLoader.findTemplateSource("test-view/standard_en.ftl"): Not found
2019-11-21 19:58:53.658DEBUG- TemplateLoader.findTemplateSource("test-view/standard.ftl"): Found
2019-11-21 19:58:53.658DEBUG- Loading template for "test-view/standard.ftl"("en", UTF-8, parsed) from "jar:file:/C:/Users/cs8286/.m2/repository/com/aventstack/extentreports/3.1.2/extentreports-3.1.2.jar!/com/aventstack/extentreports/view/html-report/test-view/standard.ftl"
2019-11-21 19:58:53.688DEBUG- Couldn't find template in cache for "category-view/category-view.ftl"("en", UTF-8, parsed); will try to load it.
2019-11-21 19:58:53.688DEBUG- TemplateLoader.findTemplateSource("category-view/category-view_en.ftl"): Not found
2019-11-21 19:58:53.688DEBUG- TemplateLoader.findTemplateSource("category-view/category-view.ftl"): Found
2019-11-21 19:58:53.688DEBUG- Loading template for "category-view/category-view.ftl"("en", UTF-8, parsed) from "jar:file:/C:/Users/cs8286/.m2/repository/com/aventstack/extentreports/3.1.2/extentreports-3.1.2.jar!/com/aventstack/extentreports/view/html-report/category-view/category-view.ftl"
2019-11-21 19:58:53.688DEBUG- Couldn't find template in cache for "author-view/author-view.ftl"("en", UTF-8, parsed); will try to load it.
2019-11-21 19:58:53.688DEBUG- TemplateLoader.findTemplateSource("author-view/author-view_en.ftl"): Not found
2019-11-21 19:58:53.688DEBUG- TemplateLoader.findTemplateSource("author-view/author-view.ftl"): Found
2019-11-21 19:58:53.688DEBUG- Loading template for "author-view/author-view.ftl"("en", UTF-8, parsed) from "jar:file:/C:/Users/cs8286/.m2/repository/com/aventstack/extentreports/3.1.2/extentreports-3.1.2.jar!/com/aventstack/extentreports/view/html-report/author-view/author-view.ftl"
2019-11-21 19:58:53.698DEBUG- Couldn't find template in cache for "exception-view/exception-view.ftl"("en", UTF-8, parsed); will try to load it.
2019-11-21 19:58:53.698DEBUG- TemplateLoader.findTemplateSource("exception-view/exception-view_en.ftl"): Not found
2019-11-21 19:58:53.698DEBUG- TemplateLoader.findTemplateSource("exception-view/exception-view.ftl"): Found
2019-11-21 19:58:53.698DEBUG- Loading template for "exception-view/exception-view.ftl"("en", UTF-8, parsed) from "jar:file:/C:/Users/cs8286/.m2/repository/com/aventstack/extentreports/3.1.2/extentreports-3.1.2.jar!/com/aventstack/extentreports/view/html-report/exception-view/exception-view.ftl"
2019-11-21 19:58:53.698DEBUG- Couldn't find template in cache for "dashboard-view/dashboard-view.ftl"("en", UTF-8, parsed); will try to load it.
2019-11-21 19:58:53.698DEBUG- TemplateLoader.findTemplateSource("dashboard-view/dashboard-view_en.ftl"): Not found
2019-11-21 19:58:53.698DEBUG- TemplateLoader.findTemplateSource("dashboard-view/dashboard-view.ftl"): Found
2019-11-21 19:58:53.698DEBUG- Loading template for "dashboard-view/dashboard-view.ftl"("en", UTF-8, parsed) from "jar:file:/C:/Users/cs8286/.m2/repository/com/aventstack/extentreports/3.1.2/extentreports-3.1.2.jar!/com/aventstack/extentreports/view/html-report/dashboard-view/dashboard-view.ftl"
2019-11-21 19:58:53.708DEBUG- Couldn't find template in cache for "logs-view/testrunner-logs-view.ftl"("en", UTF-8, parsed); will try to load it.
2019-11-21 19:58:53.708DEBUG- TemplateLoader.findTemplateSource("logs-view/testrunner-logs-view_en.ftl"): Not found
2019-11-21 19:58:53.708DEBUG- TemplateLoader.findTemplateSource("logs-view/testrunner-logs-view.ftl"): Found
2019-11-21 19:58:53.708DEBUG- Loading template for "logs-view/testrunner-logs-view.ftl"("en", UTF-8, parsed) from "jar:file:/C:/Users/cs8286/.m2/repository/com/aventstack/extentreports/3.1.2/extentreports-3.1.2.jar!/com/aventstack/extentreports/view/html-report/logs-view/testrunner-logs-view.ftl"
2019-11-21 19:59:04.938INFO - attaching html report to the xray issue ...
2019-11-21 19:59:04.948INFO - Last Test Report Folder: C:\Bitbucket\rta\Reports\Reports_Thu_Nov_21_19_56_11_CET_2019
2019-11-21 19:59:04.948INFO - Zipping files ...
2019-11-21 19:59:04.989INFO - Files zipped successfully
2019-11-21 19:59:05.591INFO - 
2019-11-21 19:59:05.591INFO - Response:
2019-11-21 19:59:05.591INFO - Content-Type: Content-Type: application/json;charset=UTF-8
2019-11-21 19:59:05.591INFO - Content-Length: null
2019-11-21 19:59:05.591INFO - Status : 200
2019-11-21 19:59:05.591INFO - Content: [{"self":"https://t-jira-consorsbank.is.echonet/rest/api/2/attachment/25527","id":"25527","filename":"TestReport_Reports_Thu_Nov_21_19_56_11_CET_2019.zip","author":{"self":"https://t-jira-consorsbank.is.echonet/rest/api/2/user?username=CS8286","name":"CS8286","key":"cs8286","emailAddress":"Jithin.MuhammedIllyasJameelaB@consorsbank.de","avatarUrls":{"48x48":"https://t-jira-consorsbank.is.echonet/secure/useravatar?avatarId=10172","24x24":"https://t-jira-consorsbank.is.echonet/secure/useravatar?size=small&avatarId=10172","16x16":"https://t-jira-consorsbank.is.echonet/secure/useravatar?size=xsmall&avatarId=10172","32x32":"https://t-jira-consorsbank.is.echonet/secure/useravatar?size=medium&avatarId=10172"},"displayName":"Muhammed Illyas Jameela B Jithin","active":true,"timeZone":"Europe/Berlin"},"created":"2019-11-21T19:59:05.000+0100","size":248979,"mimeType":"application/zip","content":"https://t-jira-consorsbank.is.echonet/secure/attachment/25527/TestReport_Reports_Thu_Nov_21_19_56_11_CET_2019.zip"}]
