2019-11-14 23:29:18.434INFO - Log configuration done. Log Dir:.\Logs
2019-11-14 23:29:18.962INFO - Test Start Time: 2019-11-14T23:29:18+01:00
2019-11-14 23:30:55.528INFO - saving results to Xray ...
2019-11-14 23:30:55.691INFO - ***********************************************************
2019-11-14 23:30:55.691INFO - Request:
2019-11-14 23:30:55.695INFO - POST https://t-jira-consorsbank.is.echonet/rest/raven/1.0/import/execution
2019-11-14 23:30:55.695INFO - HOST: t-jira-consorsbank.is.echonet
2019-11-14 23:30:55.697INFO - Content-Type: Content-type: application/json
2019-11-14 23:30:55.697INFO - Content-Length: null
2019-11-14 23:30:56.293INFO - 
2019-11-14 23:30:56.293INFO - Response:
2019-11-14 23:30:56.293INFO - Content-Type: Content-Type: application/json;charset=UTF-8
2019-11-14 23:30:56.293INFO - Content-Length: null
2019-11-14 23:30:56.294INFO - Status : 200
2019-11-14 23:30:56.294INFO - Content: {"testExecIssue":{"id":"238585","key":"TA-69","self":"https://t-jira-consorsbank.is.echonet/rest/api/2/issue/238585"}}
2019-11-14 23:30:56.317DEBUG- Couldn't find template in cache for "index.ftl"("en", UTF-8, parsed); will try to load it.
2019-11-14 23:30:56.321DEBUG- TemplateLoader.findTemplateSource("index_en.ftl"): Not found
2019-11-14 23:30:56.324DEBUG- TemplateLoader.findTemplateSource("index.ftl"): Found
2019-11-14 23:30:56.332DEBUG- Loading template for "index.ftl"("en", UTF-8, parsed) from "jar:file:/C:/Users/cs8286/.m2/repository/com/aventstack/extentreports/3.1.2/extentreports-3.1.2.jar!/com/aventstack/extentreports/view/html-report/index.ftl"
2019-11-14 23:30:56.553DEBUG- Couldn't find template in cache for "head.ftl"("en", UTF-8, parsed); will try to load it.
2019-11-14 23:30:56.554DEBUG- TemplateLoader.findTemplateSource("head_en.ftl"): Not found
2019-11-14 23:30:56.555DEBUG- TemplateLoader.findTemplateSource("head.ftl"): Found
2019-11-14 23:30:56.556DEBUG- Loading template for "head.ftl"("en", UTF-8, parsed) from "jar:file:/C:/Users/cs8286/.m2/repository/com/aventstack/extentreports/3.1.2/extentreports-3.1.2.jar!/com/aventstack/extentreports/view/html-report/head.ftl"
2019-11-14 23:30:56.565DEBUG- Couldn't find template in cache for "nav.ftl"("en", UTF-8, parsed); will try to load it.
2019-11-14 23:30:56.566DEBUG- TemplateLoader.findTemplateSource("nav_en.ftl"): Not found
2019-11-14 23:30:56.566DEBUG- TemplateLoader.findTemplateSource("nav.ftl"): Found
2019-11-14 23:30:56.567DEBUG- Loading template for "nav.ftl"("en", UTF-8, parsed) from "jar:file:/C:/Users/cs8286/.m2/repository/com/aventstack/extentreports/3.1.2/extentreports-3.1.2.jar!/com/aventstack/extentreports/view/html-report/nav.ftl"
2019-11-14 23:30:56.584DEBUG- Couldn't find template in cache for "test-view/test-view.ftl"("en", UTF-8, parsed); will try to load it.
2019-11-14 23:30:56.585DEBUG- TemplateLoader.findTemplateSource("test-view/test-view_en.ftl"): Not found
2019-11-14 23:30:56.586DEBUG- TemplateLoader.findTemplateSource("test-view/test-view.ftl"): Found
2019-11-14 23:30:56.586DEBUG- Loading template for "test-view/test-view.ftl"("en", UTF-8, parsed) from "jar:file:/C:/Users/cs8286/.m2/repository/com/aventstack/extentreports/3.1.2/extentreports-3.1.2.jar!/com/aventstack/extentreports/view/html-report/test-view/test-view.ftl"
2019-11-14 23:30:56.598DEBUG- Couldn't find template in cache for "test-view/test-view-charts.ftl"("en", UTF-8, parsed); will try to load it.
2019-11-14 23:30:56.599DEBUG- TemplateLoader.findTemplateSource("test-view/test-view-charts_en.ftl"): Not found
2019-11-14 23:30:56.600DEBUG- TemplateLoader.findTemplateSource("test-view/test-view-charts.ftl"): Found
2019-11-14 23:30:56.600DEBUG- Loading template for "test-view/test-view-charts.ftl"("en", UTF-8, parsed) from "jar:file:/C:/Users/cs8286/.m2/repository/com/aventstack/extentreports/3.1.2/extentreports-3.1.2.jar!/com/aventstack/extentreports/view/html-report/test-view/test-view-charts.ftl"
2019-11-14 23:30:56.616DEBUG- Couldn't find template in cache for "test-view/standard.ftl"("en", UTF-8, parsed); will try to load it.
2019-11-14 23:30:56.617DEBUG- TemplateLoader.findTemplateSource("test-view/standard_en.ftl"): Not found
2019-11-14 23:30:56.618DEBUG- TemplateLoader.findTemplateSource("test-view/standard.ftl"): Found
2019-11-14 23:30:56.618DEBUG- Loading template for "test-view/standard.ftl"("en", UTF-8, parsed) from "jar:file:/C:/Users/cs8286/.m2/repository/com/aventstack/extentreports/3.1.2/extentreports-3.1.2.jar!/com/aventstack/extentreports/view/html-report/test-view/standard.ftl"
2019-11-14 23:30:56.642DEBUG- Couldn't find template in cache for "category-view/category-view.ftl"("en", UTF-8, parsed); will try to load it.
2019-11-14 23:30:56.643DEBUG- TemplateLoader.findTemplateSource("category-view/category-view_en.ftl"): Not found
2019-11-14 23:30:56.644DEBUG- TemplateLoader.findTemplateSource("category-view/category-view.ftl"): Found
2019-11-14 23:30:56.644DEBUG- Loading template for "category-view/category-view.ftl"("en", UTF-8, parsed) from "jar:file:/C:/Users/cs8286/.m2/repository/com/aventstack/extentreports/3.1.2/extentreports-3.1.2.jar!/com/aventstack/extentreports/view/html-report/category-view/category-view.ftl"
2019-11-14 23:30:56.649DEBUG- Couldn't find template in cache for "author-view/author-view.ftl"("en", UTF-8, parsed); will try to load it.
2019-11-14 23:30:56.649DEBUG- TemplateLoader.findTemplateSource("author-view/author-view_en.ftl"): Not found
2019-11-14 23:30:56.650DEBUG- TemplateLoader.findTemplateSource("author-view/author-view.ftl"): Found
2019-11-14 23:30:56.650DEBUG- Loading template for "author-view/author-view.ftl"("en", UTF-8, parsed) from "jar:file:/C:/Users/cs8286/.m2/repository/com/aventstack/extentreports/3.1.2/extentreports-3.1.2.jar!/com/aventstack/extentreports/view/html-report/author-view/author-view.ftl"
2019-11-14 23:30:56.659DEBUG- Couldn't find template in cache for "exception-view/exception-view.ftl"("en", UTF-8, parsed); will try to load it.
2019-11-14 23:30:56.659DEBUG- TemplateLoader.findTemplateSource("exception-view/exception-view_en.ftl"): Not found
2019-11-14 23:30:56.660DEBUG- TemplateLoader.findTemplateSource("exception-view/exception-view.ftl"): Found
2019-11-14 23:30:56.660DEBUG- Loading template for "exception-view/exception-view.ftl"("en", UTF-8, parsed) from "jar:file:/C:/Users/cs8286/.m2/repository/com/aventstack/extentreports/3.1.2/extentreports-3.1.2.jar!/com/aventstack/extentreports/view/html-report/exception-view/exception-view.ftl"
2019-11-14 23:30:56.665DEBUG- Couldn't find template in cache for "dashboard-view/dashboard-view.ftl"("en", UTF-8, parsed); will try to load it.
2019-11-14 23:30:56.667DEBUG- TemplateLoader.findTemplateSource("dashboard-view/dashboard-view_en.ftl"): Not found
2019-11-14 23:30:56.668DEBUG- TemplateLoader.findTemplateSource("dashboard-view/dashboard-view.ftl"): Found
2019-11-14 23:30:56.668DEBUG- Loading template for "dashboard-view/dashboard-view.ftl"("en", UTF-8, parsed) from "jar:file:/C:/Users/cs8286/.m2/repository/com/aventstack/extentreports/3.1.2/extentreports-3.1.2.jar!/com/aventstack/extentreports/view/html-report/dashboard-view/dashboard-view.ftl"
2019-11-14 23:30:56.674DEBUG- Couldn't find template in cache for "logs-view/testrunner-logs-view.ftl"("en", UTF-8, parsed); will try to load it.
2019-11-14 23:30:56.675DEBUG- TemplateLoader.findTemplateSource("logs-view/testrunner-logs-view_en.ftl"): Not found
2019-11-14 23:30:56.675DEBUG- TemplateLoader.findTemplateSource("logs-view/testrunner-logs-view.ftl"): Found
2019-11-14 23:30:56.676DEBUG- Loading template for "logs-view/testrunner-logs-view.ftl"("en", UTF-8, parsed) from "jar:file:/C:/Users/cs8286/.m2/repository/com/aventstack/extentreports/3.1.2/extentreports-3.1.2.jar!/com/aventstack/extentreports/view/html-report/logs-view/testrunner-logs-view.ftl"
2019-11-14 23:31:02.829INFO - attaching html report to the xray issue ...
2019-11-14 23:31:02.834INFO - Last Test Report Folder: .\Reports\Thu Nov 14 23_29_18 CET 2019
2019-11-14 23:31:02.835INFO - Zipping files ...
2019-11-14 23:31:02.868INFO - Files zipped successfully
2019-11-14 23:31:04.478INFO - 
2019-11-14 23:31:04.480INFO - Response:
2019-11-14 23:31:04.480INFO - Content-Type: Content-Type: application/json;charset=UTF-8
2019-11-14 23:31:04.480INFO - Content-Length: null
2019-11-14 23:31:04.481INFO - Status : 200
2019-11-14 23:31:04.481INFO - Content: [{"self":"https://t-jira-consorsbank.is.echonet/rest/api/2/attachment/25314","id":"25314","filename":"TestReport_Thu_Nov_14_23_29_18_CET_2019.zip","author":{"self":"https://t-jira-consorsbank.is.echonet/rest/api/2/user?username=CS8286","name":"CS8286","key":"cs8286","emailAddress":"Jithin.MuhammedIllyasJameelaB@consorsbank.de","avatarUrls":{"48x48":"https://t-jira-consorsbank.is.echonet/secure/useravatar?avatarId=10172","24x24":"https://t-jira-consorsbank.is.echonet/secure/useravatar?size=small&avatarId=10172","16x16":"https://t-jira-consorsbank.is.echonet/secure/useravatar?size=xsmall&avatarId=10172","32x32":"https://t-jira-consorsbank.is.echonet/secure/useravatar?size=medium&avatarId=10172"},"displayName":"Muhammed Illyas Jameela B Jithin","active":true,"timeZone":"Europe/Berlin"},"created":"2019-11-14T23:31:04.000+0100","size":369728,"mimeType":"application/zip","content":"https://t-jira-consorsbank.is.echonet/secure/attachment/25314/TestReport_Thu_Nov_14_23_29_18_CET_2019.zip"}]
