2019-11-20 16:42:28.466INFO - Log configuration done. Log Dir:.\Logs
2019-11-20 16:42:28.942INFO - Test Start Time: 2019-11-20T16:42:28+01:00
2019-11-20 16:43:15.435INFO - saving results to Xray ...
2019-11-20 16:43:15.601INFO - ***********************************************************
2019-11-20 16:43:15.603INFO - Request:
2019-11-20 16:43:15.603INFO - POST https://t-jira-consorsbank.is.echonet/rest/raven/1.0/import/execution
2019-11-20 16:43:15.603INFO - HOST: t-jira-consorsbank.is.echonet
2019-11-20 16:43:15.603INFO - Content-Type: Content-type: application/json
2019-11-20 16:43:15.603INFO - Content-Length: null
2019-11-20 16:43:15.968INFO - 
2019-11-20 16:43:15.968INFO - Response:
2019-11-20 16:43:15.968INFO - Content-Type: Content-Type: application/json;charset=UTF-8
2019-11-20 16:43:15.968INFO - Content-Length: null
2019-11-20 16:43:15.968INFO - Status : 200
2019-11-20 16:43:15.968INFO - Content: {"testExecIssue":{"id":"238585","key":"TA-69","self":"https://t-jira-consorsbank.is.echonet/rest/api/2/issue/238585"}}
2019-11-20 16:43:17.383DEBUG- Couldn't find template in cache for "index.ftl"("en", UTF-8, parsed); will try to load it.
2019-11-20 16:43:17.383DEBUG- TemplateLoader.findTemplateSource("index_en.ftl"): Not found
2019-11-20 16:43:17.384DEBUG- TemplateLoader.findTemplateSource("index.ftl"): Found
2019-11-20 16:43:17.386DEBUG- Loading template for "index.ftl"("en", UTF-8, parsed) from "jar:file:/C:/Users/cs8286/.m2/repository/com/aventstack/extentreports/3.1.2/extentreports-3.1.2.jar!/com/aventstack/extentreports/view/html-report/index.ftl"
2019-11-20 16:43:17.641DEBUG- Couldn't find template in cache for "head.ftl"("en", UTF-8, parsed); will try to load it.
2019-11-20 16:43:17.641DEBUG- TemplateLoader.findTemplateSource("head_en.ftl"): Not found
2019-11-20 16:43:17.644DEBUG- TemplateLoader.findTemplateSource("head.ftl"): Found
2019-11-20 16:43:17.644DEBUG- Loading template for "head.ftl"("en", UTF-8, parsed) from "jar:file:/C:/Users/cs8286/.m2/repository/com/aventstack/extentreports/3.1.2/extentreports-3.1.2.jar!/com/aventstack/extentreports/view/html-report/head.ftl"
2019-11-20 16:43:17.651DEBUG- Couldn't find template in cache for "nav.ftl"("en", UTF-8, parsed); will try to load it.
2019-11-20 16:43:17.654DEBUG- TemplateLoader.findTemplateSource("nav_en.ftl"): Not found
2019-11-20 16:43:17.654DEBUG- TemplateLoader.findTemplateSource("nav.ftl"): Found
2019-11-20 16:43:17.654DEBUG- Loading template for "nav.ftl"("en", UTF-8, parsed) from "jar:file:/C:/Users/cs8286/.m2/repository/com/aventstack/extentreports/3.1.2/extentreports-3.1.2.jar!/com/aventstack/extentreports/view/html-report/nav.ftl"
2019-11-20 16:43:17.667DEBUG- Couldn't find template in cache for "test-view/test-view.ftl"("en", UTF-8, parsed); will try to load it.
2019-11-20 16:43:17.675DEBUG- TemplateLoader.findTemplateSource("test-view/test-view_en.ftl"): Not found
2019-11-20 16:43:17.676DEBUG- TemplateLoader.findTemplateSource("test-view/test-view.ftl"): Found
2019-11-20 16:43:17.676DEBUG- Loading template for "test-view/test-view.ftl"("en", UTF-8, parsed) from "jar:file:/C:/Users/cs8286/.m2/repository/com/aventstack/extentreports/3.1.2/extentreports-3.1.2.jar!/com/aventstack/extentreports/view/html-report/test-view/test-view.ftl"
2019-11-20 16:43:17.697DEBUG- Couldn't find template in cache for "test-view/test-view-charts.ftl"("en", UTF-8, parsed); will try to load it.
2019-11-20 16:43:17.698DEBUG- TemplateLoader.findTemplateSource("test-view/test-view-charts_en.ftl"): Not found
2019-11-20 16:43:17.698DEBUG- TemplateLoader.findTemplateSource("test-view/test-view-charts.ftl"): Found
2019-11-20 16:43:17.699DEBUG- Loading template for "test-view/test-view-charts.ftl"("en", UTF-8, parsed) from "jar:file:/C:/Users/cs8286/.m2/repository/com/aventstack/extentreports/3.1.2/extentreports-3.1.2.jar!/com/aventstack/extentreports/view/html-report/test-view/test-view-charts.ftl"
2019-11-20 16:43:17.740DEBUG- Couldn't find template in cache for "test-view/standard.ftl"("en", UTF-8, parsed); will try to load it.
2019-11-20 16:43:17.753DEBUG- TemplateLoader.findTemplateSource("test-view/standard_en.ftl"): Not found
2019-11-20 16:43:17.754DEBUG- TemplateLoader.findTemplateSource("test-view/standard.ftl"): Found
2019-11-20 16:43:17.754DEBUG- Loading template for "test-view/standard.ftl"("en", UTF-8, parsed) from "jar:file:/C:/Users/cs8286/.m2/repository/com/aventstack/extentreports/3.1.2/extentreports-3.1.2.jar!/com/aventstack/extentreports/view/html-report/test-view/standard.ftl"
2019-11-20 16:43:17.822DEBUG- Couldn't find template in cache for "category-view/category-view.ftl"("en", UTF-8, parsed); will try to load it.
2019-11-20 16:43:17.823DEBUG- TemplateLoader.findTemplateSource("category-view/category-view_en.ftl"): Not found
2019-11-20 16:43:17.823DEBUG- TemplateLoader.findTemplateSource("category-view/category-view.ftl"): Found
2019-11-20 16:43:17.823DEBUG- Loading template for "category-view/category-view.ftl"("en", UTF-8, parsed) from "jar:file:/C:/Users/cs8286/.m2/repository/com/aventstack/extentreports/3.1.2/extentreports-3.1.2.jar!/com/aventstack/extentreports/view/html-report/category-view/category-view.ftl"
2019-11-20 16:43:17.837DEBUG- Couldn't find template in cache for "author-view/author-view.ftl"("en", UTF-8, parsed); will try to load it.
2019-11-20 16:43:17.838DEBUG- TemplateLoader.findTemplateSource("author-view/author-view_en.ftl"): Not found
2019-11-20 16:43:17.839DEBUG- TemplateLoader.findTemplateSource("author-view/author-view.ftl"): Found
2019-11-20 16:43:17.841DEBUG- Loading template for "author-view/author-view.ftl"("en", UTF-8, parsed) from "jar:file:/C:/Users/cs8286/.m2/repository/com/aventstack/extentreports/3.1.2/extentreports-3.1.2.jar!/com/aventstack/extentreports/view/html-report/author-view/author-view.ftl"
2019-11-20 16:43:17.848DEBUG- Couldn't find template in cache for "exception-view/exception-view.ftl"("en", UTF-8, parsed); will try to load it.
2019-11-20 16:43:17.851DEBUG- TemplateLoader.findTemplateSource("exception-view/exception-view_en.ftl"): Not found
2019-11-20 16:43:17.852DEBUG- TemplateLoader.findTemplateSource("exception-view/exception-view.ftl"): Found
2019-11-20 16:43:17.852DEBUG- Loading template for "exception-view/exception-view.ftl"("en", UTF-8, parsed) from "jar:file:/C:/Users/cs8286/.m2/repository/com/aventstack/extentreports/3.1.2/extentreports-3.1.2.jar!/com/aventstack/extentreports/view/html-report/exception-view/exception-view.ftl"
2019-11-20 16:43:17.860DEBUG- Couldn't find template in cache for "dashboard-view/dashboard-view.ftl"("en", UTF-8, parsed); will try to load it.
2019-11-20 16:43:17.861DEBUG- TemplateLoader.findTemplateSource("dashboard-view/dashboard-view_en.ftl"): Not found
2019-11-20 16:43:17.862DEBUG- TemplateLoader.findTemplateSource("dashboard-view/dashboard-view.ftl"): Found
2019-11-20 16:43:17.863DEBUG- Loading template for "dashboard-view/dashboard-view.ftl"("en", UTF-8, parsed) from "jar:file:/C:/Users/cs8286/.m2/repository/com/aventstack/extentreports/3.1.2/extentreports-3.1.2.jar!/com/aventstack/extentreports/view/html-report/dashboard-view/dashboard-view.ftl"
2019-11-20 16:43:17.884DEBUG- Couldn't find template in cache for "logs-view/testrunner-logs-view.ftl"("en", UTF-8, parsed); will try to load it.
2019-11-20 16:43:17.887DEBUG- TemplateLoader.findTemplateSource("logs-view/testrunner-logs-view_en.ftl"): Not found
2019-11-20 16:43:17.889DEBUG- TemplateLoader.findTemplateSource("logs-view/testrunner-logs-view.ftl"): Found
2019-11-20 16:43:17.889DEBUG- Loading template for "logs-view/testrunner-logs-view.ftl"("en", UTF-8, parsed) from "jar:file:/C:/Users/cs8286/.m2/repository/com/aventstack/extentreports/3.1.2/extentreports-3.1.2.jar!/com/aventstack/extentreports/view/html-report/logs-view/testrunner-logs-view.ftl"
2019-11-20 16:43:26.593INFO - attaching html report to the xray issue ...
2019-11-20 16:43:26.594INFO - Last Test Report Folder: C:\Bitbucket\rta\module-report\module-report\module-report\bin\logger
2019-11-20 16:43:26.595INFO - Zipping files ...
2019-11-20 16:43:26.607INFO - Files zipped successfully
2019-11-20 16:43:27.085INFO - 
2019-11-20 16:43:27.085INFO - Response:
2019-11-20 16:43:27.085INFO - Content-Type: Content-Type: application/json;charset=UTF-8
2019-11-20 16:43:27.085INFO - Content-Length: null
2019-11-20 16:43:27.085INFO - Status : 200
2019-11-20 16:43:27.085INFO - Content: [{"self":"https://t-jira-consorsbank.is.echonet/rest/api/2/attachment/25468","id":"25468","filename":"TestReport_logger.zip","author":{"self":"https://t-jira-consorsbank.is.echonet/rest/api/2/user?username=CS8286","name":"CS8286","key":"cs8286","emailAddress":"Jithin.MuhammedIllyasJameelaB@consorsbank.de","avatarUrls":{"48x48":"https://t-jira-consorsbank.is.echonet/secure/useravatar?avatarId=10172","24x24":"https://t-jira-consorsbank.is.echonet/secure/useravatar?size=small&avatarId=10172","16x16":"https://t-jira-consorsbank.is.echonet/secure/useravatar?size=xsmall&avatarId=10172","32x32":"https://t-jira-consorsbank.is.echonet/secure/useravatar?size=medium&avatarId=10172"},"displayName":"Muhammed Illyas Jameela B Jithin","active":true,"timeZone":"Europe/Berlin"},"created":"2019-11-20T16:43:26.000+0100","size":5198,"mimeType":"application/zip","content":"https://t-jira-consorsbank.is.echonet/secure/attachment/25468/TestReport_logger.zip"}]
