2019-11-20 13:12:21.722INFO - Log configuration done. Log Dir:.\Logs
2019-11-20 13:12:22.069INFO - Test Start Time: 2019-11-20T13:12:22+01:00
2019-11-20 13:13:56.128INFO - saving results to Xray ...
2019-11-20 13:13:56.294INFO - ***********************************************************
2019-11-20 13:13:56.294INFO - Request:
2019-11-20 13:13:56.294INFO - POST https://t-jira-consorsbank.is.echonet/rest/raven/1.0/import/execution
2019-11-20 13:13:56.294INFO - HOST: t-jira-consorsbank.is.echonet
2019-11-20 13:13:56.295INFO - Content-Type: Content-type: application/json
2019-11-20 13:13:56.295INFO - Content-Length: null
2019-11-20 13:13:56.769INFO - 
2019-11-20 13:13:56.769INFO - Response:
2019-11-20 13:13:56.770INFO - Content-Type: Content-Type: application/json;charset=UTF-8
2019-11-20 13:13:56.770INFO - Content-Length: null
2019-11-20 13:13:56.770INFO - Status : 400
2019-11-20 13:13:56.770INFO - Content: Test issue with key TA-163 not found.

2019-11-20 13:13:57.578DEBUG- Couldn't find template in cache for "index.ftl"("en", UTF-8, parsed); will try to load it.
2019-11-20 13:13:57.579DEBUG- TemplateLoader.findTemplateSource("index_en.ftl"): Not found
2019-11-20 13:13:57.582DEBUG- TemplateLoader.findTemplateSource("index.ftl"): Found
2019-11-20 13:13:57.582DEBUG- Loading template for "index.ftl"("en", UTF-8, parsed) from "jar:file:/C:/Users/cs8286/.m2/repository/com/aventstack/extentreports/3.1.2/extentreports-3.1.2.jar!/com/aventstack/extentreports/view/html-report/index.ftl"
2019-11-20 13:13:57.826DEBUG- Couldn't find template in cache for "head.ftl"("en", UTF-8, parsed); will try to load it.
2019-11-20 13:13:57.827DEBUG- TemplateLoader.findTemplateSource("head_en.ftl"): Not found
2019-11-20 13:13:57.828DEBUG- TemplateLoader.findTemplateSource("head.ftl"): Found
2019-11-20 13:13:57.828DEBUG- Loading template for "head.ftl"("en", UTF-8, parsed) from "jar:file:/C:/Users/cs8286/.m2/repository/com/aventstack/extentreports/3.1.2/extentreports-3.1.2.jar!/com/aventstack/extentreports/view/html-report/head.ftl"
2019-11-20 13:13:57.851DEBUG- Couldn't find template in cache for "nav.ftl"("en", UTF-8, parsed); will try to load it.
2019-11-20 13:13:57.852DEBUG- TemplateLoader.findTemplateSource("nav_en.ftl"): Not found
2019-11-20 13:13:57.852DEBUG- TemplateLoader.findTemplateSource("nav.ftl"): Found
2019-11-20 13:13:57.852DEBUG- Loading template for "nav.ftl"("en", UTF-8, parsed) from "jar:file:/C:/Users/cs8286/.m2/repository/com/aventstack/extentreports/3.1.2/extentreports-3.1.2.jar!/com/aventstack/extentreports/view/html-report/nav.ftl"
2019-11-20 13:13:57.863DEBUG- Couldn't find template in cache for "test-view/test-view.ftl"("en", UTF-8, parsed); will try to load it.
2019-11-20 13:13:57.867DEBUG- TemplateLoader.findTemplateSource("test-view/test-view_en.ftl"): Not found
2019-11-20 13:13:57.868DEBUG- TemplateLoader.findTemplateSource("test-view/test-view.ftl"): Found
2019-11-20 13:13:57.868DEBUG- Loading template for "test-view/test-view.ftl"("en", UTF-8, parsed) from "jar:file:/C:/Users/cs8286/.m2/repository/com/aventstack/extentreports/3.1.2/extentreports-3.1.2.jar!/com/aventstack/extentreports/view/html-report/test-view/test-view.ftl"
2019-11-20 13:13:57.881DEBUG- Couldn't find template in cache for "test-view/test-view-charts.ftl"("en", UTF-8, parsed); will try to load it.
2019-11-20 13:13:57.882DEBUG- TemplateLoader.findTemplateSource("test-view/test-view-charts_en.ftl"): Not found
2019-11-20 13:13:57.883DEBUG- TemplateLoader.findTemplateSource("test-view/test-view-charts.ftl"): Found
2019-11-20 13:13:57.883DEBUG- Loading template for "test-view/test-view-charts.ftl"("en", UTF-8, parsed) from "jar:file:/C:/Users/cs8286/.m2/repository/com/aventstack/extentreports/3.1.2/extentreports-3.1.2.jar!/com/aventstack/extentreports/view/html-report/test-view/test-view-charts.ftl"
2019-11-20 13:13:57.907DEBUG- Couldn't find template in cache for "test-view/standard.ftl"("en", UTF-8, parsed); will try to load it.
2019-11-20 13:13:57.908DEBUG- TemplateLoader.findTemplateSource("test-view/standard_en.ftl"): Not found
2019-11-20 13:13:57.909DEBUG- TemplateLoader.findTemplateSource("test-view/standard.ftl"): Found
2019-11-20 13:13:57.909DEBUG- Loading template for "test-view/standard.ftl"("en", UTF-8, parsed) from "jar:file:/C:/Users/cs8286/.m2/repository/com/aventstack/extentreports/3.1.2/extentreports-3.1.2.jar!/com/aventstack/extentreports/view/html-report/test-view/standard.ftl"
2019-11-20 13:13:57.934DEBUG- Couldn't find template in cache for "category-view/category-view.ftl"("en", UTF-8, parsed); will try to load it.
2019-11-20 13:13:57.935DEBUG- TemplateLoader.findTemplateSource("category-view/category-view_en.ftl"): Not found
2019-11-20 13:13:57.935DEBUG- TemplateLoader.findTemplateSource("category-view/category-view.ftl"): Found
2019-11-20 13:13:57.935DEBUG- Loading template for "category-view/category-view.ftl"("en", UTF-8, parsed) from "jar:file:/C:/Users/cs8286/.m2/repository/com/aventstack/extentreports/3.1.2/extentreports-3.1.2.jar!/com/aventstack/extentreports/view/html-report/category-view/category-view.ftl"
2019-11-20 13:13:57.940DEBUG- Couldn't find template in cache for "author-view/author-view.ftl"("en", UTF-8, parsed); will try to load it.
2019-11-20 13:13:57.941DEBUG- TemplateLoader.findTemplateSource("author-view/author-view_en.ftl"): Not found
2019-11-20 13:13:57.941DEBUG- TemplateLoader.findTemplateSource("author-view/author-view.ftl"): Found
2019-11-20 13:13:57.941DEBUG- Loading template for "author-view/author-view.ftl"("en", UTF-8, parsed) from "jar:file:/C:/Users/cs8286/.m2/repository/com/aventstack/extentreports/3.1.2/extentreports-3.1.2.jar!/com/aventstack/extentreports/view/html-report/author-view/author-view.ftl"
2019-11-20 13:13:57.947DEBUG- Couldn't find template in cache for "exception-view/exception-view.ftl"("en", UTF-8, parsed); will try to load it.
2019-11-20 13:13:57.948DEBUG- TemplateLoader.findTemplateSource("exception-view/exception-view_en.ftl"): Not found
2019-11-20 13:13:57.948DEBUG- TemplateLoader.findTemplateSource("exception-view/exception-view.ftl"): Found
2019-11-20 13:13:57.948DEBUG- Loading template for "exception-view/exception-view.ftl"("en", UTF-8, parsed) from "jar:file:/C:/Users/cs8286/.m2/repository/com/aventstack/extentreports/3.1.2/extentreports-3.1.2.jar!/com/aventstack/extentreports/view/html-report/exception-view/exception-view.ftl"
2019-11-20 13:13:57.954DEBUG- Couldn't find template in cache for "dashboard-view/dashboard-view.ftl"("en", UTF-8, parsed); will try to load it.
2019-11-20 13:13:57.954DEBUG- TemplateLoader.findTemplateSource("dashboard-view/dashboard-view_en.ftl"): Not found
2019-11-20 13:13:57.955DEBUG- TemplateLoader.findTemplateSource("dashboard-view/dashboard-view.ftl"): Found
2019-11-20 13:13:57.955DEBUG- Loading template for "dashboard-view/dashboard-view.ftl"("en", UTF-8, parsed) from "jar:file:/C:/Users/cs8286/.m2/repository/com/aventstack/extentreports/3.1.2/extentreports-3.1.2.jar!/com/aventstack/extentreports/view/html-report/dashboard-view/dashboard-view.ftl"
2019-11-20 13:13:57.960DEBUG- Couldn't find template in cache for "logs-view/testrunner-logs-view.ftl"("en", UTF-8, parsed); will try to load it.
2019-11-20 13:13:57.961DEBUG- TemplateLoader.findTemplateSource("logs-view/testrunner-logs-view_en.ftl"): Not found
2019-11-20 13:13:57.963DEBUG- TemplateLoader.findTemplateSource("logs-view/testrunner-logs-view.ftl"): Found
2019-11-20 13:13:57.963DEBUG- Loading template for "logs-view/testrunner-logs-view.ftl"("en", UTF-8, parsed) from "jar:file:/C:/Users/cs8286/.m2/repository/com/aventstack/extentreports/3.1.2/extentreports-3.1.2.jar!/com/aventstack/extentreports/view/html-report/logs-view/testrunner-logs-view.ftl"
2019-11-20 13:14:04.516INFO - attaching html report to the xray issue ...
2019-11-20 13:14:04.521INFO - Last Test Report Folder: .\Reports\Wed Nov 20 13_12_22 CET 2019
2019-11-20 13:14:04.522INFO - Zipping files ...
2019-11-20 13:14:04.586INFO - Files zipped successfully
2019-11-20 13:14:08.192INFO - 
2019-11-20 13:14:08.192INFO - Response:
2019-11-20 13:14:08.193INFO - Content-Type: Content-Type: application/json;charset=UTF-8
2019-11-20 13:14:08.193INFO - Content-Length: null
2019-11-20 13:14:08.193INFO - Status : 200
2019-11-20 13:14:08.193INFO - Content: [{"self":"https://t-jira-consorsbank.is.echonet/rest/api/2/attachment/25447","id":"25447","filename":"TestReport_Wed_Nov_20_13_12_22_CET_2019.zip","author":{"self":"https://t-jira-consorsbank.is.echonet/rest/api/2/user?username=CS8286","name":"CS8286","key":"cs8286","emailAddress":"Jithin.MuhammedIllyasJameelaB@consorsbank.de","avatarUrls":{"48x48":"https://t-jira-consorsbank.is.echonet/secure/useravatar?avatarId=10172","24x24":"https://t-jira-consorsbank.is.echonet/secure/useravatar?size=small&avatarId=10172","16x16":"https://t-jira-consorsbank.is.echonet/secure/useravatar?size=xsmall&avatarId=10172","32x32":"https://t-jira-consorsbank.is.echonet/secure/useravatar?size=medium&avatarId=10172"},"displayName":"Muhammed Illyas Jameela B Jithin","active":true,"timeZone":"Europe/Berlin"},"created":"2019-11-20T13:14:07.000+0100","size":882203,"mimeType":"application/zip","content":"https://t-jira-consorsbank.is.echonet/secure/attachment/25447/TestReport_Wed_Nov_20_13_12_22_CET_2019.zip"}]
