2019-11-19 21:53:17.052INFO - Log configuration done. Log Dir:.\Logs
2019-11-19 21:53:17.393INFO - Test Start Time: 2019-11-19T21:53:17+01:00
2019-11-19 21:54:53.248INFO - saving results to Xray ...
2019-11-19 21:54:53.430INFO - ***********************************************************
2019-11-19 21:54:53.431INFO - Request:
2019-11-19 21:54:53.431INFO - POST https://t-jira-consorsbank.is.echonet/rest/raven/1.0/import/execution
2019-11-19 21:54:53.431INFO - HOST: t-jira-consorsbank.is.echonet
2019-11-19 21:54:53.432INFO - Content-Type: Content-type: application/json
2019-11-19 21:54:53.432INFO - Content-Length: null
2019-11-19 21:54:54.036INFO - 
2019-11-19 21:54:54.037INFO - Response:
2019-11-19 21:54:54.037INFO - Content-Type: Content-Type: application/json;charset=UTF-8
2019-11-19 21:54:54.037INFO - Content-Length: null
2019-11-19 21:54:54.037INFO - Status : 400
2019-11-19 21:54:54.037INFO - Content: Test issue with key TA-163 not found.

2019-11-19 21:54:54.062DEBUG- Couldn't find template in cache for "index.ftl"("en", UTF-8, parsed); will try to load it.
2019-11-19 21:54:54.064DEBUG- TemplateLoader.findTemplateSource("index_en.ftl"): Not found
2019-11-19 21:54:54.068DEBUG- TemplateLoader.findTemplateSource("index.ftl"): Found
2019-11-19 21:54:54.069DEBUG- Loading template for "index.ftl"("en", UTF-8, parsed) from "jar:file:/C:/Users/cs8286/.m2/repository/com/aventstack/extentreports/3.1.2/extentreports-3.1.2.jar!/com/aventstack/extentreports/view/html-report/index.ftl"
2019-11-19 21:54:54.345DEBUG- Couldn't find template in cache for "head.ftl"("en", UTF-8, parsed); will try to load it.
2019-11-19 21:54:54.346DEBUG- TemplateLoader.findTemplateSource("head_en.ftl"): Not found
2019-11-19 21:54:54.347DEBUG- TemplateLoader.findTemplateSource("head.ftl"): Found
2019-11-19 21:54:54.347DEBUG- Loading template for "head.ftl"("en", UTF-8, parsed) from "jar:file:/C:/Users/cs8286/.m2/repository/com/aventstack/extentreports/3.1.2/extentreports-3.1.2.jar!/com/aventstack/extentreports/view/html-report/head.ftl"
2019-11-19 21:54:54.352DEBUG- Couldn't find template in cache for "nav.ftl"("en", UTF-8, parsed); will try to load it.
2019-11-19 21:54:54.352DEBUG- TemplateLoader.findTemplateSource("nav_en.ftl"): Not found
2019-11-19 21:54:54.353DEBUG- TemplateLoader.findTemplateSource("nav.ftl"): Found
2019-11-19 21:54:54.353DEBUG- Loading template for "nav.ftl"("en", UTF-8, parsed) from "jar:file:/C:/Users/cs8286/.m2/repository/com/aventstack/extentreports/3.1.2/extentreports-3.1.2.jar!/com/aventstack/extentreports/view/html-report/nav.ftl"
2019-11-19 21:54:54.362DEBUG- Couldn't find template in cache for "test-view/test-view.ftl"("en", UTF-8, parsed); will try to load it.
2019-11-19 21:54:54.362DEBUG- TemplateLoader.findTemplateSource("test-view/test-view_en.ftl"): Not found
2019-11-19 21:54:54.363DEBUG- TemplateLoader.findTemplateSource("test-view/test-view.ftl"): Found
2019-11-19 21:54:54.363DEBUG- Loading template for "test-view/test-view.ftl"("en", UTF-8, parsed) from "jar:file:/C:/Users/cs8286/.m2/repository/com/aventstack/extentreports/3.1.2/extentreports-3.1.2.jar!/com/aventstack/extentreports/view/html-report/test-view/test-view.ftl"
2019-11-19 21:54:54.374DEBUG- Couldn't find template in cache for "test-view/test-view-charts.ftl"("en", UTF-8, parsed); will try to load it.
2019-11-19 21:54:54.375DEBUG- TemplateLoader.findTemplateSource("test-view/test-view-charts_en.ftl"): Not found
2019-11-19 21:54:54.375DEBUG- TemplateLoader.findTemplateSource("test-view/test-view-charts.ftl"): Found
2019-11-19 21:54:54.376DEBUG- Loading template for "test-view/test-view-charts.ftl"("en", UTF-8, parsed) from "jar:file:/C:/Users/cs8286/.m2/repository/com/aventstack/extentreports/3.1.2/extentreports-3.1.2.jar!/com/aventstack/extentreports/view/html-report/test-view/test-view-charts.ftl"
2019-11-19 21:54:54.392DEBUG- Couldn't find template in cache for "test-view/standard.ftl"("en", UTF-8, parsed); will try to load it.
2019-11-19 21:54:54.393DEBUG- TemplateLoader.findTemplateSource("test-view/standard_en.ftl"): Not found
2019-11-19 21:54:54.393DEBUG- TemplateLoader.findTemplateSource("test-view/standard.ftl"): Found
2019-11-19 21:54:54.393DEBUG- Loading template for "test-view/standard.ftl"("en", UTF-8, parsed) from "jar:file:/C:/Users/cs8286/.m2/repository/com/aventstack/extentreports/3.1.2/extentreports-3.1.2.jar!/com/aventstack/extentreports/view/html-report/test-view/standard.ftl"
2019-11-19 21:54:54.422DEBUG- Couldn't find template in cache for "category-view/category-view.ftl"("en", UTF-8, parsed); will try to load it.
2019-11-19 21:54:54.422DEBUG- TemplateLoader.findTemplateSource("category-view/category-view_en.ftl"): Not found
2019-11-19 21:54:54.423DEBUG- TemplateLoader.findTemplateSource("category-view/category-view.ftl"): Found
2019-11-19 21:54:54.423DEBUG- Loading template for "category-view/category-view.ftl"("en", UTF-8, parsed) from "jar:file:/C:/Users/cs8286/.m2/repository/com/aventstack/extentreports/3.1.2/extentreports-3.1.2.jar!/com/aventstack/extentreports/view/html-report/category-view/category-view.ftl"
2019-11-19 21:54:54.427DEBUG- Couldn't find template in cache for "author-view/author-view.ftl"("en", UTF-8, parsed); will try to load it.
2019-11-19 21:54:54.428DEBUG- TemplateLoader.findTemplateSource("author-view/author-view_en.ftl"): Not found
2019-11-19 21:54:54.428DEBUG- TemplateLoader.findTemplateSource("author-view/author-view.ftl"): Found
2019-11-19 21:54:54.429DEBUG- Loading template for "author-view/author-view.ftl"("en", UTF-8, parsed) from "jar:file:/C:/Users/cs8286/.m2/repository/com/aventstack/extentreports/3.1.2/extentreports-3.1.2.jar!/com/aventstack/extentreports/view/html-report/author-view/author-view.ftl"
2019-11-19 21:54:54.434DEBUG- Couldn't find template in cache for "exception-view/exception-view.ftl"("en", UTF-8, parsed); will try to load it.
2019-11-19 21:54:54.434DEBUG- TemplateLoader.findTemplateSource("exception-view/exception-view_en.ftl"): Not found
2019-11-19 21:54:54.435DEBUG- TemplateLoader.findTemplateSource("exception-view/exception-view.ftl"): Found
2019-11-19 21:54:54.435DEBUG- Loading template for "exception-view/exception-view.ftl"("en", UTF-8, parsed) from "jar:file:/C:/Users/cs8286/.m2/repository/com/aventstack/extentreports/3.1.2/extentreports-3.1.2.jar!/com/aventstack/extentreports/view/html-report/exception-view/exception-view.ftl"
2019-11-19 21:54:54.439DEBUG- Couldn't find template in cache for "dashboard-view/dashboard-view.ftl"("en", UTF-8, parsed); will try to load it.
2019-11-19 21:54:54.439DEBUG- TemplateLoader.findTemplateSource("dashboard-view/dashboard-view_en.ftl"): Not found
2019-11-19 21:54:54.440DEBUG- TemplateLoader.findTemplateSource("dashboard-view/dashboard-view.ftl"): Found
2019-11-19 21:54:54.440DEBUG- Loading template for "dashboard-view/dashboard-view.ftl"("en", UTF-8, parsed) from "jar:file:/C:/Users/cs8286/.m2/repository/com/aventstack/extentreports/3.1.2/extentreports-3.1.2.jar!/com/aventstack/extentreports/view/html-report/dashboard-view/dashboard-view.ftl"
2019-11-19 21:54:54.446DEBUG- Couldn't find template in cache for "logs-view/testrunner-logs-view.ftl"("en", UTF-8, parsed); will try to load it.
2019-11-19 21:54:54.447DEBUG- TemplateLoader.findTemplateSource("logs-view/testrunner-logs-view_en.ftl"): Not found
2019-11-19 21:54:54.447DEBUG- TemplateLoader.findTemplateSource("logs-view/testrunner-logs-view.ftl"): Found
2019-11-19 21:54:54.447DEBUG- Loading template for "logs-view/testrunner-logs-view.ftl"("en", UTF-8, parsed) from "jar:file:/C:/Users/cs8286/.m2/repository/com/aventstack/extentreports/3.1.2/extentreports-3.1.2.jar!/com/aventstack/extentreports/view/html-report/logs-view/testrunner-logs-view.ftl"
2019-11-19 21:55:00.567INFO - attaching html report to the xray issue ...
2019-11-19 21:55:00.573INFO - Last Test Report Folder: .\Reports\Tue Nov 19 21_53_17 CET 2019
2019-11-19 21:55:00.574INFO - Zipping files ...
2019-11-19 21:55:00.605INFO - Files zipped successfully
2019-11-19 21:55:11.399INFO - 
2019-11-19 21:55:11.399INFO - Response:
2019-11-19 21:55:11.399INFO - Content-Type: Content-Type: application/json;charset=UTF-8
2019-11-19 21:55:11.400INFO - Content-Length: null
2019-11-19 21:55:11.400INFO - Status : 200
2019-11-19 21:55:11.400INFO - Content: [{"self":"https://t-jira-consorsbank.is.echonet/rest/api/2/attachment/25440","id":"25440","filename":"TestReport_Tue_Nov_19_21_53_17_CET_2019.zip","author":{"self":"https://t-jira-consorsbank.is.echonet/rest/api/2/user?username=CS8286","name":"CS8286","key":"cs8286","emailAddress":"Jithin.MuhammedIllyasJameelaB@consorsbank.de","avatarUrls":{"48x48":"https://t-jira-consorsbank.is.echonet/secure/useravatar?avatarId=10172","24x24":"https://t-jira-consorsbank.is.echonet/secure/useravatar?size=small&avatarId=10172","16x16":"https://t-jira-consorsbank.is.echonet/secure/useravatar?size=xsmall&avatarId=10172","32x32":"https://t-jira-consorsbank.is.echonet/secure/useravatar?size=medium&avatarId=10172"},"displayName":"Muhammed Illyas Jameela B Jithin","active":true,"timeZone":"Europe/Berlin"},"created":"2019-11-19T21:55:11.000+0100","size":340123,"mimeType":"application/zip","content":"https://t-jira-consorsbank.is.echonet/secure/attachment/25440/TestReport_Tue_Nov_19_21_53_17_CET_2019.zip"}]
