2019-11-19 21:18:22.084INFO - Log configuration done. Log Dir:.\Logs
2019-11-19 21:18:22.425INFO - Test Start Time: 2019-11-19T21:18:22+01:00
2019-11-19 21:19:16.149INFO - saving results to Xray ...
2019-11-19 21:19:16.325INFO - ***********************************************************
2019-11-19 21:19:16.325INFO - Request:
2019-11-19 21:19:16.325INFO - POST https://t-jira-consorsbank.is.echonet/rest/raven/1.0/import/execution
2019-11-19 21:19:16.326INFO - HOST: t-jira-consorsbank.is.echonet
2019-11-19 21:19:16.327INFO - Content-Type: Content-type: application/json
2019-11-19 21:19:16.327INFO - Content-Length: null
2019-11-19 21:19:17.015INFO - 
2019-11-19 21:19:17.015INFO - Response:
2019-11-19 21:19:17.015INFO - Content-Type: Content-Type: application/json;charset=UTF-8
2019-11-19 21:19:17.015INFO - Content-Length: null
2019-11-19 21:19:17.016INFO - Status : 400
2019-11-19 21:19:17.016INFO - Content: Test issue with key TA-163 not found.

2019-11-19 21:19:17.039DEBUG- Couldn't find template in cache for "index.ftl"("en", UTF-8, parsed); will try to load it.
2019-11-19 21:19:17.040DEBUG- TemplateLoader.findTemplateSource("index_en.ftl"): Not found
2019-11-19 21:19:17.042DEBUG- TemplateLoader.findTemplateSource("index.ftl"): Found
2019-11-19 21:19:17.043DEBUG- Loading template for "index.ftl"("en", UTF-8, parsed) from "jar:file:/C:/Users/cs8286/.m2/repository/com/aventstack/extentreports/3.1.2/extentreports-3.1.2.jar!/com/aventstack/extentreports/view/html-report/index.ftl"
2019-11-19 21:19:17.287DEBUG- Couldn't find template in cache for "head.ftl"("en", UTF-8, parsed); will try to load it.
2019-11-19 21:19:17.288DEBUG- TemplateLoader.findTemplateSource("head_en.ftl"): Not found
2019-11-19 21:19:17.289DEBUG- TemplateLoader.findTemplateSource("head.ftl"): Found
2019-11-19 21:19:17.289DEBUG- Loading template for "head.ftl"("en", UTF-8, parsed) from "jar:file:/C:/Users/cs8286/.m2/repository/com/aventstack/extentreports/3.1.2/extentreports-3.1.2.jar!/com/aventstack/extentreports/view/html-report/head.ftl"
2019-11-19 21:19:17.293DEBUG- Couldn't find template in cache for "nav.ftl"("en", UTF-8, parsed); will try to load it.
2019-11-19 21:19:17.294DEBUG- TemplateLoader.findTemplateSource("nav_en.ftl"): Not found
2019-11-19 21:19:17.295DEBUG- TemplateLoader.findTemplateSource("nav.ftl"): Found
2019-11-19 21:19:17.295DEBUG- Loading template for "nav.ftl"("en", UTF-8, parsed) from "jar:file:/C:/Users/cs8286/.m2/repository/com/aventstack/extentreports/3.1.2/extentreports-3.1.2.jar!/com/aventstack/extentreports/view/html-report/nav.ftl"
2019-11-19 21:19:17.304DEBUG- Couldn't find template in cache for "test-view/test-view.ftl"("en", UTF-8, parsed); will try to load it.
2019-11-19 21:19:17.305DEBUG- TemplateLoader.findTemplateSource("test-view/test-view_en.ftl"): Not found
2019-11-19 21:19:17.305DEBUG- TemplateLoader.findTemplateSource("test-view/test-view.ftl"): Found
2019-11-19 21:19:17.305DEBUG- Loading template for "test-view/test-view.ftl"("en", UTF-8, parsed) from "jar:file:/C:/Users/cs8286/.m2/repository/com/aventstack/extentreports/3.1.2/extentreports-3.1.2.jar!/com/aventstack/extentreports/view/html-report/test-view/test-view.ftl"
2019-11-19 21:19:17.316DEBUG- Couldn't find template in cache for "test-view/test-view-charts.ftl"("en", UTF-8, parsed); will try to load it.
2019-11-19 21:19:17.317DEBUG- TemplateLoader.findTemplateSource("test-view/test-view-charts_en.ftl"): Not found
2019-11-19 21:19:17.317DEBUG- TemplateLoader.findTemplateSource("test-view/test-view-charts.ftl"): Found
2019-11-19 21:19:17.317DEBUG- Loading template for "test-view/test-view-charts.ftl"("en", UTF-8, parsed) from "jar:file:/C:/Users/cs8286/.m2/repository/com/aventstack/extentreports/3.1.2/extentreports-3.1.2.jar!/com/aventstack/extentreports/view/html-report/test-view/test-view-charts.ftl"
2019-11-19 21:19:17.334DEBUG- Couldn't find template in cache for "test-view/standard.ftl"("en", UTF-8, parsed); will try to load it.
2019-11-19 21:19:17.335DEBUG- TemplateLoader.findTemplateSource("test-view/standard_en.ftl"): Not found
2019-11-19 21:19:17.336DEBUG- TemplateLoader.findTemplateSource("test-view/standard.ftl"): Found
2019-11-19 21:19:17.336DEBUG- Loading template for "test-view/standard.ftl"("en", UTF-8, parsed) from "jar:file:/C:/Users/cs8286/.m2/repository/com/aventstack/extentreports/3.1.2/extentreports-3.1.2.jar!/com/aventstack/extentreports/view/html-report/test-view/standard.ftl"
2019-11-19 21:19:17.358DEBUG- Couldn't find template in cache for "category-view/category-view.ftl"("en", UTF-8, parsed); will try to load it.
2019-11-19 21:19:17.358DEBUG- TemplateLoader.findTemplateSource("category-view/category-view_en.ftl"): Not found
2019-11-19 21:19:17.359DEBUG- TemplateLoader.findTemplateSource("category-view/category-view.ftl"): Found
2019-11-19 21:19:17.359DEBUG- Loading template for "category-view/category-view.ftl"("en", UTF-8, parsed) from "jar:file:/C:/Users/cs8286/.m2/repository/com/aventstack/extentreports/3.1.2/extentreports-3.1.2.jar!/com/aventstack/extentreports/view/html-report/category-view/category-view.ftl"
2019-11-19 21:19:17.365DEBUG- Couldn't find template in cache for "author-view/author-view.ftl"("en", UTF-8, parsed); will try to load it.
2019-11-19 21:19:17.366DEBUG- TemplateLoader.findTemplateSource("author-view/author-view_en.ftl"): Not found
2019-11-19 21:19:17.366DEBUG- TemplateLoader.findTemplateSource("author-view/author-view.ftl"): Found
2019-11-19 21:19:17.367DEBUG- Loading template for "author-view/author-view.ftl"("en", UTF-8, parsed) from "jar:file:/C:/Users/cs8286/.m2/repository/com/aventstack/extentreports/3.1.2/extentreports-3.1.2.jar!/com/aventstack/extentreports/view/html-report/author-view/author-view.ftl"
2019-11-19 21:19:17.371DEBUG- Couldn't find template in cache for "exception-view/exception-view.ftl"("en", UTF-8, parsed); will try to load it.
2019-11-19 21:19:17.372DEBUG- TemplateLoader.findTemplateSource("exception-view/exception-view_en.ftl"): Not found
2019-11-19 21:19:17.373DEBUG- TemplateLoader.findTemplateSource("exception-view/exception-view.ftl"): Found
2019-11-19 21:19:17.373DEBUG- Loading template for "exception-view/exception-view.ftl"("en", UTF-8, parsed) from "jar:file:/C:/Users/cs8286/.m2/repository/com/aventstack/extentreports/3.1.2/extentreports-3.1.2.jar!/com/aventstack/extentreports/view/html-report/exception-view/exception-view.ftl"
2019-11-19 21:19:17.377DEBUG- Couldn't find template in cache for "dashboard-view/dashboard-view.ftl"("en", UTF-8, parsed); will try to load it.
2019-11-19 21:19:17.377DEBUG- TemplateLoader.findTemplateSource("dashboard-view/dashboard-view_en.ftl"): Not found
2019-11-19 21:19:17.378DEBUG- TemplateLoader.findTemplateSource("dashboard-view/dashboard-view.ftl"): Found
2019-11-19 21:19:17.378DEBUG- Loading template for "dashboard-view/dashboard-view.ftl"("en", UTF-8, parsed) from "jar:file:/C:/Users/cs8286/.m2/repository/com/aventstack/extentreports/3.1.2/extentreports-3.1.2.jar!/com/aventstack/extentreports/view/html-report/dashboard-view/dashboard-view.ftl"
2019-11-19 21:19:17.383DEBUG- Couldn't find template in cache for "logs-view/testrunner-logs-view.ftl"("en", UTF-8, parsed); will try to load it.
2019-11-19 21:19:17.384DEBUG- TemplateLoader.findTemplateSource("logs-view/testrunner-logs-view_en.ftl"): Not found
2019-11-19 21:19:17.384DEBUG- TemplateLoader.findTemplateSource("logs-view/testrunner-logs-view.ftl"): Found
2019-11-19 21:19:17.385DEBUG- Loading template for "logs-view/testrunner-logs-view.ftl"("en", UTF-8, parsed) from "jar:file:/C:/Users/cs8286/.m2/repository/com/aventstack/extentreports/3.1.2/extentreports-3.1.2.jar!/com/aventstack/extentreports/view/html-report/logs-view/testrunner-logs-view.ftl"
2019-11-19 21:19:23.547INFO - attaching html report to the xray issue ...
2019-11-19 21:19:23.550INFO - Last Test Report Folder: .\Reports\Tue Nov 19 21_18_22 CET 2019
2019-11-19 21:19:23.551INFO - Zipping files ...
2019-11-19 21:19:23.557INFO - Files zipped successfully
2019-11-19 21:19:24.346INFO - 
2019-11-19 21:19:24.346INFO - Response:
2019-11-19 21:19:24.347INFO - Content-Type: Content-Type: application/json;charset=UTF-8
2019-11-19 21:19:24.347INFO - Content-Length: null
2019-11-19 21:19:24.347INFO - Status : 200
2019-11-19 21:19:24.347INFO - Content: [{"self":"https://t-jira-consorsbank.is.echonet/rest/api/2/attachment/25437","id":"25437","filename":"TestReport_Tue_Nov_19_21_18_22_CET_2019.zip","author":{"self":"https://t-jira-consorsbank.is.echonet/rest/api/2/user?username=CS8286","name":"CS8286","key":"cs8286","emailAddress":"Jithin.MuhammedIllyasJameelaB@consorsbank.de","avatarUrls":{"48x48":"https://t-jira-consorsbank.is.echonet/secure/useravatar?avatarId=10172","24x24":"https://t-jira-consorsbank.is.echonet/secure/useravatar?size=small&avatarId=10172","16x16":"https://t-jira-consorsbank.is.echonet/secure/useravatar?size=xsmall&avatarId=10172","32x32":"https://t-jira-consorsbank.is.echonet/secure/useravatar?size=medium&avatarId=10172"},"displayName":"Muhammed Illyas Jameela B Jithin","active":true,"timeZone":"Europe/Berlin"},"created":"2019-11-19T21:19:24.000+0100","size":3357,"mimeType":"application/zip","content":"https://t-jira-consorsbank.is.echonet/secure/attachment/25437/TestReport_Tue_Nov_19_21_18_22_CET_2019.zip"}]
