2019-11-20 14:36:15.354INFO - Log configuration done. Log Dir:.\Logs
2019-11-20 14:36:15.699INFO - Test Start Time: 2019-11-20T14:36:15+01:00
2019-11-20 14:37:46.519INFO - saving results to Xray ...
2019-11-20 14:37:46.685INFO - ***********************************************************
2019-11-20 14:37:46.686INFO - Request:
2019-11-20 14:37:46.692INFO - POST https://t-jira-consorsbank.is.echonet/rest/raven/1.0/import/execution
2019-11-20 14:37:46.692INFO - HOST: t-jira-consorsbank.is.echonet
2019-11-20 14:37:46.693INFO - Content-Type: Content-type: application/json
2019-11-20 14:37:46.693INFO - Content-Length: null
2019-11-20 14:37:47.124INFO - 
2019-11-20 14:37:47.124INFO - Response:
2019-11-20 14:37:47.124INFO - Content-Type: Content-Type: application/json;charset=UTF-8
2019-11-20 14:37:47.125INFO - Content-Length: null
2019-11-20 14:37:47.125INFO - Status : 200
2019-11-20 14:37:47.125INFO - Content: {"testExecIssue":{"id":"238585","key":"TA-69","self":"https://t-jira-consorsbank.is.echonet/rest/api/2/issue/238585"}}
2019-11-20 14:37:47.884DEBUG- Couldn't find template in cache for "index.ftl"("en", UTF-8, parsed); will try to load it.
2019-11-20 14:37:47.885DEBUG- TemplateLoader.findTemplateSource("index_en.ftl"): Not found
2019-11-20 14:37:47.887DEBUG- TemplateLoader.findTemplateSource("index.ftl"): Found
2019-11-20 14:37:47.887DEBUG- Loading template for "index.ftl"("en", UTF-8, parsed) from "jar:file:/C:/Users/cs8286/.m2/repository/com/aventstack/extentreports/3.1.2/extentreports-3.1.2.jar!/com/aventstack/extentreports/view/html-report/index.ftl"
2019-11-20 14:37:48.077DEBUG- Couldn't find template in cache for "head.ftl"("en", UTF-8, parsed); will try to load it.
2019-11-20 14:37:48.077DEBUG- TemplateLoader.findTemplateSource("head_en.ftl"): Not found
2019-11-20 14:37:48.078DEBUG- TemplateLoader.findTemplateSource("head.ftl"): Found
2019-11-20 14:37:48.078DEBUG- Loading template for "head.ftl"("en", UTF-8, parsed) from "jar:file:/C:/Users/cs8286/.m2/repository/com/aventstack/extentreports/3.1.2/extentreports-3.1.2.jar!/com/aventstack/extentreports/view/html-report/head.ftl"
2019-11-20 14:37:48.081DEBUG- Couldn't find template in cache for "nav.ftl"("en", UTF-8, parsed); will try to load it.
2019-11-20 14:37:48.081DEBUG- TemplateLoader.findTemplateSource("nav_en.ftl"): Not found
2019-11-20 14:37:48.082DEBUG- TemplateLoader.findTemplateSource("nav.ftl"): Found
2019-11-20 14:37:48.082DEBUG- Loading template for "nav.ftl"("en", UTF-8, parsed) from "jar:file:/C:/Users/cs8286/.m2/repository/com/aventstack/extentreports/3.1.2/extentreports-3.1.2.jar!/com/aventstack/extentreports/view/html-report/nav.ftl"
2019-11-20 14:37:48.095DEBUG- Couldn't find template in cache for "test-view/test-view.ftl"("en", UTF-8, parsed); will try to load it.
2019-11-20 14:37:48.100DEBUG- TemplateLoader.findTemplateSource("test-view/test-view_en.ftl"): Not found
2019-11-20 14:37:48.100DEBUG- TemplateLoader.findTemplateSource("test-view/test-view.ftl"): Found
2019-11-20 14:37:48.100DEBUG- Loading template for "test-view/test-view.ftl"("en", UTF-8, parsed) from "jar:file:/C:/Users/cs8286/.m2/repository/com/aventstack/extentreports/3.1.2/extentreports-3.1.2.jar!/com/aventstack/extentreports/view/html-report/test-view/test-view.ftl"
2019-11-20 14:37:48.111DEBUG- Couldn't find template in cache for "test-view/test-view-charts.ftl"("en", UTF-8, parsed); will try to load it.
2019-11-20 14:37:48.112DEBUG- TemplateLoader.findTemplateSource("test-view/test-view-charts_en.ftl"): Not found
2019-11-20 14:37:48.113DEBUG- TemplateLoader.findTemplateSource("test-view/test-view-charts.ftl"): Found
2019-11-20 14:37:48.113DEBUG- Loading template for "test-view/test-view-charts.ftl"("en", UTF-8, parsed) from "jar:file:/C:/Users/cs8286/.m2/repository/com/aventstack/extentreports/3.1.2/extentreports-3.1.2.jar!/com/aventstack/extentreports/view/html-report/test-view/test-view-charts.ftl"
2019-11-20 14:37:48.129DEBUG- Couldn't find template in cache for "test-view/standard.ftl"("en", UTF-8, parsed); will try to load it.
2019-11-20 14:37:48.130DEBUG- TemplateLoader.findTemplateSource("test-view/standard_en.ftl"): Not found
2019-11-20 14:37:48.130DEBUG- TemplateLoader.findTemplateSource("test-view/standard.ftl"): Found
2019-11-20 14:37:48.130DEBUG- Loading template for "test-view/standard.ftl"("en", UTF-8, parsed) from "jar:file:/C:/Users/cs8286/.m2/repository/com/aventstack/extentreports/3.1.2/extentreports-3.1.2.jar!/com/aventstack/extentreports/view/html-report/test-view/standard.ftl"
2019-11-20 14:37:48.151DEBUG- Couldn't find template in cache for "category-view/category-view.ftl"("en", UTF-8, parsed); will try to load it.
2019-11-20 14:37:48.152DEBUG- TemplateLoader.findTemplateSource("category-view/category-view_en.ftl"): Not found
2019-11-20 14:37:48.152DEBUG- TemplateLoader.findTemplateSource("category-view/category-view.ftl"): Found
2019-11-20 14:37:48.153DEBUG- Loading template for "category-view/category-view.ftl"("en", UTF-8, parsed) from "jar:file:/C:/Users/cs8286/.m2/repository/com/aventstack/extentreports/3.1.2/extentreports-3.1.2.jar!/com/aventstack/extentreports/view/html-report/category-view/category-view.ftl"
2019-11-20 14:37:48.156DEBUG- Couldn't find template in cache for "author-view/author-view.ftl"("en", UTF-8, parsed); will try to load it.
2019-11-20 14:37:48.157DEBUG- TemplateLoader.findTemplateSource("author-view/author-view_en.ftl"): Not found
2019-11-20 14:37:48.157DEBUG- TemplateLoader.findTemplateSource("author-view/author-view.ftl"): Found
2019-11-20 14:37:48.158DEBUG- Loading template for "author-view/author-view.ftl"("en", UTF-8, parsed) from "jar:file:/C:/Users/cs8286/.m2/repository/com/aventstack/extentreports/3.1.2/extentreports-3.1.2.jar!/com/aventstack/extentreports/view/html-report/author-view/author-view.ftl"
2019-11-20 14:37:48.165DEBUG- Couldn't find template in cache for "exception-view/exception-view.ftl"("en", UTF-8, parsed); will try to load it.
2019-11-20 14:37:48.166DEBUG- TemplateLoader.findTemplateSource("exception-view/exception-view_en.ftl"): Not found
2019-11-20 14:37:48.167DEBUG- TemplateLoader.findTemplateSource("exception-view/exception-view.ftl"): Found
2019-11-20 14:37:48.167DEBUG- Loading template for "exception-view/exception-view.ftl"("en", UTF-8, parsed) from "jar:file:/C:/Users/cs8286/.m2/repository/com/aventstack/extentreports/3.1.2/extentreports-3.1.2.jar!/com/aventstack/extentreports/view/html-report/exception-view/exception-view.ftl"
2019-11-20 14:37:48.170DEBUG- Couldn't find template in cache for "dashboard-view/dashboard-view.ftl"("en", UTF-8, parsed); will try to load it.
2019-11-20 14:37:48.171DEBUG- TemplateLoader.findTemplateSource("dashboard-view/dashboard-view_en.ftl"): Not found
2019-11-20 14:37:48.171DEBUG- TemplateLoader.findTemplateSource("dashboard-view/dashboard-view.ftl"): Found
2019-11-20 14:37:48.171DEBUG- Loading template for "dashboard-view/dashboard-view.ftl"("en", UTF-8, parsed) from "jar:file:/C:/Users/cs8286/.m2/repository/com/aventstack/extentreports/3.1.2/extentreports-3.1.2.jar!/com/aventstack/extentreports/view/html-report/dashboard-view/dashboard-view.ftl"
2019-11-20 14:37:48.176DEBUG- Couldn't find template in cache for "logs-view/testrunner-logs-view.ftl"("en", UTF-8, parsed); will try to load it.
2019-11-20 14:37:48.177DEBUG- TemplateLoader.findTemplateSource("logs-view/testrunner-logs-view_en.ftl"): Not found
2019-11-20 14:37:48.177DEBUG- TemplateLoader.findTemplateSource("logs-view/testrunner-logs-view.ftl"): Found
2019-11-20 14:37:48.178DEBUG- Loading template for "logs-view/testrunner-logs-view.ftl"("en", UTF-8, parsed) from "jar:file:/C:/Users/cs8286/.m2/repository/com/aventstack/extentreports/3.1.2/extentreports-3.1.2.jar!/com/aventstack/extentreports/view/html-report/logs-view/testrunner-logs-view.ftl"
2019-11-20 14:37:54.265INFO - attaching html report to the xray issue ...
