2019-11-15 16:23:48.147INFO - Log configuration done. Log Dir:.\Logs
2019-11-15 16:23:48.578INFO - Test Start Time: 2019-11-15T16:23:48+01:00
2019-11-15 16:25:14.150INFO - saving results to Xray ...
2019-11-15 16:25:14.340INFO - ***********************************************************
2019-11-15 16:25:14.340INFO - Request:
2019-11-15 16:25:14.340INFO - POST https://t-jira-consorsbank.is.echonet/rest/raven/1.0/import/execution
2019-11-15 16:25:14.340INFO - HOST: t-jira-consorsbank.is.echonet
2019-11-15 16:25:14.342INFO - Content-Type: Content-type: application/json
2019-11-15 16:25:14.342INFO - Content-Length: null
2019-11-15 16:25:14.769INFO - 
2019-11-15 16:25:14.769INFO - Response:
2019-11-15 16:25:14.769INFO - Content-Type: Content-Type: application/json;charset=UTF-8
2019-11-15 16:25:14.769INFO - Content-Length: null
2019-11-15 16:25:14.769INFO - Status : 200
2019-11-15 16:25:14.769INFO - Content: {"testExecIssue":{"id":"238585","key":"TA-69","self":"https://t-jira-consorsbank.is.echonet/rest/api/2/issue/238585"}}
2019-11-15 16:25:15.257DEBUG- Couldn't find template in cache for "index.ftl"("en", UTF-8, parsed); will try to load it.
2019-11-15 16:25:15.257DEBUG- TemplateLoader.findTemplateSource("index_en.ftl"): Not found
2019-11-15 16:25:15.258DEBUG- TemplateLoader.findTemplateSource("index.ftl"): Found
2019-11-15 16:25:15.259DEBUG- Loading template for "index.ftl"("en", UTF-8, parsed) from "jar:file:/C:/Users/cs8286/.m2/repository/com/aventstack/extentreports/3.1.2/extentreports-3.1.2.jar!/com/aventstack/extentreports/view/html-report/index.ftl"
2019-11-15 16:25:15.530DEBUG- Couldn't find template in cache for "head.ftl"("en", UTF-8, parsed); will try to load it.
2019-11-15 16:25:15.530DEBUG- TemplateLoader.findTemplateSource("head_en.ftl"): Not found
2019-11-15 16:25:15.530DEBUG- TemplateLoader.findTemplateSource("head.ftl"): Found
2019-11-15 16:25:15.530DEBUG- Loading template for "head.ftl"("en", UTF-8, parsed) from "jar:file:/C:/Users/cs8286/.m2/repository/com/aventstack/extentreports/3.1.2/extentreports-3.1.2.jar!/com/aventstack/extentreports/view/html-report/head.ftl"
2019-11-15 16:25:15.540DEBUG- Couldn't find template in cache for "nav.ftl"("en", UTF-8, parsed); will try to load it.
2019-11-15 16:25:15.540DEBUG- TemplateLoader.findTemplateSource("nav_en.ftl"): Not found
2019-11-15 16:25:15.540DEBUG- TemplateLoader.findTemplateSource("nav.ftl"): Found
2019-11-15 16:25:15.540DEBUG- Loading template for "nav.ftl"("en", UTF-8, parsed) from "jar:file:/C:/Users/cs8286/.m2/repository/com/aventstack/extentreports/3.1.2/extentreports-3.1.2.jar!/com/aventstack/extentreports/view/html-report/nav.ftl"
2019-11-15 16:25:15.540DEBUG- Couldn't find template in cache for "test-view/test-view.ftl"("en", UTF-8, parsed); will try to load it.
2019-11-15 16:25:15.550DEBUG- TemplateLoader.findTemplateSource("test-view/test-view_en.ftl"): Not found
2019-11-15 16:25:15.550DEBUG- TemplateLoader.findTemplateSource("test-view/test-view.ftl"): Found
2019-11-15 16:25:15.550DEBUG- Loading template for "test-view/test-view.ftl"("en", UTF-8, parsed) from "jar:file:/C:/Users/cs8286/.m2/repository/com/aventstack/extentreports/3.1.2/extentreports-3.1.2.jar!/com/aventstack/extentreports/view/html-report/test-view/test-view.ftl"
2019-11-15 16:25:15.560DEBUG- Couldn't find template in cache for "test-view/test-view-charts.ftl"("en", UTF-8, parsed); will try to load it.
2019-11-15 16:25:15.560DEBUG- TemplateLoader.findTemplateSource("test-view/test-view-charts_en.ftl"): Not found
2019-11-15 16:25:15.560DEBUG- TemplateLoader.findTemplateSource("test-view/test-view-charts.ftl"): Found
2019-11-15 16:25:15.560DEBUG- Loading template for "test-view/test-view-charts.ftl"("en", UTF-8, parsed) from "jar:file:/C:/Users/cs8286/.m2/repository/com/aventstack/extentreports/3.1.2/extentreports-3.1.2.jar!/com/aventstack/extentreports/view/html-report/test-view/test-view-charts.ftl"
2019-11-15 16:25:15.581DEBUG- Couldn't find template in cache for "test-view/standard.ftl"("en", UTF-8, parsed); will try to load it.
2019-11-15 16:25:15.581DEBUG- TemplateLoader.findTemplateSource("test-view/standard_en.ftl"): Not found
2019-11-15 16:25:15.582DEBUG- TemplateLoader.findTemplateSource("test-view/standard.ftl"): Found
2019-11-15 16:25:15.582DEBUG- Loading template for "test-view/standard.ftl"("en", UTF-8, parsed) from "jar:file:/C:/Users/cs8286/.m2/repository/com/aventstack/extentreports/3.1.2/extentreports-3.1.2.jar!/com/aventstack/extentreports/view/html-report/test-view/standard.ftl"
2019-11-15 16:25:15.612DEBUG- Couldn't find template in cache for "category-view/category-view.ftl"("en", UTF-8, parsed); will try to load it.
2019-11-15 16:25:15.612DEBUG- TemplateLoader.findTemplateSource("category-view/category-view_en.ftl"): Not found
2019-11-15 16:25:15.622DEBUG- TemplateLoader.findTemplateSource("category-view/category-view.ftl"): Found
2019-11-15 16:25:15.622DEBUG- Loading template for "category-view/category-view.ftl"("en", UTF-8, parsed) from "jar:file:/C:/Users/cs8286/.m2/repository/com/aventstack/extentreports/3.1.2/extentreports-3.1.2.jar!/com/aventstack/extentreports/view/html-report/category-view/category-view.ftl"
2019-11-15 16:25:15.622DEBUG- Couldn't find template in cache for "author-view/author-view.ftl"("en", UTF-8, parsed); will try to load it.
2019-11-15 16:25:15.622DEBUG- TemplateLoader.findTemplateSource("author-view/author-view_en.ftl"): Not found
2019-11-15 16:25:15.622DEBUG- TemplateLoader.findTemplateSource("author-view/author-view.ftl"): Found
2019-11-15 16:25:15.622DEBUG- Loading template for "author-view/author-view.ftl"("en", UTF-8, parsed) from "jar:file:/C:/Users/cs8286/.m2/repository/com/aventstack/extentreports/3.1.2/extentreports-3.1.2.jar!/com/aventstack/extentreports/view/html-report/author-view/author-view.ftl"
2019-11-15 16:25:15.632DEBUG- Couldn't find template in cache for "exception-view/exception-view.ftl"("en", UTF-8, parsed); will try to load it.
2019-11-15 16:25:15.632DEBUG- TemplateLoader.findTemplateSource("exception-view/exception-view_en.ftl"): Not found
2019-11-15 16:25:15.632DEBUG- TemplateLoader.findTemplateSource("exception-view/exception-view.ftl"): Found
2019-11-15 16:25:15.632DEBUG- Loading template for "exception-view/exception-view.ftl"("en", UTF-8, parsed) from "jar:file:/C:/Users/cs8286/.m2/repository/com/aventstack/extentreports/3.1.2/extentreports-3.1.2.jar!/com/aventstack/extentreports/view/html-report/exception-view/exception-view.ftl"
2019-11-15 16:25:15.632DEBUG- Couldn't find template in cache for "dashboard-view/dashboard-view.ftl"("en", UTF-8, parsed); will try to load it.
2019-11-15 16:25:15.632DEBUG- TemplateLoader.findTemplateSource("dashboard-view/dashboard-view_en.ftl"): Not found
2019-11-15 16:25:15.632DEBUG- TemplateLoader.findTemplateSource("dashboard-view/dashboard-view.ftl"): Found
2019-11-15 16:25:15.632DEBUG- Loading template for "dashboard-view/dashboard-view.ftl"("en", UTF-8, parsed) from "jar:file:/C:/Users/cs8286/.m2/repository/com/aventstack/extentreports/3.1.2/extentreports-3.1.2.jar!/com/aventstack/extentreports/view/html-report/dashboard-view/dashboard-view.ftl"
2019-11-15 16:25:15.642DEBUG- Couldn't find template in cache for "logs-view/testrunner-logs-view.ftl"("en", UTF-8, parsed); will try to load it.
2019-11-15 16:25:15.642DEBUG- TemplateLoader.findTemplateSource("logs-view/testrunner-logs-view_en.ftl"): Not found
2019-11-15 16:25:15.642DEBUG- TemplateLoader.findTemplateSource("logs-view/testrunner-logs-view.ftl"): Found
2019-11-15 16:25:15.642DEBUG- Loading template for "logs-view/testrunner-logs-view.ftl"("en", UTF-8, parsed) from "jar:file:/C:/Users/cs8286/.m2/repository/com/aventstack/extentreports/3.1.2/extentreports-3.1.2.jar!/com/aventstack/extentreports/view/html-report/logs-view/testrunner-logs-view.ftl"
2019-11-15 16:25:21.665INFO - attaching html report to the xray issue ...
2019-11-15 16:25:21.671INFO - Last Test Report Folder: .\Reports\Fri Nov 15 16_23_48 CET 2019
2019-11-15 16:25:21.671INFO - Zipping files ...
2019-11-15 16:25:21.706INFO - Files zipped successfully
2019-11-15 16:25:22.304INFO - 
2019-11-15 16:25:22.306INFO - Response:
2019-11-15 16:25:22.306INFO - Content-Type: Content-Type: application/json;charset=UTF-8
2019-11-15 16:25:22.306INFO - Content-Length: null
2019-11-15 16:25:22.306INFO - Status : 200
2019-11-15 16:25:22.306INFO - Content: [{"self":"https://t-jira-consorsbank.is.echonet/rest/api/2/attachment/25401","id":"25401","filename":"TestReport_Fri_Nov_15_16_23_48_CET_2019.zip","author":{"self":"https://t-jira-consorsbank.is.echonet/rest/api/2/user?username=CS8286","name":"CS8286","key":"cs8286","emailAddress":"Jithin.MuhammedIllyasJameelaB@consorsbank.de","avatarUrls":{"48x48":"https://t-jira-consorsbank.is.echonet/secure/useravatar?avatarId=10172","24x24":"https://t-jira-consorsbank.is.echonet/secure/useravatar?size=small&avatarId=10172","16x16":"https://t-jira-consorsbank.is.echonet/secure/useravatar?size=xsmall&avatarId=10172","32x32":"https://t-jira-consorsbank.is.echonet/secure/useravatar?size=medium&avatarId=10172"},"displayName":"Muhammed Illyas Jameela B Jithin","active":true,"timeZone":"Europe/Berlin"},"created":"2019-11-15T16:25:21.000+0100","size":367434,"mimeType":"application/zip","content":"https://t-jira-consorsbank.is.echonet/secure/attachment/25401/TestReport_Fri_Nov_15_16_23_48_CET_2019.zip"}]
