2019-11-15 17:25:14.609INFO - Log configuration done. Log Dir:.\Logs
2019-11-15 17:25:14.982INFO - Test Start Time: 2019-11-15T17:25:14+01:00
2019-11-15 17:26:46.490INFO - saving results to Xray ...
2019-11-15 17:26:46.667INFO - ***********************************************************
2019-11-15 17:26:46.668INFO - Request:
2019-11-15 17:26:46.670INFO - POST https://t-jira-consorsbank.is.echonet/rest/raven/1.0/import/execution
2019-11-15 17:26:46.670INFO - HOST: t-jira-consorsbank.is.echonet
2019-11-15 17:26:46.671INFO - Content-Type: Content-type: application/json
2019-11-15 17:26:46.671INFO - Content-Length: null
2019-11-15 17:26:47.067INFO - 
2019-11-15 17:26:47.067INFO - Response:
2019-11-15 17:26:47.067INFO - Content-Type: Content-Type: application/json;charset=UTF-8
2019-11-15 17:26:47.067INFO - Content-Length: null
2019-11-15 17:26:47.067INFO - Status : 200
2019-11-15 17:26:47.067INFO - Content: {"testExecIssue":{"id":"238585","key":"TA-69","self":"https://t-jira-consorsbank.is.echonet/rest/api/2/issue/238585"}}
2019-11-15 17:26:47.908DEBUG- Couldn't find template in cache for "index.ftl"("en", UTF-8, parsed); will try to load it.
2019-11-15 17:26:47.909DEBUG- TemplateLoader.findTemplateSource("index_en.ftl"): Not found
2019-11-15 17:26:47.911DEBUG- TemplateLoader.findTemplateSource("index.ftl"): Found
2019-11-15 17:26:47.912DEBUG- Loading template for "index.ftl"("en", UTF-8, parsed) from "jar:file:/C:/Users/cs8286/.m2/repository/com/aventstack/extentreports/3.1.2/extentreports-3.1.2.jar!/com/aventstack/extentreports/view/html-report/index.ftl"
2019-11-15 17:26:48.112DEBUG- Couldn't find template in cache for "head.ftl"("en", UTF-8, parsed); will try to load it.
2019-11-15 17:26:48.113DEBUG- TemplateLoader.findTemplateSource("head_en.ftl"): Not found
2019-11-15 17:26:48.113DEBUG- TemplateLoader.findTemplateSource("head.ftl"): Found
2019-11-15 17:26:48.113DEBUG- Loading template for "head.ftl"("en", UTF-8, parsed) from "jar:file:/C:/Users/cs8286/.m2/repository/com/aventstack/extentreports/3.1.2/extentreports-3.1.2.jar!/com/aventstack/extentreports/view/html-report/head.ftl"
2019-11-15 17:26:48.116DEBUG- Couldn't find template in cache for "nav.ftl"("en", UTF-8, parsed); will try to load it.
2019-11-15 17:26:48.116DEBUG- TemplateLoader.findTemplateSource("nav_en.ftl"): Not found
2019-11-15 17:26:48.116DEBUG- TemplateLoader.findTemplateSource("nav.ftl"): Found
2019-11-15 17:26:48.116DEBUG- Loading template for "nav.ftl"("en", UTF-8, parsed) from "jar:file:/C:/Users/cs8286/.m2/repository/com/aventstack/extentreports/3.1.2/extentreports-3.1.2.jar!/com/aventstack/extentreports/view/html-report/nav.ftl"
2019-11-15 17:26:48.129DEBUG- Couldn't find template in cache for "test-view/test-view.ftl"("en", UTF-8, parsed); will try to load it.
2019-11-15 17:26:48.131DEBUG- TemplateLoader.findTemplateSource("test-view/test-view_en.ftl"): Not found
2019-11-15 17:26:48.131DEBUG- TemplateLoader.findTemplateSource("test-view/test-view.ftl"): Found
2019-11-15 17:26:48.131DEBUG- Loading template for "test-view/test-view.ftl"("en", UTF-8, parsed) from "jar:file:/C:/Users/cs8286/.m2/repository/com/aventstack/extentreports/3.1.2/extentreports-3.1.2.jar!/com/aventstack/extentreports/view/html-report/test-view/test-view.ftl"
2019-11-15 17:26:48.151DEBUG- Couldn't find template in cache for "test-view/test-view-charts.ftl"("en", UTF-8, parsed); will try to load it.
2019-11-15 17:26:48.152DEBUG- TemplateLoader.findTemplateSource("test-view/test-view-charts_en.ftl"): Not found
2019-11-15 17:26:48.152DEBUG- TemplateLoader.findTemplateSource("test-view/test-view-charts.ftl"): Found
2019-11-15 17:26:48.153DEBUG- Loading template for "test-view/test-view-charts.ftl"("en", UTF-8, parsed) from "jar:file:/C:/Users/cs8286/.m2/repository/com/aventstack/extentreports/3.1.2/extentreports-3.1.2.jar!/com/aventstack/extentreports/view/html-report/test-view/test-view-charts.ftl"
2019-11-15 17:26:48.170DEBUG- Couldn't find template in cache for "test-view/standard.ftl"("en", UTF-8, parsed); will try to load it.
2019-11-15 17:26:48.171DEBUG- TemplateLoader.findTemplateSource("test-view/standard_en.ftl"): Not found
2019-11-15 17:26:48.172DEBUG- TemplateLoader.findTemplateSource("test-view/standard.ftl"): Found
2019-11-15 17:26:48.172DEBUG- Loading template for "test-view/standard.ftl"("en", UTF-8, parsed) from "jar:file:/C:/Users/cs8286/.m2/repository/com/aventstack/extentreports/3.1.2/extentreports-3.1.2.jar!/com/aventstack/extentreports/view/html-report/test-view/standard.ftl"
2019-11-15 17:26:48.193DEBUG- Couldn't find template in cache for "category-view/category-view.ftl"("en", UTF-8, parsed); will try to load it.
2019-11-15 17:26:48.194DEBUG- TemplateLoader.findTemplateSource("category-view/category-view_en.ftl"): Not found
2019-11-15 17:26:48.194DEBUG- TemplateLoader.findTemplateSource("category-view/category-view.ftl"): Found
2019-11-15 17:26:48.194DEBUG- Loading template for "category-view/category-view.ftl"("en", UTF-8, parsed) from "jar:file:/C:/Users/cs8286/.m2/repository/com/aventstack/extentreports/3.1.2/extentreports-3.1.2.jar!/com/aventstack/extentreports/view/html-report/category-view/category-view.ftl"
2019-11-15 17:26:48.198DEBUG- Couldn't find template in cache for "author-view/author-view.ftl"("en", UTF-8, parsed); will try to load it.
2019-11-15 17:26:48.200DEBUG- TemplateLoader.findTemplateSource("author-view/author-view_en.ftl"): Not found
2019-11-15 17:26:48.201DEBUG- TemplateLoader.findTemplateSource("author-view/author-view.ftl"): Found
2019-11-15 17:26:48.201DEBUG- Loading template for "author-view/author-view.ftl"("en", UTF-8, parsed) from "jar:file:/C:/Users/cs8286/.m2/repository/com/aventstack/extentreports/3.1.2/extentreports-3.1.2.jar!/com/aventstack/extentreports/view/html-report/author-view/author-view.ftl"
2019-11-15 17:26:48.206DEBUG- Couldn't find template in cache for "exception-view/exception-view.ftl"("en", UTF-8, parsed); will try to load it.
2019-11-15 17:26:48.207DEBUG- TemplateLoader.findTemplateSource("exception-view/exception-view_en.ftl"): Not found
2019-11-15 17:26:48.207DEBUG- TemplateLoader.findTemplateSource("exception-view/exception-view.ftl"): Found
2019-11-15 17:26:48.208DEBUG- Loading template for "exception-view/exception-view.ftl"("en", UTF-8, parsed) from "jar:file:/C:/Users/cs8286/.m2/repository/com/aventstack/extentreports/3.1.2/extentreports-3.1.2.jar!/com/aventstack/extentreports/view/html-report/exception-view/exception-view.ftl"
2019-11-15 17:26:48.211DEBUG- Couldn't find template in cache for "dashboard-view/dashboard-view.ftl"("en", UTF-8, parsed); will try to load it.
2019-11-15 17:26:48.213DEBUG- TemplateLoader.findTemplateSource("dashboard-view/dashboard-view_en.ftl"): Not found
2019-11-15 17:26:48.213DEBUG- TemplateLoader.findTemplateSource("dashboard-view/dashboard-view.ftl"): Found
2019-11-15 17:26:48.213DEBUG- Loading template for "dashboard-view/dashboard-view.ftl"("en", UTF-8, parsed) from "jar:file:/C:/Users/cs8286/.m2/repository/com/aventstack/extentreports/3.1.2/extentreports-3.1.2.jar!/com/aventstack/extentreports/view/html-report/dashboard-view/dashboard-view.ftl"
2019-11-15 17:26:48.220DEBUG- Couldn't find template in cache for "logs-view/testrunner-logs-view.ftl"("en", UTF-8, parsed); will try to load it.
2019-11-15 17:26:48.221DEBUG- TemplateLoader.findTemplateSource("logs-view/testrunner-logs-view_en.ftl"): Not found
2019-11-15 17:26:48.221DEBUG- TemplateLoader.findTemplateSource("logs-view/testrunner-logs-view.ftl"): Found
2019-11-15 17:26:48.221DEBUG- Loading template for "logs-view/testrunner-logs-view.ftl"("en", UTF-8, parsed) from "jar:file:/C:/Users/cs8286/.m2/repository/com/aventstack/extentreports/3.1.2/extentreports-3.1.2.jar!/com/aventstack/extentreports/view/html-report/logs-view/testrunner-logs-view.ftl"
2019-11-15 17:26:54.410INFO - attaching html report to the xray issue ...
2019-11-15 17:26:54.415INFO - Last Test Report Folder: .\Reports\Fri Nov 15 17_25_14 CET 2019
2019-11-15 17:26:54.416INFO - Zipping files ...
2019-11-15 17:26:54.458INFO - Files zipped successfully
2019-11-15 17:26:55.047INFO - 
2019-11-15 17:26:55.048INFO - Response:
2019-11-15 17:26:55.048INFO - Content-Type: Content-Type: application/json;charset=UTF-8
2019-11-15 17:26:55.048INFO - Content-Length: null
2019-11-15 17:26:55.049INFO - Status : 200
2019-11-15 17:26:55.049INFO - Content: [{"self":"https://t-jira-consorsbank.is.echonet/rest/api/2/attachment/25407","id":"25407","filename":"TestReport_Fri_Nov_15_17_25_14_CET_2019.zip","author":{"self":"https://t-jira-consorsbank.is.echonet/rest/api/2/user?username=CS8286","name":"CS8286","key":"cs8286","emailAddress":"Jithin.MuhammedIllyasJameelaB@consorsbank.de","avatarUrls":{"48x48":"https://t-jira-consorsbank.is.echonet/secure/useravatar?avatarId=10172","24x24":"https://t-jira-consorsbank.is.echonet/secure/useravatar?size=small&avatarId=10172","16x16":"https://t-jira-consorsbank.is.echonet/secure/useravatar?size=xsmall&avatarId=10172","32x32":"https://t-jira-consorsbank.is.echonet/secure/useravatar?size=medium&avatarId=10172"},"displayName":"Muhammed Illyas Jameela B Jithin","active":true,"timeZone":"Europe/Berlin"},"created":"2019-11-15T17:26:54.000+0100","size":474186,"mimeType":"application/zip","content":"https://t-jira-consorsbank.is.echonet/secure/attachment/25407/TestReport_Fri_Nov_15_17_25_14_CET_2019.zip"}]
