2019-11-19 21:48:24.724INFO - Log configuration done. Log Dir:.\Logs
2019-11-19 21:48:25.067INFO - Test Start Time: 2019-11-19T21:48:25+01:00
2019-11-19 21:50:11.818INFO - saving results to Xray ...
2019-11-19 21:50:11.981INFO - ***********************************************************
2019-11-19 21:50:11.981INFO - Request:
2019-11-19 21:50:11.981INFO - POST https://t-jira-consorsbank.is.echonet/rest/raven/1.0/import/execution
2019-11-19 21:50:11.981INFO - HOST: t-jira-consorsbank.is.echonet
2019-11-19 21:50:11.982INFO - Content-Type: Content-type: application/json
2019-11-19 21:50:11.982INFO - Content-Length: null
2019-11-19 21:50:12.667INFO - 
2019-11-19 21:50:12.668INFO - Response:
2019-11-19 21:50:12.668INFO - Content-Type: Content-Type: application/json;charset=UTF-8
2019-11-19 21:50:12.668INFO - Content-Length: null
2019-11-19 21:50:12.668INFO - Status : 400
2019-11-19 21:50:12.668INFO - Content: Test issue with key TA-163 not found.

2019-11-19 21:50:12.691DEBUG- Couldn't find template in cache for "index.ftl"("en", UTF-8, parsed); will try to load it.
2019-11-19 21:50:12.693DEBUG- TemplateLoader.findTemplateSource("index_en.ftl"): Not found
2019-11-19 21:50:12.695DEBUG- TemplateLoader.findTemplateSource("index.ftl"): Found
2019-11-19 21:50:12.695DEBUG- Loading template for "index.ftl"("en", UTF-8, parsed) from "jar:file:/C:/Users/cs8286/.m2/repository/com/aventstack/extentreports/3.1.2/extentreports-3.1.2.jar!/com/aventstack/extentreports/view/html-report/index.ftl"
2019-11-19 21:50:12.924DEBUG- Couldn't find template in cache for "head.ftl"("en", UTF-8, parsed); will try to load it.
2019-11-19 21:50:12.925DEBUG- TemplateLoader.findTemplateSource("head_en.ftl"): Not found
2019-11-19 21:50:12.925DEBUG- TemplateLoader.findTemplateSource("head.ftl"): Found
2019-11-19 21:50:12.926DEBUG- Loading template for "head.ftl"("en", UTF-8, parsed) from "jar:file:/C:/Users/cs8286/.m2/repository/com/aventstack/extentreports/3.1.2/extentreports-3.1.2.jar!/com/aventstack/extentreports/view/html-report/head.ftl"
2019-11-19 21:50:12.929DEBUG- Couldn't find template in cache for "nav.ftl"("en", UTF-8, parsed); will try to load it.
2019-11-19 21:50:12.930DEBUG- TemplateLoader.findTemplateSource("nav_en.ftl"): Not found
2019-11-19 21:50:12.930DEBUG- TemplateLoader.findTemplateSource("nav.ftl"): Found
2019-11-19 21:50:12.930DEBUG- Loading template for "nav.ftl"("en", UTF-8, parsed) from "jar:file:/C:/Users/cs8286/.m2/repository/com/aventstack/extentreports/3.1.2/extentreports-3.1.2.jar!/com/aventstack/extentreports/view/html-report/nav.ftl"
2019-11-19 21:50:12.939DEBUG- Couldn't find template in cache for "test-view/test-view.ftl"("en", UTF-8, parsed); will try to load it.
2019-11-19 21:50:12.940DEBUG- TemplateLoader.findTemplateSource("test-view/test-view_en.ftl"): Not found
2019-11-19 21:50:12.940DEBUG- TemplateLoader.findTemplateSource("test-view/test-view.ftl"): Found
2019-11-19 21:50:12.940DEBUG- Loading template for "test-view/test-view.ftl"("en", UTF-8, parsed) from "jar:file:/C:/Users/cs8286/.m2/repository/com/aventstack/extentreports/3.1.2/extentreports-3.1.2.jar!/com/aventstack/extentreports/view/html-report/test-view/test-view.ftl"
2019-11-19 21:50:12.950DEBUG- Couldn't find template in cache for "test-view/test-view-charts.ftl"("en", UTF-8, parsed); will try to load it.
2019-11-19 21:50:12.953DEBUG- TemplateLoader.findTemplateSource("test-view/test-view-charts_en.ftl"): Not found
2019-11-19 21:50:12.954DEBUG- TemplateLoader.findTemplateSource("test-view/test-view-charts.ftl"): Found
2019-11-19 21:50:12.954DEBUG- Loading template for "test-view/test-view-charts.ftl"("en", UTF-8, parsed) from "jar:file:/C:/Users/cs8286/.m2/repository/com/aventstack/extentreports/3.1.2/extentreports-3.1.2.jar!/com/aventstack/extentreports/view/html-report/test-view/test-view-charts.ftl"
2019-11-19 21:50:12.976DEBUG- Couldn't find template in cache for "test-view/standard.ftl"("en", UTF-8, parsed); will try to load it.
2019-11-19 21:50:12.984DEBUG- TemplateLoader.findTemplateSource("test-view/standard_en.ftl"): Not found
2019-11-19 21:50:12.985DEBUG- TemplateLoader.findTemplateSource("test-view/standard.ftl"): Found
2019-11-19 21:50:12.985DEBUG- Loading template for "test-view/standard.ftl"("en", UTF-8, parsed) from "jar:file:/C:/Users/cs8286/.m2/repository/com/aventstack/extentreports/3.1.2/extentreports-3.1.2.jar!/com/aventstack/extentreports/view/html-report/test-view/standard.ftl"
2019-11-19 21:50:13.008DEBUG- Couldn't find template in cache for "category-view/category-view.ftl"("en", UTF-8, parsed); will try to load it.
2019-11-19 21:50:13.008DEBUG- TemplateLoader.findTemplateSource("category-view/category-view_en.ftl"): Not found
2019-11-19 21:50:13.009DEBUG- TemplateLoader.findTemplateSource("category-view/category-view.ftl"): Found
2019-11-19 21:50:13.009DEBUG- Loading template for "category-view/category-view.ftl"("en", UTF-8, parsed) from "jar:file:/C:/Users/cs8286/.m2/repository/com/aventstack/extentreports/3.1.2/extentreports-3.1.2.jar!/com/aventstack/extentreports/view/html-report/category-view/category-view.ftl"
2019-11-19 21:50:13.013DEBUG- Couldn't find template in cache for "author-view/author-view.ftl"("en", UTF-8, parsed); will try to load it.
2019-11-19 21:50:13.014DEBUG- TemplateLoader.findTemplateSource("author-view/author-view_en.ftl"): Not found
2019-11-19 21:50:13.014DEBUG- TemplateLoader.findTemplateSource("author-view/author-view.ftl"): Found
2019-11-19 21:50:13.014DEBUG- Loading template for "author-view/author-view.ftl"("en", UTF-8, parsed) from "jar:file:/C:/Users/cs8286/.m2/repository/com/aventstack/extentreports/3.1.2/extentreports-3.1.2.jar!/com/aventstack/extentreports/view/html-report/author-view/author-view.ftl"
2019-11-19 21:50:13.025DEBUG- Couldn't find template in cache for "exception-view/exception-view.ftl"("en", UTF-8, parsed); will try to load it.
2019-11-19 21:50:13.026DEBUG- TemplateLoader.findTemplateSource("exception-view/exception-view_en.ftl"): Not found
2019-11-19 21:50:13.027DEBUG- TemplateLoader.findTemplateSource("exception-view/exception-view.ftl"): Found
2019-11-19 21:50:13.027DEBUG- Loading template for "exception-view/exception-view.ftl"("en", UTF-8, parsed) from "jar:file:/C:/Users/cs8286/.m2/repository/com/aventstack/extentreports/3.1.2/extentreports-3.1.2.jar!/com/aventstack/extentreports/view/html-report/exception-view/exception-view.ftl"
2019-11-19 21:50:13.034DEBUG- Couldn't find template in cache for "dashboard-view/dashboard-view.ftl"("en", UTF-8, parsed); will try to load it.
2019-11-19 21:50:13.035DEBUG- TemplateLoader.findTemplateSource("dashboard-view/dashboard-view_en.ftl"): Not found
2019-11-19 21:50:13.036DEBUG- TemplateLoader.findTemplateSource("dashboard-view/dashboard-view.ftl"): Found
2019-11-19 21:50:13.036DEBUG- Loading template for "dashboard-view/dashboard-view.ftl"("en", UTF-8, parsed) from "jar:file:/C:/Users/cs8286/.m2/repository/com/aventstack/extentreports/3.1.2/extentreports-3.1.2.jar!/com/aventstack/extentreports/view/html-report/dashboard-view/dashboard-view.ftl"
2019-11-19 21:50:13.048DEBUG- Couldn't find template in cache for "logs-view/testrunner-logs-view.ftl"("en", UTF-8, parsed); will try to load it.
2019-11-19 21:50:13.049DEBUG- TemplateLoader.findTemplateSource("logs-view/testrunner-logs-view_en.ftl"): Not found
2019-11-19 21:50:13.049DEBUG- TemplateLoader.findTemplateSource("logs-view/testrunner-logs-view.ftl"): Found
2019-11-19 21:50:13.049DEBUG- Loading template for "logs-view/testrunner-logs-view.ftl"("en", UTF-8, parsed) from "jar:file:/C:/Users/cs8286/.m2/repository/com/aventstack/extentreports/3.1.2/extentreports-3.1.2.jar!/com/aventstack/extentreports/view/html-report/logs-view/testrunner-logs-view.ftl"
2019-11-19 21:50:19.175INFO - attaching html report to the xray issue ...
2019-11-19 21:50:19.179INFO - Last Test Report Folder: .\Reports\Tue Nov 19 21_48_25 CET 2019
2019-11-19 21:50:19.180INFO - Zipping files ...
2019-11-19 21:50:19.202INFO - Files zipped successfully
2019-11-19 21:50:31.382INFO - 
2019-11-19 21:50:31.382INFO - Response:
2019-11-19 21:50:31.382INFO - Content-Type: Content-Type: application/json;charset=UTF-8
2019-11-19 21:50:31.382INFO - Content-Length: null
2019-11-19 21:50:31.382INFO - Status : 200
2019-11-19 21:50:31.382INFO - Content: [{"self":"https://t-jira-consorsbank.is.echonet/rest/api/2/attachment/25439","id":"25439","filename":"TestReport_Tue_Nov_19_21_48_25_CET_2019.zip","author":{"self":"https://t-jira-consorsbank.is.echonet/rest/api/2/user?username=CS8286","name":"CS8286","key":"cs8286","emailAddress":"Jithin.MuhammedIllyasJameelaB@consorsbank.de","avatarUrls":{"48x48":"https://t-jira-consorsbank.is.echonet/secure/useravatar?avatarId=10172","24x24":"https://t-jira-consorsbank.is.echonet/secure/useravatar?size=small&avatarId=10172","16x16":"https://t-jira-consorsbank.is.echonet/secure/useravatar?size=xsmall&avatarId=10172","32x32":"https://t-jira-consorsbank.is.echonet/secure/useravatar?size=medium&avatarId=10172"},"displayName":"Muhammed Illyas Jameela B Jithin","active":true,"timeZone":"Europe/Berlin"},"created":"2019-11-19T21:50:31.000+0100","size":207369,"mimeType":"application/zip","content":"https://t-jira-consorsbank.is.echonet/secure/attachment/25439/TestReport_Tue_Nov_19_21_48_25_CET_2019.zip"}]
