2019-11-14 23:47:06.967INFO - Log configuration done. Log Dir:.\Logs
2019-11-14 23:47:07.338INFO - Test Start Time: 2019-11-14T23:47:07+01:00
2019-11-14 23:48:39.419INFO - saving results to Xray ...
2019-11-14 23:48:39.597INFO - ***********************************************************
2019-11-14 23:48:39.597INFO - Request:
2019-11-14 23:48:39.597INFO - POST https://t-jira-consorsbank.is.echonet/rest/raven/1.0/import/execution
2019-11-14 23:48:39.598INFO - HOST: t-jira-consorsbank.is.echonet
2019-11-14 23:48:39.598INFO - Content-Type: Content-type: application/json
2019-11-14 23:48:39.599INFO - Content-Length: null
2019-11-14 23:48:40.227INFO - 
2019-11-14 23:48:40.227INFO - Response:
2019-11-14 23:48:40.227INFO - Content-Type: Content-Type: application/json;charset=UTF-8
2019-11-14 23:48:40.227INFO - Content-Length: null
2019-11-14 23:48:40.227INFO - Status : 200
2019-11-14 23:48:40.227INFO - Content: {"testExecIssue":{"id":"238585","key":"TA-69","self":"https://t-jira-consorsbank.is.echonet/rest/api/2/issue/238585"}}
2019-11-14 23:48:40.257DEBUG- Couldn't find template in cache for "index.ftl"("en", UTF-8, parsed); will try to load it.
2019-11-14 23:48:40.258DEBUG- TemplateLoader.findTemplateSource("index_en.ftl"): Not found
2019-11-14 23:48:40.261DEBUG- TemplateLoader.findTemplateSource("index.ftl"): Found
2019-11-14 23:48:40.261DEBUG- Loading template for "index.ftl"("en", UTF-8, parsed) from "jar:file:/C:/Users/cs8286/.m2/repository/com/aventstack/extentreports/3.1.2/extentreports-3.1.2.jar!/com/aventstack/extentreports/view/html-report/index.ftl"
2019-11-14 23:48:40.507DEBUG- Couldn't find template in cache for "head.ftl"("en", UTF-8, parsed); will try to load it.
2019-11-14 23:48:40.507DEBUG- TemplateLoader.findTemplateSource("head_en.ftl"): Not found
2019-11-14 23:48:40.508DEBUG- TemplateLoader.findTemplateSource("head.ftl"): Found
2019-11-14 23:48:40.508DEBUG- Loading template for "head.ftl"("en", UTF-8, parsed) from "jar:file:/C:/Users/cs8286/.m2/repository/com/aventstack/extentreports/3.1.2/extentreports-3.1.2.jar!/com/aventstack/extentreports/view/html-report/head.ftl"
2019-11-14 23:48:40.511DEBUG- Couldn't find template in cache for "nav.ftl"("en", UTF-8, parsed); will try to load it.
2019-11-14 23:48:40.512DEBUG- TemplateLoader.findTemplateSource("nav_en.ftl"): Not found
2019-11-14 23:48:40.512DEBUG- TemplateLoader.findTemplateSource("nav.ftl"): Found
2019-11-14 23:48:40.512DEBUG- Loading template for "nav.ftl"("en", UTF-8, parsed) from "jar:file:/C:/Users/cs8286/.m2/repository/com/aventstack/extentreports/3.1.2/extentreports-3.1.2.jar!/com/aventstack/extentreports/view/html-report/nav.ftl"
2019-11-14 23:48:40.521DEBUG- Couldn't find template in cache for "test-view/test-view.ftl"("en", UTF-8, parsed); will try to load it.
2019-11-14 23:48:40.522DEBUG- TemplateLoader.findTemplateSource("test-view/test-view_en.ftl"): Not found
2019-11-14 23:48:40.523DEBUG- TemplateLoader.findTemplateSource("test-view/test-view.ftl"): Found
2019-11-14 23:48:40.523DEBUG- Loading template for "test-view/test-view.ftl"("en", UTF-8, parsed) from "jar:file:/C:/Users/cs8286/.m2/repository/com/aventstack/extentreports/3.1.2/extentreports-3.1.2.jar!/com/aventstack/extentreports/view/html-report/test-view/test-view.ftl"
2019-11-14 23:48:40.534DEBUG- Couldn't find template in cache for "test-view/test-view-charts.ftl"("en", UTF-8, parsed); will try to load it.
2019-11-14 23:48:40.535DEBUG- TemplateLoader.findTemplateSource("test-view/test-view-charts_en.ftl"): Not found
2019-11-14 23:48:40.535DEBUG- TemplateLoader.findTemplateSource("test-view/test-view-charts.ftl"): Found
2019-11-14 23:48:40.536DEBUG- Loading template for "test-view/test-view-charts.ftl"("en", UTF-8, parsed) from "jar:file:/C:/Users/cs8286/.m2/repository/com/aventstack/extentreports/3.1.2/extentreports-3.1.2.jar!/com/aventstack/extentreports/view/html-report/test-view/test-view-charts.ftl"
2019-11-14 23:48:40.550DEBUG- Couldn't find template in cache for "test-view/standard.ftl"("en", UTF-8, parsed); will try to load it.
2019-11-14 23:48:40.551DEBUG- TemplateLoader.findTemplateSource("test-view/standard_en.ftl"): Not found
2019-11-14 23:48:40.551DEBUG- TemplateLoader.findTemplateSource("test-view/standard.ftl"): Found
2019-11-14 23:48:40.551DEBUG- Loading template for "test-view/standard.ftl"("en", UTF-8, parsed) from "jar:file:/C:/Users/cs8286/.m2/repository/com/aventstack/extentreports/3.1.2/extentreports-3.1.2.jar!/com/aventstack/extentreports/view/html-report/test-view/standard.ftl"
2019-11-14 23:48:40.577DEBUG- Couldn't find template in cache for "category-view/category-view.ftl"("en", UTF-8, parsed); will try to load it.
2019-11-14 23:48:40.578DEBUG- TemplateLoader.findTemplateSource("category-view/category-view_en.ftl"): Not found
2019-11-14 23:48:40.578DEBUG- TemplateLoader.findTemplateSource("category-view/category-view.ftl"): Found
2019-11-14 23:48:40.579DEBUG- Loading template for "category-view/category-view.ftl"("en", UTF-8, parsed) from "jar:file:/C:/Users/cs8286/.m2/repository/com/aventstack/extentreports/3.1.2/extentreports-3.1.2.jar!/com/aventstack/extentreports/view/html-report/category-view/category-view.ftl"
2019-11-14 23:48:40.583DEBUG- Couldn't find template in cache for "author-view/author-view.ftl"("en", UTF-8, parsed); will try to load it.
2019-11-14 23:48:40.584DEBUG- TemplateLoader.findTemplateSource("author-view/author-view_en.ftl"): Not found
2019-11-14 23:48:40.585DEBUG- TemplateLoader.findTemplateSource("author-view/author-view.ftl"): Found
2019-11-14 23:48:40.585DEBUG- Loading template for "author-view/author-view.ftl"("en", UTF-8, parsed) from "jar:file:/C:/Users/cs8286/.m2/repository/com/aventstack/extentreports/3.1.2/extentreports-3.1.2.jar!/com/aventstack/extentreports/view/html-report/author-view/author-view.ftl"
2019-11-14 23:48:40.590DEBUG- Couldn't find template in cache for "exception-view/exception-view.ftl"("en", UTF-8, parsed); will try to load it.
2019-11-14 23:48:40.591DEBUG- TemplateLoader.findTemplateSource("exception-view/exception-view_en.ftl"): Not found
2019-11-14 23:48:40.591DEBUG- TemplateLoader.findTemplateSource("exception-view/exception-view.ftl"): Found
2019-11-14 23:48:40.591DEBUG- Loading template for "exception-view/exception-view.ftl"("en", UTF-8, parsed) from "jar:file:/C:/Users/cs8286/.m2/repository/com/aventstack/extentreports/3.1.2/extentreports-3.1.2.jar!/com/aventstack/extentreports/view/html-report/exception-view/exception-view.ftl"
2019-11-14 23:48:40.595DEBUG- Couldn't find template in cache for "dashboard-view/dashboard-view.ftl"("en", UTF-8, parsed); will try to load it.
2019-11-14 23:48:40.596DEBUG- TemplateLoader.findTemplateSource("dashboard-view/dashboard-view_en.ftl"): Not found
2019-11-14 23:48:40.596DEBUG- TemplateLoader.findTemplateSource("dashboard-view/dashboard-view.ftl"): Found
2019-11-14 23:48:40.596DEBUG- Loading template for "dashboard-view/dashboard-view.ftl"("en", UTF-8, parsed) from "jar:file:/C:/Users/cs8286/.m2/repository/com/aventstack/extentreports/3.1.2/extentreports-3.1.2.jar!/com/aventstack/extentreports/view/html-report/dashboard-view/dashboard-view.ftl"
2019-11-14 23:48:40.602DEBUG- Couldn't find template in cache for "logs-view/testrunner-logs-view.ftl"("en", UTF-8, parsed); will try to load it.
2019-11-14 23:48:40.603DEBUG- TemplateLoader.findTemplateSource("logs-view/testrunner-logs-view_en.ftl"): Not found
2019-11-14 23:48:40.603DEBUG- TemplateLoader.findTemplateSource("logs-view/testrunner-logs-view.ftl"): Found
2019-11-14 23:48:40.603DEBUG- Loading template for "logs-view/testrunner-logs-view.ftl"("en", UTF-8, parsed) from "jar:file:/C:/Users/cs8286/.m2/repository/com/aventstack/extentreports/3.1.2/extentreports-3.1.2.jar!/com/aventstack/extentreports/view/html-report/logs-view/testrunner-logs-view.ftl"
