2019-11-19 20:48:06.785INFO - Log configuration done. Log Dir:.\Logs
2019-11-19 20:48:07.298INFO - Test Start Time: 2019-11-19T20:48:07+01:00
2019-11-19 20:49:00.162INFO - saving results to Xray ...
2019-11-19 20:49:00.343INFO - ***********************************************************
2019-11-19 20:49:00.343INFO - Request:
2019-11-19 20:49:00.344INFO - POST https://t-jira-consorsbank.is.echonet/rest/raven/1.0/import/execution
2019-11-19 20:49:00.344INFO - HOST: t-jira-consorsbank.is.echonet
2019-11-19 20:49:00.344INFO - Content-Type: Content-type: application/json
2019-11-19 20:49:00.344INFO - Content-Length: null
2019-11-19 20:49:01.026INFO - 
2019-11-19 20:49:01.026INFO - Response:
2019-11-19 20:49:01.026INFO - Content-Type: Content-Type: application/json;charset=UTF-8
2019-11-19 20:49:01.026INFO - Content-Length: null
2019-11-19 20:49:01.026INFO - Status : 400
2019-11-19 20:49:01.026INFO - Content: Test issue with key TA-163 not found.

2019-11-19 20:49:01.068DEBUG- Couldn't find template in cache for "index.ftl"("en", UTF-8, parsed); will try to load it.
2019-11-19 20:49:01.070DEBUG- TemplateLoader.findTemplateSource("index_en.ftl"): Not found
2019-11-19 20:49:01.072DEBUG- TemplateLoader.findTemplateSource("index.ftl"): Found
2019-11-19 20:49:01.073DEBUG- Loading template for "index.ftl"("en", UTF-8, parsed) from "jar:file:/C:/Users/cs8286/.m2/repository/com/aventstack/extentreports/3.1.2/extentreports-3.1.2.jar!/com/aventstack/extentreports/view/html-report/index.ftl"
2019-11-19 20:49:01.513DEBUG- Couldn't find template in cache for "head.ftl"("en", UTF-8, parsed); will try to load it.
2019-11-19 20:49:01.514DEBUG- TemplateLoader.findTemplateSource("head_en.ftl"): Not found
2019-11-19 20:49:01.514DEBUG- TemplateLoader.findTemplateSource("head.ftl"): Found
2019-11-19 20:49:01.515DEBUG- Loading template for "head.ftl"("en", UTF-8, parsed) from "jar:file:/C:/Users/cs8286/.m2/repository/com/aventstack/extentreports/3.1.2/extentreports-3.1.2.jar!/com/aventstack/extentreports/view/html-report/head.ftl"
2019-11-19 20:49:01.521DEBUG- Couldn't find template in cache for "nav.ftl"("en", UTF-8, parsed); will try to load it.
2019-11-19 20:49:01.522DEBUG- TemplateLoader.findTemplateSource("nav_en.ftl"): Not found
2019-11-19 20:49:01.522DEBUG- TemplateLoader.findTemplateSource("nav.ftl"): Found
2019-11-19 20:49:01.522DEBUG- Loading template for "nav.ftl"("en", UTF-8, parsed) from "jar:file:/C:/Users/cs8286/.m2/repository/com/aventstack/extentreports/3.1.2/extentreports-3.1.2.jar!/com/aventstack/extentreports/view/html-report/nav.ftl"
2019-11-19 20:49:01.533DEBUG- Couldn't find template in cache for "test-view/test-view.ftl"("en", UTF-8, parsed); will try to load it.
2019-11-19 20:49:01.541DEBUG- TemplateLoader.findTemplateSource("test-view/test-view_en.ftl"): Not found
2019-11-19 20:49:01.541DEBUG- TemplateLoader.findTemplateSource("test-view/test-view.ftl"): Found
2019-11-19 20:49:01.541DEBUG- Loading template for "test-view/test-view.ftl"("en", UTF-8, parsed) from "jar:file:/C:/Users/cs8286/.m2/repository/com/aventstack/extentreports/3.1.2/extentreports-3.1.2.jar!/com/aventstack/extentreports/view/html-report/test-view/test-view.ftl"
2019-11-19 20:49:01.558DEBUG- Couldn't find template in cache for "test-view/test-view-charts.ftl"("en", UTF-8, parsed); will try to load it.
2019-11-19 20:49:01.559DEBUG- TemplateLoader.findTemplateSource("test-view/test-view-charts_en.ftl"): Not found
2019-11-19 20:49:01.560DEBUG- TemplateLoader.findTemplateSource("test-view/test-view-charts.ftl"): Found
2019-11-19 20:49:01.560DEBUG- Loading template for "test-view/test-view-charts.ftl"("en", UTF-8, parsed) from "jar:file:/C:/Users/cs8286/.m2/repository/com/aventstack/extentreports/3.1.2/extentreports-3.1.2.jar!/com/aventstack/extentreports/view/html-report/test-view/test-view-charts.ftl"
2019-11-19 20:49:01.602DEBUG- Couldn't find template in cache for "test-view/standard.ftl"("en", UTF-8, parsed); will try to load it.
2019-11-19 20:49:01.603DEBUG- TemplateLoader.findTemplateSource("test-view/standard_en.ftl"): Not found
2019-11-19 20:49:01.604DEBUG- TemplateLoader.findTemplateSource("test-view/standard.ftl"): Found
2019-11-19 20:49:01.604DEBUG- Loading template for "test-view/standard.ftl"("en", UTF-8, parsed) from "jar:file:/C:/Users/cs8286/.m2/repository/com/aventstack/extentreports/3.1.2/extentreports-3.1.2.jar!/com/aventstack/extentreports/view/html-report/test-view/standard.ftl"
2019-11-19 20:49:01.648DEBUG- Couldn't find template in cache for "category-view/category-view.ftl"("en", UTF-8, parsed); will try to load it.
2019-11-19 20:49:01.649DEBUG- TemplateLoader.findTemplateSource("category-view/category-view_en.ftl"): Not found
2019-11-19 20:49:01.649DEBUG- TemplateLoader.findTemplateSource("category-view/category-view.ftl"): Found
2019-11-19 20:49:01.649DEBUG- Loading template for "category-view/category-view.ftl"("en", UTF-8, parsed) from "jar:file:/C:/Users/cs8286/.m2/repository/com/aventstack/extentreports/3.1.2/extentreports-3.1.2.jar!/com/aventstack/extentreports/view/html-report/category-view/category-view.ftl"
2019-11-19 20:49:01.664DEBUG- Couldn't find template in cache for "author-view/author-view.ftl"("en", UTF-8, parsed); will try to load it.
2019-11-19 20:49:01.664DEBUG- TemplateLoader.findTemplateSource("author-view/author-view_en.ftl"): Not found
2019-11-19 20:49:01.665DEBUG- TemplateLoader.findTemplateSource("author-view/author-view.ftl"): Found
2019-11-19 20:49:01.668DEBUG- Loading template for "author-view/author-view.ftl"("en", UTF-8, parsed) from "jar:file:/C:/Users/cs8286/.m2/repository/com/aventstack/extentreports/3.1.2/extentreports-3.1.2.jar!/com/aventstack/extentreports/view/html-report/author-view/author-view.ftl"
2019-11-19 20:49:01.674DEBUG- Couldn't find template in cache for "exception-view/exception-view.ftl"("en", UTF-8, parsed); will try to load it.
2019-11-19 20:49:01.676DEBUG- TemplateLoader.findTemplateSource("exception-view/exception-view_en.ftl"): Not found
2019-11-19 20:49:01.678DEBUG- TemplateLoader.findTemplateSource("exception-view/exception-view.ftl"): Found
2019-11-19 20:49:01.678DEBUG- Loading template for "exception-view/exception-view.ftl"("en", UTF-8, parsed) from "jar:file:/C:/Users/cs8286/.m2/repository/com/aventstack/extentreports/3.1.2/extentreports-3.1.2.jar!/com/aventstack/extentreports/view/html-report/exception-view/exception-view.ftl"
2019-11-19 20:49:01.683DEBUG- Couldn't find template in cache for "dashboard-view/dashboard-view.ftl"("en", UTF-8, parsed); will try to load it.
2019-11-19 20:49:01.684DEBUG- TemplateLoader.findTemplateSource("dashboard-view/dashboard-view_en.ftl"): Not found
2019-11-19 20:49:01.684DEBUG- TemplateLoader.findTemplateSource("dashboard-view/dashboard-view.ftl"): Found
2019-11-19 20:49:01.685DEBUG- Loading template for "dashboard-view/dashboard-view.ftl"("en", UTF-8, parsed) from "jar:file:/C:/Users/cs8286/.m2/repository/com/aventstack/extentreports/3.1.2/extentreports-3.1.2.jar!/com/aventstack/extentreports/view/html-report/dashboard-view/dashboard-view.ftl"
2019-11-19 20:49:01.699DEBUG- Couldn't find template in cache for "logs-view/testrunner-logs-view.ftl"("en", UTF-8, parsed); will try to load it.
2019-11-19 20:49:01.700DEBUG- TemplateLoader.findTemplateSource("logs-view/testrunner-logs-view_en.ftl"): Not found
2019-11-19 20:49:01.701DEBUG- TemplateLoader.findTemplateSource("logs-view/testrunner-logs-view.ftl"): Found
2019-11-19 20:49:01.703DEBUG- Loading template for "logs-view/testrunner-logs-view.ftl"("en", UTF-8, parsed) from "jar:file:/C:/Users/cs8286/.m2/repository/com/aventstack/extentreports/3.1.2/extentreports-3.1.2.jar!/com/aventstack/extentreports/view/html-report/logs-view/testrunner-logs-view.ftl"
2019-11-19 20:49:08.240INFO - attaching html report to the xray issue ...
2019-11-19 20:49:08.242INFO - Last Test Report Folder: .\Reports\Tue Nov 19 20_48_07 CET 2019
2019-11-19 20:49:08.244INFO - Zipping files ...
2019-11-19 20:49:08.250INFO - Files zipped successfully
2019-11-19 20:49:09.588INFO - 
2019-11-19 20:49:09.589INFO - Response:
2019-11-19 20:49:09.590INFO - Content-Type: Content-Type: application/json;charset=UTF-8
2019-11-19 20:49:09.590INFO - Content-Length: null
2019-11-19 20:49:09.590INFO - Status : 200
2019-11-19 20:49:09.590INFO - Content: [{"self":"https://t-jira-consorsbank.is.echonet/rest/api/2/attachment/25434","id":"25434","filename":"TestReport_Tue_Nov_19_20_48_07_CET_2019.zip","author":{"self":"https://t-jira-consorsbank.is.echonet/rest/api/2/user?username=CS8286","name":"CS8286","key":"cs8286","emailAddress":"Jithin.MuhammedIllyasJameelaB@consorsbank.de","avatarUrls":{"48x48":"https://t-jira-consorsbank.is.echonet/secure/useravatar?avatarId=10172","24x24":"https://t-jira-consorsbank.is.echonet/secure/useravatar?size=small&avatarId=10172","16x16":"https://t-jira-consorsbank.is.echonet/secure/useravatar?size=xsmall&avatarId=10172","32x32":"https://t-jira-consorsbank.is.echonet/secure/useravatar?size=medium&avatarId=10172"},"displayName":"Muhammed Illyas Jameela B Jithin","active":true,"timeZone":"Europe/Berlin"},"created":"2019-11-19T20:49:08.000+0100","size":3356,"mimeType":"application/zip","content":"https://t-jira-consorsbank.is.echonet/secure/attachment/25434/TestReport_Tue_Nov_19_20_48_07_CET_2019.zip"}]
