2019-11-15 16:36:22.091INFO - Log configuration done. Log Dir:.\Logs
2019-11-15 16:36:22.454INFO - Test Start Time: 2019-11-15T16:36:22+01:00
2019-11-15 16:37:50.901INFO - saving results to Xray ...
2019-11-15 16:37:51.068INFO - ***********************************************************
2019-11-15 16:37:51.068INFO - Request:
2019-11-15 16:37:51.068INFO - POST https://t-jira-consorsbank.is.echonet/rest/raven/1.0/import/execution
2019-11-15 16:37:51.068INFO - HOST: t-jira-consorsbank.is.echonet
2019-11-15 16:37:51.068INFO - Content-Type: Content-type: application/json
2019-11-15 16:37:51.068INFO - Content-Length: null
2019-11-15 16:37:51.476INFO - 
2019-11-15 16:37:51.476INFO - Response:
2019-11-15 16:37:51.476INFO - Content-Type: Content-Type: application/json;charset=UTF-8
2019-11-15 16:37:51.476INFO - Content-Length: null
2019-11-15 16:37:51.476INFO - Status : 200
2019-11-15 16:37:51.476INFO - Content: {"testExecIssue":{"id":"238585","key":"TA-69","self":"https://t-jira-consorsbank.is.echonet/rest/api/2/issue/238585"}}
2019-11-15 16:37:51.892DEBUG- Couldn't find template in cache for "index.ftl"("en", UTF-8, parsed); will try to load it.
2019-11-15 16:37:51.892DEBUG- TemplateLoader.findTemplateSource("index_en.ftl"): Not found
2019-11-15 16:37:51.897DEBUG- TemplateLoader.findTemplateSource("index.ftl"): Found
2019-11-15 16:37:51.897DEBUG- Loading template for "index.ftl"("en", UTF-8, parsed) from "jar:file:/C:/Users/cs8286/.m2/repository/com/aventstack/extentreports/3.1.2/extentreports-3.1.2.jar!/com/aventstack/extentreports/view/html-report/index.ftl"
2019-11-15 16:37:52.122DEBUG- Couldn't find template in cache for "head.ftl"("en", UTF-8, parsed); will try to load it.
2019-11-15 16:37:52.124DEBUG- TemplateLoader.findTemplateSource("head_en.ftl"): Not found
2019-11-15 16:37:52.124DEBUG- TemplateLoader.findTemplateSource("head.ftl"): Found
2019-11-15 16:37:52.124DEBUG- Loading template for "head.ftl"("en", UTF-8, parsed) from "jar:file:/C:/Users/cs8286/.m2/repository/com/aventstack/extentreports/3.1.2/extentreports-3.1.2.jar!/com/aventstack/extentreports/view/html-report/head.ftl"
2019-11-15 16:37:52.127DEBUG- Couldn't find template in cache for "nav.ftl"("en", UTF-8, parsed); will try to load it.
2019-11-15 16:37:52.129DEBUG- TemplateLoader.findTemplateSource("nav_en.ftl"): Not found
2019-11-15 16:37:52.129DEBUG- TemplateLoader.findTemplateSource("nav.ftl"): Found
2019-11-15 16:37:52.129DEBUG- Loading template for "nav.ftl"("en", UTF-8, parsed) from "jar:file:/C:/Users/cs8286/.m2/repository/com/aventstack/extentreports/3.1.2/extentreports-3.1.2.jar!/com/aventstack/extentreports/view/html-report/nav.ftl"
2019-11-15 16:37:52.139DEBUG- Couldn't find template in cache for "test-view/test-view.ftl"("en", UTF-8, parsed); will try to load it.
2019-11-15 16:37:52.139DEBUG- TemplateLoader.findTemplateSource("test-view/test-view_en.ftl"): Not found
2019-11-15 16:37:52.139DEBUG- TemplateLoader.findTemplateSource("test-view/test-view.ftl"): Found
2019-11-15 16:37:52.139DEBUG- Loading template for "test-view/test-view.ftl"("en", UTF-8, parsed) from "jar:file:/C:/Users/cs8286/.m2/repository/com/aventstack/extentreports/3.1.2/extentreports-3.1.2.jar!/com/aventstack/extentreports/view/html-report/test-view/test-view.ftl"
2019-11-15 16:37:52.149DEBUG- Couldn't find template in cache for "test-view/test-view-charts.ftl"("en", UTF-8, parsed); will try to load it.
2019-11-15 16:37:52.152DEBUG- TemplateLoader.findTemplateSource("test-view/test-view-charts_en.ftl"): Not found
2019-11-15 16:37:52.152DEBUG- TemplateLoader.findTemplateSource("test-view/test-view-charts.ftl"): Found
2019-11-15 16:37:52.152DEBUG- Loading template for "test-view/test-view-charts.ftl"("en", UTF-8, parsed) from "jar:file:/C:/Users/cs8286/.m2/repository/com/aventstack/extentreports/3.1.2/extentreports-3.1.2.jar!/com/aventstack/extentreports/view/html-report/test-view/test-view-charts.ftl"
2019-11-15 16:37:52.167DEBUG- Couldn't find template in cache for "test-view/standard.ftl"("en", UTF-8, parsed); will try to load it.
2019-11-15 16:37:52.167DEBUG- TemplateLoader.findTemplateSource("test-view/standard_en.ftl"): Not found
2019-11-15 16:37:52.169DEBUG- TemplateLoader.findTemplateSource("test-view/standard.ftl"): Found
2019-11-15 16:37:52.169DEBUG- Loading template for "test-view/standard.ftl"("en", UTF-8, parsed) from "jar:file:/C:/Users/cs8286/.m2/repository/com/aventstack/extentreports/3.1.2/extentreports-3.1.2.jar!/com/aventstack/extentreports/view/html-report/test-view/standard.ftl"
2019-11-15 16:37:52.189DEBUG- Couldn't find template in cache for "category-view/category-view.ftl"("en", UTF-8, parsed); will try to load it.
2019-11-15 16:37:52.189DEBUG- TemplateLoader.findTemplateSource("category-view/category-view_en.ftl"): Not found
2019-11-15 16:37:52.189DEBUG- TemplateLoader.findTemplateSource("category-view/category-view.ftl"): Found
2019-11-15 16:37:52.189DEBUG- Loading template for "category-view/category-view.ftl"("en", UTF-8, parsed) from "jar:file:/C:/Users/cs8286/.m2/repository/com/aventstack/extentreports/3.1.2/extentreports-3.1.2.jar!/com/aventstack/extentreports/view/html-report/category-view/category-view.ftl"
2019-11-15 16:37:52.194DEBUG- Couldn't find template in cache for "author-view/author-view.ftl"("en", UTF-8, parsed); will try to load it.
2019-11-15 16:37:52.194DEBUG- TemplateLoader.findTemplateSource("author-view/author-view_en.ftl"): Not found
2019-11-15 16:37:52.197DEBUG- TemplateLoader.findTemplateSource("author-view/author-view.ftl"): Found
2019-11-15 16:37:52.197DEBUG- Loading template for "author-view/author-view.ftl"("en", UTF-8, parsed) from "jar:file:/C:/Users/cs8286/.m2/repository/com/aventstack/extentreports/3.1.2/extentreports-3.1.2.jar!/com/aventstack/extentreports/view/html-report/author-view/author-view.ftl"
2019-11-15 16:37:52.202DEBUG- Couldn't find template in cache for "exception-view/exception-view.ftl"("en", UTF-8, parsed); will try to load it.
2019-11-15 16:37:52.202DEBUG- TemplateLoader.findTemplateSource("exception-view/exception-view_en.ftl"): Not found
2019-11-15 16:37:52.202DEBUG- TemplateLoader.findTemplateSource("exception-view/exception-view.ftl"): Found
2019-11-15 16:37:52.202DEBUG- Loading template for "exception-view/exception-view.ftl"("en", UTF-8, parsed) from "jar:file:/C:/Users/cs8286/.m2/repository/com/aventstack/extentreports/3.1.2/extentreports-3.1.2.jar!/com/aventstack/extentreports/view/html-report/exception-view/exception-view.ftl"
2019-11-15 16:37:52.207DEBUG- Couldn't find template in cache for "dashboard-view/dashboard-view.ftl"("en", UTF-8, parsed); will try to load it.
2019-11-15 16:37:52.207DEBUG- TemplateLoader.findTemplateSource("dashboard-view/dashboard-view_en.ftl"): Not found
2019-11-15 16:37:52.207DEBUG- TemplateLoader.findTemplateSource("dashboard-view/dashboard-view.ftl"): Found
2019-11-15 16:37:52.207DEBUG- Loading template for "dashboard-view/dashboard-view.ftl"("en", UTF-8, parsed) from "jar:file:/C:/Users/cs8286/.m2/repository/com/aventstack/extentreports/3.1.2/extentreports-3.1.2.jar!/com/aventstack/extentreports/view/html-report/dashboard-view/dashboard-view.ftl"
2019-11-15 16:37:52.212DEBUG- Couldn't find template in cache for "logs-view/testrunner-logs-view.ftl"("en", UTF-8, parsed); will try to load it.
2019-11-15 16:37:52.214DEBUG- TemplateLoader.findTemplateSource("logs-view/testrunner-logs-view_en.ftl"): Not found
2019-11-15 16:37:52.214DEBUG- TemplateLoader.findTemplateSource("logs-view/testrunner-logs-view.ftl"): Found
2019-11-15 16:37:52.214DEBUG- Loading template for "logs-view/testrunner-logs-view.ftl"("en", UTF-8, parsed) from "jar:file:/C:/Users/cs8286/.m2/repository/com/aventstack/extentreports/3.1.2/extentreports-3.1.2.jar!/com/aventstack/extentreports/view/html-report/logs-view/testrunner-logs-view.ftl"
2019-11-15 16:37:58.309INFO - attaching html report to the xray issue ...
2019-11-15 16:37:58.311INFO - Last Test Report Folder: .\Reports\Fri Nov 15 16_36_22 CET 2019
2019-11-15 16:37:58.313INFO - Zipping files ...
2019-11-15 16:37:58.346INFO - Files zipped successfully
2019-11-15 16:37:58.953INFO - 
2019-11-15 16:37:58.953INFO - Response:
2019-11-15 16:37:58.953INFO - Content-Type: Content-Type: application/json;charset=UTF-8
2019-11-15 16:37:58.956INFO - Content-Length: null
2019-11-15 16:37:58.956INFO - Status : 200
2019-11-15 16:37:58.956INFO - Content: [{"self":"https://t-jira-consorsbank.is.echonet/rest/api/2/attachment/25403","id":"25403","filename":"TestReport_Fri_Nov_15_16_36_22_CET_2019.zip","author":{"self":"https://t-jira-consorsbank.is.echonet/rest/api/2/user?username=CS8286","name":"CS8286","key":"cs8286","emailAddress":"Jithin.MuhammedIllyasJameelaB@consorsbank.de","avatarUrls":{"48x48":"https://t-jira-consorsbank.is.echonet/secure/useravatar?avatarId=10172","24x24":"https://t-jira-consorsbank.is.echonet/secure/useravatar?size=small&avatarId=10172","16x16":"https://t-jira-consorsbank.is.echonet/secure/useravatar?size=xsmall&avatarId=10172","32x32":"https://t-jira-consorsbank.is.echonet/secure/useravatar?size=medium&avatarId=10172"},"displayName":"Muhammed Illyas Jameela B Jithin","active":true,"timeZone":"Europe/Berlin"},"created":"2019-11-15T16:37:58.000+0100","size":367549,"mimeType":"application/zip","content":"https://t-jira-consorsbank.is.echonet/secure/attachment/25403/TestReport_Fri_Nov_15_16_36_22_CET_2019.zip"}]
