2019-11-21 18:02:59.354INFO - Log configuration done. Log Dir:.\Logs
2019-11-21 18:02:59.680INFO - Test Start Time: 2019-11-21T18:02:59+01:00
2019-11-21 18:03:40.577INFO - saving results to Xray ...
2019-11-21 18:03:40.721INFO - ***********************************************************
2019-11-21 18:03:40.722INFO - Request:
2019-11-21 18:03:40.722INFO - POST https://t-jira-consorsbank.is.echonet/rest/raven/1.0/import/execution
2019-11-21 18:03:40.722INFO - HOST: t-jira-consorsbank.is.echonet
2019-11-21 18:03:40.723INFO - Content-Type: Content-type: application/json
2019-11-21 18:03:40.724INFO - Content-Length: null
2019-11-21 18:03:41.044INFO - 
2019-11-21 18:03:41.044INFO - Response:
2019-11-21 18:03:41.044INFO - Content-Type: Content-Type: application/json;charset=UTF-8
2019-11-21 18:03:41.045INFO - Content-Length: null
2019-11-21 18:03:41.045INFO - Status : 400
2019-11-21 18:03:41.045INFO - Content: Test issue with key TA-172 not found.

2019-11-21 18:03:41.937DEBUG- Couldn't find template in cache for "index.ftl"("en", UTF-8, parsed); will try to load it.
2019-11-21 18:03:41.938DEBUG- TemplateLoader.findTemplateSource("index_en.ftl"): Not found
2019-11-21 18:03:41.942DEBUG- TemplateLoader.findTemplateSource("index.ftl"): Found
2019-11-21 18:03:41.943DEBUG- Loading template for "index.ftl"("en", UTF-8, parsed) from "jar:file:/C:/Users/cs8286/.m2/repository/com/aventstack/extentreports/3.1.2/extentreports-3.1.2.jar!/com/aventstack/extentreports/view/html-report/index.ftl"
2019-11-21 18:03:42.258DEBUG- Couldn't find template in cache for "head.ftl"("en", UTF-8, parsed); will try to load it.
2019-11-21 18:03:42.258DEBUG- TemplateLoader.findTemplateSource("head_en.ftl"): Not found
2019-11-21 18:03:42.259DEBUG- TemplateLoader.findTemplateSource("head.ftl"): Found
2019-11-21 18:03:42.259DEBUG- Loading template for "head.ftl"("en", UTF-8, parsed) from "jar:file:/C:/Users/cs8286/.m2/repository/com/aventstack/extentreports/3.1.2/extentreports-3.1.2.jar!/com/aventstack/extentreports/view/html-report/head.ftl"
2019-11-21 18:03:42.264DEBUG- Couldn't find template in cache for "nav.ftl"("en", UTF-8, parsed); will try to load it.
2019-11-21 18:03:42.265DEBUG- TemplateLoader.findTemplateSource("nav_en.ftl"): Not found
2019-11-21 18:03:42.265DEBUG- TemplateLoader.findTemplateSource("nav.ftl"): Found
2019-11-21 18:03:42.266DEBUG- Loading template for "nav.ftl"("en", UTF-8, parsed) from "jar:file:/C:/Users/cs8286/.m2/repository/com/aventstack/extentreports/3.1.2/extentreports-3.1.2.jar!/com/aventstack/extentreports/view/html-report/nav.ftl"
2019-11-21 18:03:42.276DEBUG- Couldn't find template in cache for "test-view/test-view.ftl"("en", UTF-8, parsed); will try to load it.
2019-11-21 18:03:42.277DEBUG- TemplateLoader.findTemplateSource("test-view/test-view_en.ftl"): Not found
2019-11-21 18:03:42.277DEBUG- TemplateLoader.findTemplateSource("test-view/test-view.ftl"): Found
2019-11-21 18:03:42.278DEBUG- Loading template for "test-view/test-view.ftl"("en", UTF-8, parsed) from "jar:file:/C:/Users/cs8286/.m2/repository/com/aventstack/extentreports/3.1.2/extentreports-3.1.2.jar!/com/aventstack/extentreports/view/html-report/test-view/test-view.ftl"
2019-11-21 18:03:42.290DEBUG- Couldn't find template in cache for "test-view/test-view-charts.ftl"("en", UTF-8, parsed); will try to load it.
2019-11-21 18:03:42.291DEBUG- TemplateLoader.findTemplateSource("test-view/test-view-charts_en.ftl"): Not found
2019-11-21 18:03:42.291DEBUG- TemplateLoader.findTemplateSource("test-view/test-view-charts.ftl"): Found
2019-11-21 18:03:42.291DEBUG- Loading template for "test-view/test-view-charts.ftl"("en", UTF-8, parsed) from "jar:file:/C:/Users/cs8286/.m2/repository/com/aventstack/extentreports/3.1.2/extentreports-3.1.2.jar!/com/aventstack/extentreports/view/html-report/test-view/test-view-charts.ftl"
2019-11-21 18:03:42.312DEBUG- Couldn't find template in cache for "test-view/standard.ftl"("en", UTF-8, parsed); will try to load it.
2019-11-21 18:03:42.313DEBUG- TemplateLoader.findTemplateSource("test-view/standard_en.ftl"): Not found
2019-11-21 18:03:42.313DEBUG- TemplateLoader.findTemplateSource("test-view/standard.ftl"): Found
2019-11-21 18:03:42.313DEBUG- Loading template for "test-view/standard.ftl"("en", UTF-8, parsed) from "jar:file:/C:/Users/cs8286/.m2/repository/com/aventstack/extentreports/3.1.2/extentreports-3.1.2.jar!/com/aventstack/extentreports/view/html-report/test-view/standard.ftl"
2019-11-21 18:03:42.347DEBUG- Couldn't find template in cache for "category-view/category-view.ftl"("en", UTF-8, parsed); will try to load it.
2019-11-21 18:03:42.347DEBUG- TemplateLoader.findTemplateSource("category-view/category-view_en.ftl"): Not found
2019-11-21 18:03:42.348DEBUG- TemplateLoader.findTemplateSource("category-view/category-view.ftl"): Found
2019-11-21 18:03:42.349DEBUG- Loading template for "category-view/category-view.ftl"("en", UTF-8, parsed) from "jar:file:/C:/Users/cs8286/.m2/repository/com/aventstack/extentreports/3.1.2/extentreports-3.1.2.jar!/com/aventstack/extentreports/view/html-report/category-view/category-view.ftl"
2019-11-21 18:03:42.353DEBUG- Couldn't find template in cache for "author-view/author-view.ftl"("en", UTF-8, parsed); will try to load it.
2019-11-21 18:03:42.354DEBUG- TemplateLoader.findTemplateSource("author-view/author-view_en.ftl"): Not found
2019-11-21 18:03:42.355DEBUG- TemplateLoader.findTemplateSource("author-view/author-view.ftl"): Found
2019-11-21 18:03:42.355DEBUG- Loading template for "author-view/author-view.ftl"("en", UTF-8, parsed) from "jar:file:/C:/Users/cs8286/.m2/repository/com/aventstack/extentreports/3.1.2/extentreports-3.1.2.jar!/com/aventstack/extentreports/view/html-report/author-view/author-view.ftl"
2019-11-21 18:03:42.361DEBUG- Couldn't find template in cache for "exception-view/exception-view.ftl"("en", UTF-8, parsed); will try to load it.
2019-11-21 18:03:42.361DEBUG- TemplateLoader.findTemplateSource("exception-view/exception-view_en.ftl"): Not found
2019-11-21 18:03:42.362DEBUG- TemplateLoader.findTemplateSource("exception-view/exception-view.ftl"): Found
2019-11-21 18:03:42.362DEBUG- Loading template for "exception-view/exception-view.ftl"("en", UTF-8, parsed) from "jar:file:/C:/Users/cs8286/.m2/repository/com/aventstack/extentreports/3.1.2/extentreports-3.1.2.jar!/com/aventstack/extentreports/view/html-report/exception-view/exception-view.ftl"
2019-11-21 18:03:42.372DEBUG- Couldn't find template in cache for "dashboard-view/dashboard-view.ftl"("en", UTF-8, parsed); will try to load it.
2019-11-21 18:03:42.373DEBUG- TemplateLoader.findTemplateSource("dashboard-view/dashboard-view_en.ftl"): Not found
2019-11-21 18:03:42.374DEBUG- TemplateLoader.findTemplateSource("dashboard-view/dashboard-view.ftl"): Found
2019-11-21 18:03:42.374DEBUG- Loading template for "dashboard-view/dashboard-view.ftl"("en", UTF-8, parsed) from "jar:file:/C:/Users/cs8286/.m2/repository/com/aventstack/extentreports/3.1.2/extentreports-3.1.2.jar!/com/aventstack/extentreports/view/html-report/dashboard-view/dashboard-view.ftl"
2019-11-21 18:03:42.380DEBUG- Couldn't find template in cache for "logs-view/testrunner-logs-view.ftl"("en", UTF-8, parsed); will try to load it.
2019-11-21 18:03:42.381DEBUG- TemplateLoader.findTemplateSource("logs-view/testrunner-logs-view_en.ftl"): Not found
2019-11-21 18:03:42.382DEBUG- TemplateLoader.findTemplateSource("logs-view/testrunner-logs-view.ftl"): Found
2019-11-21 18:03:42.382DEBUG- Loading template for "logs-view/testrunner-logs-view.ftl"("en", UTF-8, parsed) from "jar:file:/C:/Users/cs8286/.m2/repository/com/aventstack/extentreports/3.1.2/extentreports-3.1.2.jar!/com/aventstack/extentreports/view/html-report/logs-view/testrunner-logs-view.ftl"
2019-11-21 18:03:54.052INFO - attaching html report to the xray issue ...
2019-11-21 18:03:54.055INFO - Last Test Report Folder: C:\Bitbucket\rta\Reports\Reports_Thu_Nov_21_18_03_43_CET_2019
2019-11-21 18:03:54.056INFO - Zipping files ...
2019-11-21 18:03:54.090INFO - Files zipped successfully
2019-11-21 18:03:54.617INFO - 
2019-11-21 18:03:54.617INFO - Response:
2019-11-21 18:03:54.617INFO - Content-Type: Content-Type: application/json;charset=UTF-8
2019-11-21 18:03:54.618INFO - Content-Length: null
2019-11-21 18:03:54.618INFO - Status : 200
2019-11-21 18:03:54.618INFO - Content: [{"self":"https://t-jira-consorsbank.is.echonet/rest/api/2/attachment/25523","id":"25523","filename":"TestReport_Reports_Thu_Nov_21_18_03_43_CET_2019.zip","author":{"self":"https://t-jira-consorsbank.is.echonet/rest/api/2/user?username=CS8286","name":"CS8286","key":"cs8286","emailAddress":"Jithin.MuhammedIllyasJameelaB@consorsbank.de","avatarUrls":{"48x48":"https://t-jira-consorsbank.is.echonet/secure/useravatar?avatarId=10172","24x24":"https://t-jira-consorsbank.is.echonet/secure/useravatar?size=small&avatarId=10172","16x16":"https://t-jira-consorsbank.is.echonet/secure/useravatar?size=xsmall&avatarId=10172","32x32":"https://t-jira-consorsbank.is.echonet/secure/useravatar?size=medium&avatarId=10172"},"displayName":"Muhammed Illyas Jameela B Jithin","active":true,"timeZone":"Europe/Berlin"},"created":"2019-11-21T18:03:54.000+0100","size":276560,"mimeType":"application/zip","content":"https://t-jira-consorsbank.is.echonet/secure/attachment/25523/TestReport_Reports_Thu_Nov_21_18_03_43_CET_2019.zip"}]
