2019-11-21 18:10:27.303INFO - Log configuration done. Log Dir:.\Logs
2019-11-21 18:10:27.656INFO - Test Start Time: 2019-11-21T18:10:27+01:00
2019-11-21 18:11:19.119INFO - saving results to Xray ...
2019-11-21 18:11:19.270INFO - ***********************************************************
2019-11-21 18:11:19.270INFO - Request:
2019-11-21 18:11:19.271INFO - POST https://t-jira-consorsbank.is.echonet/rest/raven/1.0/import/execution
2019-11-21 18:11:19.271INFO - HOST: t-jira-consorsbank.is.echonet
2019-11-21 18:11:19.271INFO - Content-Type: Content-type: application/json
2019-11-21 18:11:19.272INFO - Content-Length: null
2019-11-21 18:11:19.579INFO - 
2019-11-21 18:11:19.579INFO - Response:
2019-11-21 18:11:19.580INFO - Content-Type: Content-Type: application/json;charset=UTF-8
2019-11-21 18:11:19.580INFO - Content-Length: null
2019-11-21 18:11:19.580INFO - Status : 400
2019-11-21 18:11:19.580INFO - Content: Test issue with key TA-172 not found.

2019-11-21 18:11:20.512DEBUG- Couldn't find template in cache for "index.ftl"("en", UTF-8, parsed); will try to load it.
2019-11-21 18:11:20.514DEBUG- TemplateLoader.findTemplateSource("index_en.ftl"): Not found
2019-11-21 18:11:20.517DEBUG- TemplateLoader.findTemplateSource("index.ftl"): Found
2019-11-21 18:11:20.518DEBUG- Loading template for "index.ftl"("en", UTF-8, parsed) from "jar:file:/C:/Users/cs8286/.m2/repository/com/aventstack/extentreports/3.1.2/extentreports-3.1.2.jar!/com/aventstack/extentreports/view/html-report/index.ftl"
2019-11-21 18:11:20.811DEBUG- Couldn't find template in cache for "head.ftl"("en", UTF-8, parsed); will try to load it.
2019-11-21 18:11:20.812DEBUG- TemplateLoader.findTemplateSource("head_en.ftl"): Not found
2019-11-21 18:11:20.812DEBUG- TemplateLoader.findTemplateSource("head.ftl"): Found
2019-11-21 18:11:20.813DEBUG- Loading template for "head.ftl"("en", UTF-8, parsed) from "jar:file:/C:/Users/cs8286/.m2/repository/com/aventstack/extentreports/3.1.2/extentreports-3.1.2.jar!/com/aventstack/extentreports/view/html-report/head.ftl"
2019-11-21 18:11:20.816DEBUG- Couldn't find template in cache for "nav.ftl"("en", UTF-8, parsed); will try to load it.
2019-11-21 18:11:20.817DEBUG- TemplateLoader.findTemplateSource("nav_en.ftl"): Not found
2019-11-21 18:11:20.818DEBUG- TemplateLoader.findTemplateSource("nav.ftl"): Found
2019-11-21 18:11:20.818DEBUG- Loading template for "nav.ftl"("en", UTF-8, parsed) from "jar:file:/C:/Users/cs8286/.m2/repository/com/aventstack/extentreports/3.1.2/extentreports-3.1.2.jar!/com/aventstack/extentreports/view/html-report/nav.ftl"
2019-11-21 18:11:20.828DEBUG- Couldn't find template in cache for "test-view/test-view.ftl"("en", UTF-8, parsed); will try to load it.
2019-11-21 18:11:20.829DEBUG- TemplateLoader.findTemplateSource("test-view/test-view_en.ftl"): Not found
2019-11-21 18:11:20.830DEBUG- TemplateLoader.findTemplateSource("test-view/test-view.ftl"): Found
2019-11-21 18:11:20.830DEBUG- Loading template for "test-view/test-view.ftl"("en", UTF-8, parsed) from "jar:file:/C:/Users/cs8286/.m2/repository/com/aventstack/extentreports/3.1.2/extentreports-3.1.2.jar!/com/aventstack/extentreports/view/html-report/test-view/test-view.ftl"
2019-11-21 18:11:20.843DEBUG- Couldn't find template in cache for "test-view/test-view-charts.ftl"("en", UTF-8, parsed); will try to load it.
2019-11-21 18:11:20.844DEBUG- TemplateLoader.findTemplateSource("test-view/test-view-charts_en.ftl"): Not found
2019-11-21 18:11:20.844DEBUG- TemplateLoader.findTemplateSource("test-view/test-view-charts.ftl"): Found
2019-11-21 18:11:20.844DEBUG- Loading template for "test-view/test-view-charts.ftl"("en", UTF-8, parsed) from "jar:file:/C:/Users/cs8286/.m2/repository/com/aventstack/extentreports/3.1.2/extentreports-3.1.2.jar!/com/aventstack/extentreports/view/html-report/test-view/test-view-charts.ftl"
2019-11-21 18:11:20.863DEBUG- Couldn't find template in cache for "test-view/standard.ftl"("en", UTF-8, parsed); will try to load it.
2019-11-21 18:11:20.864DEBUG- TemplateLoader.findTemplateSource("test-view/standard_en.ftl"): Not found
2019-11-21 18:11:20.864DEBUG- TemplateLoader.findTemplateSource("test-view/standard.ftl"): Found
2019-11-21 18:11:20.865DEBUG- Loading template for "test-view/standard.ftl"("en", UTF-8, parsed) from "jar:file:/C:/Users/cs8286/.m2/repository/com/aventstack/extentreports/3.1.2/extentreports-3.1.2.jar!/com/aventstack/extentreports/view/html-report/test-view/standard.ftl"
2019-11-21 18:11:20.911DEBUG- Couldn't find template in cache for "category-view/category-view.ftl"("en", UTF-8, parsed); will try to load it.
2019-11-21 18:11:20.913DEBUG- TemplateLoader.findTemplateSource("category-view/category-view_en.ftl"): Not found
2019-11-21 18:11:20.914DEBUG- TemplateLoader.findTemplateSource("category-view/category-view.ftl"): Found
2019-11-21 18:11:20.914DEBUG- Loading template for "category-view/category-view.ftl"("en", UTF-8, parsed) from "jar:file:/C:/Users/cs8286/.m2/repository/com/aventstack/extentreports/3.1.2/extentreports-3.1.2.jar!/com/aventstack/extentreports/view/html-report/category-view/category-view.ftl"
2019-11-21 18:11:20.920DEBUG- Couldn't find template in cache for "author-view/author-view.ftl"("en", UTF-8, parsed); will try to load it.
2019-11-21 18:11:20.921DEBUG- TemplateLoader.findTemplateSource("author-view/author-view_en.ftl"): Not found
2019-11-21 18:11:20.922DEBUG- TemplateLoader.findTemplateSource("author-view/author-view.ftl"): Found
2019-11-21 18:11:20.922DEBUG- Loading template for "author-view/author-view.ftl"("en", UTF-8, parsed) from "jar:file:/C:/Users/cs8286/.m2/repository/com/aventstack/extentreports/3.1.2/extentreports-3.1.2.jar!/com/aventstack/extentreports/view/html-report/author-view/author-view.ftl"
2019-11-21 18:11:20.935DEBUG- Couldn't find template in cache for "exception-view/exception-view.ftl"("en", UTF-8, parsed); will try to load it.
2019-11-21 18:11:20.935DEBUG- TemplateLoader.findTemplateSource("exception-view/exception-view_en.ftl"): Not found
2019-11-21 18:11:20.936DEBUG- TemplateLoader.findTemplateSource("exception-view/exception-view.ftl"): Found
2019-11-21 18:11:20.936DEBUG- Loading template for "exception-view/exception-view.ftl"("en", UTF-8, parsed) from "jar:file:/C:/Users/cs8286/.m2/repository/com/aventstack/extentreports/3.1.2/extentreports-3.1.2.jar!/com/aventstack/extentreports/view/html-report/exception-view/exception-view.ftl"
2019-11-21 18:11:20.941DEBUG- Couldn't find template in cache for "dashboard-view/dashboard-view.ftl"("en", UTF-8, parsed); will try to load it.
2019-11-21 18:11:20.942DEBUG- TemplateLoader.findTemplateSource("dashboard-view/dashboard-view_en.ftl"): Not found
2019-11-21 18:11:20.943DEBUG- TemplateLoader.findTemplateSource("dashboard-view/dashboard-view.ftl"): Found
2019-11-21 18:11:20.944DEBUG- Loading template for "dashboard-view/dashboard-view.ftl"("en", UTF-8, parsed) from "jar:file:/C:/Users/cs8286/.m2/repository/com/aventstack/extentreports/3.1.2/extentreports-3.1.2.jar!/com/aventstack/extentreports/view/html-report/dashboard-view/dashboard-view.ftl"
2019-11-21 18:11:20.953DEBUG- Couldn't find template in cache for "logs-view/testrunner-logs-view.ftl"("en", UTF-8, parsed); will try to load it.
2019-11-21 18:11:20.954DEBUG- TemplateLoader.findTemplateSource("logs-view/testrunner-logs-view_en.ftl"): Not found
2019-11-21 18:11:20.954DEBUG- TemplateLoader.findTemplateSource("logs-view/testrunner-logs-view.ftl"): Found
2019-11-21 18:11:20.954DEBUG- Loading template for "logs-view/testrunner-logs-view.ftl"("en", UTF-8, parsed) from "jar:file:/C:/Users/cs8286/.m2/repository/com/aventstack/extentreports/3.1.2/extentreports-3.1.2.jar!/com/aventstack/extentreports/view/html-report/logs-view/testrunner-logs-view.ftl"
2019-11-21 18:11:32.290INFO - attaching html report to the xray issue ...
2019-11-21 18:11:32.290INFO - Last Test Report Folder: C:\Bitbucket\rta\Reports\Reports_Thu_Nov_21_18_11_22_CET_2019
2019-11-21 18:11:32.290INFO - Zipping files ...
2019-11-21 18:11:32.321INFO - Files zipped successfully
2019-11-21 18:11:32.821INFO - 
2019-11-21 18:11:32.821INFO - Response:
2019-11-21 18:11:32.821INFO - Content-Type: Content-Type: application/json;charset=UTF-8
2019-11-21 18:11:32.821INFO - Content-Length: null
2019-11-21 18:11:32.821INFO - Status : 200
2019-11-21 18:11:32.821INFO - Content: [{"self":"https://t-jira-consorsbank.is.echonet/rest/api/2/attachment/25525","id":"25525","filename":"TestReport_Reports_Thu_Nov_21_18_11_22_CET_2019.zip","author":{"self":"https://t-jira-consorsbank.is.echonet/rest/api/2/user?username=CS8286","name":"CS8286","key":"cs8286","emailAddress":"Jithin.MuhammedIllyasJameelaB@consorsbank.de","avatarUrls":{"48x48":"https://t-jira-consorsbank.is.echonet/secure/useravatar?avatarId=10172","24x24":"https://t-jira-consorsbank.is.echonet/secure/useravatar?size=small&avatarId=10172","16x16":"https://t-jira-consorsbank.is.echonet/secure/useravatar?size=xsmall&avatarId=10172","32x32":"https://t-jira-consorsbank.is.echonet/secure/useravatar?size=medium&avatarId=10172"},"displayName":"Muhammed Illyas Jameela B Jithin","active":true,"timeZone":"Europe/Berlin"},"created":"2019-11-21T18:11:32.000+0100","size":292085,"mimeType":"application/zip","content":"https://t-jira-consorsbank.is.echonet/secure/attachment/25525/TestReport_Reports_Thu_Nov_21_18_11_22_CET_2019.zip"}]
