2019-11-20 16:31:44.315INFO - Log configuration done. Log Dir:.\Logs
2019-11-20 16:31:44.683INFO - Test Start Time: 2019-11-20T16:31:44+01:00
2019-11-20 16:32:03.639INFO - saving results to Xray ...
2019-11-20 16:32:03.873INFO - ***********************************************************
2019-11-20 16:32:03.873INFO - Request:
2019-11-20 16:32:03.873INFO - POST https://t-jira-consorsbank.is.echonet/rest/raven/1.0/import/execution
2019-11-20 16:32:03.873INFO - HOST: t-jira-consorsbank.is.echonet
2019-11-20 16:32:03.873INFO - Content-Type: Content-type: application/json
2019-11-20 16:32:03.873INFO - Content-Length: null
2019-11-20 16:32:04.310INFO - 
2019-11-20 16:32:04.313INFO - Response:
2019-11-20 16:32:04.313INFO - Content-Type: Content-Type: application/json;charset=UTF-8
2019-11-20 16:32:04.313INFO - Content-Length: null
2019-11-20 16:32:04.313INFO - Status : 200
2019-11-20 16:32:04.313INFO - Content: {"testExecIssue":{"id":"238585","key":"TA-69","self":"https://t-jira-consorsbank.is.echonet/rest/api/2/issue/238585"}}
2019-11-20 16:32:09.513INFO - attaching html report to the xray issue ...
2019-11-20 16:32:09.518INFO - Last Test Report Folder: C:\Bitbucket\rta\module-report\module-report\module-report\bin\logger
2019-11-20 16:32:09.518INFO - Zipping files ...
2019-11-20 16:32:09.528INFO - Files zipped successfully
2019-11-20 16:32:09.996INFO - 
2019-11-20 16:32:09.996INFO - Response:
2019-11-20 16:32:09.996INFO - Content-Type: Content-Type: application/json;charset=UTF-8
2019-11-20 16:32:09.996INFO - Content-Length: null
2019-11-20 16:32:09.996INFO - Status : 200
2019-11-20 16:32:09.996INFO - Content: [{"self":"https://t-jira-consorsbank.is.echonet/rest/api/2/attachment/25465","id":"25465","filename":"TestReport_logger.zip","author":{"self":"https://t-jira-consorsbank.is.echonet/rest/api/2/user?username=CS8286","name":"CS8286","key":"cs8286","emailAddress":"Jithin.MuhammedIllyasJameelaB@consorsbank.de","avatarUrls":{"48x48":"https://t-jira-consorsbank.is.echonet/secure/useravatar?avatarId=10172","24x24":"https://t-jira-consorsbank.is.echonet/secure/useravatar?size=small&avatarId=10172","16x16":"https://t-jira-consorsbank.is.echonet/secure/useravatar?size=xsmall&avatarId=10172","32x32":"https://t-jira-consorsbank.is.echonet/secure/useravatar?size=medium&avatarId=10172"},"displayName":"Muhammed Illyas Jameela B Jithin","active":true,"timeZone":"Europe/Berlin"},"created":"2019-11-20T16:32:09.000+0100","size":5198,"mimeType":"application/zip","content":"https://t-jira-consorsbank.is.echonet/secure/attachment/25465/TestReport_logger.zip"}]
