2019-11-06 11:26:29.609INFO - Log configuration done. Log Dir:.\Logs
2019-11-06 11:26:29.989INFO - Test Start Time: 2019-11-06T11:26:29+01:00
2019-11-06 11:28:35.461INFO - saving results to Xray ...
2019-11-06 11:28:35.606INFO - ***********************************************************
2019-11-06 11:28:35.607INFO - Request:
2019-11-06 11:28:35.607INFO - POST https://t-jira-consorsbank.is.echonet/rest/raven/1.0/import/execution
2019-11-06 11:28:35.607INFO - HOST: t-jira-consorsbank.is.echonet
2019-11-06 11:28:35.608INFO - Content-Type: Content-type: application/json
2019-11-06 11:28:35.608INFO - Content-Length: null
2019-11-06 11:28:36.081INFO - 
2019-11-06 11:28:36.081INFO - Response:
2019-11-06 11:28:36.081INFO - Content-Type: Content-Type: application/json;charset=UTF-8
2019-11-06 11:28:36.082INFO - Content-Length: null
2019-11-06 11:28:36.082INFO - Status : 200
2019-11-06 11:28:36.082INFO - Content: {"testExecIssue":{"id":"238585","key":"TA-69","self":"https://t-jira-consorsbank.is.echonet/rest/api/2/issue/238585"}}
2019-11-06 11:28:36.108DEBUG- Couldn't find template in cache for "index.ftl"("en", UTF-8, parsed); will try to load it.
2019-11-06 11:28:36.109DEBUG- TemplateLoader.findTemplateSource("index_en.ftl"): Not found
2019-11-06 11:28:36.112DEBUG- TemplateLoader.findTemplateSource("index.ftl"): Found
2019-11-06 11:28:36.113DEBUG- Loading template for "index.ftl"("en", UTF-8, parsed) from "jar:file:/C:/Users/cs8286/.m2/repository/com/aventstack/extentreports/3.1.2/extentreports-3.1.2.jar!/com/aventstack/extentreports/view/html-report/index.ftl"
2019-11-06 11:28:36.371DEBUG- Couldn't find template in cache for "head.ftl"("en", UTF-8, parsed); will try to load it.
2019-11-06 11:28:36.372DEBUG- TemplateLoader.findTemplateSource("head_en.ftl"): Not found
2019-11-06 11:28:36.373DEBUG- TemplateLoader.findTemplateSource("head.ftl"): Found
2019-11-06 11:28:36.373DEBUG- Loading template for "head.ftl"("en", UTF-8, parsed) from "jar:file:/C:/Users/cs8286/.m2/repository/com/aventstack/extentreports/3.1.2/extentreports-3.1.2.jar!/com/aventstack/extentreports/view/html-report/head.ftl"
2019-11-06 11:28:36.377DEBUG- Couldn't find template in cache for "nav.ftl"("en", UTF-8, parsed); will try to load it.
2019-11-06 11:28:36.377DEBUG- TemplateLoader.findTemplateSource("nav_en.ftl"): Not found
2019-11-06 11:28:36.378DEBUG- TemplateLoader.findTemplateSource("nav.ftl"): Found
2019-11-06 11:28:36.378DEBUG- Loading template for "nav.ftl"("en", UTF-8, parsed) from "jar:file:/C:/Users/cs8286/.m2/repository/com/aventstack/extentreports/3.1.2/extentreports-3.1.2.jar!/com/aventstack/extentreports/view/html-report/nav.ftl"
2019-11-06 11:28:36.388DEBUG- Couldn't find template in cache for "test-view/test-view.ftl"("en", UTF-8, parsed); will try to load it.
2019-11-06 11:28:36.388DEBUG- TemplateLoader.findTemplateSource("test-view/test-view_en.ftl"): Not found
2019-11-06 11:28:36.389DEBUG- TemplateLoader.findTemplateSource("test-view/test-view.ftl"): Found
2019-11-06 11:28:36.389DEBUG- Loading template for "test-view/test-view.ftl"("en", UTF-8, parsed) from "jar:file:/C:/Users/cs8286/.m2/repository/com/aventstack/extentreports/3.1.2/extentreports-3.1.2.jar!/com/aventstack/extentreports/view/html-report/test-view/test-view.ftl"
2019-11-06 11:28:36.400DEBUG- Couldn't find template in cache for "test-view/test-view-charts.ftl"("en", UTF-8, parsed); will try to load it.
2019-11-06 11:28:36.401DEBUG- TemplateLoader.findTemplateSource("test-view/test-view-charts_en.ftl"): Not found
2019-11-06 11:28:36.401DEBUG- TemplateLoader.findTemplateSource("test-view/test-view-charts.ftl"): Found
2019-11-06 11:28:36.401DEBUG- Loading template for "test-view/test-view-charts.ftl"("en", UTF-8, parsed) from "jar:file:/C:/Users/cs8286/.m2/repository/com/aventstack/extentreports/3.1.2/extentreports-3.1.2.jar!/com/aventstack/extentreports/view/html-report/test-view/test-view-charts.ftl"
2019-11-06 11:28:36.420DEBUG- Couldn't find template in cache for "test-view/standard.ftl"("en", UTF-8, parsed); will try to load it.
2019-11-06 11:28:36.420DEBUG- TemplateLoader.findTemplateSource("test-view/standard_en.ftl"): Not found
2019-11-06 11:28:36.421DEBUG- TemplateLoader.findTemplateSource("test-view/standard.ftl"): Found
2019-11-06 11:28:36.421DEBUG- Loading template for "test-view/standard.ftl"("en", UTF-8, parsed) from "jar:file:/C:/Users/cs8286/.m2/repository/com/aventstack/extentreports/3.1.2/extentreports-3.1.2.jar!/com/aventstack/extentreports/view/html-report/test-view/standard.ftl"
2019-11-06 11:28:36.449DEBUG- Couldn't find template in cache for "category-view/category-view.ftl"("en", UTF-8, parsed); will try to load it.
2019-11-06 11:28:36.450DEBUG- TemplateLoader.findTemplateSource("category-view/category-view_en.ftl"): Not found
2019-11-06 11:28:36.450DEBUG- TemplateLoader.findTemplateSource("category-view/category-view.ftl"): Found
2019-11-06 11:28:36.451DEBUG- Loading template for "category-view/category-view.ftl"("en", UTF-8, parsed) from "jar:file:/C:/Users/cs8286/.m2/repository/com/aventstack/extentreports/3.1.2/extentreports-3.1.2.jar!/com/aventstack/extentreports/view/html-report/category-view/category-view.ftl"
2019-11-06 11:28:36.457DEBUG- Couldn't find template in cache for "author-view/author-view.ftl"("en", UTF-8, parsed); will try to load it.
2019-11-06 11:28:36.458DEBUG- TemplateLoader.findTemplateSource("author-view/author-view_en.ftl"): Not found
2019-11-06 11:28:36.459DEBUG- TemplateLoader.findTemplateSource("author-view/author-view.ftl"): Found
2019-11-06 11:28:36.459DEBUG- Loading template for "author-view/author-view.ftl"("en", UTF-8, parsed) from "jar:file:/C:/Users/cs8286/.m2/repository/com/aventstack/extentreports/3.1.2/extentreports-3.1.2.jar!/com/aventstack/extentreports/view/html-report/author-view/author-view.ftl"
2019-11-06 11:28:36.463DEBUG- Couldn't find template in cache for "exception-view/exception-view.ftl"("en", UTF-8, parsed); will try to load it.
2019-11-06 11:28:36.464DEBUG- TemplateLoader.findTemplateSource("exception-view/exception-view_en.ftl"): Not found
2019-11-06 11:28:36.464DEBUG- TemplateLoader.findTemplateSource("exception-view/exception-view.ftl"): Found
2019-11-06 11:28:36.465DEBUG- Loading template for "exception-view/exception-view.ftl"("en", UTF-8, parsed) from "jar:file:/C:/Users/cs8286/.m2/repository/com/aventstack/extentreports/3.1.2/extentreports-3.1.2.jar!/com/aventstack/extentreports/view/html-report/exception-view/exception-view.ftl"
2019-11-06 11:28:36.469DEBUG- Couldn't find template in cache for "dashboard-view/dashboard-view.ftl"("en", UTF-8, parsed); will try to load it.
2019-11-06 11:28:36.470DEBUG- TemplateLoader.findTemplateSource("dashboard-view/dashboard-view_en.ftl"): Not found
2019-11-06 11:28:36.471DEBUG- TemplateLoader.findTemplateSource("dashboard-view/dashboard-view.ftl"): Found
2019-11-06 11:28:36.471DEBUG- Loading template for "dashboard-view/dashboard-view.ftl"("en", UTF-8, parsed) from "jar:file:/C:/Users/cs8286/.m2/repository/com/aventstack/extentreports/3.1.2/extentreports-3.1.2.jar!/com/aventstack/extentreports/view/html-report/dashboard-view/dashboard-view.ftl"
2019-11-06 11:28:36.477DEBUG- Couldn't find template in cache for "logs-view/testrunner-logs-view.ftl"("en", UTF-8, parsed); will try to load it.
2019-11-06 11:28:36.478DEBUG- TemplateLoader.findTemplateSource("logs-view/testrunner-logs-view_en.ftl"): Not found
2019-11-06 11:28:36.478DEBUG- TemplateLoader.findTemplateSource("logs-view/testrunner-logs-view.ftl"): Found
2019-11-06 11:28:36.478DEBUG- Loading template for "logs-view/testrunner-logs-view.ftl"("en", UTF-8, parsed) from "jar:file:/C:/Users/cs8286/.m2/repository/com/aventstack/extentreports/3.1.2/extentreports-3.1.2.jar!/com/aventstack/extentreports/view/html-report/logs-view/testrunner-logs-view.ftl"
2019-11-06 11:28:42.614INFO - attaching html report to the xray issue ...
2019-11-06 11:28:42.618INFO - Last Test Report Folder: .\Reports\Wed Nov 06 11_26_29 CET 2019
2019-11-06 11:28:42.619INFO - Zipping files ...
2019-11-06 11:28:42.650INFO - Files zipped successfully
2019-11-06 11:28:43.330INFO - 
2019-11-06 11:28:43.331INFO - Response:
2019-11-06 11:28:43.331INFO - Content-Type: Content-Type: application/json;charset=UTF-8
2019-11-06 11:28:43.332INFO - Content-Length: null
2019-11-06 11:28:43.332INFO - Status : 200
2019-11-06 11:28:43.332INFO - Content: [{"self":"https://t-jira-consorsbank.is.echonet/rest/api/2/attachment/25178","id":"25178","filename":"TestReport_Wed_Nov_06_11_26_29_CET_2019.zip","author":{"self":"https://t-jira-consorsbank.is.echonet/rest/api/2/user?username=CS8286","name":"CS8286","key":"cs8286","emailAddress":"Jithin.MuhammedIllyasJameelaB@consorsbank.de","avatarUrls":{"48x48":"https://t-jira-consorsbank.is.echonet/secure/useravatar?avatarId=10172","24x24":"https://t-jira-consorsbank.is.echonet/secure/useravatar?size=small&avatarId=10172","16x16":"https://t-jira-consorsbank.is.echonet/secure/useravatar?size=xsmall&avatarId=10172","32x32":"https://t-jira-consorsbank.is.echonet/secure/useravatar?size=medium&avatarId=10172"},"displayName":"Muhammed Illyas Jameela B Jithin","active":true,"timeZone":"Europe/Berlin"},"created":"2019-11-06T11:28:42.000+0100","size":298919,"mimeType":"application/zip","content":"https://t-jira-consorsbank.is.echonet/secure/attachment/25178/TestReport_Wed_Nov_06_11_26_29_CET_2019.zip"}]
