2019-11-19 20:52:35.304INFO - Log configuration done. Log Dir:.\Logs
2019-11-19 20:52:35.659INFO - Test Start Time: 2019-11-19T20:52:35+01:00
2019-11-19 20:53:22.656INFO - saving results to Xray ...
2019-11-19 20:53:22.804INFO - ***********************************************************
2019-11-19 20:53:22.805INFO - Request:
2019-11-19 20:53:22.805INFO - POST https://t-jira-consorsbank.is.echonet/rest/raven/1.0/import/execution
2019-11-19 20:53:22.805INFO - HOST: t-jira-consorsbank.is.echonet
2019-11-19 20:53:22.806INFO - Content-Type: Content-type: application/json
2019-11-19 20:53:22.806INFO - Content-Length: null
2019-11-19 20:53:23.272INFO - 
2019-11-19 20:53:23.272INFO - Response:
2019-11-19 20:53:23.273INFO - Content-Type: Content-Type: application/json;charset=UTF-8
2019-11-19 20:53:23.273INFO - Content-Length: null
2019-11-19 20:53:23.273INFO - Status : 400
2019-11-19 20:53:23.273INFO - Content: Test issue with key TA-163 not found.

2019-11-19 20:53:23.295DEBUG- Couldn't find template in cache for "index.ftl"("en", UTF-8, parsed); will try to load it.
2019-11-19 20:53:23.297DEBUG- TemplateLoader.findTemplateSource("index_en.ftl"): Not found
2019-11-19 20:53:23.299DEBUG- TemplateLoader.findTemplateSource("index.ftl"): Found
2019-11-19 20:53:23.300DEBUG- Loading template for "index.ftl"("en", UTF-8, parsed) from "jar:file:/C:/Users/cs8286/.m2/repository/com/aventstack/extentreports/3.1.2/extentreports-3.1.2.jar!/com/aventstack/extentreports/view/html-report/index.ftl"
2019-11-19 20:53:23.547DEBUG- Couldn't find template in cache for "head.ftl"("en", UTF-8, parsed); will try to load it.
2019-11-19 20:53:23.548DEBUG- TemplateLoader.findTemplateSource("head_en.ftl"): Not found
2019-11-19 20:53:23.549DEBUG- TemplateLoader.findTemplateSource("head.ftl"): Found
2019-11-19 20:53:23.549DEBUG- Loading template for "head.ftl"("en", UTF-8, parsed) from "jar:file:/C:/Users/cs8286/.m2/repository/com/aventstack/extentreports/3.1.2/extentreports-3.1.2.jar!/com/aventstack/extentreports/view/html-report/head.ftl"
2019-11-19 20:53:23.557DEBUG- Couldn't find template in cache for "nav.ftl"("en", UTF-8, parsed); will try to load it.
2019-11-19 20:53:23.558DEBUG- TemplateLoader.findTemplateSource("nav_en.ftl"): Not found
2019-11-19 20:53:23.558DEBUG- TemplateLoader.findTemplateSource("nav.ftl"): Found
2019-11-19 20:53:23.559DEBUG- Loading template for "nav.ftl"("en", UTF-8, parsed) from "jar:file:/C:/Users/cs8286/.m2/repository/com/aventstack/extentreports/3.1.2/extentreports-3.1.2.jar!/com/aventstack/extentreports/view/html-report/nav.ftl"
2019-11-19 20:53:23.606DEBUG- Couldn't find template in cache for "test-view/test-view.ftl"("en", UTF-8, parsed); will try to load it.
2019-11-19 20:53:23.607DEBUG- TemplateLoader.findTemplateSource("test-view/test-view_en.ftl"): Not found
2019-11-19 20:53:23.608DEBUG- TemplateLoader.findTemplateSource("test-view/test-view.ftl"): Found
2019-11-19 20:53:23.608DEBUG- Loading template for "test-view/test-view.ftl"("en", UTF-8, parsed) from "jar:file:/C:/Users/cs8286/.m2/repository/com/aventstack/extentreports/3.1.2/extentreports-3.1.2.jar!/com/aventstack/extentreports/view/html-report/test-view/test-view.ftl"
2019-11-19 20:53:23.626DEBUG- Couldn't find template in cache for "test-view/test-view-charts.ftl"("en", UTF-8, parsed); will try to load it.
2019-11-19 20:53:23.627DEBUG- TemplateLoader.findTemplateSource("test-view/test-view-charts_en.ftl"): Not found
2019-11-19 20:53:23.627DEBUG- TemplateLoader.findTemplateSource("test-view/test-view-charts.ftl"): Found
2019-11-19 20:53:23.628DEBUG- Loading template for "test-view/test-view-charts.ftl"("en", UTF-8, parsed) from "jar:file:/C:/Users/cs8286/.m2/repository/com/aventstack/extentreports/3.1.2/extentreports-3.1.2.jar!/com/aventstack/extentreports/view/html-report/test-view/test-view-charts.ftl"
2019-11-19 20:53:23.651DEBUG- Couldn't find template in cache for "test-view/standard.ftl"("en", UTF-8, parsed); will try to load it.
2019-11-19 20:53:23.663DEBUG- TemplateLoader.findTemplateSource("test-view/standard_en.ftl"): Not found
2019-11-19 20:53:23.664DEBUG- TemplateLoader.findTemplateSource("test-view/standard.ftl"): Found
2019-11-19 20:53:23.664DEBUG- Loading template for "test-view/standard.ftl"("en", UTF-8, parsed) from "jar:file:/C:/Users/cs8286/.m2/repository/com/aventstack/extentreports/3.1.2/extentreports-3.1.2.jar!/com/aventstack/extentreports/view/html-report/test-view/standard.ftl"
2019-11-19 20:53:23.711DEBUG- Couldn't find template in cache for "category-view/category-view.ftl"("en", UTF-8, parsed); will try to load it.
2019-11-19 20:53:23.712DEBUG- TemplateLoader.findTemplateSource("category-view/category-view_en.ftl"): Not found
2019-11-19 20:53:23.713DEBUG- TemplateLoader.findTemplateSource("category-view/category-view.ftl"): Found
2019-11-19 20:53:23.713DEBUG- Loading template for "category-view/category-view.ftl"("en", UTF-8, parsed) from "jar:file:/C:/Users/cs8286/.m2/repository/com/aventstack/extentreports/3.1.2/extentreports-3.1.2.jar!/com/aventstack/extentreports/view/html-report/category-view/category-view.ftl"
2019-11-19 20:53:23.718DEBUG- Couldn't find template in cache for "author-view/author-view.ftl"("en", UTF-8, parsed); will try to load it.
2019-11-19 20:53:23.719DEBUG- TemplateLoader.findTemplateSource("author-view/author-view_en.ftl"): Not found
2019-11-19 20:53:23.719DEBUG- TemplateLoader.findTemplateSource("author-view/author-view.ftl"): Found
2019-11-19 20:53:23.719DEBUG- Loading template for "author-view/author-view.ftl"("en", UTF-8, parsed) from "jar:file:/C:/Users/cs8286/.m2/repository/com/aventstack/extentreports/3.1.2/extentreports-3.1.2.jar!/com/aventstack/extentreports/view/html-report/author-view/author-view.ftl"
2019-11-19 20:53:23.724DEBUG- Couldn't find template in cache for "exception-view/exception-view.ftl"("en", UTF-8, parsed); will try to load it.
2019-11-19 20:53:23.726DEBUG- TemplateLoader.findTemplateSource("exception-view/exception-view_en.ftl"): Not found
2019-11-19 20:53:23.726DEBUG- TemplateLoader.findTemplateSource("exception-view/exception-view.ftl"): Found
2019-11-19 20:53:23.727DEBUG- Loading template for "exception-view/exception-view.ftl"("en", UTF-8, parsed) from "jar:file:/C:/Users/cs8286/.m2/repository/com/aventstack/extentreports/3.1.2/extentreports-3.1.2.jar!/com/aventstack/extentreports/view/html-report/exception-view/exception-view.ftl"
2019-11-19 20:53:23.734DEBUG- Couldn't find template in cache for "dashboard-view/dashboard-view.ftl"("en", UTF-8, parsed); will try to load it.
2019-11-19 20:53:23.735DEBUG- TemplateLoader.findTemplateSource("dashboard-view/dashboard-view_en.ftl"): Not found
2019-11-19 20:53:23.736DEBUG- TemplateLoader.findTemplateSource("dashboard-view/dashboard-view.ftl"): Found
2019-11-19 20:53:23.736DEBUG- Loading template for "dashboard-view/dashboard-view.ftl"("en", UTF-8, parsed) from "jar:file:/C:/Users/cs8286/.m2/repository/com/aventstack/extentreports/3.1.2/extentreports-3.1.2.jar!/com/aventstack/extentreports/view/html-report/dashboard-view/dashboard-view.ftl"
2019-11-19 20:53:23.755DEBUG- Couldn't find template in cache for "logs-view/testrunner-logs-view.ftl"("en", UTF-8, parsed); will try to load it.
2019-11-19 20:53:23.756DEBUG- TemplateLoader.findTemplateSource("logs-view/testrunner-logs-view_en.ftl"): Not found
2019-11-19 20:53:23.757DEBUG- TemplateLoader.findTemplateSource("logs-view/testrunner-logs-view.ftl"): Found
2019-11-19 20:53:23.757DEBUG- Loading template for "logs-view/testrunner-logs-view.ftl"("en", UTF-8, parsed) from "jar:file:/C:/Users/cs8286/.m2/repository/com/aventstack/extentreports/3.1.2/extentreports-3.1.2.jar!/com/aventstack/extentreports/view/html-report/logs-view/testrunner-logs-view.ftl"
2019-11-19 20:53:30.198INFO - attaching html report to the xray issue ...
2019-11-19 20:53:30.202INFO - Last Test Report Folder: .\Reports\Tue Nov 19 20_52_35 CET 2019
2019-11-19 20:53:30.203INFO - Zipping files ...
2019-11-19 20:53:30.210INFO - Files zipped successfully
2019-11-19 20:53:30.917INFO - 
2019-11-19 20:53:30.917INFO - Response:
2019-11-19 20:53:30.917INFO - Content-Type: Content-Type: application/json;charset=UTF-8
2019-11-19 20:53:30.917INFO - Content-Length: null
2019-11-19 20:53:30.917INFO - Status : 200
2019-11-19 20:53:30.917INFO - Content: [{"self":"https://t-jira-consorsbank.is.echonet/rest/api/2/attachment/25435","id":"25435","filename":"TestReport_Tue_Nov_19_20_52_35_CET_2019.zip","author":{"self":"https://t-jira-consorsbank.is.echonet/rest/api/2/user?username=CS8286","name":"CS8286","key":"cs8286","emailAddress":"Jithin.MuhammedIllyasJameelaB@consorsbank.de","avatarUrls":{"48x48":"https://t-jira-consorsbank.is.echonet/secure/useravatar?avatarId=10172","24x24":"https://t-jira-consorsbank.is.echonet/secure/useravatar?size=small&avatarId=10172","16x16":"https://t-jira-consorsbank.is.echonet/secure/useravatar?size=xsmall&avatarId=10172","32x32":"https://t-jira-consorsbank.is.echonet/secure/useravatar?size=medium&avatarId=10172"},"displayName":"Muhammed Illyas Jameela B Jithin","active":true,"timeZone":"Europe/Berlin"},"created":"2019-11-19T20:53:30.000+0100","size":3361,"mimeType":"application/zip","content":"https://t-jira-consorsbank.is.echonet/secure/attachment/25435/TestReport_Tue_Nov_19_20_52_35_CET_2019.zip"}]
