2019-11-21 17:57:01.793INFO - Log configuration done. Log Dir:.\Logs
2019-11-21 17:57:02.154INFO - Test Start Time: 2019-11-21T17:57:02+01:00
2019-11-21 17:58:16.338INFO - saving results to Xray ...
2019-11-21 17:58:16.497INFO - ***********************************************************
2019-11-21 17:58:16.497INFO - Request:
2019-11-21 17:58:16.497INFO - POST https://t-jira-consorsbank.is.echonet/rest/raven/1.0/import/execution
2019-11-21 17:58:16.498INFO - HOST: t-jira-consorsbank.is.echonet
2019-11-21 17:58:16.498INFO - Content-Type: Content-type: application/json
2019-11-21 17:58:16.498INFO - Content-Length: null
2019-11-21 17:58:16.937INFO - 
2019-11-21 17:58:16.938INFO - Response:
2019-11-21 17:58:16.938INFO - Content-Type: Content-Type: application/json;charset=UTF-8
2019-11-21 17:58:16.938INFO - Content-Length: null
2019-11-21 17:58:16.938INFO - Status : 400
2019-11-21 17:58:16.938INFO - Content: Test issue with key TA-172 not found.

2019-11-21 17:58:17.820DEBUG- Couldn't find template in cache for "index.ftl"("en", UTF-8, parsed); will try to load it.
2019-11-21 17:58:17.821DEBUG- TemplateLoader.findTemplateSource("index_en.ftl"): Not found
2019-11-21 17:58:17.823DEBUG- TemplateLoader.findTemplateSource("index.ftl"): Found
2019-11-21 17:58:17.824DEBUG- Loading template for "index.ftl"("en", UTF-8, parsed) from "jar:file:/C:/Users/cs8286/.m2/repository/com/aventstack/extentreports/3.1.2/extentreports-3.1.2.jar!/com/aventstack/extentreports/view/html-report/index.ftl"
2019-11-21 17:58:18.063DEBUG- Couldn't find template in cache for "head.ftl"("en", UTF-8, parsed); will try to load it.
2019-11-21 17:58:18.064DEBUG- TemplateLoader.findTemplateSource("head_en.ftl"): Not found
2019-11-21 17:58:18.064DEBUG- TemplateLoader.findTemplateSource("head.ftl"): Found
2019-11-21 17:58:18.065DEBUG- Loading template for "head.ftl"("en", UTF-8, parsed) from "jar:file:/C:/Users/cs8286/.m2/repository/com/aventstack/extentreports/3.1.2/extentreports-3.1.2.jar!/com/aventstack/extentreports/view/html-report/head.ftl"
2019-11-21 17:58:18.068DEBUG- Couldn't find template in cache for "nav.ftl"("en", UTF-8, parsed); will try to load it.
2019-11-21 17:58:18.069DEBUG- TemplateLoader.findTemplateSource("nav_en.ftl"): Not found
2019-11-21 17:58:18.069DEBUG- TemplateLoader.findTemplateSource("nav.ftl"): Found
2019-11-21 17:58:18.069DEBUG- Loading template for "nav.ftl"("en", UTF-8, parsed) from "jar:file:/C:/Users/cs8286/.m2/repository/com/aventstack/extentreports/3.1.2/extentreports-3.1.2.jar!/com/aventstack/extentreports/view/html-report/nav.ftl"
2019-11-21 17:58:18.078DEBUG- Couldn't find template in cache for "test-view/test-view.ftl"("en", UTF-8, parsed); will try to load it.
2019-11-21 17:58:18.079DEBUG- TemplateLoader.findTemplateSource("test-view/test-view_en.ftl"): Not found
2019-11-21 17:58:18.080DEBUG- TemplateLoader.findTemplateSource("test-view/test-view.ftl"): Found
2019-11-21 17:58:18.080DEBUG- Loading template for "test-view/test-view.ftl"("en", UTF-8, parsed) from "jar:file:/C:/Users/cs8286/.m2/repository/com/aventstack/extentreports/3.1.2/extentreports-3.1.2.jar!/com/aventstack/extentreports/view/html-report/test-view/test-view.ftl"
2019-11-21 17:58:18.092DEBUG- Couldn't find template in cache for "test-view/test-view-charts.ftl"("en", UTF-8, parsed); will try to load it.
2019-11-21 17:58:18.092DEBUG- TemplateLoader.findTemplateSource("test-view/test-view-charts_en.ftl"): Not found
2019-11-21 17:58:18.093DEBUG- TemplateLoader.findTemplateSource("test-view/test-view-charts.ftl"): Found
2019-11-21 17:58:18.093DEBUG- Loading template for "test-view/test-view-charts.ftl"("en", UTF-8, parsed) from "jar:file:/C:/Users/cs8286/.m2/repository/com/aventstack/extentreports/3.1.2/extentreports-3.1.2.jar!/com/aventstack/extentreports/view/html-report/test-view/test-view-charts.ftl"
2019-11-21 17:58:18.111DEBUG- Couldn't find template in cache for "test-view/standard.ftl"("en", UTF-8, parsed); will try to load it.
2019-11-21 17:58:18.111DEBUG- TemplateLoader.findTemplateSource("test-view/standard_en.ftl"): Not found
2019-11-21 17:58:18.112DEBUG- TemplateLoader.findTemplateSource("test-view/standard.ftl"): Found
2019-11-21 17:58:18.112DEBUG- Loading template for "test-view/standard.ftl"("en", UTF-8, parsed) from "jar:file:/C:/Users/cs8286/.m2/repository/com/aventstack/extentreports/3.1.2/extentreports-3.1.2.jar!/com/aventstack/extentreports/view/html-report/test-view/standard.ftl"
2019-11-21 17:58:18.137DEBUG- Couldn't find template in cache for "category-view/category-view.ftl"("en", UTF-8, parsed); will try to load it.
2019-11-21 17:58:18.138DEBUG- TemplateLoader.findTemplateSource("category-view/category-view_en.ftl"): Not found
2019-11-21 17:58:18.138DEBUG- TemplateLoader.findTemplateSource("category-view/category-view.ftl"): Found
2019-11-21 17:58:18.139DEBUG- Loading template for "category-view/category-view.ftl"("en", UTF-8, parsed) from "jar:file:/C:/Users/cs8286/.m2/repository/com/aventstack/extentreports/3.1.2/extentreports-3.1.2.jar!/com/aventstack/extentreports/view/html-report/category-view/category-view.ftl"
2019-11-21 17:58:18.143DEBUG- Couldn't find template in cache for "author-view/author-view.ftl"("en", UTF-8, parsed); will try to load it.
2019-11-21 17:58:18.144DEBUG- TemplateLoader.findTemplateSource("author-view/author-view_en.ftl"): Not found
2019-11-21 17:58:18.144DEBUG- TemplateLoader.findTemplateSource("author-view/author-view.ftl"): Found
2019-11-21 17:58:18.144DEBUG- Loading template for "author-view/author-view.ftl"("en", UTF-8, parsed) from "jar:file:/C:/Users/cs8286/.m2/repository/com/aventstack/extentreports/3.1.2/extentreports-3.1.2.jar!/com/aventstack/extentreports/view/html-report/author-view/author-view.ftl"
2019-11-21 17:58:18.149DEBUG- Couldn't find template in cache for "exception-view/exception-view.ftl"("en", UTF-8, parsed); will try to load it.
2019-11-21 17:58:18.150DEBUG- TemplateLoader.findTemplateSource("exception-view/exception-view_en.ftl"): Not found
2019-11-21 17:58:18.151DEBUG- TemplateLoader.findTemplateSource("exception-view/exception-view.ftl"): Found
2019-11-21 17:58:18.151DEBUG- Loading template for "exception-view/exception-view.ftl"("en", UTF-8, parsed) from "jar:file:/C:/Users/cs8286/.m2/repository/com/aventstack/extentreports/3.1.2/extentreports-3.1.2.jar!/com/aventstack/extentreports/view/html-report/exception-view/exception-view.ftl"
2019-11-21 17:58:18.155DEBUG- Couldn't find template in cache for "dashboard-view/dashboard-view.ftl"("en", UTF-8, parsed); will try to load it.
2019-11-21 17:58:18.155DEBUG- TemplateLoader.findTemplateSource("dashboard-view/dashboard-view_en.ftl"): Not found
2019-11-21 17:58:18.156DEBUG- TemplateLoader.findTemplateSource("dashboard-view/dashboard-view.ftl"): Found
2019-11-21 17:58:18.156DEBUG- Loading template for "dashboard-view/dashboard-view.ftl"("en", UTF-8, parsed) from "jar:file:/C:/Users/cs8286/.m2/repository/com/aventstack/extentreports/3.1.2/extentreports-3.1.2.jar!/com/aventstack/extentreports/view/html-report/dashboard-view/dashboard-view.ftl"
2019-11-21 17:58:18.162DEBUG- Couldn't find template in cache for "logs-view/testrunner-logs-view.ftl"("en", UTF-8, parsed); will try to load it.
2019-11-21 17:58:18.163DEBUG- TemplateLoader.findTemplateSource("logs-view/testrunner-logs-view_en.ftl"): Not found
2019-11-21 17:58:18.163DEBUG- TemplateLoader.findTemplateSource("logs-view/testrunner-logs-view.ftl"): Found
2019-11-21 17:58:18.164DEBUG- Loading template for "logs-view/testrunner-logs-view.ftl"("en", UTF-8, parsed) from "jar:file:/C:/Users/cs8286/.m2/repository/com/aventstack/extentreports/3.1.2/extentreports-3.1.2.jar!/com/aventstack/extentreports/view/html-report/logs-view/testrunner-logs-view.ftl"
2019-11-21 17:58:29.500INFO - attaching html report to the xray issue ...
2019-11-21 17:58:29.500INFO - Last Test Report Folder: C:\Bitbucket\rta\Reports\Reports_Thu_Nov_21_17_58_19_CET_2019
2019-11-21 17:58:29.500INFO - Zipping files ...
2019-11-21 17:58:29.531INFO - Files zipped successfully
2019-11-21 17:58:30.055INFO - 
2019-11-21 17:58:30.056INFO - Response:
2019-11-21 17:58:30.056INFO - Content-Type: Content-Type: application/json;charset=UTF-8
2019-11-21 17:58:30.056INFO - Content-Length: null
2019-11-21 17:58:30.056INFO - Status : 200
2019-11-21 17:58:30.056INFO - Content: [{"self":"https://t-jira-consorsbank.is.echonet/rest/api/2/attachment/25522","id":"25522","filename":"TestReport_Reports_Thu_Nov_21_17_58_19_CET_2019.zip","author":{"self":"https://t-jira-consorsbank.is.echonet/rest/api/2/user?username=CS8286","name":"CS8286","key":"cs8286","emailAddress":"Jithin.MuhammedIllyasJameelaB@consorsbank.de","avatarUrls":{"48x48":"https://t-jira-consorsbank.is.echonet/secure/useravatar?avatarId=10172","24x24":"https://t-jira-consorsbank.is.echonet/secure/useravatar?size=small&avatarId=10172","16x16":"https://t-jira-consorsbank.is.echonet/secure/useravatar?size=xsmall&avatarId=10172","32x32":"https://t-jira-consorsbank.is.echonet/secure/useravatar?size=medium&avatarId=10172"},"displayName":"Muhammed Illyas Jameela B Jithin","active":true,"timeZone":"Europe/Berlin"},"created":"2019-11-21T17:58:29.000+0100","size":240137,"mimeType":"application/zip","content":"https://t-jira-consorsbank.is.echonet/secure/attachment/25522/TestReport_Reports_Thu_Nov_21_17_58_19_CET_2019.zip"}]
