2019-11-15 16:31:51.031INFO - Log configuration done. Log Dir:.\Logs
2019-11-15 16:31:51.414INFO - Test Start Time: 2019-11-15T16:31:51+01:00
2019-11-15 16:33:21.770INFO - saving results to Xray ...
2019-11-15 16:33:21.935INFO - ***********************************************************
2019-11-15 16:33:21.935INFO - Request:
2019-11-15 16:33:21.940INFO - POST https://t-jira-consorsbank.is.echonet/rest/raven/1.0/import/execution
2019-11-15 16:33:21.940INFO - HOST: t-jira-consorsbank.is.echonet
2019-11-15 16:33:21.942INFO - Content-Type: Content-type: application/json
2019-11-15 16:33:21.942INFO - Content-Length: null
2019-11-15 16:33:22.396INFO - 
2019-11-15 16:33:22.399INFO - Response:
2019-11-15 16:33:22.399INFO - Content-Type: Content-Type: application/json;charset=UTF-8
2019-11-15 16:33:22.399INFO - Content-Length: null
2019-11-15 16:33:22.399INFO - Status : 200
2019-11-15 16:33:22.399INFO - Content: {"testExecIssue":{"id":"238585","key":"TA-69","self":"https://t-jira-consorsbank.is.echonet/rest/api/2/issue/238585"}}
2019-11-15 16:33:22.832DEBUG- Couldn't find template in cache for "index.ftl"("en", UTF-8, parsed); will try to load it.
2019-11-15 16:33:22.834DEBUG- TemplateLoader.findTemplateSource("index_en.ftl"): Not found
2019-11-15 16:33:22.836DEBUG- TemplateLoader.findTemplateSource("index.ftl"): Found
2019-11-15 16:33:22.836DEBUG- Loading template for "index.ftl"("en", UTF-8, parsed) from "jar:file:/C:/Users/cs8286/.m2/repository/com/aventstack/extentreports/3.1.2/extentreports-3.1.2.jar!/com/aventstack/extentreports/view/html-report/index.ftl"
2019-11-15 16:33:23.052DEBUG- Couldn't find template in cache for "head.ftl"("en", UTF-8, parsed); will try to load it.
2019-11-15 16:33:23.052DEBUG- TemplateLoader.findTemplateSource("head_en.ftl"): Not found
2019-11-15 16:33:23.052DEBUG- TemplateLoader.findTemplateSource("head.ftl"): Found
2019-11-15 16:33:23.052DEBUG- Loading template for "head.ftl"("en", UTF-8, parsed) from "jar:file:/C:/Users/cs8286/.m2/repository/com/aventstack/extentreports/3.1.2/extentreports-3.1.2.jar!/com/aventstack/extentreports/view/html-report/head.ftl"
2019-11-15 16:33:23.052DEBUG- Couldn't find template in cache for "nav.ftl"("en", UTF-8, parsed); will try to load it.
2019-11-15 16:33:23.052DEBUG- TemplateLoader.findTemplateSource("nav_en.ftl"): Not found
2019-11-15 16:33:23.052DEBUG- TemplateLoader.findTemplateSource("nav.ftl"): Found
2019-11-15 16:33:23.052DEBUG- Loading template for "nav.ftl"("en", UTF-8, parsed) from "jar:file:/C:/Users/cs8286/.m2/repository/com/aventstack/extentreports/3.1.2/extentreports-3.1.2.jar!/com/aventstack/extentreports/view/html-report/nav.ftl"
2019-11-15 16:33:23.062DEBUG- Couldn't find template in cache for "test-view/test-view.ftl"("en", UTF-8, parsed); will try to load it.
2019-11-15 16:33:23.062DEBUG- TemplateLoader.findTemplateSource("test-view/test-view_en.ftl"): Not found
2019-11-15 16:33:23.062DEBUG- TemplateLoader.findTemplateSource("test-view/test-view.ftl"): Found
2019-11-15 16:33:23.062DEBUG- Loading template for "test-view/test-view.ftl"("en", UTF-8, parsed) from "jar:file:/C:/Users/cs8286/.m2/repository/com/aventstack/extentreports/3.1.2/extentreports-3.1.2.jar!/com/aventstack/extentreports/view/html-report/test-view/test-view.ftl"
2019-11-15 16:33:23.072DEBUG- Couldn't find template in cache for "test-view/test-view-charts.ftl"("en", UTF-8, parsed); will try to load it.
2019-11-15 16:33:23.072DEBUG- TemplateLoader.findTemplateSource("test-view/test-view-charts_en.ftl"): Not found
2019-11-15 16:33:23.072DEBUG- TemplateLoader.findTemplateSource("test-view/test-view-charts.ftl"): Found
2019-11-15 16:33:23.072DEBUG- Loading template for "test-view/test-view-charts.ftl"("en", UTF-8, parsed) from "jar:file:/C:/Users/cs8286/.m2/repository/com/aventstack/extentreports/3.1.2/extentreports-3.1.2.jar!/com/aventstack/extentreports/view/html-report/test-view/test-view-charts.ftl"
2019-11-15 16:33:23.092DEBUG- Couldn't find template in cache for "test-view/standard.ftl"("en", UTF-8, parsed); will try to load it.
2019-11-15 16:33:23.092DEBUG- TemplateLoader.findTemplateSource("test-view/standard_en.ftl"): Not found
2019-11-15 16:33:23.092DEBUG- TemplateLoader.findTemplateSource("test-view/standard.ftl"): Found
2019-11-15 16:33:23.092DEBUG- Loading template for "test-view/standard.ftl"("en", UTF-8, parsed) from "jar:file:/C:/Users/cs8286/.m2/repository/com/aventstack/extentreports/3.1.2/extentreports-3.1.2.jar!/com/aventstack/extentreports/view/html-report/test-view/standard.ftl"
2019-11-15 16:33:23.112DEBUG- Couldn't find template in cache for "category-view/category-view.ftl"("en", UTF-8, parsed); will try to load it.
2019-11-15 16:33:23.112DEBUG- TemplateLoader.findTemplateSource("category-view/category-view_en.ftl"): Not found
2019-11-15 16:33:23.112DEBUG- TemplateLoader.findTemplateSource("category-view/category-view.ftl"): Found
2019-11-15 16:33:23.112DEBUG- Loading template for "category-view/category-view.ftl"("en", UTF-8, parsed) from "jar:file:/C:/Users/cs8286/.m2/repository/com/aventstack/extentreports/3.1.2/extentreports-3.1.2.jar!/com/aventstack/extentreports/view/html-report/category-view/category-view.ftl"
2019-11-15 16:33:23.122DEBUG- Couldn't find template in cache for "author-view/author-view.ftl"("en", UTF-8, parsed); will try to load it.
2019-11-15 16:33:23.122DEBUG- TemplateLoader.findTemplateSource("author-view/author-view_en.ftl"): Not found
2019-11-15 16:33:23.122DEBUG- TemplateLoader.findTemplateSource("author-view/author-view.ftl"): Found
2019-11-15 16:33:23.122DEBUG- Loading template for "author-view/author-view.ftl"("en", UTF-8, parsed) from "jar:file:/C:/Users/cs8286/.m2/repository/com/aventstack/extentreports/3.1.2/extentreports-3.1.2.jar!/com/aventstack/extentreports/view/html-report/author-view/author-view.ftl"
2019-11-15 16:33:23.122DEBUG- Couldn't find template in cache for "exception-view/exception-view.ftl"("en", UTF-8, parsed); will try to load it.
2019-11-15 16:33:23.122DEBUG- TemplateLoader.findTemplateSource("exception-view/exception-view_en.ftl"): Not found
2019-11-15 16:33:23.122DEBUG- TemplateLoader.findTemplateSource("exception-view/exception-view.ftl"): Found
2019-11-15 16:33:23.122DEBUG- Loading template for "exception-view/exception-view.ftl"("en", UTF-8, parsed) from "jar:file:/C:/Users/cs8286/.m2/repository/com/aventstack/extentreports/3.1.2/extentreports-3.1.2.jar!/com/aventstack/extentreports/view/html-report/exception-view/exception-view.ftl"
2019-11-15 16:33:23.132DEBUG- Couldn't find template in cache for "dashboard-view/dashboard-view.ftl"("en", UTF-8, parsed); will try to load it.
2019-11-15 16:33:23.132DEBUG- TemplateLoader.findTemplateSource("dashboard-view/dashboard-view_en.ftl"): Not found
2019-11-15 16:33:23.132DEBUG- TemplateLoader.findTemplateSource("dashboard-view/dashboard-view.ftl"): Found
2019-11-15 16:33:23.132DEBUG- Loading template for "dashboard-view/dashboard-view.ftl"("en", UTF-8, parsed) from "jar:file:/C:/Users/cs8286/.m2/repository/com/aventstack/extentreports/3.1.2/extentreports-3.1.2.jar!/com/aventstack/extentreports/view/html-report/dashboard-view/dashboard-view.ftl"
2019-11-15 16:33:23.142DEBUG- Couldn't find template in cache for "logs-view/testrunner-logs-view.ftl"("en", UTF-8, parsed); will try to load it.
2019-11-15 16:33:23.142DEBUG- TemplateLoader.findTemplateSource("logs-view/testrunner-logs-view_en.ftl"): Not found
2019-11-15 16:33:23.142DEBUG- TemplateLoader.findTemplateSource("logs-view/testrunner-logs-view.ftl"): Found
2019-11-15 16:33:23.142DEBUG- Loading template for "logs-view/testrunner-logs-view.ftl"("en", UTF-8, parsed) from "jar:file:/C:/Users/cs8286/.m2/repository/com/aventstack/extentreports/3.1.2/extentreports-3.1.2.jar!/com/aventstack/extentreports/view/html-report/logs-view/testrunner-logs-view.ftl"
2019-11-15 16:33:29.205INFO - attaching html report to the xray issue ...
2019-11-15 16:33:29.205INFO - Last Test Report Folder: .\Reports\Fri Nov 15 16_31_51 CET 2019
2019-11-15 16:33:29.205INFO - Zipping files ...
2019-11-15 16:33:29.226INFO - Files zipped successfully
2019-11-15 16:33:29.798INFO - 
2019-11-15 16:33:29.798INFO - Response:
2019-11-15 16:33:29.798INFO - Content-Type: Content-Type: application/json;charset=UTF-8
2019-11-15 16:33:29.798INFO - Content-Length: null
2019-11-15 16:33:29.798INFO - Status : 200
2019-11-15 16:33:29.798INFO - Content: [{"self":"https://t-jira-consorsbank.is.echonet/rest/api/2/attachment/25402","id":"25402","filename":"TestReport_Fri_Nov_15_16_31_51_CET_2019.zip","author":{"self":"https://t-jira-consorsbank.is.echonet/rest/api/2/user?username=CS8286","name":"CS8286","key":"cs8286","emailAddress":"Jithin.MuhammedIllyasJameelaB@consorsbank.de","avatarUrls":{"48x48":"https://t-jira-consorsbank.is.echonet/secure/useravatar?avatarId=10172","24x24":"https://t-jira-consorsbank.is.echonet/secure/useravatar?size=small&avatarId=10172","16x16":"https://t-jira-consorsbank.is.echonet/secure/useravatar?size=xsmall&avatarId=10172","32x32":"https://t-jira-consorsbank.is.echonet/secure/useravatar?size=medium&avatarId=10172"},"displayName":"Muhammed Illyas Jameela B Jithin","active":true,"timeZone":"Europe/Berlin"},"created":"2019-11-15T16:33:29.000+0100","size":212519,"mimeType":"application/zip","content":"https://t-jira-consorsbank.is.echonet/secure/attachment/25402/TestReport_Fri_Nov_15_16_31_51_CET_2019.zip"}]
