2019-11-06 11:29:34.489INFO - Log configuration done. Log Dir:.\Logs
2019-11-06 11:29:34.873INFO - Test Start Time: 2019-11-06T11:29:34+01:00
2019-11-06 11:31:30.514INFO - saving results to Xray ...
2019-11-06 11:31:30.684INFO - ***********************************************************
2019-11-06 11:31:30.684INFO - Request:
2019-11-06 11:31:30.684INFO - POST https://t-jira-consorsbank.is.echonet/rest/raven/1.0/import/execution
2019-11-06 11:31:30.684INFO - HOST: t-jira-consorsbank.is.echonet
2019-11-06 11:31:30.684INFO - Content-Type: Content-type: application/json
2019-11-06 11:31:30.684INFO - Content-Length: null
2019-11-06 11:31:31.121INFO - 
2019-11-06 11:31:31.121INFO - Response:
2019-11-06 11:31:31.121INFO - Content-Type: Content-Type: application/json;charset=UTF-8
2019-11-06 11:31:31.121INFO - Content-Length: null
2019-11-06 11:31:31.121INFO - Status : 200
2019-11-06 11:31:31.121INFO - Content: {"testExecIssue":{"id":"238585","key":"TA-69","self":"https://t-jira-consorsbank.is.echonet/rest/api/2/issue/238585"}}
2019-11-06 11:31:31.143DEBUG- Couldn't find template in cache for "index.ftl"("en", UTF-8, parsed); will try to load it.
2019-11-06 11:31:31.144DEBUG- TemplateLoader.findTemplateSource("index_en.ftl"): Not found
2019-11-06 11:31:31.146DEBUG- TemplateLoader.findTemplateSource("index.ftl"): Found
2019-11-06 11:31:31.153DEBUG- Loading template for "index.ftl"("en", UTF-8, parsed) from "jar:file:/C:/Users/cs8286/.m2/repository/com/aventstack/extentreports/3.1.2/extentreports-3.1.2.jar!/com/aventstack/extentreports/view/html-report/index.ftl"
2019-11-06 11:31:31.390DEBUG- Couldn't find template in cache for "head.ftl"("en", UTF-8, parsed); will try to load it.
2019-11-06 11:31:31.391DEBUG- TemplateLoader.findTemplateSource("head_en.ftl"): Not found
2019-11-06 11:31:31.391DEBUG- TemplateLoader.findTemplateSource("head.ftl"): Found
2019-11-06 11:31:31.391DEBUG- Loading template for "head.ftl"("en", UTF-8, parsed) from "jar:file:/C:/Users/cs8286/.m2/repository/com/aventstack/extentreports/3.1.2/extentreports-3.1.2.jar!/com/aventstack/extentreports/view/html-report/head.ftl"
2019-11-06 11:31:31.396DEBUG- Couldn't find template in cache for "nav.ftl"("en", UTF-8, parsed); will try to load it.
2019-11-06 11:31:31.397DEBUG- TemplateLoader.findTemplateSource("nav_en.ftl"): Not found
2019-11-06 11:31:31.397DEBUG- TemplateLoader.findTemplateSource("nav.ftl"): Found
2019-11-06 11:31:31.397DEBUG- Loading template for "nav.ftl"("en", UTF-8, parsed) from "jar:file:/C:/Users/cs8286/.m2/repository/com/aventstack/extentreports/3.1.2/extentreports-3.1.2.jar!/com/aventstack/extentreports/view/html-report/nav.ftl"
2019-11-06 11:31:31.406DEBUG- Couldn't find template in cache for "test-view/test-view.ftl"("en", UTF-8, parsed); will try to load it.
2019-11-06 11:31:31.407DEBUG- TemplateLoader.findTemplateSource("test-view/test-view_en.ftl"): Not found
2019-11-06 11:31:31.407DEBUG- TemplateLoader.findTemplateSource("test-view/test-view.ftl"): Found
2019-11-06 11:31:31.408DEBUG- Loading template for "test-view/test-view.ftl"("en", UTF-8, parsed) from "jar:file:/C:/Users/cs8286/.m2/repository/com/aventstack/extentreports/3.1.2/extentreports-3.1.2.jar!/com/aventstack/extentreports/view/html-report/test-view/test-view.ftl"
2019-11-06 11:31:31.418DEBUG- Couldn't find template in cache for "test-view/test-view-charts.ftl"("en", UTF-8, parsed); will try to load it.
2019-11-06 11:31:31.419DEBUG- TemplateLoader.findTemplateSource("test-view/test-view-charts_en.ftl"): Not found
2019-11-06 11:31:31.420DEBUG- TemplateLoader.findTemplateSource("test-view/test-view-charts.ftl"): Found
2019-11-06 11:31:31.420DEBUG- Loading template for "test-view/test-view-charts.ftl"("en", UTF-8, parsed) from "jar:file:/C:/Users/cs8286/.m2/repository/com/aventstack/extentreports/3.1.2/extentreports-3.1.2.jar!/com/aventstack/extentreports/view/html-report/test-view/test-view-charts.ftl"
2019-11-06 11:31:31.436DEBUG- Couldn't find template in cache for "test-view/standard.ftl"("en", UTF-8, parsed); will try to load it.
2019-11-06 11:31:31.436DEBUG- TemplateLoader.findTemplateSource("test-view/standard_en.ftl"): Not found
2019-11-06 11:31:31.437DEBUG- TemplateLoader.findTemplateSource("test-view/standard.ftl"): Found
2019-11-06 11:31:31.437DEBUG- Loading template for "test-view/standard.ftl"("en", UTF-8, parsed) from "jar:file:/C:/Users/cs8286/.m2/repository/com/aventstack/extentreports/3.1.2/extentreports-3.1.2.jar!/com/aventstack/extentreports/view/html-report/test-view/standard.ftl"
2019-11-06 11:31:31.465DEBUG- Couldn't find template in cache for "category-view/category-view.ftl"("en", UTF-8, parsed); will try to load it.
2019-11-06 11:31:31.466DEBUG- TemplateLoader.findTemplateSource("category-view/category-view_en.ftl"): Not found
2019-11-06 11:31:31.466DEBUG- TemplateLoader.findTemplateSource("category-view/category-view.ftl"): Found
2019-11-06 11:31:31.466DEBUG- Loading template for "category-view/category-view.ftl"("en", UTF-8, parsed) from "jar:file:/C:/Users/cs8286/.m2/repository/com/aventstack/extentreports/3.1.2/extentreports-3.1.2.jar!/com/aventstack/extentreports/view/html-report/category-view/category-view.ftl"
2019-11-06 11:31:31.471DEBUG- Couldn't find template in cache for "author-view/author-view.ftl"("en", UTF-8, parsed); will try to load it.
2019-11-06 11:31:31.472DEBUG- TemplateLoader.findTemplateSource("author-view/author-view_en.ftl"): Not found
2019-11-06 11:31:31.472DEBUG- TemplateLoader.findTemplateSource("author-view/author-view.ftl"): Found
2019-11-06 11:31:31.472DEBUG- Loading template for "author-view/author-view.ftl"("en", UTF-8, parsed) from "jar:file:/C:/Users/cs8286/.m2/repository/com/aventstack/extentreports/3.1.2/extentreports-3.1.2.jar!/com/aventstack/extentreports/view/html-report/author-view/author-view.ftl"
2019-11-06 11:31:31.479DEBUG- Couldn't find template in cache for "exception-view/exception-view.ftl"("en", UTF-8, parsed); will try to load it.
2019-11-06 11:31:31.480DEBUG- TemplateLoader.findTemplateSource("exception-view/exception-view_en.ftl"): Not found
2019-11-06 11:31:31.481DEBUG- TemplateLoader.findTemplateSource("exception-view/exception-view.ftl"): Found
2019-11-06 11:31:31.481DEBUG- Loading template for "exception-view/exception-view.ftl"("en", UTF-8, parsed) from "jar:file:/C:/Users/cs8286/.m2/repository/com/aventstack/extentreports/3.1.2/extentreports-3.1.2.jar!/com/aventstack/extentreports/view/html-report/exception-view/exception-view.ftl"
2019-11-06 11:31:31.485DEBUG- Couldn't find template in cache for "dashboard-view/dashboard-view.ftl"("en", UTF-8, parsed); will try to load it.
2019-11-06 11:31:31.486DEBUG- TemplateLoader.findTemplateSource("dashboard-view/dashboard-view_en.ftl"): Not found
2019-11-06 11:31:31.486DEBUG- TemplateLoader.findTemplateSource("dashboard-view/dashboard-view.ftl"): Found
2019-11-06 11:31:31.486DEBUG- Loading template for "dashboard-view/dashboard-view.ftl"("en", UTF-8, parsed) from "jar:file:/C:/Users/cs8286/.m2/repository/com/aventstack/extentreports/3.1.2/extentreports-3.1.2.jar!/com/aventstack/extentreports/view/html-report/dashboard-view/dashboard-view.ftl"
2019-11-06 11:31:31.492DEBUG- Couldn't find template in cache for "logs-view/testrunner-logs-view.ftl"("en", UTF-8, parsed); will try to load it.
2019-11-06 11:31:31.493DEBUG- TemplateLoader.findTemplateSource("logs-view/testrunner-logs-view_en.ftl"): Not found
2019-11-06 11:31:31.493DEBUG- TemplateLoader.findTemplateSource("logs-view/testrunner-logs-view.ftl"): Found
2019-11-06 11:31:31.493DEBUG- Loading template for "logs-view/testrunner-logs-view.ftl"("en", UTF-8, parsed) from "jar:file:/C:/Users/cs8286/.m2/repository/com/aventstack/extentreports/3.1.2/extentreports-3.1.2.jar!/com/aventstack/extentreports/view/html-report/logs-view/testrunner-logs-view.ftl"
2019-11-06 11:31:37.726INFO - attaching html report to the xray issue ...
2019-11-06 11:31:37.726INFO - Last Test Report Folder: .\Reports\Wed Nov 06 11_29_34 CET 2019
2019-11-06 11:31:37.726INFO - Zipping files ...
2019-11-06 11:31:37.757INFO - Files zipped successfully
2019-11-06 11:31:38.427INFO - 
2019-11-06 11:31:38.427INFO - Response:
2019-11-06 11:31:38.427INFO - Content-Type: Content-Type: application/json;charset=UTF-8
2019-11-06 11:31:38.427INFO - Content-Length: null
2019-11-06 11:31:38.427INFO - Status : 200
2019-11-06 11:31:38.427INFO - Content: [{"self":"https://t-jira-consorsbank.is.echonet/rest/api/2/attachment/25179","id":"25179","filename":"TestReport_Wed_Nov_06_11_29_34_CET_2019.zip","author":{"self":"https://t-jira-consorsbank.is.echonet/rest/api/2/user?username=CS8286","name":"CS8286","key":"cs8286","emailAddress":"Jithin.MuhammedIllyasJameelaB@consorsbank.de","avatarUrls":{"48x48":"https://t-jira-consorsbank.is.echonet/secure/useravatar?avatarId=10172","24x24":"https://t-jira-consorsbank.is.echonet/secure/useravatar?size=small&avatarId=10172","16x16":"https://t-jira-consorsbank.is.echonet/secure/useravatar?size=xsmall&avatarId=10172","32x32":"https://t-jira-consorsbank.is.echonet/secure/useravatar?size=medium&avatarId=10172"},"displayName":"Muhammed Illyas Jameela B Jithin","active":true,"timeZone":"Europe/Berlin"},"created":"2019-11-06T11:31:38.000+0100","size":293240,"mimeType":"application/zip","content":"https://t-jira-consorsbank.is.echonet/secure/attachment/25179/TestReport_Wed_Nov_06_11_29_34_CET_2019.zip"}]
