2019-11-20 18:08:18.676INFO - Log configuration done. Log Dir:.\Logs
2019-11-20 18:08:19.259INFO - Test Start Time: 2019-11-20T18:08:19+01:00
2019-11-20 18:09:05.193INFO - saving results to Xray ...
2019-11-20 18:09:05.342INFO - ***********************************************************
2019-11-20 18:09:05.342INFO - Request:
2019-11-20 18:09:05.343INFO - POST https://t-jira-consorsbank.is.echonet/rest/raven/1.0/import/execution
2019-11-20 18:09:05.343INFO - HOST: t-jira-consorsbank.is.echonet
2019-11-20 18:09:05.343INFO - Content-Type: Content-type: application/json
2019-11-20 18:09:05.344INFO - Content-Length: null
2019-11-20 18:09:05.862INFO - 
2019-11-20 18:09:05.863INFO - Response:
2019-11-20 18:09:05.863INFO - Content-Type: Content-Type: application/json;charset=UTF-8
2019-11-20 18:09:05.863INFO - Content-Length: null
2019-11-20 18:09:05.863INFO - Status : 200
2019-11-20 18:09:05.864INFO - Content: {"testExecIssue":{"id":"238585","key":"TA-69","self":"https://t-jira-consorsbank.is.echonet/rest/api/2/issue/238585"}}
2019-11-20 18:09:07.818DEBUG- Couldn't find template in cache for "index.ftl"("en", UTF-8, parsed); will try to load it.
2019-11-20 18:09:07.820DEBUG- TemplateLoader.findTemplateSource("index_en.ftl"): Not found
2019-11-20 18:09:07.822DEBUG- TemplateLoader.findTemplateSource("index.ftl"): Found
2019-11-20 18:09:07.822DEBUG- Loading template for "index.ftl"("en", UTF-8, parsed) from "jar:file:/C:/Users/cs8286/.m2/repository/com/aventstack/extentreports/3.1.2/extentreports-3.1.2.jar!/com/aventstack/extentreports/view/html-report/index.ftl"
2019-11-20 18:09:08.097DEBUG- Couldn't find template in cache for "head.ftl"("en", UTF-8, parsed); will try to load it.
2019-11-20 18:09:08.098DEBUG- TemplateLoader.findTemplateSource("head_en.ftl"): Not found
2019-11-20 18:09:08.098DEBUG- TemplateLoader.findTemplateSource("head.ftl"): Found
2019-11-20 18:09:08.099DEBUG- Loading template for "head.ftl"("en", UTF-8, parsed) from "jar:file:/C:/Users/cs8286/.m2/repository/com/aventstack/extentreports/3.1.2/extentreports-3.1.2.jar!/com/aventstack/extentreports/view/html-report/head.ftl"
2019-11-20 18:09:08.103DEBUG- Couldn't find template in cache for "nav.ftl"("en", UTF-8, parsed); will try to load it.
2019-11-20 18:09:08.104DEBUG- TemplateLoader.findTemplateSource("nav_en.ftl"): Not found
2019-11-20 18:09:08.105DEBUG- TemplateLoader.findTemplateSource("nav.ftl"): Found
2019-11-20 18:09:08.105DEBUG- Loading template for "nav.ftl"("en", UTF-8, parsed) from "jar:file:/C:/Users/cs8286/.m2/repository/com/aventstack/extentreports/3.1.2/extentreports-3.1.2.jar!/com/aventstack/extentreports/view/html-report/nav.ftl"
2019-11-20 18:09:08.115DEBUG- Couldn't find template in cache for "test-view/test-view.ftl"("en", UTF-8, parsed); will try to load it.
2019-11-20 18:09:08.116DEBUG- TemplateLoader.findTemplateSource("test-view/test-view_en.ftl"): Not found
2019-11-20 18:09:08.116DEBUG- TemplateLoader.findTemplateSource("test-view/test-view.ftl"): Found
2019-11-20 18:09:08.116DEBUG- Loading template for "test-view/test-view.ftl"("en", UTF-8, parsed) from "jar:file:/C:/Users/cs8286/.m2/repository/com/aventstack/extentreports/3.1.2/extentreports-3.1.2.jar!/com/aventstack/extentreports/view/html-report/test-view/test-view.ftl"
2019-11-20 18:09:08.127DEBUG- Couldn't find template in cache for "test-view/test-view-charts.ftl"("en", UTF-8, parsed); will try to load it.
2019-11-20 18:09:08.132DEBUG- TemplateLoader.findTemplateSource("test-view/test-view-charts_en.ftl"): Not found
2019-11-20 18:09:08.132DEBUG- TemplateLoader.findTemplateSource("test-view/test-view-charts.ftl"): Found
2019-11-20 18:09:08.132DEBUG- Loading template for "test-view/test-view-charts.ftl"("en", UTF-8, parsed) from "jar:file:/C:/Users/cs8286/.m2/repository/com/aventstack/extentreports/3.1.2/extentreports-3.1.2.jar!/com/aventstack/extentreports/view/html-report/test-view/test-view-charts.ftl"
2019-11-20 18:09:08.149DEBUG- Couldn't find template in cache for "test-view/standard.ftl"("en", UTF-8, parsed); will try to load it.
2019-11-20 18:09:08.150DEBUG- TemplateLoader.findTemplateSource("test-view/standard_en.ftl"): Not found
2019-11-20 18:09:08.150DEBUG- TemplateLoader.findTemplateSource("test-view/standard.ftl"): Found
2019-11-20 18:09:08.150DEBUG- Loading template for "test-view/standard.ftl"("en", UTF-8, parsed) from "jar:file:/C:/Users/cs8286/.m2/repository/com/aventstack/extentreports/3.1.2/extentreports-3.1.2.jar!/com/aventstack/extentreports/view/html-report/test-view/standard.ftl"
2019-11-20 18:09:08.175DEBUG- Couldn't find template in cache for "category-view/category-view.ftl"("en", UTF-8, parsed); will try to load it.
2019-11-20 18:09:08.175DEBUG- TemplateLoader.findTemplateSource("category-view/category-view_en.ftl"): Not found
2019-11-20 18:09:08.176DEBUG- TemplateLoader.findTemplateSource("category-view/category-view.ftl"): Found
2019-11-20 18:09:08.176DEBUG- Loading template for "category-view/category-view.ftl"("en", UTF-8, parsed) from "jar:file:/C:/Users/cs8286/.m2/repository/com/aventstack/extentreports/3.1.2/extentreports-3.1.2.jar!/com/aventstack/extentreports/view/html-report/category-view/category-view.ftl"
2019-11-20 18:09:08.181DEBUG- Couldn't find template in cache for "author-view/author-view.ftl"("en", UTF-8, parsed); will try to load it.
2019-11-20 18:09:08.182DEBUG- TemplateLoader.findTemplateSource("author-view/author-view_en.ftl"): Not found
2019-11-20 18:09:08.183DEBUG- TemplateLoader.findTemplateSource("author-view/author-view.ftl"): Found
2019-11-20 18:09:08.183DEBUG- Loading template for "author-view/author-view.ftl"("en", UTF-8, parsed) from "jar:file:/C:/Users/cs8286/.m2/repository/com/aventstack/extentreports/3.1.2/extentreports-3.1.2.jar!/com/aventstack/extentreports/view/html-report/author-view/author-view.ftl"
2019-11-20 18:09:08.188DEBUG- Couldn't find template in cache for "exception-view/exception-view.ftl"("en", UTF-8, parsed); will try to load it.
2019-11-20 18:09:08.189DEBUG- TemplateLoader.findTemplateSource("exception-view/exception-view_en.ftl"): Not found
2019-11-20 18:09:08.189DEBUG- TemplateLoader.findTemplateSource("exception-view/exception-view.ftl"): Found
2019-11-20 18:09:08.189DEBUG- Loading template for "exception-view/exception-view.ftl"("en", UTF-8, parsed) from "jar:file:/C:/Users/cs8286/.m2/repository/com/aventstack/extentreports/3.1.2/extentreports-3.1.2.jar!/com/aventstack/extentreports/view/html-report/exception-view/exception-view.ftl"
2019-11-20 18:09:08.193DEBUG- Couldn't find template in cache for "dashboard-view/dashboard-view.ftl"("en", UTF-8, parsed); will try to load it.
2019-11-20 18:09:08.194DEBUG- TemplateLoader.findTemplateSource("dashboard-view/dashboard-view_en.ftl"): Not found
2019-11-20 18:09:08.195DEBUG- TemplateLoader.findTemplateSource("dashboard-view/dashboard-view.ftl"): Found
2019-11-20 18:09:08.195DEBUG- Loading template for "dashboard-view/dashboard-view.ftl"("en", UTF-8, parsed) from "jar:file:/C:/Users/cs8286/.m2/repository/com/aventstack/extentreports/3.1.2/extentreports-3.1.2.jar!/com/aventstack/extentreports/view/html-report/dashboard-view/dashboard-view.ftl"
2019-11-20 18:09:08.206DEBUG- Couldn't find template in cache for "logs-view/testrunner-logs-view.ftl"("en", UTF-8, parsed); will try to load it.
2019-11-20 18:09:08.207DEBUG- TemplateLoader.findTemplateSource("logs-view/testrunner-logs-view_en.ftl"): Not found
2019-11-20 18:09:08.207DEBUG- TemplateLoader.findTemplateSource("logs-view/testrunner-logs-view.ftl"): Found
2019-11-20 18:09:08.207DEBUG- Loading template for "logs-view/testrunner-logs-view.ftl"("en", UTF-8, parsed) from "jar:file:/C:/Users/cs8286/.m2/repository/com/aventstack/extentreports/3.1.2/extentreports-3.1.2.jar!/com/aventstack/extentreports/view/html-report/logs-view/testrunner-logs-view.ftl"
2019-11-20 18:09:19.784INFO - attaching html report to the xray issue ...
2019-11-20 18:09:19.790INFO - Last Test Report Folder: C:\Bitbucket\rta\module-report\module-report\module-report\bin\Reports_RTA
2019-11-20 18:09:19.791INFO - Zipping files ...
2019-11-20 18:09:19.850INFO - Files zipped successfully
2019-11-20 18:09:20.583INFO - 
2019-11-20 18:09:20.583INFO - Response:
2019-11-20 18:09:20.583INFO - Content-Type: Content-Type: application/json;charset=UTF-8
2019-11-20 18:09:20.583INFO - Content-Length: null
2019-11-20 18:09:20.584INFO - Status : 200
2019-11-20 18:09:20.584INFO - Content: [{"self":"https://t-jira-consorsbank.is.echonet/rest/api/2/attachment/25484","id":"25484","filename":"TestReport_Reports_RTA.zip","author":{"self":"https://t-jira-consorsbank.is.echonet/rest/api/2/user?username=CS8286","name":"CS8286","key":"cs8286","emailAddress":"Jithin.MuhammedIllyasJameelaB@consorsbank.de","avatarUrls":{"48x48":"https://t-jira-consorsbank.is.echonet/secure/useravatar?avatarId=10172","24x24":"https://t-jira-consorsbank.is.echonet/secure/useravatar?size=small&avatarId=10172","16x16":"https://t-jira-consorsbank.is.echonet/secure/useravatar?size=xsmall&avatarId=10172","32x32":"https://t-jira-consorsbank.is.echonet/secure/useravatar?size=medium&avatarId=10172"},"displayName":"Muhammed Illyas Jameela B Jithin","active":true,"timeZone":"Europe/Berlin"},"created":"2019-11-20T18:09:20.000+0100","size":448101,"mimeType":"application/zip","content":"https://t-jira-consorsbank.is.echonet/secure/attachment/25484/TestReport_Reports_RTA.zip"}]
