2019-11-21 17:51:49.907INFO - Log configuration done. Log Dir:.\Logs
2019-11-21 17:51:50.287INFO - Test Start Time: 2019-11-21T17:51:50+01:00
2019-11-21 17:52:26.392INFO - saving results to Xray ...
2019-11-21 17:52:26.564INFO - ***********************************************************
2019-11-21 17:52:26.564INFO - Request:
2019-11-21 17:52:26.564INFO - POST https://t-jira-consorsbank.is.echonet/rest/raven/1.0/import/execution
2019-11-21 17:52:26.564INFO - HOST: t-jira-consorsbank.is.echonet
2019-11-21 17:52:26.565INFO - Content-Type: Content-type: application/json
2019-11-21 17:52:26.565INFO - Content-Length: null
2019-11-21 17:52:26.896INFO - 
2019-11-21 17:52:26.896INFO - Response:
2019-11-21 17:52:26.896INFO - Content-Type: Content-Type: application/json;charset=UTF-8
2019-11-21 17:52:26.896INFO - Content-Length: null
2019-11-21 17:52:26.896INFO - Status : 400
2019-11-21 17:52:26.897INFO - Content: Test issue with key TA-172 not found.

2019-11-21 17:52:27.860DEBUG- Couldn't find template in cache for "index.ftl"("en", UTF-8, parsed); will try to load it.
2019-11-21 17:52:27.861DEBUG- TemplateLoader.findTemplateSource("index_en.ftl"): Not found
2019-11-21 17:52:27.863DEBUG- TemplateLoader.findTemplateSource("index.ftl"): Found
2019-11-21 17:52:27.864DEBUG- Loading template for "index.ftl"("en", UTF-8, parsed) from "jar:file:/C:/Users/cs8286/.m2/repository/com/aventstack/extentreports/3.1.2/extentreports-3.1.2.jar!/com/aventstack/extentreports/view/html-report/index.ftl"
2019-11-21 17:52:28.106DEBUG- Couldn't find template in cache for "head.ftl"("en", UTF-8, parsed); will try to load it.
2019-11-21 17:52:28.107DEBUG- TemplateLoader.findTemplateSource("head_en.ftl"): Not found
2019-11-21 17:52:28.107DEBUG- TemplateLoader.findTemplateSource("head.ftl"): Found
2019-11-21 17:52:28.107DEBUG- Loading template for "head.ftl"("en", UTF-8, parsed) from "jar:file:/C:/Users/cs8286/.m2/repository/com/aventstack/extentreports/3.1.2/extentreports-3.1.2.jar!/com/aventstack/extentreports/view/html-report/head.ftl"
2019-11-21 17:52:28.111DEBUG- Couldn't find template in cache for "nav.ftl"("en", UTF-8, parsed); will try to load it.
2019-11-21 17:52:28.111DEBUG- TemplateLoader.findTemplateSource("nav_en.ftl"): Not found
2019-11-21 17:52:28.112DEBUG- TemplateLoader.findTemplateSource("nav.ftl"): Found
2019-11-21 17:52:28.112DEBUG- Loading template for "nav.ftl"("en", UTF-8, parsed) from "jar:file:/C:/Users/cs8286/.m2/repository/com/aventstack/extentreports/3.1.2/extentreports-3.1.2.jar!/com/aventstack/extentreports/view/html-report/nav.ftl"
2019-11-21 17:52:28.126DEBUG- Couldn't find template in cache for "test-view/test-view.ftl"("en", UTF-8, parsed); will try to load it.
2019-11-21 17:52:28.127DEBUG- TemplateLoader.findTemplateSource("test-view/test-view_en.ftl"): Not found
2019-11-21 17:52:28.127DEBUG- TemplateLoader.findTemplateSource("test-view/test-view.ftl"): Found
2019-11-21 17:52:28.127DEBUG- Loading template for "test-view/test-view.ftl"("en", UTF-8, parsed) from "jar:file:/C:/Users/cs8286/.m2/repository/com/aventstack/extentreports/3.1.2/extentreports-3.1.2.jar!/com/aventstack/extentreports/view/html-report/test-view/test-view.ftl"
2019-11-21 17:52:28.138DEBUG- Couldn't find template in cache for "test-view/test-view-charts.ftl"("en", UTF-8, parsed); will try to load it.
2019-11-21 17:52:28.138DEBUG- TemplateLoader.findTemplateSource("test-view/test-view-charts_en.ftl"): Not found
2019-11-21 17:52:28.139DEBUG- TemplateLoader.findTemplateSource("test-view/test-view-charts.ftl"): Found
2019-11-21 17:52:28.139DEBUG- Loading template for "test-view/test-view-charts.ftl"("en", UTF-8, parsed) from "jar:file:/C:/Users/cs8286/.m2/repository/com/aventstack/extentreports/3.1.2/extentreports-3.1.2.jar!/com/aventstack/extentreports/view/html-report/test-view/test-view-charts.ftl"
2019-11-21 17:52:28.156DEBUG- Couldn't find template in cache for "test-view/standard.ftl"("en", UTF-8, parsed); will try to load it.
2019-11-21 17:52:28.157DEBUG- TemplateLoader.findTemplateSource("test-view/standard_en.ftl"): Not found
2019-11-21 17:52:28.158DEBUG- TemplateLoader.findTemplateSource("test-view/standard.ftl"): Found
2019-11-21 17:52:28.158DEBUG- Loading template for "test-view/standard.ftl"("en", UTF-8, parsed) from "jar:file:/C:/Users/cs8286/.m2/repository/com/aventstack/extentreports/3.1.2/extentreports-3.1.2.jar!/com/aventstack/extentreports/view/html-report/test-view/standard.ftl"
2019-11-21 17:52:28.189DEBUG- Couldn't find template in cache for "category-view/category-view.ftl"("en", UTF-8, parsed); will try to load it.
2019-11-21 17:52:28.190DEBUG- TemplateLoader.findTemplateSource("category-view/category-view_en.ftl"): Not found
2019-11-21 17:52:28.190DEBUG- TemplateLoader.findTemplateSource("category-view/category-view.ftl"): Found
2019-11-21 17:52:28.190DEBUG- Loading template for "category-view/category-view.ftl"("en", UTF-8, parsed) from "jar:file:/C:/Users/cs8286/.m2/repository/com/aventstack/extentreports/3.1.2/extentreports-3.1.2.jar!/com/aventstack/extentreports/view/html-report/category-view/category-view.ftl"
2019-11-21 17:52:28.195DEBUG- Couldn't find template in cache for "author-view/author-view.ftl"("en", UTF-8, parsed); will try to load it.
2019-11-21 17:52:28.196DEBUG- TemplateLoader.findTemplateSource("author-view/author-view_en.ftl"): Not found
2019-11-21 17:52:28.196DEBUG- TemplateLoader.findTemplateSource("author-view/author-view.ftl"): Found
2019-11-21 17:52:28.196DEBUG- Loading template for "author-view/author-view.ftl"("en", UTF-8, parsed) from "jar:file:/C:/Users/cs8286/.m2/repository/com/aventstack/extentreports/3.1.2/extentreports-3.1.2.jar!/com/aventstack/extentreports/view/html-report/author-view/author-view.ftl"
2019-11-21 17:52:28.202DEBUG- Couldn't find template in cache for "exception-view/exception-view.ftl"("en", UTF-8, parsed); will try to load it.
2019-11-21 17:52:28.203DEBUG- TemplateLoader.findTemplateSource("exception-view/exception-view_en.ftl"): Not found
2019-11-21 17:52:28.203DEBUG- TemplateLoader.findTemplateSource("exception-view/exception-view.ftl"): Found
2019-11-21 17:52:28.204DEBUG- Loading template for "exception-view/exception-view.ftl"("en", UTF-8, parsed) from "jar:file:/C:/Users/cs8286/.m2/repository/com/aventstack/extentreports/3.1.2/extentreports-3.1.2.jar!/com/aventstack/extentreports/view/html-report/exception-view/exception-view.ftl"
2019-11-21 17:52:28.208DEBUG- Couldn't find template in cache for "dashboard-view/dashboard-view.ftl"("en", UTF-8, parsed); will try to load it.
2019-11-21 17:52:28.209DEBUG- TemplateLoader.findTemplateSource("dashboard-view/dashboard-view_en.ftl"): Not found
2019-11-21 17:52:28.211DEBUG- TemplateLoader.findTemplateSource("dashboard-view/dashboard-view.ftl"): Found
2019-11-21 17:52:28.212DEBUG- Loading template for "dashboard-view/dashboard-view.ftl"("en", UTF-8, parsed) from "jar:file:/C:/Users/cs8286/.m2/repository/com/aventstack/extentreports/3.1.2/extentreports-3.1.2.jar!/com/aventstack/extentreports/view/html-report/dashboard-view/dashboard-view.ftl"
2019-11-21 17:52:28.218DEBUG- Couldn't find template in cache for "logs-view/testrunner-logs-view.ftl"("en", UTF-8, parsed); will try to load it.
2019-11-21 17:52:28.219DEBUG- TemplateLoader.findTemplateSource("logs-view/testrunner-logs-view_en.ftl"): Not found
2019-11-21 17:52:28.219DEBUG- TemplateLoader.findTemplateSource("logs-view/testrunner-logs-view.ftl"): Found
2019-11-21 17:52:28.219DEBUG- Loading template for "logs-view/testrunner-logs-view.ftl"("en", UTF-8, parsed) from "jar:file:/C:/Users/cs8286/.m2/repository/com/aventstack/extentreports/3.1.2/extentreports-3.1.2.jar!/com/aventstack/extentreports/view/html-report/logs-view/testrunner-logs-view.ftl"
2019-11-21 17:52:39.483INFO - attaching html report to the xray issue ...
2019-11-21 17:52:39.486INFO - Last Test Report Folder: C:\Bitbucket\rta\module-report\module-report\module-report\bin\logger
2019-11-21 17:52:39.487INFO - Zipping files ...
2019-11-21 17:52:39.497INFO - Files zipped successfully
2019-11-21 17:52:40.015INFO - 
2019-11-21 17:52:40.017INFO - Response:
2019-11-21 17:52:40.017INFO - Content-Type: Content-Type: application/json;charset=UTF-8
2019-11-21 17:52:40.017INFO - Content-Length: null
2019-11-21 17:52:40.017INFO - Status : 200
2019-11-21 17:52:40.017INFO - Content: [{"self":"https://t-jira-consorsbank.is.echonet/rest/api/2/attachment/25521","id":"25521","filename":"TestReport_logger.zip","author":{"self":"https://t-jira-consorsbank.is.echonet/rest/api/2/user?username=CS8286","name":"CS8286","key":"cs8286","emailAddress":"Jithin.MuhammedIllyasJameelaB@consorsbank.de","avatarUrls":{"48x48":"https://t-jira-consorsbank.is.echonet/secure/useravatar?avatarId=10172","24x24":"https://t-jira-consorsbank.is.echonet/secure/useravatar?size=small&avatarId=10172","16x16":"https://t-jira-consorsbank.is.echonet/secure/useravatar?size=xsmall&avatarId=10172","32x32":"https://t-jira-consorsbank.is.echonet/secure/useravatar?size=medium&avatarId=10172"},"displayName":"Muhammed Illyas Jameela B Jithin","active":true,"timeZone":"Europe/Berlin"},"created":"2019-11-21T17:52:39.000+0100","size":5527,"mimeType":"application/zip","content":"https://t-jira-consorsbank.is.echonet/secure/attachment/25521/TestReport_logger.zip"}]
