2019-11-21 15:30:58.217INFO - Log configuration done. Log Dir:.\Logs
2019-11-21 15:30:58.572INFO - Test Start Time: 2019-11-21T15:30:58+01:00
2019-11-21 15:32:24.589INFO - saving results to Xray ...
2019-11-21 15:32:24.729INFO - ***********************************************************
2019-11-21 15:32:24.729INFO - Request:
2019-11-21 15:32:24.729INFO - POST https://t-jira-consorsbank.is.echonet/rest/raven/1.0/import/execution
2019-11-21 15:32:24.729INFO - HOST: t-jira-consorsbank.is.echonet
2019-11-21 15:32:24.729INFO - Content-Type: Content-type: application/json
2019-11-21 15:32:24.729INFO - Content-Length: null
2019-11-21 15:32:25.053INFO - 
2019-11-21 15:32:25.053INFO - Response:
2019-11-21 15:32:25.053INFO - Content-Type: Content-Type: application/json;charset=UTF-8
2019-11-21 15:32:25.053INFO - Content-Length: null
2019-11-21 15:32:25.053INFO - Status : 200
2019-11-21 15:32:25.053INFO - Content: {"testExecIssue":{"id":"238585","key":"TA-69","self":"https://t-jira-consorsbank.is.echonet/rest/api/2/issue/238585"}}
2019-11-21 15:32:25.958DEBUG- Couldn't find template in cache for "index.ftl"("en", UTF-8, parsed); will try to load it.
2019-11-21 15:32:25.958DEBUG- TemplateLoader.findTemplateSource("index_en.ftl"): Not found
2019-11-21 15:32:25.959DEBUG- TemplateLoader.findTemplateSource("index.ftl"): Found
2019-11-21 15:32:25.959DEBUG- Loading template for "index.ftl"("en", UTF-8, parsed) from "jar:file:/C:/Users/cs8286/.m2/repository/com/aventstack/extentreports/3.1.2/extentreports-3.1.2.jar!/com/aventstack/extentreports/view/html-report/index.ftl"
2019-11-21 15:32:26.213DEBUG- Couldn't find template in cache for "head.ftl"("en", UTF-8, parsed); will try to load it.
2019-11-21 15:32:26.213DEBUG- TemplateLoader.findTemplateSource("head_en.ftl"): Not found
2019-11-21 15:32:26.213DEBUG- TemplateLoader.findTemplateSource("head.ftl"): Found
2019-11-21 15:32:26.213DEBUG- Loading template for "head.ftl"("en", UTF-8, parsed) from "jar:file:/C:/Users/cs8286/.m2/repository/com/aventstack/extentreports/3.1.2/extentreports-3.1.2.jar!/com/aventstack/extentreports/view/html-report/head.ftl"
2019-11-21 15:32:26.223DEBUG- Couldn't find template in cache for "nav.ftl"("en", UTF-8, parsed); will try to load it.
2019-11-21 15:32:26.223DEBUG- TemplateLoader.findTemplateSource("nav_en.ftl"): Not found
2019-11-21 15:32:26.223DEBUG- TemplateLoader.findTemplateSource("nav.ftl"): Found
2019-11-21 15:32:26.226DEBUG- Loading template for "nav.ftl"("en", UTF-8, parsed) from "jar:file:/C:/Users/cs8286/.m2/repository/com/aventstack/extentreports/3.1.2/extentreports-3.1.2.jar!/com/aventstack/extentreports/view/html-report/nav.ftl"
2019-11-21 15:32:26.236DEBUG- Couldn't find template in cache for "test-view/test-view.ftl"("en", UTF-8, parsed); will try to load it.
2019-11-21 15:32:26.243DEBUG- TemplateLoader.findTemplateSource("test-view/test-view_en.ftl"): Not found
2019-11-21 15:32:26.243DEBUG- TemplateLoader.findTemplateSource("test-view/test-view.ftl"): Found
2019-11-21 15:32:26.243DEBUG- Loading template for "test-view/test-view.ftl"("en", UTF-8, parsed) from "jar:file:/C:/Users/cs8286/.m2/repository/com/aventstack/extentreports/3.1.2/extentreports-3.1.2.jar!/com/aventstack/extentreports/view/html-report/test-view/test-view.ftl"
2019-11-21 15:32:26.261DEBUG- Couldn't find template in cache for "test-view/test-view-charts.ftl"("en", UTF-8, parsed); will try to load it.
2019-11-21 15:32:26.261DEBUG- TemplateLoader.findTemplateSource("test-view/test-view-charts_en.ftl"): Not found
2019-11-21 15:32:26.261DEBUG- TemplateLoader.findTemplateSource("test-view/test-view-charts.ftl"): Found
2019-11-21 15:32:26.261DEBUG- Loading template for "test-view/test-view-charts.ftl"("en", UTF-8, parsed) from "jar:file:/C:/Users/cs8286/.m2/repository/com/aventstack/extentreports/3.1.2/extentreports-3.1.2.jar!/com/aventstack/extentreports/view/html-report/test-view/test-view-charts.ftl"
2019-11-21 15:32:26.276DEBUG- Couldn't find template in cache for "test-view/standard.ftl"("en", UTF-8, parsed); will try to load it.
2019-11-21 15:32:26.277DEBUG- TemplateLoader.findTemplateSource("test-view/standard_en.ftl"): Not found
2019-11-21 15:32:26.277DEBUG- TemplateLoader.findTemplateSource("test-view/standard.ftl"): Found
2019-11-21 15:32:26.278DEBUG- Loading template for "test-view/standard.ftl"("en", UTF-8, parsed) from "jar:file:/C:/Users/cs8286/.m2/repository/com/aventstack/extentreports/3.1.2/extentreports-3.1.2.jar!/com/aventstack/extentreports/view/html-report/test-view/standard.ftl"
2019-11-21 15:32:26.300DEBUG- Couldn't find template in cache for "category-view/category-view.ftl"("en", UTF-8, parsed); will try to load it.
2019-11-21 15:32:26.300DEBUG- TemplateLoader.findTemplateSource("category-view/category-view_en.ftl"): Not found
2019-11-21 15:32:26.301DEBUG- TemplateLoader.findTemplateSource("category-view/category-view.ftl"): Found
2019-11-21 15:32:26.301DEBUG- Loading template for "category-view/category-view.ftl"("en", UTF-8, parsed) from "jar:file:/C:/Users/cs8286/.m2/repository/com/aventstack/extentreports/3.1.2/extentreports-3.1.2.jar!/com/aventstack/extentreports/view/html-report/category-view/category-view.ftl"
2019-11-21 15:32:26.306DEBUG- Couldn't find template in cache for "author-view/author-view.ftl"("en", UTF-8, parsed); will try to load it.
2019-11-21 15:32:26.306DEBUG- TemplateLoader.findTemplateSource("author-view/author-view_en.ftl"): Not found
2019-11-21 15:32:26.307DEBUG- TemplateLoader.findTemplateSource("author-view/author-view.ftl"): Found
2019-11-21 15:32:26.307DEBUG- Loading template for "author-view/author-view.ftl"("en", UTF-8, parsed) from "jar:file:/C:/Users/cs8286/.m2/repository/com/aventstack/extentreports/3.1.2/extentreports-3.1.2.jar!/com/aventstack/extentreports/view/html-report/author-view/author-view.ftl"
2019-11-21 15:32:26.312DEBUG- Couldn't find template in cache for "exception-view/exception-view.ftl"("en", UTF-8, parsed); will try to load it.
2019-11-21 15:32:26.315DEBUG- TemplateLoader.findTemplateSource("exception-view/exception-view_en.ftl"): Not found
2019-11-21 15:32:26.316DEBUG- TemplateLoader.findTemplateSource("exception-view/exception-view.ftl"): Found
2019-11-21 15:32:26.316DEBUG- Loading template for "exception-view/exception-view.ftl"("en", UTF-8, parsed) from "jar:file:/C:/Users/cs8286/.m2/repository/com/aventstack/extentreports/3.1.2/extentreports-3.1.2.jar!/com/aventstack/extentreports/view/html-report/exception-view/exception-view.ftl"
2019-11-21 15:32:26.320DEBUG- Couldn't find template in cache for "dashboard-view/dashboard-view.ftl"("en", UTF-8, parsed); will try to load it.
2019-11-21 15:32:26.321DEBUG- TemplateLoader.findTemplateSource("dashboard-view/dashboard-view_en.ftl"): Not found
2019-11-21 15:32:26.322DEBUG- TemplateLoader.findTemplateSource("dashboard-view/dashboard-view.ftl"): Found
2019-11-21 15:32:26.322DEBUG- Loading template for "dashboard-view/dashboard-view.ftl"("en", UTF-8, parsed) from "jar:file:/C:/Users/cs8286/.m2/repository/com/aventstack/extentreports/3.1.2/extentreports-3.1.2.jar!/com/aventstack/extentreports/view/html-report/dashboard-view/dashboard-view.ftl"
2019-11-21 15:32:26.327DEBUG- Couldn't find template in cache for "logs-view/testrunner-logs-view.ftl"("en", UTF-8, parsed); will try to load it.
2019-11-21 15:32:26.328DEBUG- TemplateLoader.findTemplateSource("logs-view/testrunner-logs-view_en.ftl"): Not found
2019-11-21 15:32:26.329DEBUG- TemplateLoader.findTemplateSource("logs-view/testrunner-logs-view.ftl"): Found
2019-11-21 15:32:26.329DEBUG- Loading template for "logs-view/testrunner-logs-view.ftl"("en", UTF-8, parsed) from "jar:file:/C:/Users/cs8286/.m2/repository/com/aventstack/extentreports/3.1.2/extentreports-3.1.2.jar!/com/aventstack/extentreports/view/html-report/logs-view/testrunner-logs-view.ftl"
2019-11-21 15:32:37.885INFO - attaching html report to the xray issue ...
2019-11-21 15:32:37.885INFO - Last Test Report Folder: C:\Bitbucket\rta\module-report\module-report\module-report\bin\Reports_RTA
2019-11-21 15:32:37.885INFO - Zipping files ...
2019-11-21 15:32:37.946INFO - Files zipped successfully
2019-11-21 15:32:38.466INFO - 
2019-11-21 15:32:38.466INFO - Response:
2019-11-21 15:32:38.466INFO - Content-Type: Content-Type: application/json;charset=UTF-8
2019-11-21 15:32:38.466INFO - Content-Length: null
2019-11-21 15:32:38.466INFO - Status : 200
2019-11-21 15:32:38.466INFO - Content: [{"self":"https://t-jira-consorsbank.is.echonet/rest/api/2/attachment/25506","id":"25506","filename":"TestReport_Reports_RTA.zip","author":{"self":"https://t-jira-consorsbank.is.echonet/rest/api/2/user?username=CS8286","name":"CS8286","key":"cs8286","emailAddress":"Jithin.MuhammedIllyasJameelaB@consorsbank.de","avatarUrls":{"48x48":"https://t-jira-consorsbank.is.echonet/secure/useravatar?avatarId=10172","24x24":"https://t-jira-consorsbank.is.echonet/secure/useravatar?size=small&avatarId=10172","16x16":"https://t-jira-consorsbank.is.echonet/secure/useravatar?size=xsmall&avatarId=10172","32x32":"https://t-jira-consorsbank.is.echonet/secure/useravatar?size=medium&avatarId=10172"},"displayName":"Muhammed Illyas Jameela B Jithin","active":true,"timeZone":"Europe/Berlin"},"created":"2019-11-21T15:32:38.000+0100","size":448101,"mimeType":"application/zip","content":"https://t-jira-consorsbank.is.echonet/secure/attachment/25506/TestReport_Reports_RTA.zip"}]
