2019-11-20 14:44:21.342INFO - Log configuration done. Log Dir:.\Logs
2019-11-20 14:44:21.664INFO - Test Start Time: 2019-11-20T14:44:21+01:00
2019-11-20 14:45:47.767INFO - saving results to Xray ...
2019-11-20 14:45:47.914INFO - ***********************************************************
2019-11-20 14:45:47.914INFO - Request:
2019-11-20 14:45:47.915INFO - POST https://t-jira-consorsbank.is.echonet/rest/raven/1.0/import/execution
2019-11-20 14:45:47.915INFO - HOST: t-jira-consorsbank.is.echonet
2019-11-20 14:45:47.916INFO - Content-Type: Content-type: application/json
2019-11-20 14:45:47.916INFO - Content-Length: null
2019-11-20 14:45:48.318INFO - 
2019-11-20 14:45:48.318INFO - Response:
2019-11-20 14:45:48.318INFO - Content-Type: Content-Type: application/json;charset=UTF-8
2019-11-20 14:45:48.319INFO - Content-Length: null
2019-11-20 14:45:48.319INFO - Status : 200
2019-11-20 14:45:48.319INFO - Content: {"testExecIssue":{"id":"238585","key":"TA-69","self":"https://t-jira-consorsbank.is.echonet/rest/api/2/issue/238585"}}
2019-11-20 14:45:49.077DEBUG- Couldn't find template in cache for "index.ftl"("en", UTF-8, parsed); will try to load it.
2019-11-20 14:45:49.087DEBUG- TemplateLoader.findTemplateSource("index_en.ftl"): Not found
2019-11-20 14:45:49.087DEBUG- TemplateLoader.findTemplateSource("index.ftl"): Found
2019-11-20 14:45:49.087DEBUG- Loading template for "index.ftl"("en", UTF-8, parsed) from "jar:file:/C:/Users/cs8286/.m2/repository/com/aventstack/extentreports/3.1.2/extentreports-3.1.2.jar!/com/aventstack/extentreports/view/html-report/index.ftl"
2019-11-20 14:45:49.327DEBUG- Couldn't find template in cache for "head.ftl"("en", UTF-8, parsed); will try to load it.
2019-11-20 14:45:49.327DEBUG- TemplateLoader.findTemplateSource("head_en.ftl"): Not found
2019-11-20 14:45:49.327DEBUG- TemplateLoader.findTemplateSource("head.ftl"): Found
2019-11-20 14:45:49.327DEBUG- Loading template for "head.ftl"("en", UTF-8, parsed) from "jar:file:/C:/Users/cs8286/.m2/repository/com/aventstack/extentreports/3.1.2/extentreports-3.1.2.jar!/com/aventstack/extentreports/view/html-report/head.ftl"
2019-11-20 14:45:49.337DEBUG- Couldn't find template in cache for "nav.ftl"("en", UTF-8, parsed); will try to load it.
2019-11-20 14:45:49.337DEBUG- TemplateLoader.findTemplateSource("nav_en.ftl"): Not found
2019-11-20 14:45:49.337DEBUG- TemplateLoader.findTemplateSource("nav.ftl"): Found
2019-11-20 14:45:49.337DEBUG- Loading template for "nav.ftl"("en", UTF-8, parsed) from "jar:file:/C:/Users/cs8286/.m2/repository/com/aventstack/extentreports/3.1.2/extentreports-3.1.2.jar!/com/aventstack/extentreports/view/html-report/nav.ftl"
2019-11-20 14:45:49.338DEBUG- Couldn't find template in cache for "test-view/test-view.ftl"("en", UTF-8, parsed); will try to load it.
2019-11-20 14:45:49.338DEBUG- TemplateLoader.findTemplateSource("test-view/test-view_en.ftl"): Not found
2019-11-20 14:45:49.338DEBUG- TemplateLoader.findTemplateSource("test-view/test-view.ftl"): Found
2019-11-20 14:45:49.338DEBUG- Loading template for "test-view/test-view.ftl"("en", UTF-8, parsed) from "jar:file:/C:/Users/cs8286/.m2/repository/com/aventstack/extentreports/3.1.2/extentreports-3.1.2.jar!/com/aventstack/extentreports/view/html-report/test-view/test-view.ftl"
2019-11-20 14:45:49.357DEBUG- Couldn't find template in cache for "test-view/test-view-charts.ftl"("en", UTF-8, parsed); will try to load it.
2019-11-20 14:45:49.358DEBUG- TemplateLoader.findTemplateSource("test-view/test-view-charts_en.ftl"): Not found
2019-11-20 14:45:49.358DEBUG- TemplateLoader.findTemplateSource("test-view/test-view-charts.ftl"): Found
2019-11-20 14:45:49.359DEBUG- Loading template for "test-view/test-view-charts.ftl"("en", UTF-8, parsed) from "jar:file:/C:/Users/cs8286/.m2/repository/com/aventstack/extentreports/3.1.2/extentreports-3.1.2.jar!/com/aventstack/extentreports/view/html-report/test-view/test-view-charts.ftl"
2019-11-20 14:45:49.393DEBUG- Couldn't find template in cache for "test-view/standard.ftl"("en", UTF-8, parsed); will try to load it.
2019-11-20 14:45:49.393DEBUG- TemplateLoader.findTemplateSource("test-view/standard_en.ftl"): Not found
2019-11-20 14:45:49.393DEBUG- TemplateLoader.findTemplateSource("test-view/standard.ftl"): Found
2019-11-20 14:45:49.393DEBUG- Loading template for "test-view/standard.ftl"("en", UTF-8, parsed) from "jar:file:/C:/Users/cs8286/.m2/repository/com/aventstack/extentreports/3.1.2/extentreports-3.1.2.jar!/com/aventstack/extentreports/view/html-report/test-view/standard.ftl"
2019-11-20 14:45:49.413DEBUG- Couldn't find template in cache for "category-view/category-view.ftl"("en", UTF-8, parsed); will try to load it.
2019-11-20 14:45:49.413DEBUG- TemplateLoader.findTemplateSource("category-view/category-view_en.ftl"): Not found
2019-11-20 14:45:49.413DEBUG- TemplateLoader.findTemplateSource("category-view/category-view.ftl"): Found
2019-11-20 14:45:49.413DEBUG- Loading template for "category-view/category-view.ftl"("en", UTF-8, parsed) from "jar:file:/C:/Users/cs8286/.m2/repository/com/aventstack/extentreports/3.1.2/extentreports-3.1.2.jar!/com/aventstack/extentreports/view/html-report/category-view/category-view.ftl"
2019-11-20 14:45:49.423DEBUG- Couldn't find template in cache for "author-view/author-view.ftl"("en", UTF-8, parsed); will try to load it.
2019-11-20 14:45:49.423DEBUG- TemplateLoader.findTemplateSource("author-view/author-view_en.ftl"): Not found
2019-11-20 14:45:49.423DEBUG- TemplateLoader.findTemplateSource("author-view/author-view.ftl"): Found
2019-11-20 14:45:49.423DEBUG- Loading template for "author-view/author-view.ftl"("en", UTF-8, parsed) from "jar:file:/C:/Users/cs8286/.m2/repository/com/aventstack/extentreports/3.1.2/extentreports-3.1.2.jar!/com/aventstack/extentreports/view/html-report/author-view/author-view.ftl"
2019-11-20 14:45:49.424DEBUG- Couldn't find template in cache for "exception-view/exception-view.ftl"("en", UTF-8, parsed); will try to load it.
2019-11-20 14:45:49.424DEBUG- TemplateLoader.findTemplateSource("exception-view/exception-view_en.ftl"): Not found
2019-11-20 14:45:49.424DEBUG- TemplateLoader.findTemplateSource("exception-view/exception-view.ftl"): Found
2019-11-20 14:45:49.424DEBUG- Loading template for "exception-view/exception-view.ftl"("en", UTF-8, parsed) from "jar:file:/C:/Users/cs8286/.m2/repository/com/aventstack/extentreports/3.1.2/extentreports-3.1.2.jar!/com/aventstack/extentreports/view/html-report/exception-view/exception-view.ftl"
2019-11-20 14:45:49.424DEBUG- Couldn't find template in cache for "dashboard-view/dashboard-view.ftl"("en", UTF-8, parsed); will try to load it.
2019-11-20 14:45:49.425DEBUG- TemplateLoader.findTemplateSource("dashboard-view/dashboard-view_en.ftl"): Not found
2019-11-20 14:45:49.426DEBUG- TemplateLoader.findTemplateSource("dashboard-view/dashboard-view.ftl"): Found
2019-11-20 14:45:49.426DEBUG- Loading template for "dashboard-view/dashboard-view.ftl"("en", UTF-8, parsed) from "jar:file:/C:/Users/cs8286/.m2/repository/com/aventstack/extentreports/3.1.2/extentreports-3.1.2.jar!/com/aventstack/extentreports/view/html-report/dashboard-view/dashboard-view.ftl"
2019-11-20 14:45:49.432DEBUG- Couldn't find template in cache for "logs-view/testrunner-logs-view.ftl"("en", UTF-8, parsed); will try to load it.
2019-11-20 14:45:49.432DEBUG- TemplateLoader.findTemplateSource("logs-view/testrunner-logs-view_en.ftl"): Not found
2019-11-20 14:45:49.433DEBUG- TemplateLoader.findTemplateSource("logs-view/testrunner-logs-view.ftl"): Found
2019-11-20 14:45:49.433DEBUG- Loading template for "logs-view/testrunner-logs-view.ftl"("en", UTF-8, parsed) from "jar:file:/C:/Users/cs8286/.m2/repository/com/aventstack/extentreports/3.1.2/extentreports-3.1.2.jar!/com/aventstack/extentreports/view/html-report/logs-view/testrunner-logs-view.ftl"
2019-11-20 14:45:55.903INFO - attaching html report to the xray issue ...
2019-11-20 14:45:55.906INFO - Last Test Report Folder: C:\Bitbucket\rta\src\test\java\com\bnpp\module-report\module-report\module-report\bin\Reports_RTAWed Nov 20 14_41_38 CET 2019
2019-11-20 14:45:55.907INFO - Zipping files ...
2019-11-20 14:45:55.943INFO - Files zipped successfully
2019-11-20 14:45:56.554INFO - 
2019-11-20 14:45:56.554INFO - Response:
2019-11-20 14:45:56.554INFO - Content-Type: Content-Type: application/json;charset=UTF-8
2019-11-20 14:45:56.554INFO - Content-Length: null
2019-11-20 14:45:56.554INFO - Status : 200
2019-11-20 14:45:56.554INFO - Content: [{"self":"https://t-jira-consorsbank.is.echonet/rest/api/2/attachment/25460","id":"25460","filename":"TestReport_Reports_RTAWed_Nov_20_14_41_38_CET_2019.zip","author":{"self":"https://t-jira-consorsbank.is.echonet/rest/api/2/user?username=CS8286","name":"CS8286","key":"cs8286","emailAddress":"Jithin.MuhammedIllyasJameelaB@consorsbank.de","avatarUrls":{"48x48":"https://t-jira-consorsbank.is.echonet/secure/useravatar?avatarId=10172","24x24":"https://t-jira-consorsbank.is.echonet/secure/useravatar?size=small&avatarId=10172","16x16":"https://t-jira-consorsbank.is.echonet/secure/useravatar?size=xsmall&avatarId=10172","32x32":"https://t-jira-consorsbank.is.echonet/secure/useravatar?size=medium&avatarId=10172"},"displayName":"Muhammed Illyas Jameela B Jithin","active":true,"timeZone":"Europe/Berlin"},"created":"2019-11-20T14:45:56.000+0100","size":378359,"mimeType":"application/zip","content":"https://t-jira-consorsbank.is.echonet/secure/attachment/25460/TestReport_Reports_RTAWed_Nov_20_14_41_38_CET_2019.zip"}]
