2019-11-21 20:25:34.705INFO - Log configuration done. Log Dir:.\Logs
2019-11-21 20:25:35.032INFO - Test Start Time: 2019-11-21T20:25:35+01:00
2019-11-21 20:26:56.365INFO - saving results to Xray ...
2019-11-21 20:26:56.524INFO - ***********************************************************
2019-11-21 20:26:56.524INFO - Request:
2019-11-21 20:26:56.525INFO - POST https://t-jira-consorsbank.is.echonet/rest/raven/1.0/import/execution
2019-11-21 20:26:56.525INFO - HOST: t-jira-consorsbank.is.echonet
2019-11-21 20:26:56.526INFO - Content-Type: Content-type: application/json
2019-11-21 20:26:56.526INFO - Content-Length: null
2019-11-21 20:26:56.884INFO - 
2019-11-21 20:26:56.885INFO - Response:
2019-11-21 20:26:56.885INFO - Content-Type: Content-Type: application/json;charset=UTF-8
2019-11-21 20:26:56.885INFO - Content-Length: null
2019-11-21 20:26:56.885INFO - Status : 400
2019-11-21 20:26:56.885INFO - Content: Test issue with key TA-172 not found.

2019-11-21 20:26:57.630DEBUG- Couldn't find template in cache for "index.ftl"("en", UTF-8, parsed); will try to load it.
2019-11-21 20:26:57.631DEBUG- TemplateLoader.findTemplateSource("index_en.ftl"): Not found
2019-11-21 20:26:57.633DEBUG- TemplateLoader.findTemplateSource("index.ftl"): Found
2019-11-21 20:26:57.633DEBUG- Loading template for "index.ftl"("en", UTF-8, parsed) from "jar:file:/C:/Users/cs8286/.m2/repository/com/aventstack/extentreports/3.1.2/extentreports-3.1.2.jar!/com/aventstack/extentreports/view/html-report/index.ftl"
2019-11-21 20:26:57.831DEBUG- Couldn't find template in cache for "head.ftl"("en", UTF-8, parsed); will try to load it.
2019-11-21 20:26:57.832DEBUG- TemplateLoader.findTemplateSource("head_en.ftl"): Not found
2019-11-21 20:26:57.833DEBUG- TemplateLoader.findTemplateSource("head.ftl"): Found
2019-11-21 20:26:57.833DEBUG- Loading template for "head.ftl"("en", UTF-8, parsed) from "jar:file:/C:/Users/cs8286/.m2/repository/com/aventstack/extentreports/3.1.2/extentreports-3.1.2.jar!/com/aventstack/extentreports/view/html-report/head.ftl"
2019-11-21 20:26:57.837DEBUG- Couldn't find template in cache for "nav.ftl"("en", UTF-8, parsed); will try to load it.
2019-11-21 20:26:57.838DEBUG- TemplateLoader.findTemplateSource("nav_en.ftl"): Not found
2019-11-21 20:26:57.838DEBUG- TemplateLoader.findTemplateSource("nav.ftl"): Found
2019-11-21 20:26:57.838DEBUG- Loading template for "nav.ftl"("en", UTF-8, parsed) from "jar:file:/C:/Users/cs8286/.m2/repository/com/aventstack/extentreports/3.1.2/extentreports-3.1.2.jar!/com/aventstack/extentreports/view/html-report/nav.ftl"
2019-11-21 20:26:57.853DEBUG- Couldn't find template in cache for "test-view/test-view.ftl"("en", UTF-8, parsed); will try to load it.
2019-11-21 20:26:57.858DEBUG- TemplateLoader.findTemplateSource("test-view/test-view_en.ftl"): Not found
2019-11-21 20:26:57.859DEBUG- TemplateLoader.findTemplateSource("test-view/test-view.ftl"): Found
2019-11-21 20:26:57.859DEBUG- Loading template for "test-view/test-view.ftl"("en", UTF-8, parsed) from "jar:file:/C:/Users/cs8286/.m2/repository/com/aventstack/extentreports/3.1.2/extentreports-3.1.2.jar!/com/aventstack/extentreports/view/html-report/test-view/test-view.ftl"
2019-11-21 20:26:57.868DEBUG- Couldn't find template in cache for "test-view/test-view-charts.ftl"("en", UTF-8, parsed); will try to load it.
2019-11-21 20:26:57.869DEBUG- TemplateLoader.findTemplateSource("test-view/test-view-charts_en.ftl"): Not found
2019-11-21 20:26:57.869DEBUG- TemplateLoader.findTemplateSource("test-view/test-view-charts.ftl"): Found
2019-11-21 20:26:57.869DEBUG- Loading template for "test-view/test-view-charts.ftl"("en", UTF-8, parsed) from "jar:file:/C:/Users/cs8286/.m2/repository/com/aventstack/extentreports/3.1.2/extentreports-3.1.2.jar!/com/aventstack/extentreports/view/html-report/test-view/test-view-charts.ftl"
2019-11-21 20:26:57.885DEBUG- Couldn't find template in cache for "test-view/standard.ftl"("en", UTF-8, parsed); will try to load it.
2019-11-21 20:26:57.886DEBUG- TemplateLoader.findTemplateSource("test-view/standard_en.ftl"): Not found
2019-11-21 20:26:57.887DEBUG- TemplateLoader.findTemplateSource("test-view/standard.ftl"): Found
2019-11-21 20:26:57.887DEBUG- Loading template for "test-view/standard.ftl"("en", UTF-8, parsed) from "jar:file:/C:/Users/cs8286/.m2/repository/com/aventstack/extentreports/3.1.2/extentreports-3.1.2.jar!/com/aventstack/extentreports/view/html-report/test-view/standard.ftl"
2019-11-21 20:26:57.909DEBUG- Couldn't find template in cache for "category-view/category-view.ftl"("en", UTF-8, parsed); will try to load it.
2019-11-21 20:26:57.910DEBUG- TemplateLoader.findTemplateSource("category-view/category-view_en.ftl"): Not found
2019-11-21 20:26:57.910DEBUG- TemplateLoader.findTemplateSource("category-view/category-view.ftl"): Found
2019-11-21 20:26:57.910DEBUG- Loading template for "category-view/category-view.ftl"("en", UTF-8, parsed) from "jar:file:/C:/Users/cs8286/.m2/repository/com/aventstack/extentreports/3.1.2/extentreports-3.1.2.jar!/com/aventstack/extentreports/view/html-report/category-view/category-view.ftl"
2019-11-21 20:26:57.914DEBUG- Couldn't find template in cache for "author-view/author-view.ftl"("en", UTF-8, parsed); will try to load it.
2019-11-21 20:26:57.915DEBUG- TemplateLoader.findTemplateSource("author-view/author-view_en.ftl"): Not found
2019-11-21 20:26:57.916DEBUG- TemplateLoader.findTemplateSource("author-view/author-view.ftl"): Found
2019-11-21 20:26:57.916DEBUG- Loading template for "author-view/author-view.ftl"("en", UTF-8, parsed) from "jar:file:/C:/Users/cs8286/.m2/repository/com/aventstack/extentreports/3.1.2/extentreports-3.1.2.jar!/com/aventstack/extentreports/view/html-report/author-view/author-view.ftl"
2019-11-21 20:26:57.922DEBUG- Couldn't find template in cache for "exception-view/exception-view.ftl"("en", UTF-8, parsed); will try to load it.
2019-11-21 20:26:57.923DEBUG- TemplateLoader.findTemplateSource("exception-view/exception-view_en.ftl"): Not found
2019-11-21 20:26:57.923DEBUG- TemplateLoader.findTemplateSource("exception-view/exception-view.ftl"): Found
2019-11-21 20:26:57.923DEBUG- Loading template for "exception-view/exception-view.ftl"("en", UTF-8, parsed) from "jar:file:/C:/Users/cs8286/.m2/repository/com/aventstack/extentreports/3.1.2/extentreports-3.1.2.jar!/com/aventstack/extentreports/view/html-report/exception-view/exception-view.ftl"
2019-11-21 20:26:57.927DEBUG- Couldn't find template in cache for "dashboard-view/dashboard-view.ftl"("en", UTF-8, parsed); will try to load it.
2019-11-21 20:26:57.928DEBUG- TemplateLoader.findTemplateSource("dashboard-view/dashboard-view_en.ftl"): Not found
2019-11-21 20:26:57.928DEBUG- TemplateLoader.findTemplateSource("dashboard-view/dashboard-view.ftl"): Found
2019-11-21 20:26:57.929DEBUG- Loading template for "dashboard-view/dashboard-view.ftl"("en", UTF-8, parsed) from "jar:file:/C:/Users/cs8286/.m2/repository/com/aventstack/extentreports/3.1.2/extentreports-3.1.2.jar!/com/aventstack/extentreports/view/html-report/dashboard-view/dashboard-view.ftl"
2019-11-21 20:26:57.934DEBUG- Couldn't find template in cache for "logs-view/testrunner-logs-view.ftl"("en", UTF-8, parsed); will try to load it.
2019-11-21 20:26:57.935DEBUG- TemplateLoader.findTemplateSource("logs-view/testrunner-logs-view_en.ftl"): Not found
2019-11-21 20:26:57.935DEBUG- TemplateLoader.findTemplateSource("logs-view/testrunner-logs-view.ftl"): Found
2019-11-21 20:26:57.936DEBUG- Loading template for "logs-view/testrunner-logs-view.ftl"("en", UTF-8, parsed) from "jar:file:/C:/Users/cs8286/.m2/repository/com/aventstack/extentreports/3.1.2/extentreports-3.1.2.jar!/com/aventstack/extentreports/view/html-report/logs-view/testrunner-logs-view.ftl"
2019-11-21 20:27:09.073INFO - attaching html report to the xray issue ...
2019-11-21 20:27:09.080INFO - Last Test Report Folder: C:\Bitbucket\rta\Reports\Reports_Thu_Nov_21_20_22_29_CET_2019
2019-11-21 20:27:09.089INFO - Zipping files ...
2019-11-21 20:27:09.140INFO - Files zipped successfully
2019-11-21 20:27:09.715INFO - 
2019-11-21 20:27:09.716INFO - Response:
2019-11-21 20:27:09.716INFO - Content-Type: Content-Type: application/json;charset=UTF-8
2019-11-21 20:27:09.716INFO - Content-Length: null
2019-11-21 20:27:09.716INFO - Status : 200
2019-11-21 20:27:09.716INFO - Content: [{"self":"https://t-jira-consorsbank.is.echonet/rest/api/2/attachment/25528","id":"25528","filename":"TestReport_Reports_Thu_Nov_21_20_22_29_CET_2019.zip","author":{"self":"https://t-jira-consorsbank.is.echonet/rest/api/2/user?username=CS8286","name":"CS8286","key":"cs8286","emailAddress":"Jithin.MuhammedIllyasJameelaB@consorsbank.de","avatarUrls":{"48x48":"https://t-jira-consorsbank.is.echonet/secure/useravatar?avatarId=10172","24x24":"https://t-jira-consorsbank.is.echonet/secure/useravatar?size=small&avatarId=10172","16x16":"https://t-jira-consorsbank.is.echonet/secure/useravatar?size=xsmall&avatarId=10172","32x32":"https://t-jira-consorsbank.is.echonet/secure/useravatar?size=medium&avatarId=10172"},"displayName":"Muhammed Illyas Jameela B Jithin","active":true,"timeZone":"Europe/Berlin"},"created":"2019-11-21T20:27:09.000+0100","size":432137,"mimeType":"application/zip","content":"https://t-jira-consorsbank.is.echonet/secure/attachment/25528/TestReport_Reports_Thu_Nov_21_20_22_29_CET_2019.zip"}]
