2019-11-15 14:50:42.083INFO - Log configuration done. Log Dir:.\Logs
2019-11-15 14:50:42.424INFO - Test Start Time: 2019-11-15T14:50:42+01:00
2019-11-15 14:52:07.876INFO - saving results to Xray ...
2019-11-15 14:52:08.065INFO - ***********************************************************
2019-11-15 14:52:08.065INFO - Request:
2019-11-15 14:52:08.065INFO - POST https://t-jira-consorsbank.is.echonet/rest/raven/1.0/import/execution
2019-11-15 14:52:08.065INFO - HOST: t-jira-consorsbank.is.echonet
2019-11-15 14:52:08.066INFO - Content-Type: Content-type: application/json
2019-11-15 14:52:08.066INFO - Content-Length: null
2019-11-15 14:52:08.769INFO - 
2019-11-15 14:52:08.769INFO - Response:
2019-11-15 14:52:08.769INFO - Content-Type: Content-Type: application/json;charset=UTF-8
2019-11-15 14:52:08.769INFO - Content-Length: null
2019-11-15 14:52:08.769INFO - Status : 200
2019-11-15 14:52:08.769INFO - Content: {"testExecIssue":{"id":"238585","key":"TA-69","self":"https://t-jira-consorsbank.is.echonet/rest/api/2/issue/238585"}}
2019-11-15 14:52:08.800DEBUG- Couldn't find template in cache for "index.ftl"("en", UTF-8, parsed); will try to load it.
2019-11-15 14:52:08.800DEBUG- TemplateLoader.findTemplateSource("index_en.ftl"): Not found
2019-11-15 14:52:08.810DEBUG- TemplateLoader.findTemplateSource("index.ftl"): Found
2019-11-15 14:52:08.810DEBUG- Loading template for "index.ftl"("en", UTF-8, parsed) from "jar:file:/C:/Users/cs8286/.m2/repository/com/aventstack/extentreports/3.1.2/extentreports-3.1.2.jar!/com/aventstack/extentreports/view/html-report/index.ftl"
2019-11-15 14:52:09.192DEBUG- Couldn't find template in cache for "head.ftl"("en", UTF-8, parsed); will try to load it.
2019-11-15 14:52:09.192DEBUG- TemplateLoader.findTemplateSource("head_en.ftl"): Not found
2019-11-15 14:52:09.192DEBUG- TemplateLoader.findTemplateSource("head.ftl"): Found
2019-11-15 14:52:09.192DEBUG- Loading template for "head.ftl"("en", UTF-8, parsed) from "jar:file:/C:/Users/cs8286/.m2/repository/com/aventstack/extentreports/3.1.2/extentreports-3.1.2.jar!/com/aventstack/extentreports/view/html-report/head.ftl"
2019-11-15 14:52:09.202DEBUG- Couldn't find template in cache for "nav.ftl"("en", UTF-8, parsed); will try to load it.
2019-11-15 14:52:09.202DEBUG- TemplateLoader.findTemplateSource("nav_en.ftl"): Not found
2019-11-15 14:52:09.202DEBUG- TemplateLoader.findTemplateSource("nav.ftl"): Found
2019-11-15 14:52:09.202DEBUG- Loading template for "nav.ftl"("en", UTF-8, parsed) from "jar:file:/C:/Users/cs8286/.m2/repository/com/aventstack/extentreports/3.1.2/extentreports-3.1.2.jar!/com/aventstack/extentreports/view/html-report/nav.ftl"
2019-11-15 14:52:09.212DEBUG- Couldn't find template in cache for "test-view/test-view.ftl"("en", UTF-8, parsed); will try to load it.
2019-11-15 14:52:09.213DEBUG- TemplateLoader.findTemplateSource("test-view/test-view_en.ftl"): Not found
2019-11-15 14:52:09.213DEBUG- TemplateLoader.findTemplateSource("test-view/test-view.ftl"): Found
2019-11-15 14:52:09.213DEBUG- Loading template for "test-view/test-view.ftl"("en", UTF-8, parsed) from "jar:file:/C:/Users/cs8286/.m2/repository/com/aventstack/extentreports/3.1.2/extentreports-3.1.2.jar!/com/aventstack/extentreports/view/html-report/test-view/test-view.ftl"
2019-11-15 14:52:09.246DEBUG- Couldn't find template in cache for "test-view/test-view-charts.ftl"("en", UTF-8, parsed); will try to load it.
2019-11-15 14:52:09.246DEBUG- TemplateLoader.findTemplateSource("test-view/test-view-charts_en.ftl"): Not found
2019-11-15 14:52:09.247DEBUG- TemplateLoader.findTemplateSource("test-view/test-view-charts.ftl"): Found
2019-11-15 14:52:09.247DEBUG- Loading template for "test-view/test-view-charts.ftl"("en", UTF-8, parsed) from "jar:file:/C:/Users/cs8286/.m2/repository/com/aventstack/extentreports/3.1.2/extentreports-3.1.2.jar!/com/aventstack/extentreports/view/html-report/test-view/test-view-charts.ftl"
2019-11-15 14:52:09.282DEBUG- Couldn't find template in cache for "test-view/standard.ftl"("en", UTF-8, parsed); will try to load it.
2019-11-15 14:52:09.293DEBUG- TemplateLoader.findTemplateSource("test-view/standard_en.ftl"): Not found
2019-11-15 14:52:09.294DEBUG- TemplateLoader.findTemplateSource("test-view/standard.ftl"): Found
2019-11-15 14:52:09.294DEBUG- Loading template for "test-view/standard.ftl"("en", UTF-8, parsed) from "jar:file:/C:/Users/cs8286/.m2/repository/com/aventstack/extentreports/3.1.2/extentreports-3.1.2.jar!/com/aventstack/extentreports/view/html-report/test-view/standard.ftl"
2019-11-15 14:52:09.354DEBUG- Couldn't find template in cache for "category-view/category-view.ftl"("en", UTF-8, parsed); will try to load it.
2019-11-15 14:52:09.356DEBUG- TemplateLoader.findTemplateSource("category-view/category-view_en.ftl"): Not found
2019-11-15 14:52:09.357DEBUG- TemplateLoader.findTemplateSource("category-view/category-view.ftl"): Found
2019-11-15 14:52:09.357DEBUG- Loading template for "category-view/category-view.ftl"("en", UTF-8, parsed) from "jar:file:/C:/Users/cs8286/.m2/repository/com/aventstack/extentreports/3.1.2/extentreports-3.1.2.jar!/com/aventstack/extentreports/view/html-report/category-view/category-view.ftl"
2019-11-15 14:52:09.368DEBUG- Couldn't find template in cache for "author-view/author-view.ftl"("en", UTF-8, parsed); will try to load it.
2019-11-15 14:52:09.369DEBUG- TemplateLoader.findTemplateSource("author-view/author-view_en.ftl"): Not found
2019-11-15 14:52:09.373DEBUG- TemplateLoader.findTemplateSource("author-view/author-view.ftl"): Found
2019-11-15 14:52:09.374DEBUG- Loading template for "author-view/author-view.ftl"("en", UTF-8, parsed) from "jar:file:/C:/Users/cs8286/.m2/repository/com/aventstack/extentreports/3.1.2/extentreports-3.1.2.jar!/com/aventstack/extentreports/view/html-report/author-view/author-view.ftl"
2019-11-15 14:52:09.382DEBUG- Couldn't find template in cache for "exception-view/exception-view.ftl"("en", UTF-8, parsed); will try to load it.
2019-11-15 14:52:09.383DEBUG- TemplateLoader.findTemplateSource("exception-view/exception-view_en.ftl"): Not found
2019-11-15 14:52:09.383DEBUG- TemplateLoader.findTemplateSource("exception-view/exception-view.ftl"): Found
2019-11-15 14:52:09.384DEBUG- Loading template for "exception-view/exception-view.ftl"("en", UTF-8, parsed) from "jar:file:/C:/Users/cs8286/.m2/repository/com/aventstack/extentreports/3.1.2/extentreports-3.1.2.jar!/com/aventstack/extentreports/view/html-report/exception-view/exception-view.ftl"
2019-11-15 14:52:09.389DEBUG- Couldn't find template in cache for "dashboard-view/dashboard-view.ftl"("en", UTF-8, parsed); will try to load it.
2019-11-15 14:52:09.390DEBUG- TemplateLoader.findTemplateSource("dashboard-view/dashboard-view_en.ftl"): Not found
2019-11-15 14:52:09.391DEBUG- TemplateLoader.findTemplateSource("dashboard-view/dashboard-view.ftl"): Found
2019-11-15 14:52:09.392DEBUG- Loading template for "dashboard-view/dashboard-view.ftl"("en", UTF-8, parsed) from "jar:file:/C:/Users/cs8286/.m2/repository/com/aventstack/extentreports/3.1.2/extentreports-3.1.2.jar!/com/aventstack/extentreports/view/html-report/dashboard-view/dashboard-view.ftl"
2019-11-15 14:52:09.409DEBUG- Couldn't find template in cache for "logs-view/testrunner-logs-view.ftl"("en", UTF-8, parsed); will try to load it.
2019-11-15 14:52:09.411DEBUG- TemplateLoader.findTemplateSource("logs-view/testrunner-logs-view_en.ftl"): Not found
2019-11-15 14:52:09.412DEBUG- TemplateLoader.findTemplateSource("logs-view/testrunner-logs-view.ftl"): Found
2019-11-15 14:52:09.412DEBUG- Loading template for "logs-view/testrunner-logs-view.ftl"("en", UTF-8, parsed) from "jar:file:/C:/Users/cs8286/.m2/repository/com/aventstack/extentreports/3.1.2/extentreports-3.1.2.jar!/com/aventstack/extentreports/view/html-report/logs-view/testrunner-logs-view.ftl"
2019-11-15 14:52:15.789INFO - attaching html report to the xray issue ...
2019-11-15 14:52:15.789INFO - Last Test Report Folder: .\Reports\Fri Nov 15 14_50_42 CET 2019
2019-11-15 14:52:15.789INFO - Zipping files ...
2019-11-15 14:52:15.830INFO - Files zipped successfully
2019-11-15 14:52:16.450INFO - 
2019-11-15 14:52:16.450INFO - Response:
2019-11-15 14:52:16.450INFO - Content-Type: Content-Type: application/json;charset=UTF-8
2019-11-15 14:52:16.450INFO - Content-Length: null
2019-11-15 14:52:16.450INFO - Status : 200
2019-11-15 14:52:16.450INFO - Content: [{"self":"https://t-jira-consorsbank.is.echonet/rest/api/2/attachment/25319","id":"25319","filename":"TestReport_Fri_Nov_15_14_50_42_CET_2019.zip","author":{"self":"https://t-jira-consorsbank.is.echonet/rest/api/2/user?username=CS8286","name":"CS8286","key":"cs8286","emailAddress":"Jithin.MuhammedIllyasJameelaB@consorsbank.de","avatarUrls":{"48x48":"https://t-jira-consorsbank.is.echonet/secure/useravatar?avatarId=10172","24x24":"https://t-jira-consorsbank.is.echonet/secure/useravatar?size=small&avatarId=10172","16x16":"https://t-jira-consorsbank.is.echonet/secure/useravatar?size=xsmall&avatarId=10172","32x32":"https://t-jira-consorsbank.is.echonet/secure/useravatar?size=medium&avatarId=10172"},"displayName":"Muhammed Illyas Jameela B Jithin","active":true,"timeZone":"Europe/Berlin"},"created":"2019-11-15T14:52:16.000+0100","size":421853,"mimeType":"application/zip","content":"https://t-jira-consorsbank.is.echonet/secure/attachment/25319/TestReport_Fri_Nov_15_14_50_42_CET_2019.zip"}]
