2019-11-06 11:47:47.036INFO - Log configuration done. Log Dir:.\Logs
2019-11-06 11:47:47.353INFO - Test Start Time: 2019-11-06T11:47:47+01:00
2019-11-06 11:49:16.916INFO - saving results to Xray ...
2019-11-06 11:49:17.086INFO - ***********************************************************
2019-11-06 11:49:17.086INFO - Request:
2019-11-06 11:49:17.086INFO - POST https://t-jira-consorsbank.is.echonet/rest/raven/1.0/import/execution
2019-11-06 11:49:17.086INFO - HOST: t-jira-consorsbank.is.echonet
2019-11-06 11:49:17.087INFO - Content-Type: Content-type: application/json
2019-11-06 11:49:17.088INFO - Content-Length: null
2019-11-06 11:49:26.598INFO - 
2019-11-06 11:49:26.598INFO - Response:
2019-11-06 11:49:26.598INFO - Content-Type: Content-Type: application/json;charset=UTF-8
2019-11-06 11:49:26.598INFO - Content-Length: null
2019-11-06 11:49:26.598INFO - Status : 200
2019-11-06 11:49:26.598INFO - Content: {"testExecIssue":{"id":"238585","key":"TA-69","self":"https://t-jira-consorsbank.is.echonet/rest/api/2/issue/238585"}}
2019-11-06 11:49:26.621DEBUG- Couldn't find template in cache for "index.ftl"("en", UTF-8, parsed); will try to load it.
2019-11-06 11:49:26.623DEBUG- TemplateLoader.findTemplateSource("index_en.ftl"): Not found
2019-11-06 11:49:26.624DEBUG- TemplateLoader.findTemplateSource("index.ftl"): Found
2019-11-06 11:49:26.625DEBUG- Loading template for "index.ftl"("en", UTF-8, parsed) from "jar:file:/C:/Users/cs8286/.m2/repository/com/aventstack/extentreports/3.1.2/extentreports-3.1.2.jar!/com/aventstack/extentreports/view/html-report/index.ftl"
2019-11-06 11:49:26.815DEBUG- Couldn't find template in cache for "head.ftl"("en", UTF-8, parsed); will try to load it.
2019-11-06 11:49:26.816DEBUG- TemplateLoader.findTemplateSource("head_en.ftl"): Not found
2019-11-06 11:49:26.817DEBUG- TemplateLoader.findTemplateSource("head.ftl"): Found
2019-11-06 11:49:26.817DEBUG- Loading template for "head.ftl"("en", UTF-8, parsed) from "jar:file:/C:/Users/cs8286/.m2/repository/com/aventstack/extentreports/3.1.2/extentreports-3.1.2.jar!/com/aventstack/extentreports/view/html-report/head.ftl"
2019-11-06 11:49:26.820DEBUG- Couldn't find template in cache for "nav.ftl"("en", UTF-8, parsed); will try to load it.
2019-11-06 11:49:26.821DEBUG- TemplateLoader.findTemplateSource("nav_en.ftl"): Not found
2019-11-06 11:49:26.822DEBUG- TemplateLoader.findTemplateSource("nav.ftl"): Found
2019-11-06 11:49:26.822DEBUG- Loading template for "nav.ftl"("en", UTF-8, parsed) from "jar:file:/C:/Users/cs8286/.m2/repository/com/aventstack/extentreports/3.1.2/extentreports-3.1.2.jar!/com/aventstack/extentreports/view/html-report/nav.ftl"
2019-11-06 11:49:26.832DEBUG- Couldn't find template in cache for "test-view/test-view.ftl"("en", UTF-8, parsed); will try to load it.
2019-11-06 11:49:26.832DEBUG- TemplateLoader.findTemplateSource("test-view/test-view_en.ftl"): Not found
2019-11-06 11:49:26.833DEBUG- TemplateLoader.findTemplateSource("test-view/test-view.ftl"): Found
2019-11-06 11:49:26.833DEBUG- Loading template for "test-view/test-view.ftl"("en", UTF-8, parsed) from "jar:file:/C:/Users/cs8286/.m2/repository/com/aventstack/extentreports/3.1.2/extentreports-3.1.2.jar!/com/aventstack/extentreports/view/html-report/test-view/test-view.ftl"
2019-11-06 11:49:26.844DEBUG- Couldn't find template in cache for "test-view/test-view-charts.ftl"("en", UTF-8, parsed); will try to load it.
2019-11-06 11:49:26.845DEBUG- TemplateLoader.findTemplateSource("test-view/test-view-charts_en.ftl"): Not found
2019-11-06 11:49:26.846DEBUG- TemplateLoader.findTemplateSource("test-view/test-view-charts.ftl"): Found
2019-11-06 11:49:26.846DEBUG- Loading template for "test-view/test-view-charts.ftl"("en", UTF-8, parsed) from "jar:file:/C:/Users/cs8286/.m2/repository/com/aventstack/extentreports/3.1.2/extentreports-3.1.2.jar!/com/aventstack/extentreports/view/html-report/test-view/test-view-charts.ftl"
2019-11-06 11:49:26.860DEBUG- Couldn't find template in cache for "test-view/standard.ftl"("en", UTF-8, parsed); will try to load it.
2019-11-06 11:49:26.861DEBUG- TemplateLoader.findTemplateSource("test-view/standard_en.ftl"): Not found
2019-11-06 11:49:26.861DEBUG- TemplateLoader.findTemplateSource("test-view/standard.ftl"): Found
2019-11-06 11:49:26.862DEBUG- Loading template for "test-view/standard.ftl"("en", UTF-8, parsed) from "jar:file:/C:/Users/cs8286/.m2/repository/com/aventstack/extentreports/3.1.2/extentreports-3.1.2.jar!/com/aventstack/extentreports/view/html-report/test-view/standard.ftl"
2019-11-06 11:49:26.918DEBUG- Couldn't find template in cache for "category-view/category-view.ftl"("en", UTF-8, parsed); will try to load it.
2019-11-06 11:49:26.918DEBUG- TemplateLoader.findTemplateSource("category-view/category-view_en.ftl"): Not found
2019-11-06 11:49:26.918DEBUG- TemplateLoader.findTemplateSource("category-view/category-view.ftl"): Found
2019-11-06 11:49:26.918DEBUG- Loading template for "category-view/category-view.ftl"("en", UTF-8, parsed) from "jar:file:/C:/Users/cs8286/.m2/repository/com/aventstack/extentreports/3.1.2/extentreports-3.1.2.jar!/com/aventstack/extentreports/view/html-report/category-view/category-view.ftl"
2019-11-06 11:49:26.918DEBUG- Couldn't find template in cache for "author-view/author-view.ftl"("en", UTF-8, parsed); will try to load it.
2019-11-06 11:49:26.918DEBUG- TemplateLoader.findTemplateSource("author-view/author-view_en.ftl"): Not found
2019-11-06 11:49:26.918DEBUG- TemplateLoader.findTemplateSource("author-view/author-view.ftl"): Found
2019-11-06 11:49:26.919DEBUG- Loading template for "author-view/author-view.ftl"("en", UTF-8, parsed) from "jar:file:/C:/Users/cs8286/.m2/repository/com/aventstack/extentreports/3.1.2/extentreports-3.1.2.jar!/com/aventstack/extentreports/view/html-report/author-view/author-view.ftl"
2019-11-06 11:49:26.919DEBUG- Couldn't find template in cache for "exception-view/exception-view.ftl"("en", UTF-8, parsed); will try to load it.
2019-11-06 11:49:26.919DEBUG- TemplateLoader.findTemplateSource("exception-view/exception-view_en.ftl"): Not found
2019-11-06 11:49:26.919DEBUG- TemplateLoader.findTemplateSource("exception-view/exception-view.ftl"): Found
2019-11-06 11:49:26.919DEBUG- Loading template for "exception-view/exception-view.ftl"("en", UTF-8, parsed) from "jar:file:/C:/Users/cs8286/.m2/repository/com/aventstack/extentreports/3.1.2/extentreports-3.1.2.jar!/com/aventstack/extentreports/view/html-report/exception-view/exception-view.ftl"
2019-11-06 11:49:26.922DEBUG- Couldn't find template in cache for "dashboard-view/dashboard-view.ftl"("en", UTF-8, parsed); will try to load it.
2019-11-06 11:49:26.923DEBUG- TemplateLoader.findTemplateSource("dashboard-view/dashboard-view_en.ftl"): Not found
2019-11-06 11:49:26.924DEBUG- TemplateLoader.findTemplateSource("dashboard-view/dashboard-view.ftl"): Found
2019-11-06 11:49:26.924DEBUG- Loading template for "dashboard-view/dashboard-view.ftl"("en", UTF-8, parsed) from "jar:file:/C:/Users/cs8286/.m2/repository/com/aventstack/extentreports/3.1.2/extentreports-3.1.2.jar!/com/aventstack/extentreports/view/html-report/dashboard-view/dashboard-view.ftl"
2019-11-06 11:49:26.932DEBUG- Couldn't find template in cache for "logs-view/testrunner-logs-view.ftl"("en", UTF-8, parsed); will try to load it.
2019-11-06 11:49:26.932DEBUG- TemplateLoader.findTemplateSource("logs-view/testrunner-logs-view_en.ftl"): Not found
2019-11-06 11:49:26.933DEBUG- TemplateLoader.findTemplateSource("logs-view/testrunner-logs-view.ftl"): Found
2019-11-06 11:49:26.933DEBUG- Loading template for "logs-view/testrunner-logs-view.ftl"("en", UTF-8, parsed) from "jar:file:/C:/Users/cs8286/.m2/repository/com/aventstack/extentreports/3.1.2/extentreports-3.1.2.jar!/com/aventstack/extentreports/view/html-report/logs-view/testrunner-logs-view.ftl"
2019-11-06 11:49:33.008INFO - attaching html report to the xray issue ...
2019-11-06 11:49:33.015INFO - Last Test Report Folder: .\Reports\Wed Nov 06 11_47_47 CET 2019
2019-11-06 11:49:33.016INFO - Zipping files ...
2019-11-06 11:49:33.056INFO - Files zipped successfully
2019-11-06 11:49:33.843INFO - 
2019-11-06 11:49:33.843INFO - Response:
2019-11-06 11:49:33.844INFO - Content-Type: Content-Type: application/json;charset=UTF-8
2019-11-06 11:49:33.844INFO - Content-Length: null
2019-11-06 11:49:33.844INFO - Status : 200
2019-11-06 11:49:33.845INFO - Content: [{"self":"https://t-jira-consorsbank.is.echonet/rest/api/2/attachment/25182","id":"25182","filename":"TestReport_Wed_Nov_06_11_47_47_CET_2019.zip","author":{"self":"https://t-jira-consorsbank.is.echonet/rest/api/2/user?username=CS8286","name":"CS8286","key":"cs8286","emailAddress":"Jithin.MuhammedIllyasJameelaB@consorsbank.de","avatarUrls":{"48x48":"https://t-jira-consorsbank.is.echonet/secure/useravatar?avatarId=10172","24x24":"https://t-jira-consorsbank.is.echonet/secure/useravatar?size=small&avatarId=10172","16x16":"https://t-jira-consorsbank.is.echonet/secure/useravatar?size=xsmall&avatarId=10172","32x32":"https://t-jira-consorsbank.is.echonet/secure/useravatar?size=medium&avatarId=10172"},"displayName":"Muhammed Illyas Jameela B Jithin","active":true,"timeZone":"Europe/Berlin"},"created":"2019-11-06T11:49:33.000+0100","size":420061,"mimeType":"application/zip","content":"https://t-jira-consorsbank.is.echonet/secure/attachment/25182/TestReport_Wed_Nov_06_11_47_47_CET_2019.zip"}]
