2019-11-20 13:56:38.106INFO - Log configuration done. Log Dir:.\Logs
2019-11-20 13:56:38.530INFO - Test Start Time: 2019-11-20T13:56:38+01:00
2019-11-20 13:57:43.228INFO - saving results to Xray ...
2019-11-20 13:57:43.369INFO - ***********************************************************
2019-11-20 13:57:43.369INFO - Request:
2019-11-20 13:57:43.369INFO - POST https://t-jira-consorsbank.is.echonet/rest/raven/1.0/import/execution
2019-11-20 13:57:43.369INFO - HOST: t-jira-consorsbank.is.echonet
2019-11-20 13:57:43.370INFO - Content-Type: Content-type: application/json
2019-11-20 13:57:43.370INFO - Content-Length: null
2019-11-20 13:57:43.743INFO - 
2019-11-20 13:57:43.744INFO - Response:
2019-11-20 13:57:43.744INFO - Content-Type: Content-Type: application/json;charset=UTF-8
2019-11-20 13:57:43.744INFO - Content-Length: null
2019-11-20 13:57:43.744INFO - Status : 200
2019-11-20 13:57:43.744INFO - Content: {"testExecIssue":{"id":"238585","key":"TA-69","self":"https://t-jira-consorsbank.is.echonet/rest/api/2/issue/238585"}}
2019-11-20 13:57:44.449DEBUG- Couldn't find template in cache for "index.ftl"("en", UTF-8, parsed); will try to load it.
2019-11-20 13:57:44.451DEBUG- TemplateLoader.findTemplateSource("index_en.ftl"): Not found
2019-11-20 13:57:44.453DEBUG- TemplateLoader.findTemplateSource("index.ftl"): Found
2019-11-20 13:57:44.462DEBUG- Loading template for "index.ftl"("en", UTF-8, parsed) from "jar:file:/C:/Users/cs8286/.m2/repository/com/aventstack/extentreports/3.1.2/extentreports-3.1.2.jar!/com/aventstack/extentreports/view/html-report/index.ftl"
2019-11-20 13:57:44.687DEBUG- Couldn't find template in cache for "head.ftl"("en", UTF-8, parsed); will try to load it.
2019-11-20 13:57:44.688DEBUG- TemplateLoader.findTemplateSource("head_en.ftl"): Not found
2019-11-20 13:57:44.688DEBUG- TemplateLoader.findTemplateSource("head.ftl"): Found
2019-11-20 13:57:44.688DEBUG- Loading template for "head.ftl"("en", UTF-8, parsed) from "jar:file:/C:/Users/cs8286/.m2/repository/com/aventstack/extentreports/3.1.2/extentreports-3.1.2.jar!/com/aventstack/extentreports/view/html-report/head.ftl"
2019-11-20 13:57:44.692DEBUG- Couldn't find template in cache for "nav.ftl"("en", UTF-8, parsed); will try to load it.
2019-11-20 13:57:44.693DEBUG- TemplateLoader.findTemplateSource("nav_en.ftl"): Not found
2019-11-20 13:57:44.693DEBUG- TemplateLoader.findTemplateSource("nav.ftl"): Found
2019-11-20 13:57:44.693DEBUG- Loading template for "nav.ftl"("en", UTF-8, parsed) from "jar:file:/C:/Users/cs8286/.m2/repository/com/aventstack/extentreports/3.1.2/extentreports-3.1.2.jar!/com/aventstack/extentreports/view/html-report/nav.ftl"
2019-11-20 13:57:44.702DEBUG- Couldn't find template in cache for "test-view/test-view.ftl"("en", UTF-8, parsed); will try to load it.
2019-11-20 13:57:44.703DEBUG- TemplateLoader.findTemplateSource("test-view/test-view_en.ftl"): Not found
2019-11-20 13:57:44.703DEBUG- TemplateLoader.findTemplateSource("test-view/test-view.ftl"): Found
2019-11-20 13:57:44.703DEBUG- Loading template for "test-view/test-view.ftl"("en", UTF-8, parsed) from "jar:file:/C:/Users/cs8286/.m2/repository/com/aventstack/extentreports/3.1.2/extentreports-3.1.2.jar!/com/aventstack/extentreports/view/html-report/test-view/test-view.ftl"
2019-11-20 13:57:44.714DEBUG- Couldn't find template in cache for "test-view/test-view-charts.ftl"("en", UTF-8, parsed); will try to load it.
2019-11-20 13:57:44.714DEBUG- TemplateLoader.findTemplateSource("test-view/test-view-charts_en.ftl"): Not found
2019-11-20 13:57:44.715DEBUG- TemplateLoader.findTemplateSource("test-view/test-view-charts.ftl"): Found
2019-11-20 13:57:44.715DEBUG- Loading template for "test-view/test-view-charts.ftl"("en", UTF-8, parsed) from "jar:file:/C:/Users/cs8286/.m2/repository/com/aventstack/extentreports/3.1.2/extentreports-3.1.2.jar!/com/aventstack/extentreports/view/html-report/test-view/test-view-charts.ftl"
2019-11-20 13:57:44.731DEBUG- Couldn't find template in cache for "test-view/standard.ftl"("en", UTF-8, parsed); will try to load it.
2019-11-20 13:57:44.732DEBUG- TemplateLoader.findTemplateSource("test-view/standard_en.ftl"): Not found
2019-11-20 13:57:44.733DEBUG- TemplateLoader.findTemplateSource("test-view/standard.ftl"): Found
2019-11-20 13:57:44.733DEBUG- Loading template for "test-view/standard.ftl"("en", UTF-8, parsed) from "jar:file:/C:/Users/cs8286/.m2/repository/com/aventstack/extentreports/3.1.2/extentreports-3.1.2.jar!/com/aventstack/extentreports/view/html-report/test-view/standard.ftl"
2019-11-20 13:57:44.759DEBUG- Couldn't find template in cache for "category-view/category-view.ftl"("en", UTF-8, parsed); will try to load it.
2019-11-20 13:57:44.760DEBUG- TemplateLoader.findTemplateSource("category-view/category-view_en.ftl"): Not found
2019-11-20 13:57:44.760DEBUG- TemplateLoader.findTemplateSource("category-view/category-view.ftl"): Found
2019-11-20 13:57:44.760DEBUG- Loading template for "category-view/category-view.ftl"("en", UTF-8, parsed) from "jar:file:/C:/Users/cs8286/.m2/repository/com/aventstack/extentreports/3.1.2/extentreports-3.1.2.jar!/com/aventstack/extentreports/view/html-report/category-view/category-view.ftl"
2019-11-20 13:57:44.765DEBUG- Couldn't find template in cache for "author-view/author-view.ftl"("en", UTF-8, parsed); will try to load it.
2019-11-20 13:57:44.766DEBUG- TemplateLoader.findTemplateSource("author-view/author-view_en.ftl"): Not found
2019-11-20 13:57:44.766DEBUG- TemplateLoader.findTemplateSource("author-view/author-view.ftl"): Found
2019-11-20 13:57:44.766DEBUG- Loading template for "author-view/author-view.ftl"("en", UTF-8, parsed) from "jar:file:/C:/Users/cs8286/.m2/repository/com/aventstack/extentreports/3.1.2/extentreports-3.1.2.jar!/com/aventstack/extentreports/view/html-report/author-view/author-view.ftl"
2019-11-20 13:57:44.771DEBUG- Couldn't find template in cache for "exception-view/exception-view.ftl"("en", UTF-8, parsed); will try to load it.
2019-11-20 13:57:44.772DEBUG- TemplateLoader.findTemplateSource("exception-view/exception-view_en.ftl"): Not found
2019-11-20 13:57:44.772DEBUG- TemplateLoader.findTemplateSource("exception-view/exception-view.ftl"): Found
2019-11-20 13:57:44.772DEBUG- Loading template for "exception-view/exception-view.ftl"("en", UTF-8, parsed) from "jar:file:/C:/Users/cs8286/.m2/repository/com/aventstack/extentreports/3.1.2/extentreports-3.1.2.jar!/com/aventstack/extentreports/view/html-report/exception-view/exception-view.ftl"
2019-11-20 13:57:44.776DEBUG- Couldn't find template in cache for "dashboard-view/dashboard-view.ftl"("en", UTF-8, parsed); will try to load it.
2019-11-20 13:57:44.777DEBUG- TemplateLoader.findTemplateSource("dashboard-view/dashboard-view_en.ftl"): Not found
2019-11-20 13:57:44.777DEBUG- TemplateLoader.findTemplateSource("dashboard-view/dashboard-view.ftl"): Found
2019-11-20 13:57:44.777DEBUG- Loading template for "dashboard-view/dashboard-view.ftl"("en", UTF-8, parsed) from "jar:file:/C:/Users/cs8286/.m2/repository/com/aventstack/extentreports/3.1.2/extentreports-3.1.2.jar!/com/aventstack/extentreports/view/html-report/dashboard-view/dashboard-view.ftl"
2019-11-20 13:57:44.784DEBUG- Couldn't find template in cache for "logs-view/testrunner-logs-view.ftl"("en", UTF-8, parsed); will try to load it.
2019-11-20 13:57:44.785DEBUG- TemplateLoader.findTemplateSource("logs-view/testrunner-logs-view_en.ftl"): Not found
2019-11-20 13:57:44.785DEBUG- TemplateLoader.findTemplateSource("logs-view/testrunner-logs-view.ftl"): Found
2019-11-20 13:57:44.785DEBUG- Loading template for "logs-view/testrunner-logs-view.ftl"("en", UTF-8, parsed) from "jar:file:/C:/Users/cs8286/.m2/repository/com/aventstack/extentreports/3.1.2/extentreports-3.1.2.jar!/com/aventstack/extentreports/view/html-report/logs-view/testrunner-logs-view.ftl"
2019-11-20 13:57:50.830INFO - attaching html report to the xray issue ...
2019-11-20 13:57:50.835INFO - Last Test Report Folder: .\Reports\Wed Nov 20 13_56_38 CET 2019
2019-11-20 13:57:50.836INFO - Zipping files ...
2019-11-20 13:57:50.902INFO - Files zipped successfully
2019-11-20 13:57:51.453INFO - 
2019-11-20 13:57:51.453INFO - Response:
2019-11-20 13:57:51.453INFO - Content-Type: Content-Type: application/json;charset=UTF-8
2019-11-20 13:57:51.453INFO - Content-Length: null
2019-11-20 13:57:51.453INFO - Status : 200
2019-11-20 13:57:51.453INFO - Content: [{"self":"https://t-jira-consorsbank.is.echonet/rest/api/2/attachment/25454","id":"25454","filename":"TestReport_Wed_Nov_20_13_56_38_CET_2019.zip","author":{"self":"https://t-jira-consorsbank.is.echonet/rest/api/2/user?username=CS8286","name":"CS8286","key":"cs8286","emailAddress":"Jithin.MuhammedIllyasJameelaB@consorsbank.de","avatarUrls":{"48x48":"https://t-jira-consorsbank.is.echonet/secure/useravatar?avatarId=10172","24x24":"https://t-jira-consorsbank.is.echonet/secure/useravatar?size=small&avatarId=10172","16x16":"https://t-jira-consorsbank.is.echonet/secure/useravatar?size=xsmall&avatarId=10172","32x32":"https://t-jira-consorsbank.is.echonet/secure/useravatar?size=medium&avatarId=10172"},"displayName":"Muhammed Illyas Jameela B Jithin","active":true,"timeZone":"Europe/Berlin"},"created":"2019-11-20T13:57:51.000+0100","size":890134,"mimeType":"application/zip","content":"https://t-jira-consorsbank.is.echonet/secure/attachment/25454/TestReport_Wed_Nov_20_13_56_38_CET_2019.zip"}]
