2019-11-20 14:57:14.941INFO - Log configuration done. Log Dir:.\Logs
2019-11-20 14:57:15.269INFO - Test Start Time: 2019-11-20T14:57:15+01:00
2019-11-20 14:58:43.610INFO - saving results to Xray ...
2019-11-20 14:58:43.770INFO - ***********************************************************
2019-11-20 14:58:43.770INFO - Request:
2019-11-20 14:58:43.770INFO - POST https://t-jira-consorsbank.is.echonet/rest/raven/1.0/import/execution
2019-11-20 14:58:43.771INFO - HOST: t-jira-consorsbank.is.echonet
2019-11-20 14:58:43.771INFO - Content-Type: Content-type: application/json
2019-11-20 14:58:43.772INFO - Content-Length: null
2019-11-20 14:58:44.188INFO - 
2019-11-20 14:58:44.189INFO - Response:
2019-11-20 14:58:44.189INFO - Content-Type: Content-Type: application/json;charset=UTF-8
2019-11-20 14:58:44.189INFO - Content-Length: null
2019-11-20 14:58:44.189INFO - Status : 200
2019-11-20 14:58:44.190INFO - Content: {"testExecIssue":{"id":"238585","key":"TA-69","self":"https://t-jira-consorsbank.is.echonet/rest/api/2/issue/238585"}}
2019-11-20 14:58:44.961DEBUG- Couldn't find template in cache for "index.ftl"("en", UTF-8, parsed); will try to load it.
2019-11-20 14:58:44.962DEBUG- TemplateLoader.findTemplateSource("index_en.ftl"): Not found
2019-11-20 14:58:44.965DEBUG- TemplateLoader.findTemplateSource("index.ftl"): Found
2019-11-20 14:58:44.965DEBUG- Loading template for "index.ftl"("en", UTF-8, parsed) from "jar:file:/C:/Users/cs8286/.m2/repository/com/aventstack/extentreports/3.1.2/extentreports-3.1.2.jar!/com/aventstack/extentreports/view/html-report/index.ftl"
2019-11-20 14:58:45.172DEBUG- Couldn't find template in cache for "head.ftl"("en", UTF-8, parsed); will try to load it.
2019-11-20 14:58:45.173DEBUG- TemplateLoader.findTemplateSource("head_en.ftl"): Not found
2019-11-20 14:58:45.173DEBUG- TemplateLoader.findTemplateSource("head.ftl"): Found
2019-11-20 14:58:45.174DEBUG- Loading template for "head.ftl"("en", UTF-8, parsed) from "jar:file:/C:/Users/cs8286/.m2/repository/com/aventstack/extentreports/3.1.2/extentreports-3.1.2.jar!/com/aventstack/extentreports/view/html-report/head.ftl"
2019-11-20 14:58:45.177DEBUG- Couldn't find template in cache for "nav.ftl"("en", UTF-8, parsed); will try to load it.
2019-11-20 14:58:45.178DEBUG- TemplateLoader.findTemplateSource("nav_en.ftl"): Not found
2019-11-20 14:58:45.179DEBUG- TemplateLoader.findTemplateSource("nav.ftl"): Found
2019-11-20 14:58:45.179DEBUG- Loading template for "nav.ftl"("en", UTF-8, parsed) from "jar:file:/C:/Users/cs8286/.m2/repository/com/aventstack/extentreports/3.1.2/extentreports-3.1.2.jar!/com/aventstack/extentreports/view/html-report/nav.ftl"
2019-11-20 14:58:45.189DEBUG- Couldn't find template in cache for "test-view/test-view.ftl"("en", UTF-8, parsed); will try to load it.
2019-11-20 14:58:45.190DEBUG- TemplateLoader.findTemplateSource("test-view/test-view_en.ftl"): Not found
2019-11-20 14:58:45.190DEBUG- TemplateLoader.findTemplateSource("test-view/test-view.ftl"): Found
2019-11-20 14:58:45.191DEBUG- Loading template for "test-view/test-view.ftl"("en", UTF-8, parsed) from "jar:file:/C:/Users/cs8286/.m2/repository/com/aventstack/extentreports/3.1.2/extentreports-3.1.2.jar!/com/aventstack/extentreports/view/html-report/test-view/test-view.ftl"
2019-11-20 14:58:45.204DEBUG- Couldn't find template in cache for "test-view/test-view-charts.ftl"("en", UTF-8, parsed); will try to load it.
2019-11-20 14:58:45.205DEBUG- TemplateLoader.findTemplateSource("test-view/test-view-charts_en.ftl"): Not found
2019-11-20 14:58:45.205DEBUG- TemplateLoader.findTemplateSource("test-view/test-view-charts.ftl"): Found
2019-11-20 14:58:45.206DEBUG- Loading template for "test-view/test-view-charts.ftl"("en", UTF-8, parsed) from "jar:file:/C:/Users/cs8286/.m2/repository/com/aventstack/extentreports/3.1.2/extentreports-3.1.2.jar!/com/aventstack/extentreports/view/html-report/test-view/test-view-charts.ftl"
2019-11-20 14:58:45.231DEBUG- Couldn't find template in cache for "test-view/standard.ftl"("en", UTF-8, parsed); will try to load it.
2019-11-20 14:58:45.231DEBUG- TemplateLoader.findTemplateSource("test-view/standard_en.ftl"): Not found
2019-11-20 14:58:45.232DEBUG- TemplateLoader.findTemplateSource("test-view/standard.ftl"): Found
2019-11-20 14:58:45.232DEBUG- Loading template for "test-view/standard.ftl"("en", UTF-8, parsed) from "jar:file:/C:/Users/cs8286/.m2/repository/com/aventstack/extentreports/3.1.2/extentreports-3.1.2.jar!/com/aventstack/extentreports/view/html-report/test-view/standard.ftl"
2019-11-20 14:58:45.251DEBUG- Couldn't find template in cache for "category-view/category-view.ftl"("en", UTF-8, parsed); will try to load it.
2019-11-20 14:58:45.252DEBUG- TemplateLoader.findTemplateSource("category-view/category-view_en.ftl"): Not found
2019-11-20 14:58:45.252DEBUG- TemplateLoader.findTemplateSource("category-view/category-view.ftl"): Found
2019-11-20 14:58:45.252DEBUG- Loading template for "category-view/category-view.ftl"("en", UTF-8, parsed) from "jar:file:/C:/Users/cs8286/.m2/repository/com/aventstack/extentreports/3.1.2/extentreports-3.1.2.jar!/com/aventstack/extentreports/view/html-report/category-view/category-view.ftl"
2019-11-20 14:58:45.255DEBUG- Couldn't find template in cache for "author-view/author-view.ftl"("en", UTF-8, parsed); will try to load it.
2019-11-20 14:58:45.256DEBUG- TemplateLoader.findTemplateSource("author-view/author-view_en.ftl"): Not found
2019-11-20 14:58:45.256DEBUG- TemplateLoader.findTemplateSource("author-view/author-view.ftl"): Found
2019-11-20 14:58:45.256DEBUG- Loading template for "author-view/author-view.ftl"("en", UTF-8, parsed) from "jar:file:/C:/Users/cs8286/.m2/repository/com/aventstack/extentreports/3.1.2/extentreports-3.1.2.jar!/com/aventstack/extentreports/view/html-report/author-view/author-view.ftl"
2019-11-20 14:58:45.261DEBUG- Couldn't find template in cache for "exception-view/exception-view.ftl"("en", UTF-8, parsed); will try to load it.
2019-11-20 14:58:45.262DEBUG- TemplateLoader.findTemplateSource("exception-view/exception-view_en.ftl"): Not found
2019-11-20 14:58:45.262DEBUG- TemplateLoader.findTemplateSource("exception-view/exception-view.ftl"): Found
2019-11-20 14:58:45.262DEBUG- Loading template for "exception-view/exception-view.ftl"("en", UTF-8, parsed) from "jar:file:/C:/Users/cs8286/.m2/repository/com/aventstack/extentreports/3.1.2/extentreports-3.1.2.jar!/com/aventstack/extentreports/view/html-report/exception-view/exception-view.ftl"
2019-11-20 14:58:45.266DEBUG- Couldn't find template in cache for "dashboard-view/dashboard-view.ftl"("en", UTF-8, parsed); will try to load it.
2019-11-20 14:58:45.267DEBUG- TemplateLoader.findTemplateSource("dashboard-view/dashboard-view_en.ftl"): Not found
2019-11-20 14:58:45.267DEBUG- TemplateLoader.findTemplateSource("dashboard-view/dashboard-view.ftl"): Found
2019-11-20 14:58:45.267DEBUG- Loading template for "dashboard-view/dashboard-view.ftl"("en", UTF-8, parsed) from "jar:file:/C:/Users/cs8286/.m2/repository/com/aventstack/extentreports/3.1.2/extentreports-3.1.2.jar!/com/aventstack/extentreports/view/html-report/dashboard-view/dashboard-view.ftl"
2019-11-20 14:58:45.272DEBUG- Couldn't find template in cache for "logs-view/testrunner-logs-view.ftl"("en", UTF-8, parsed); will try to load it.
2019-11-20 14:58:45.273DEBUG- TemplateLoader.findTemplateSource("logs-view/testrunner-logs-view_en.ftl"): Not found
2019-11-20 14:58:45.274DEBUG- TemplateLoader.findTemplateSource("logs-view/testrunner-logs-view.ftl"): Found
2019-11-20 14:58:45.274DEBUG- Loading template for "logs-view/testrunner-logs-view.ftl"("en", UTF-8, parsed) from "jar:file:/C:/Users/cs8286/.m2/repository/com/aventstack/extentreports/3.1.2/extentreports-3.1.2.jar!/com/aventstack/extentreports/view/html-report/logs-view/testrunner-logs-view.ftl"
2019-11-20 14:58:51.467INFO - attaching html report to the xray issue ...
2019-11-20 14:58:51.471INFO - Last Test Report Folder: C:\Bitbucket\rta\module-report\module-report\module-report\bin\Reports_RTA
2019-11-20 14:58:51.472INFO - Zipping files ...
2019-11-20 14:58:51.504INFO - Files zipped successfully
2019-11-20 14:58:52.075INFO - 
2019-11-20 14:58:52.076INFO - Response:
2019-11-20 14:58:52.076INFO - Content-Type: Content-Type: application/json;charset=UTF-8
2019-11-20 14:58:52.076INFO - Content-Length: null
2019-11-20 14:58:52.076INFO - Status : 200
2019-11-20 14:58:52.076INFO - Content: [{"self":"https://t-jira-consorsbank.is.echonet/rest/api/2/attachment/25461","id":"25461","filename":"TestReport_Reports_RTA.zip","author":{"self":"https://t-jira-consorsbank.is.echonet/rest/api/2/user?username=CS8286","name":"CS8286","key":"cs8286","emailAddress":"Jithin.MuhammedIllyasJameelaB@consorsbank.de","avatarUrls":{"48x48":"https://t-jira-consorsbank.is.echonet/secure/useravatar?avatarId=10172","24x24":"https://t-jira-consorsbank.is.echonet/secure/useravatar?size=small&avatarId=10172","16x16":"https://t-jira-consorsbank.is.echonet/secure/useravatar?size=xsmall&avatarId=10172","32x32":"https://t-jira-consorsbank.is.echonet/secure/useravatar?size=medium&avatarId=10172"},"displayName":"Muhammed Illyas Jameela B Jithin","active":true,"timeZone":"Europe/Berlin"},"created":"2019-11-20T14:58:51.000+0100","size":225809,"mimeType":"application/zip","content":"https://t-jira-consorsbank.is.echonet/secure/attachment/25461/TestReport_Reports_RTA.zip"}]
