2019-11-20 18:06:01.971INFO - Log configuration done. Log Dir:.\Logs
2019-11-20 18:06:02.621INFO - Test Start Time: 2019-11-20T18:06:02+01:00
2019-11-20 18:06:43.642INFO - saving results to Xray ...
2019-11-20 18:06:43.833INFO - ***********************************************************
2019-11-20 18:06:43.833INFO - Request:
2019-11-20 18:06:43.833INFO - POST https://t-jira-consorsbank.is.echonet/rest/raven/1.0/import/execution
2019-11-20 18:06:43.834INFO - HOST: t-jira-consorsbank.is.echonet
2019-11-20 18:06:43.834INFO - Content-Type: Content-type: application/json
2019-11-20 18:06:43.834INFO - Content-Length: null
2019-11-20 18:06:45.461INFO - 
2019-11-20 18:06:45.462INFO - Response:
2019-11-20 18:06:45.462INFO - Content-Type: Content-Type: application/json;charset=UTF-8
2019-11-20 18:06:45.462INFO - Content-Length: null
2019-11-20 18:06:45.463INFO - Status : 200
2019-11-20 18:06:45.463INFO - Content: {"testExecIssue":{"id":"238585","key":"TA-69","self":"https://t-jira-consorsbank.is.echonet/rest/api/2/issue/238585"}}
2019-11-20 18:06:46.818DEBUG- Couldn't find template in cache for "index.ftl"("en", UTF-8, parsed); will try to load it.
2019-11-20 18:06:46.820DEBUG- TemplateLoader.findTemplateSource("index_en.ftl"): Not found
2019-11-20 18:06:46.822DEBUG- TemplateLoader.findTemplateSource("index.ftl"): Found
2019-11-20 18:06:46.823DEBUG- Loading template for "index.ftl"("en", UTF-8, parsed) from "jar:file:/C:/Users/cs8286/.m2/repository/com/aventstack/extentreports/3.1.2/extentreports-3.1.2.jar!/com/aventstack/extentreports/view/html-report/index.ftl"
2019-11-20 18:06:47.069DEBUG- Couldn't find template in cache for "head.ftl"("en", UTF-8, parsed); will try to load it.
2019-11-20 18:06:47.070DEBUG- TemplateLoader.findTemplateSource("head_en.ftl"): Not found
2019-11-20 18:06:47.071DEBUG- TemplateLoader.findTemplateSource("head.ftl"): Found
2019-11-20 18:06:47.071DEBUG- Loading template for "head.ftl"("en", UTF-8, parsed) from "jar:file:/C:/Users/cs8286/.m2/repository/com/aventstack/extentreports/3.1.2/extentreports-3.1.2.jar!/com/aventstack/extentreports/view/html-report/head.ftl"
2019-11-20 18:06:47.078DEBUG- Couldn't find template in cache for "nav.ftl"("en", UTF-8, parsed); will try to load it.
2019-11-20 18:06:47.079DEBUG- TemplateLoader.findTemplateSource("nav_en.ftl"): Not found
2019-11-20 18:06:47.080DEBUG- TemplateLoader.findTemplateSource("nav.ftl"): Found
2019-11-20 18:06:47.080DEBUG- Loading template for "nav.ftl"("en", UTF-8, parsed) from "jar:file:/C:/Users/cs8286/.m2/repository/com/aventstack/extentreports/3.1.2/extentreports-3.1.2.jar!/com/aventstack/extentreports/view/html-report/nav.ftl"
2019-11-20 18:06:47.094DEBUG- Couldn't find template in cache for "test-view/test-view.ftl"("en", UTF-8, parsed); will try to load it.
2019-11-20 18:06:47.095DEBUG- TemplateLoader.findTemplateSource("test-view/test-view_en.ftl"): Not found
2019-11-20 18:06:47.095DEBUG- TemplateLoader.findTemplateSource("test-view/test-view.ftl"): Found
2019-11-20 18:06:47.095DEBUG- Loading template for "test-view/test-view.ftl"("en", UTF-8, parsed) from "jar:file:/C:/Users/cs8286/.m2/repository/com/aventstack/extentreports/3.1.2/extentreports-3.1.2.jar!/com/aventstack/extentreports/view/html-report/test-view/test-view.ftl"
2019-11-20 18:06:47.110DEBUG- Couldn't find template in cache for "test-view/test-view-charts.ftl"("en", UTF-8, parsed); will try to load it.
2019-11-20 18:06:47.111DEBUG- TemplateLoader.findTemplateSource("test-view/test-view-charts_en.ftl"): Not found
2019-11-20 18:06:47.111DEBUG- TemplateLoader.findTemplateSource("test-view/test-view-charts.ftl"): Found
2019-11-20 18:06:47.111DEBUG- Loading template for "test-view/test-view-charts.ftl"("en", UTF-8, parsed) from "jar:file:/C:/Users/cs8286/.m2/repository/com/aventstack/extentreports/3.1.2/extentreports-3.1.2.jar!/com/aventstack/extentreports/view/html-report/test-view/test-view-charts.ftl"
2019-11-20 18:06:47.162DEBUG- Couldn't find template in cache for "test-view/standard.ftl"("en", UTF-8, parsed); will try to load it.
2019-11-20 18:06:47.188DEBUG- TemplateLoader.findTemplateSource("test-view/standard_en.ftl"): Not found
2019-11-20 18:06:47.188DEBUG- TemplateLoader.findTemplateSource("test-view/standard.ftl"): Found
2019-11-20 18:06:47.189DEBUG- Loading template for "test-view/standard.ftl"("en", UTF-8, parsed) from "jar:file:/C:/Users/cs8286/.m2/repository/com/aventstack/extentreports/3.1.2/extentreports-3.1.2.jar!/com/aventstack/extentreports/view/html-report/test-view/standard.ftl"
2019-11-20 18:06:47.244DEBUG- Couldn't find template in cache for "category-view/category-view.ftl"("en", UTF-8, parsed); will try to load it.
2019-11-20 18:06:47.245DEBUG- TemplateLoader.findTemplateSource("category-view/category-view_en.ftl"): Not found
2019-11-20 18:06:47.246DEBUG- TemplateLoader.findTemplateSource("category-view/category-view.ftl"): Found
2019-11-20 18:06:47.246DEBUG- Loading template for "category-view/category-view.ftl"("en", UTF-8, parsed) from "jar:file:/C:/Users/cs8286/.m2/repository/com/aventstack/extentreports/3.1.2/extentreports-3.1.2.jar!/com/aventstack/extentreports/view/html-report/category-view/category-view.ftl"
2019-11-20 18:06:47.250DEBUG- Couldn't find template in cache for "author-view/author-view.ftl"("en", UTF-8, parsed); will try to load it.
2019-11-20 18:06:47.251DEBUG- TemplateLoader.findTemplateSource("author-view/author-view_en.ftl"): Not found
2019-11-20 18:06:47.251DEBUG- TemplateLoader.findTemplateSource("author-view/author-view.ftl"): Found
2019-11-20 18:06:47.251DEBUG- Loading template for "author-view/author-view.ftl"("en", UTF-8, parsed) from "jar:file:/C:/Users/cs8286/.m2/repository/com/aventstack/extentreports/3.1.2/extentreports-3.1.2.jar!/com/aventstack/extentreports/view/html-report/author-view/author-view.ftl"
2019-11-20 18:06:47.261DEBUG- Couldn't find template in cache for "exception-view/exception-view.ftl"("en", UTF-8, parsed); will try to load it.
2019-11-20 18:06:47.262DEBUG- TemplateLoader.findTemplateSource("exception-view/exception-view_en.ftl"): Not found
2019-11-20 18:06:47.262DEBUG- TemplateLoader.findTemplateSource("exception-view/exception-view.ftl"): Found
2019-11-20 18:06:47.263DEBUG- Loading template for "exception-view/exception-view.ftl"("en", UTF-8, parsed) from "jar:file:/C:/Users/cs8286/.m2/repository/com/aventstack/extentreports/3.1.2/extentreports-3.1.2.jar!/com/aventstack/extentreports/view/html-report/exception-view/exception-view.ftl"
2019-11-20 18:06:47.267DEBUG- Couldn't find template in cache for "dashboard-view/dashboard-view.ftl"("en", UTF-8, parsed); will try to load it.
2019-11-20 18:06:47.268DEBUG- TemplateLoader.findTemplateSource("dashboard-view/dashboard-view_en.ftl"): Not found
2019-11-20 18:06:47.269DEBUG- TemplateLoader.findTemplateSource("dashboard-view/dashboard-view.ftl"): Found
2019-11-20 18:06:47.269DEBUG- Loading template for "dashboard-view/dashboard-view.ftl"("en", UTF-8, parsed) from "jar:file:/C:/Users/cs8286/.m2/repository/com/aventstack/extentreports/3.1.2/extentreports-3.1.2.jar!/com/aventstack/extentreports/view/html-report/dashboard-view/dashboard-view.ftl"
2019-11-20 18:06:47.284DEBUG- Couldn't find template in cache for "logs-view/testrunner-logs-view.ftl"("en", UTF-8, parsed); will try to load it.
2019-11-20 18:06:47.287DEBUG- TemplateLoader.findTemplateSource("logs-view/testrunner-logs-view_en.ftl"): Not found
2019-11-20 18:06:47.288DEBUG- TemplateLoader.findTemplateSource("logs-view/testrunner-logs-view.ftl"): Found
2019-11-20 18:06:47.288DEBUG- Loading template for "logs-view/testrunner-logs-view.ftl"("en", UTF-8, parsed) from "jar:file:/C:/Users/cs8286/.m2/repository/com/aventstack/extentreports/3.1.2/extentreports-3.1.2.jar!/com/aventstack/extentreports/view/html-report/logs-view/testrunner-logs-view.ftl"
2019-11-20 18:06:58.911INFO - attaching html report to the xray issue ...
2019-11-20 18:06:58.916INFO - Last Test Report Folder: C:\Bitbucket\rta\module-report\module-report\module-report\bin\Reports_RTA
2019-11-20 18:06:58.918INFO - Zipping files ...
2019-11-20 18:06:58.992INFO - Files zipped successfully
2019-11-20 18:07:00.092INFO - 
2019-11-20 18:07:00.093INFO - Response:
2019-11-20 18:07:00.093INFO - Content-Type: Content-Type: application/json;charset=UTF-8
2019-11-20 18:07:00.093INFO - Content-Length: null
2019-11-20 18:07:00.093INFO - Status : 200
2019-11-20 18:07:00.093INFO - Content: [{"self":"https://t-jira-consorsbank.is.echonet/rest/api/2/attachment/25483","id":"25483","filename":"TestReport_Reports_RTA.zip","author":{"self":"https://t-jira-consorsbank.is.echonet/rest/api/2/user?username=CS8286","name":"CS8286","key":"cs8286","emailAddress":"Jithin.MuhammedIllyasJameelaB@consorsbank.de","avatarUrls":{"48x48":"https://t-jira-consorsbank.is.echonet/secure/useravatar?avatarId=10172","24x24":"https://t-jira-consorsbank.is.echonet/secure/useravatar?size=small&avatarId=10172","16x16":"https://t-jira-consorsbank.is.echonet/secure/useravatar?size=xsmall&avatarId=10172","32x32":"https://t-jira-consorsbank.is.echonet/secure/useravatar?size=medium&avatarId=10172"},"displayName":"Muhammed Illyas Jameela B Jithin","active":true,"timeZone":"Europe/Berlin"},"created":"2019-11-20T18:06:59.000+0100","size":448101,"mimeType":"application/zip","content":"https://t-jira-consorsbank.is.echonet/secure/attachment/25483/TestReport_Reports_RTA.zip"}]
