2019-11-20 15:53:53.424INFO - Log configuration done. Log Dir:.\Logs
2019-11-20 15:53:53.753INFO - Test Start Time: 2019-11-20T15:53:53+01:00
2019-11-20 15:55:24.820INFO - saving results to Xray ...
2019-11-20 15:55:24.984INFO - ***********************************************************
2019-11-20 15:55:24.984INFO - Request:
2019-11-20 15:55:24.984INFO - POST https://t-jira-consorsbank.is.echonet/rest/raven/1.0/import/execution
2019-11-20 15:55:24.984INFO - HOST: t-jira-consorsbank.is.echonet
2019-11-20 15:55:24.985INFO - Content-Type: Content-type: application/json
2019-11-20 15:55:24.985INFO - Content-Length: null
2019-11-20 15:55:25.537INFO - 
2019-11-20 15:55:25.537INFO - Response:
2019-11-20 15:55:25.537INFO - Content-Type: Content-Type: application/json;charset=UTF-8
2019-11-20 15:55:25.537INFO - Content-Length: null
2019-11-20 15:55:25.537INFO - Status : 200
2019-11-20 15:55:25.537INFO - Content: {"testExecIssue":{"id":"238585","key":"TA-69","self":"https://t-jira-consorsbank.is.echonet/rest/api/2/issue/238585"}}
2019-11-20 15:55:26.285DEBUG- Couldn't find template in cache for "index.ftl"("en", UTF-8, parsed); will try to load it.
2019-11-20 15:55:26.288DEBUG- TemplateLoader.findTemplateSource("index_en.ftl"): Not found
2019-11-20 15:55:26.288DEBUG- TemplateLoader.findTemplateSource("index.ftl"): Found
2019-11-20 15:55:26.288DEBUG- Loading template for "index.ftl"("en", UTF-8, parsed) from "jar:file:/C:/Users/cs8286/.m2/repository/com/aventstack/extentreports/3.1.2/extentreports-3.1.2.jar!/com/aventstack/extentreports/view/html-report/index.ftl"
2019-11-20 15:55:26.483DEBUG- Couldn't find template in cache for "head.ftl"("en", UTF-8, parsed); will try to load it.
2019-11-20 15:55:26.485DEBUG- TemplateLoader.findTemplateSource("head_en.ftl"): Not found
2019-11-20 15:55:26.485DEBUG- TemplateLoader.findTemplateSource("head.ftl"): Found
2019-11-20 15:55:26.485DEBUG- Loading template for "head.ftl"("en", UTF-8, parsed) from "jar:file:/C:/Users/cs8286/.m2/repository/com/aventstack/extentreports/3.1.2/extentreports-3.1.2.jar!/com/aventstack/extentreports/view/html-report/head.ftl"
2019-11-20 15:55:26.490DEBUG- Couldn't find template in cache for "nav.ftl"("en", UTF-8, parsed); will try to load it.
2019-11-20 15:55:26.490DEBUG- TemplateLoader.findTemplateSource("nav_en.ftl"): Not found
2019-11-20 15:55:26.490DEBUG- TemplateLoader.findTemplateSource("nav.ftl"): Found
2019-11-20 15:55:26.490DEBUG- Loading template for "nav.ftl"("en", UTF-8, parsed) from "jar:file:/C:/Users/cs8286/.m2/repository/com/aventstack/extentreports/3.1.2/extentreports-3.1.2.jar!/com/aventstack/extentreports/view/html-report/nav.ftl"
2019-11-20 15:55:26.500DEBUG- Couldn't find template in cache for "test-view/test-view.ftl"("en", UTF-8, parsed); will try to load it.
2019-11-20 15:55:26.500DEBUG- TemplateLoader.findTemplateSource("test-view/test-view_en.ftl"): Not found
2019-11-20 15:55:26.500DEBUG- TemplateLoader.findTemplateSource("test-view/test-view.ftl"): Found
2019-11-20 15:55:26.500DEBUG- Loading template for "test-view/test-view.ftl"("en", UTF-8, parsed) from "jar:file:/C:/Users/cs8286/.m2/repository/com/aventstack/extentreports/3.1.2/extentreports-3.1.2.jar!/com/aventstack/extentreports/view/html-report/test-view/test-view.ftl"
2019-11-20 15:55:26.513DEBUG- Couldn't find template in cache for "test-view/test-view-charts.ftl"("en", UTF-8, parsed); will try to load it.
2019-11-20 15:55:26.513DEBUG- TemplateLoader.findTemplateSource("test-view/test-view-charts_en.ftl"): Not found
2019-11-20 15:55:26.513DEBUG- TemplateLoader.findTemplateSource("test-view/test-view-charts.ftl"): Found
2019-11-20 15:55:26.513DEBUG- Loading template for "test-view/test-view-charts.ftl"("en", UTF-8, parsed) from "jar:file:/C:/Users/cs8286/.m2/repository/com/aventstack/extentreports/3.1.2/extentreports-3.1.2.jar!/com/aventstack/extentreports/view/html-report/test-view/test-view-charts.ftl"
2019-11-20 15:55:26.530DEBUG- Couldn't find template in cache for "test-view/standard.ftl"("en", UTF-8, parsed); will try to load it.
2019-11-20 15:55:26.533DEBUG- TemplateLoader.findTemplateSource("test-view/standard_en.ftl"): Not found
2019-11-20 15:55:26.533DEBUG- TemplateLoader.findTemplateSource("test-view/standard.ftl"): Found
2019-11-20 15:55:26.533DEBUG- Loading template for "test-view/standard.ftl"("en", UTF-8, parsed) from "jar:file:/C:/Users/cs8286/.m2/repository/com/aventstack/extentreports/3.1.2/extentreports-3.1.2.jar!/com/aventstack/extentreports/view/html-report/test-view/standard.ftl"
2019-11-20 15:55:26.553DEBUG- Couldn't find template in cache for "category-view/category-view.ftl"("en", UTF-8, parsed); will try to load it.
2019-11-20 15:55:26.555DEBUG- TemplateLoader.findTemplateSource("category-view/category-view_en.ftl"): Not found
2019-11-20 15:55:26.555DEBUG- TemplateLoader.findTemplateSource("category-view/category-view.ftl"): Found
2019-11-20 15:55:26.555DEBUG- Loading template for "category-view/category-view.ftl"("en", UTF-8, parsed) from "jar:file:/C:/Users/cs8286/.m2/repository/com/aventstack/extentreports/3.1.2/extentreports-3.1.2.jar!/com/aventstack/extentreports/view/html-report/category-view/category-view.ftl"
2019-11-20 15:55:26.559DEBUG- Couldn't find template in cache for "author-view/author-view.ftl"("en", UTF-8, parsed); will try to load it.
2019-11-20 15:55:26.559DEBUG- TemplateLoader.findTemplateSource("author-view/author-view_en.ftl"): Not found
2019-11-20 15:55:26.561DEBUG- TemplateLoader.findTemplateSource("author-view/author-view.ftl"): Found
2019-11-20 15:55:26.561DEBUG- Loading template for "author-view/author-view.ftl"("en", UTF-8, parsed) from "jar:file:/C:/Users/cs8286/.m2/repository/com/aventstack/extentreports/3.1.2/extentreports-3.1.2.jar!/com/aventstack/extentreports/view/html-report/author-view/author-view.ftl"
2019-11-20 15:55:26.564DEBUG- Couldn't find template in cache for "exception-view/exception-view.ftl"("en", UTF-8, parsed); will try to load it.
2019-11-20 15:55:26.566DEBUG- TemplateLoader.findTemplateSource("exception-view/exception-view_en.ftl"): Not found
2019-11-20 15:55:26.566DEBUG- TemplateLoader.findTemplateSource("exception-view/exception-view.ftl"): Found
2019-11-20 15:55:26.566DEBUG- Loading template for "exception-view/exception-view.ftl"("en", UTF-8, parsed) from "jar:file:/C:/Users/cs8286/.m2/repository/com/aventstack/extentreports/3.1.2/extentreports-3.1.2.jar!/com/aventstack/extentreports/view/html-report/exception-view/exception-view.ftl"
2019-11-20 15:55:26.571DEBUG- Couldn't find template in cache for "dashboard-view/dashboard-view.ftl"("en", UTF-8, parsed); will try to load it.
2019-11-20 15:55:26.571DEBUG- TemplateLoader.findTemplateSource("dashboard-view/dashboard-view_en.ftl"): Not found
2019-11-20 15:55:26.571DEBUG- TemplateLoader.findTemplateSource("dashboard-view/dashboard-view.ftl"): Found
2019-11-20 15:55:26.571DEBUG- Loading template for "dashboard-view/dashboard-view.ftl"("en", UTF-8, parsed) from "jar:file:/C:/Users/cs8286/.m2/repository/com/aventstack/extentreports/3.1.2/extentreports-3.1.2.jar!/com/aventstack/extentreports/view/html-report/dashboard-view/dashboard-view.ftl"
2019-11-20 15:55:26.576DEBUG- Couldn't find template in cache for "logs-view/testrunner-logs-view.ftl"("en", UTF-8, parsed); will try to load it.
2019-11-20 15:55:26.579DEBUG- TemplateLoader.findTemplateSource("logs-view/testrunner-logs-view_en.ftl"): Not found
2019-11-20 15:55:26.579DEBUG- TemplateLoader.findTemplateSource("logs-view/testrunner-logs-view.ftl"): Found
2019-11-20 15:55:26.579DEBUG- Loading template for "logs-view/testrunner-logs-view.ftl"("en", UTF-8, parsed) from "jar:file:/C:/Users/cs8286/.m2/repository/com/aventstack/extentreports/3.1.2/extentreports-3.1.2.jar!/com/aventstack/extentreports/view/html-report/logs-view/testrunner-logs-view.ftl"
2019-11-20 15:55:32.688INFO - attaching html report to the xray issue ...
2019-11-20 15:55:32.693INFO - Last Test Report Folder: C:\Bitbucket\rta\module-report\module-report\module-report\bin\logger
2019-11-20 15:55:32.693INFO - Zipping files ...
2019-11-20 15:55:32.701INFO - Files zipped successfully
2019-11-20 15:55:33.348INFO - 
2019-11-20 15:55:33.348INFO - Response:
2019-11-20 15:55:33.348INFO - Content-Type: Content-Type: application/json;charset=UTF-8
2019-11-20 15:55:33.348INFO - Content-Length: null
2019-11-20 15:55:33.348INFO - Status : 200
2019-11-20 15:55:33.348INFO - Content: [{"self":"https://t-jira-consorsbank.is.echonet/rest/api/2/attachment/25463","id":"25463","filename":"TestReport_logger.zip","author":{"self":"https://t-jira-consorsbank.is.echonet/rest/api/2/user?username=CS8286","name":"CS8286","key":"cs8286","emailAddress":"Jithin.MuhammedIllyasJameelaB@consorsbank.de","avatarUrls":{"48x48":"https://t-jira-consorsbank.is.echonet/secure/useravatar?avatarId=10172","24x24":"https://t-jira-consorsbank.is.echonet/secure/useravatar?size=small&avatarId=10172","16x16":"https://t-jira-consorsbank.is.echonet/secure/useravatar?size=xsmall&avatarId=10172","32x32":"https://t-jira-consorsbank.is.echonet/secure/useravatar?size=medium&avatarId=10172"},"displayName":"Muhammed Illyas Jameela B Jithin","active":true,"timeZone":"Europe/Berlin"},"created":"2019-11-20T15:55:33.000+0100","size":5198,"mimeType":"application/zip","content":"https://t-jira-consorsbank.is.echonet/secure/attachment/25463/TestReport_logger.zip"}]
