2019-11-20 13:40:31.855INFO - Log configuration done. Log Dir:.\Logs
2019-11-20 13:40:32.382INFO - Test Start Time: 2019-11-20T13:40:32+01:00
2019-11-20 13:41:59.763INFO - saving results to Xray ...
2019-11-20 13:41:59.922INFO - ***********************************************************
2019-11-20 13:41:59.923INFO - Request:
2019-11-20 13:41:59.923INFO - POST https://t-jira-consorsbank.is.echonet/rest/raven/1.0/import/execution
2019-11-20 13:41:59.924INFO - HOST: t-jira-consorsbank.is.echonet
2019-11-20 13:41:59.925INFO - Content-Type: Content-type: application/json
2019-11-20 13:41:59.925INFO - Content-Length: null
2019-11-20 13:42:00.364INFO - 
2019-11-20 13:42:00.364INFO - Response:
2019-11-20 13:42:00.365INFO - Content-Type: Content-Type: application/json;charset=UTF-8
2019-11-20 13:42:00.365INFO - Content-Length: null
2019-11-20 13:42:00.365INFO - Status : 200
2019-11-20 13:42:00.365INFO - Content: {"testExecIssue":{"id":"238585","key":"TA-69","self":"https://t-jira-consorsbank.is.echonet/rest/api/2/issue/238585"}}
2019-11-20 13:42:01.141DEBUG- Couldn't find template in cache for "index.ftl"("en", UTF-8, parsed); will try to load it.
2019-11-20 13:42:01.142DEBUG- TemplateLoader.findTemplateSource("index_en.ftl"): Not found
2019-11-20 13:42:01.144DEBUG- TemplateLoader.findTemplateSource("index.ftl"): Found
2019-11-20 13:42:01.144DEBUG- Loading template for "index.ftl"("en", UTF-8, parsed) from "jar:file:/C:/Users/cs8286/.m2/repository/com/aventstack/extentreports/3.1.2/extentreports-3.1.2.jar!/com/aventstack/extentreports/view/html-report/index.ftl"
2019-11-20 13:42:01.340DEBUG- Couldn't find template in cache for "head.ftl"("en", UTF-8, parsed); will try to load it.
2019-11-20 13:42:01.341DEBUG- TemplateLoader.findTemplateSource("head_en.ftl"): Not found
2019-11-20 13:42:01.341DEBUG- TemplateLoader.findTemplateSource("head.ftl"): Found
2019-11-20 13:42:01.342DEBUG- Loading template for "head.ftl"("en", UTF-8, parsed) from "jar:file:/C:/Users/cs8286/.m2/repository/com/aventstack/extentreports/3.1.2/extentreports-3.1.2.jar!/com/aventstack/extentreports/view/html-report/head.ftl"
2019-11-20 13:42:01.346DEBUG- Couldn't find template in cache for "nav.ftl"("en", UTF-8, parsed); will try to load it.
2019-11-20 13:42:01.347DEBUG- TemplateLoader.findTemplateSource("nav_en.ftl"): Not found
2019-11-20 13:42:01.347DEBUG- TemplateLoader.findTemplateSource("nav.ftl"): Found
2019-11-20 13:42:01.347DEBUG- Loading template for "nav.ftl"("en", UTF-8, parsed) from "jar:file:/C:/Users/cs8286/.m2/repository/com/aventstack/extentreports/3.1.2/extentreports-3.1.2.jar!/com/aventstack/extentreports/view/html-report/nav.ftl"
2019-11-20 13:42:01.356DEBUG- Couldn't find template in cache for "test-view/test-view.ftl"("en", UTF-8, parsed); will try to load it.
2019-11-20 13:42:01.357DEBUG- TemplateLoader.findTemplateSource("test-view/test-view_en.ftl"): Not found
2019-11-20 13:42:01.358DEBUG- TemplateLoader.findTemplateSource("test-view/test-view.ftl"): Found
2019-11-20 13:42:01.358DEBUG- Loading template for "test-view/test-view.ftl"("en", UTF-8, parsed) from "jar:file:/C:/Users/cs8286/.m2/repository/com/aventstack/extentreports/3.1.2/extentreports-3.1.2.jar!/com/aventstack/extentreports/view/html-report/test-view/test-view.ftl"
2019-11-20 13:42:01.370DEBUG- Couldn't find template in cache for "test-view/test-view-charts.ftl"("en", UTF-8, parsed); will try to load it.
2019-11-20 13:42:01.370DEBUG- TemplateLoader.findTemplateSource("test-view/test-view-charts_en.ftl"): Not found
2019-11-20 13:42:01.371DEBUG- TemplateLoader.findTemplateSource("test-view/test-view-charts.ftl"): Found
2019-11-20 13:42:01.371DEBUG- Loading template for "test-view/test-view-charts.ftl"("en", UTF-8, parsed) from "jar:file:/C:/Users/cs8286/.m2/repository/com/aventstack/extentreports/3.1.2/extentreports-3.1.2.jar!/com/aventstack/extentreports/view/html-report/test-view/test-view-charts.ftl"
2019-11-20 13:42:01.387DEBUG- Couldn't find template in cache for "test-view/standard.ftl"("en", UTF-8, parsed); will try to load it.
2019-11-20 13:42:01.388DEBUG- TemplateLoader.findTemplateSource("test-view/standard_en.ftl"): Not found
2019-11-20 13:42:01.388DEBUG- TemplateLoader.findTemplateSource("test-view/standard.ftl"): Found
2019-11-20 13:42:01.388DEBUG- Loading template for "test-view/standard.ftl"("en", UTF-8, parsed) from "jar:file:/C:/Users/cs8286/.m2/repository/com/aventstack/extentreports/3.1.2/extentreports-3.1.2.jar!/com/aventstack/extentreports/view/html-report/test-view/standard.ftl"
2019-11-20 13:42:01.411DEBUG- Couldn't find template in cache for "category-view/category-view.ftl"("en", UTF-8, parsed); will try to load it.
2019-11-20 13:42:01.411DEBUG- TemplateLoader.findTemplateSource("category-view/category-view_en.ftl"): Not found
2019-11-20 13:42:01.412DEBUG- TemplateLoader.findTemplateSource("category-view/category-view.ftl"): Found
2019-11-20 13:42:01.412DEBUG- Loading template for "category-view/category-view.ftl"("en", UTF-8, parsed) from "jar:file:/C:/Users/cs8286/.m2/repository/com/aventstack/extentreports/3.1.2/extentreports-3.1.2.jar!/com/aventstack/extentreports/view/html-report/category-view/category-view.ftl"
2019-11-20 13:42:01.418DEBUG- Couldn't find template in cache for "author-view/author-view.ftl"("en", UTF-8, parsed); will try to load it.
2019-11-20 13:42:01.418DEBUG- TemplateLoader.findTemplateSource("author-view/author-view_en.ftl"): Not found
2019-11-20 13:42:01.419DEBUG- TemplateLoader.findTemplateSource("author-view/author-view.ftl"): Found
2019-11-20 13:42:01.419DEBUG- Loading template for "author-view/author-view.ftl"("en", UTF-8, parsed) from "jar:file:/C:/Users/cs8286/.m2/repository/com/aventstack/extentreports/3.1.2/extentreports-3.1.2.jar!/com/aventstack/extentreports/view/html-report/author-view/author-view.ftl"
2019-11-20 13:42:01.423DEBUG- Couldn't find template in cache for "exception-view/exception-view.ftl"("en", UTF-8, parsed); will try to load it.
2019-11-20 13:42:01.424DEBUG- TemplateLoader.findTemplateSource("exception-view/exception-view_en.ftl"): Not found
2019-11-20 13:42:01.425DEBUG- TemplateLoader.findTemplateSource("exception-view/exception-view.ftl"): Found
2019-11-20 13:42:01.425DEBUG- Loading template for "exception-view/exception-view.ftl"("en", UTF-8, parsed) from "jar:file:/C:/Users/cs8286/.m2/repository/com/aventstack/extentreports/3.1.2/extentreports-3.1.2.jar!/com/aventstack/extentreports/view/html-report/exception-view/exception-view.ftl"
2019-11-20 13:42:01.429DEBUG- Couldn't find template in cache for "dashboard-view/dashboard-view.ftl"("en", UTF-8, parsed); will try to load it.
2019-11-20 13:42:01.430DEBUG- TemplateLoader.findTemplateSource("dashboard-view/dashboard-view_en.ftl"): Not found
2019-11-20 13:42:01.430DEBUG- TemplateLoader.findTemplateSource("dashboard-view/dashboard-view.ftl"): Found
2019-11-20 13:42:01.430DEBUG- Loading template for "dashboard-view/dashboard-view.ftl"("en", UTF-8, parsed) from "jar:file:/C:/Users/cs8286/.m2/repository/com/aventstack/extentreports/3.1.2/extentreports-3.1.2.jar!/com/aventstack/extentreports/view/html-report/dashboard-view/dashboard-view.ftl"
2019-11-20 13:42:01.436DEBUG- Couldn't find template in cache for "logs-view/testrunner-logs-view.ftl"("en", UTF-8, parsed); will try to load it.
2019-11-20 13:42:01.436DEBUG- TemplateLoader.findTemplateSource("logs-view/testrunner-logs-view_en.ftl"): Not found
2019-11-20 13:42:01.437DEBUG- TemplateLoader.findTemplateSource("logs-view/testrunner-logs-view.ftl"): Found
2019-11-20 13:42:01.437DEBUG- Loading template for "logs-view/testrunner-logs-view.ftl"("en", UTF-8, parsed) from "jar:file:/C:/Users/cs8286/.m2/repository/com/aventstack/extentreports/3.1.2/extentreports-3.1.2.jar!/com/aventstack/extentreports/view/html-report/logs-view/testrunner-logs-view.ftl"
2019-11-20 13:42:07.523INFO - attaching html report to the xray issue ...
2019-11-20 13:42:07.530INFO - Last Test Report Folder: .\Reports\Wed Nov 20 13_40_32 CET 2019
2019-11-20 13:42:07.531INFO - Zipping files ...
2019-11-20 13:42:07.579INFO - Files zipped successfully
2019-11-20 13:42:08.234INFO - 
2019-11-20 13:42:08.236INFO - Response:
2019-11-20 13:42:08.236INFO - Content-Type: Content-Type: application/json;charset=UTF-8
2019-11-20 13:42:08.236INFO - Content-Length: null
2019-11-20 13:42:08.236INFO - Status : 200
2019-11-20 13:42:08.236INFO - Content: [{"self":"https://t-jira-consorsbank.is.echonet/rest/api/2/attachment/25452","id":"25452","filename":"TestReport_Wed_Nov_20_13_40_32_CET_2019.zip","author":{"self":"https://t-jira-consorsbank.is.echonet/rest/api/2/user?username=CS8286","name":"CS8286","key":"cs8286","emailAddress":"Jithin.MuhammedIllyasJameelaB@consorsbank.de","avatarUrls":{"48x48":"https://t-jira-consorsbank.is.echonet/secure/useravatar?avatarId=10172","24x24":"https://t-jira-consorsbank.is.echonet/secure/useravatar?size=small&avatarId=10172","16x16":"https://t-jira-consorsbank.is.echonet/secure/useravatar?size=xsmall&avatarId=10172","32x32":"https://t-jira-consorsbank.is.echonet/secure/useravatar?size=medium&avatarId=10172"},"displayName":"Muhammed Illyas Jameela B Jithin","active":true,"timeZone":"Europe/Berlin"},"created":"2019-11-20T13:42:07.000+0100","size":619217,"mimeType":"application/zip","content":"https://t-jira-consorsbank.is.echonet/secure/attachment/25452/TestReport_Wed_Nov_20_13_40_32_CET_2019.zip"}]
