2019-11-20 14:19:41.732INFO - Log configuration done. Log Dir:.\Logs
2019-11-20 14:19:42.060INFO - Test Start Time: 2019-11-20T14:19:42+01:00
2019-11-20 14:21:17.763INFO - saving results to Xray ...
2019-11-20 14:21:17.982INFO - ***********************************************************
2019-11-20 14:21:17.983INFO - Request:
2019-11-20 14:21:17.983INFO - POST https://t-jira-consorsbank.is.echonet/rest/raven/1.0/import/execution
2019-11-20 14:21:17.983INFO - HOST: t-jira-consorsbank.is.echonet
2019-11-20 14:21:17.984INFO - Content-Type: Content-type: application/json
2019-11-20 14:21:17.984INFO - Content-Length: null
2019-11-20 14:21:18.373INFO - 
2019-11-20 14:21:18.373INFO - Response:
2019-11-20 14:21:18.374INFO - Content-Type: Content-Type: application/json;charset=UTF-8
2019-11-20 14:21:18.374INFO - Content-Length: null
2019-11-20 14:21:18.375INFO - Status : 200
2019-11-20 14:21:18.375INFO - Content: {"testExecIssue":{"id":"238585","key":"TA-69","self":"https://t-jira-consorsbank.is.echonet/rest/api/2/issue/238585"}}
2019-11-20 14:21:19.246DEBUG- Couldn't find template in cache for "index.ftl"("en", UTF-8, parsed); will try to load it.
2019-11-20 14:21:19.246DEBUG- TemplateLoader.findTemplateSource("index_en.ftl"): Not found
2019-11-20 14:21:19.246DEBUG- TemplateLoader.findTemplateSource("index.ftl"): Found
2019-11-20 14:21:19.246DEBUG- Loading template for "index.ftl"("en", UTF-8, parsed) from "jar:file:/C:/Users/cs8286/.m2/repository/com/aventstack/extentreports/3.1.2/extentreports-3.1.2.jar!/com/aventstack/extentreports/view/html-report/index.ftl"
2019-11-20 14:21:19.468DEBUG- Couldn't find template in cache for "head.ftl"("en", UTF-8, parsed); will try to load it.
2019-11-20 14:21:19.468DEBUG- TemplateLoader.findTemplateSource("head_en.ftl"): Not found
2019-11-20 14:21:19.469DEBUG- TemplateLoader.findTemplateSource("head.ftl"): Found
2019-11-20 14:21:19.469DEBUG- Loading template for "head.ftl"("en", UTF-8, parsed) from "jar:file:/C:/Users/cs8286/.m2/repository/com/aventstack/extentreports/3.1.2/extentreports-3.1.2.jar!/com/aventstack/extentreports/view/html-report/head.ftl"
2019-11-20 14:21:19.473DEBUG- Couldn't find template in cache for "nav.ftl"("en", UTF-8, parsed); will try to load it.
2019-11-20 14:21:19.474DEBUG- TemplateLoader.findTemplateSource("nav_en.ftl"): Not found
2019-11-20 14:21:19.474DEBUG- TemplateLoader.findTemplateSource("nav.ftl"): Found
2019-11-20 14:21:19.474DEBUG- Loading template for "nav.ftl"("en", UTF-8, parsed) from "jar:file:/C:/Users/cs8286/.m2/repository/com/aventstack/extentreports/3.1.2/extentreports-3.1.2.jar!/com/aventstack/extentreports/view/html-report/nav.ftl"
2019-11-20 14:21:19.502DEBUG- Couldn't find template in cache for "test-view/test-view.ftl"("en", UTF-8, parsed); will try to load it.
2019-11-20 14:21:19.509DEBUG- TemplateLoader.findTemplateSource("test-view/test-view_en.ftl"): Not found
2019-11-20 14:21:19.509DEBUG- TemplateLoader.findTemplateSource("test-view/test-view.ftl"): Found
2019-11-20 14:21:19.509DEBUG- Loading template for "test-view/test-view.ftl"("en", UTF-8, parsed) from "jar:file:/C:/Users/cs8286/.m2/repository/com/aventstack/extentreports/3.1.2/extentreports-3.1.2.jar!/com/aventstack/extentreports/view/html-report/test-view/test-view.ftl"
2019-11-20 14:21:19.520DEBUG- Couldn't find template in cache for "test-view/test-view-charts.ftl"("en", UTF-8, parsed); will try to load it.
2019-11-20 14:21:19.521DEBUG- TemplateLoader.findTemplateSource("test-view/test-view-charts_en.ftl"): Not found
2019-11-20 14:21:19.521DEBUG- TemplateLoader.findTemplateSource("test-view/test-view-charts.ftl"): Found
2019-11-20 14:21:19.521DEBUG- Loading template for "test-view/test-view-charts.ftl"("en", UTF-8, parsed) from "jar:file:/C:/Users/cs8286/.m2/repository/com/aventstack/extentreports/3.1.2/extentreports-3.1.2.jar!/com/aventstack/extentreports/view/html-report/test-view/test-view-charts.ftl"
2019-11-20 14:21:19.543DEBUG- Couldn't find template in cache for "test-view/standard.ftl"("en", UTF-8, parsed); will try to load it.
2019-11-20 14:21:19.544DEBUG- TemplateLoader.findTemplateSource("test-view/standard_en.ftl"): Not found
2019-11-20 14:21:19.544DEBUG- TemplateLoader.findTemplateSource("test-view/standard.ftl"): Found
2019-11-20 14:21:19.544DEBUG- Loading template for "test-view/standard.ftl"("en", UTF-8, parsed) from "jar:file:/C:/Users/cs8286/.m2/repository/com/aventstack/extentreports/3.1.2/extentreports-3.1.2.jar!/com/aventstack/extentreports/view/html-report/test-view/standard.ftl"
2019-11-20 14:21:19.565DEBUG- Couldn't find template in cache for "category-view/category-view.ftl"("en", UTF-8, parsed); will try to load it.
2019-11-20 14:21:19.565DEBUG- TemplateLoader.findTemplateSource("category-view/category-view_en.ftl"): Not found
2019-11-20 14:21:19.566DEBUG- TemplateLoader.findTemplateSource("category-view/category-view.ftl"): Found
2019-11-20 14:21:19.566DEBUG- Loading template for "category-view/category-view.ftl"("en", UTF-8, parsed) from "jar:file:/C:/Users/cs8286/.m2/repository/com/aventstack/extentreports/3.1.2/extentreports-3.1.2.jar!/com/aventstack/extentreports/view/html-report/category-view/category-view.ftl"
2019-11-20 14:21:19.570DEBUG- Couldn't find template in cache for "author-view/author-view.ftl"("en", UTF-8, parsed); will try to load it.
2019-11-20 14:21:19.571DEBUG- TemplateLoader.findTemplateSource("author-view/author-view_en.ftl"): Not found
2019-11-20 14:21:19.572DEBUG- TemplateLoader.findTemplateSource("author-view/author-view.ftl"): Found
2019-11-20 14:21:19.572DEBUG- Loading template for "author-view/author-view.ftl"("en", UTF-8, parsed) from "jar:file:/C:/Users/cs8286/.m2/repository/com/aventstack/extentreports/3.1.2/extentreports-3.1.2.jar!/com/aventstack/extentreports/view/html-report/author-view/author-view.ftl"
2019-11-20 14:21:19.582DEBUG- Couldn't find template in cache for "exception-view/exception-view.ftl"("en", UTF-8, parsed); will try to load it.
2019-11-20 14:21:19.583DEBUG- TemplateLoader.findTemplateSource("exception-view/exception-view_en.ftl"): Not found
2019-11-20 14:21:19.583DEBUG- TemplateLoader.findTemplateSource("exception-view/exception-view.ftl"): Found
2019-11-20 14:21:19.584DEBUG- Loading template for "exception-view/exception-view.ftl"("en", UTF-8, parsed) from "jar:file:/C:/Users/cs8286/.m2/repository/com/aventstack/extentreports/3.1.2/extentreports-3.1.2.jar!/com/aventstack/extentreports/view/html-report/exception-view/exception-view.ftl"
2019-11-20 14:21:19.587DEBUG- Couldn't find template in cache for "dashboard-view/dashboard-view.ftl"("en", UTF-8, parsed); will try to load it.
2019-11-20 14:21:19.588DEBUG- TemplateLoader.findTemplateSource("dashboard-view/dashboard-view_en.ftl"): Not found
2019-11-20 14:21:19.589DEBUG- TemplateLoader.findTemplateSource("dashboard-view/dashboard-view.ftl"): Found
2019-11-20 14:21:19.589DEBUG- Loading template for "dashboard-view/dashboard-view.ftl"("en", UTF-8, parsed) from "jar:file:/C:/Users/cs8286/.m2/repository/com/aventstack/extentreports/3.1.2/extentreports-3.1.2.jar!/com/aventstack/extentreports/view/html-report/dashboard-view/dashboard-view.ftl"
2019-11-20 14:21:19.595DEBUG- Couldn't find template in cache for "logs-view/testrunner-logs-view.ftl"("en", UTF-8, parsed); will try to load it.
2019-11-20 14:21:19.597DEBUG- TemplateLoader.findTemplateSource("logs-view/testrunner-logs-view_en.ftl"): Not found
2019-11-20 14:21:19.597DEBUG- TemplateLoader.findTemplateSource("logs-view/testrunner-logs-view.ftl"): Found
2019-11-20 14:21:19.598DEBUG- Loading template for "logs-view/testrunner-logs-view.ftl"("en", UTF-8, parsed) from "jar:file:/C:/Users/cs8286/.m2/repository/com/aventstack/extentreports/3.1.2/extentreports-3.1.2.jar!/com/aventstack/extentreports/view/html-report/logs-view/testrunner-logs-view.ftl"
2019-11-20 14:21:25.813INFO - attaching html report to the xray issue ...
