2019-11-21 18:05:25.821INFO - Log configuration done. Log Dir:.\Logs
2019-11-21 18:05:26.169INFO - Test Start Time: 2019-11-21T18:05:26+01:00
2019-11-21 18:06:46.691INFO - saving results to Xray ...
2019-11-21 18:06:46.828INFO - ***********************************************************
2019-11-21 18:06:46.828INFO - Request:
2019-11-21 18:06:46.828INFO - POST https://t-jira-consorsbank.is.echonet/rest/raven/1.0/import/execution
2019-11-21 18:06:46.828INFO - HOST: t-jira-consorsbank.is.echonet
2019-11-21 18:06:46.829INFO - Content-Type: Content-type: application/json
2019-11-21 18:06:46.829INFO - Content-Length: null
2019-11-21 18:06:47.125INFO - 
2019-11-21 18:06:47.125INFO - Response:
2019-11-21 18:06:47.125INFO - Content-Type: Content-Type: application/json;charset=UTF-8
2019-11-21 18:06:47.125INFO - Content-Length: null
2019-11-21 18:06:47.125INFO - Status : 400
2019-11-21 18:06:47.125INFO - Content: Test issue with key TA-172 not found.

2019-11-21 18:06:49.602DEBUG- Couldn't find template in cache for "index.ftl"("en", UTF-8, parsed); will try to load it.
2019-11-21 18:06:49.603DEBUG- TemplateLoader.findTemplateSource("index_en.ftl"): Not found
2019-11-21 18:06:49.605DEBUG- TemplateLoader.findTemplateSource("index.ftl"): Found
2019-11-21 18:06:49.605DEBUG- Loading template for "index.ftl"("en", UTF-8, parsed) from "jar:file:/C:/Users/cs8286/.m2/repository/com/aventstack/extentreports/3.1.2/extentreports-3.1.2.jar!/com/aventstack/extentreports/view/html-report/index.ftl"
2019-11-21 18:06:49.814DEBUG- Couldn't find template in cache for "head.ftl"("en", UTF-8, parsed); will try to load it.
2019-11-21 18:06:49.815DEBUG- TemplateLoader.findTemplateSource("head_en.ftl"): Not found
2019-11-21 18:06:49.815DEBUG- TemplateLoader.findTemplateSource("head.ftl"): Found
2019-11-21 18:06:49.816DEBUG- Loading template for "head.ftl"("en", UTF-8, parsed) from "jar:file:/C:/Users/cs8286/.m2/repository/com/aventstack/extentreports/3.1.2/extentreports-3.1.2.jar!/com/aventstack/extentreports/view/html-report/head.ftl"
2019-11-21 18:06:49.819DEBUG- Couldn't find template in cache for "nav.ftl"("en", UTF-8, parsed); will try to load it.
2019-11-21 18:06:49.820DEBUG- TemplateLoader.findTemplateSource("nav_en.ftl"): Not found
2019-11-21 18:06:49.821DEBUG- TemplateLoader.findTemplateSource("nav.ftl"): Found
2019-11-21 18:06:49.821DEBUG- Loading template for "nav.ftl"("en", UTF-8, parsed) from "jar:file:/C:/Users/cs8286/.m2/repository/com/aventstack/extentreports/3.1.2/extentreports-3.1.2.jar!/com/aventstack/extentreports/view/html-report/nav.ftl"
2019-11-21 18:06:49.830DEBUG- Couldn't find template in cache for "test-view/test-view.ftl"("en", UTF-8, parsed); will try to load it.
2019-11-21 18:06:49.831DEBUG- TemplateLoader.findTemplateSource("test-view/test-view_en.ftl"): Not found
2019-11-21 18:06:49.831DEBUG- TemplateLoader.findTemplateSource("test-view/test-view.ftl"): Found
2019-11-21 18:06:49.831DEBUG- Loading template for "test-view/test-view.ftl"("en", UTF-8, parsed) from "jar:file:/C:/Users/cs8286/.m2/repository/com/aventstack/extentreports/3.1.2/extentreports-3.1.2.jar!/com/aventstack/extentreports/view/html-report/test-view/test-view.ftl"
2019-11-21 18:06:49.842DEBUG- Couldn't find template in cache for "test-view/test-view-charts.ftl"("en", UTF-8, parsed); will try to load it.
2019-11-21 18:06:49.843DEBUG- TemplateLoader.findTemplateSource("test-view/test-view-charts_en.ftl"): Not found
2019-11-21 18:06:49.843DEBUG- TemplateLoader.findTemplateSource("test-view/test-view-charts.ftl"): Found
2019-11-21 18:06:49.843DEBUG- Loading template for "test-view/test-view-charts.ftl"("en", UTF-8, parsed) from "jar:file:/C:/Users/cs8286/.m2/repository/com/aventstack/extentreports/3.1.2/extentreports-3.1.2.jar!/com/aventstack/extentreports/view/html-report/test-view/test-view-charts.ftl"
2019-11-21 18:06:49.859DEBUG- Couldn't find template in cache for "test-view/standard.ftl"("en", UTF-8, parsed); will try to load it.
2019-11-21 18:06:49.860DEBUG- TemplateLoader.findTemplateSource("test-view/standard_en.ftl"): Not found
2019-11-21 18:06:49.860DEBUG- TemplateLoader.findTemplateSource("test-view/standard.ftl"): Found
2019-11-21 18:06:49.861DEBUG- Loading template for "test-view/standard.ftl"("en", UTF-8, parsed) from "jar:file:/C:/Users/cs8286/.m2/repository/com/aventstack/extentreports/3.1.2/extentreports-3.1.2.jar!/com/aventstack/extentreports/view/html-report/test-view/standard.ftl"
2019-11-21 18:06:49.882DEBUG- Couldn't find template in cache for "category-view/category-view.ftl"("en", UTF-8, parsed); will try to load it.
2019-11-21 18:06:49.883DEBUG- TemplateLoader.findTemplateSource("category-view/category-view_en.ftl"): Not found
2019-11-21 18:06:49.883DEBUG- TemplateLoader.findTemplateSource("category-view/category-view.ftl"): Found
2019-11-21 18:06:49.884DEBUG- Loading template for "category-view/category-view.ftl"("en", UTF-8, parsed) from "jar:file:/C:/Users/cs8286/.m2/repository/com/aventstack/extentreports/3.1.2/extentreports-3.1.2.jar!/com/aventstack/extentreports/view/html-report/category-view/category-view.ftl"
2019-11-21 18:06:49.891DEBUG- Couldn't find template in cache for "author-view/author-view.ftl"("en", UTF-8, parsed); will try to load it.
2019-11-21 18:06:49.892DEBUG- TemplateLoader.findTemplateSource("author-view/author-view_en.ftl"): Not found
2019-11-21 18:06:49.892DEBUG- TemplateLoader.findTemplateSource("author-view/author-view.ftl"): Found
2019-11-21 18:06:49.892DEBUG- Loading template for "author-view/author-view.ftl"("en", UTF-8, parsed) from "jar:file:/C:/Users/cs8286/.m2/repository/com/aventstack/extentreports/3.1.2/extentreports-3.1.2.jar!/com/aventstack/extentreports/view/html-report/author-view/author-view.ftl"
2019-11-21 18:06:49.897DEBUG- Couldn't find template in cache for "exception-view/exception-view.ftl"("en", UTF-8, parsed); will try to load it.
2019-11-21 18:06:49.898DEBUG- TemplateLoader.findTemplateSource("exception-view/exception-view_en.ftl"): Not found
2019-11-21 18:06:49.898DEBUG- TemplateLoader.findTemplateSource("exception-view/exception-view.ftl"): Found
2019-11-21 18:06:49.898DEBUG- Loading template for "exception-view/exception-view.ftl"("en", UTF-8, parsed) from "jar:file:/C:/Users/cs8286/.m2/repository/com/aventstack/extentreports/3.1.2/extentreports-3.1.2.jar!/com/aventstack/extentreports/view/html-report/exception-view/exception-view.ftl"
2019-11-21 18:06:49.902DEBUG- Couldn't find template in cache for "dashboard-view/dashboard-view.ftl"("en", UTF-8, parsed); will try to load it.
2019-11-21 18:06:49.903DEBUG- TemplateLoader.findTemplateSource("dashboard-view/dashboard-view_en.ftl"): Not found
2019-11-21 18:06:49.904DEBUG- TemplateLoader.findTemplateSource("dashboard-view/dashboard-view.ftl"): Found
2019-11-21 18:06:49.904DEBUG- Loading template for "dashboard-view/dashboard-view.ftl"("en", UTF-8, parsed) from "jar:file:/C:/Users/cs8286/.m2/repository/com/aventstack/extentreports/3.1.2/extentreports-3.1.2.jar!/com/aventstack/extentreports/view/html-report/dashboard-view/dashboard-view.ftl"
2019-11-21 18:06:49.909DEBUG- Couldn't find template in cache for "logs-view/testrunner-logs-view.ftl"("en", UTF-8, parsed); will try to load it.
2019-11-21 18:06:49.910DEBUG- TemplateLoader.findTemplateSource("logs-view/testrunner-logs-view_en.ftl"): Not found
2019-11-21 18:06:49.910DEBUG- TemplateLoader.findTemplateSource("logs-view/testrunner-logs-view.ftl"): Found
2019-11-21 18:06:49.910DEBUG- Loading template for "logs-view/testrunner-logs-view.ftl"("en", UTF-8, parsed) from "jar:file:/C:/Users/cs8286/.m2/repository/com/aventstack/extentreports/3.1.2/extentreports-3.1.2.jar!/com/aventstack/extentreports/view/html-report/logs-view/testrunner-logs-view.ftl"
2019-11-21 18:07:01.296INFO - attaching html report to the xray issue ...
2019-11-21 18:07:01.298INFO - Last Test Report Folder: C:\Bitbucket\rta\Reports\Reports_Thu_Nov_21_18_06_51_CET_2019
2019-11-21 18:07:01.299INFO - Zipping files ...
2019-11-21 18:07:01.311INFO - Files zipped successfully
2019-11-21 18:07:01.839INFO - 
2019-11-21 18:07:01.839INFO - Response:
2019-11-21 18:07:01.839INFO - Content-Type: Content-Type: application/json;charset=UTF-8
2019-11-21 18:07:01.839INFO - Content-Length: null
2019-11-21 18:07:01.839INFO - Status : 200
2019-11-21 18:07:01.839INFO - Content: [{"self":"https://t-jira-consorsbank.is.echonet/rest/api/2/attachment/25524","id":"25524","filename":"TestReport_Reports_Thu_Nov_21_18_06_51_CET_2019.zip","author":{"self":"https://t-jira-consorsbank.is.echonet/rest/api/2/user?username=CS8286","name":"CS8286","key":"cs8286","emailAddress":"Jithin.MuhammedIllyasJameelaB@consorsbank.de","avatarUrls":{"48x48":"https://t-jira-consorsbank.is.echonet/secure/useravatar?avatarId=10172","24x24":"https://t-jira-consorsbank.is.echonet/secure/useravatar?size=small&avatarId=10172","16x16":"https://t-jira-consorsbank.is.echonet/secure/useravatar?size=xsmall&avatarId=10172","32x32":"https://t-jira-consorsbank.is.echonet/secure/useravatar?size=medium&avatarId=10172"},"displayName":"Muhammed Illyas Jameela B Jithin","active":true,"timeZone":"Europe/Berlin"},"created":"2019-11-21T18:07:01.000+0100","size":25760,"mimeType":"application/zip","content":"https://t-jira-consorsbank.is.echonet/secure/attachment/25524/TestReport_Reports_Thu_Nov_21_18_06_51_CET_2019.zip"}]
